1.579687599393461428e-01
1.623150891879049651e-01
1.622588834162646265e-01
1.621052508623203325e-01
1.597046389038344616e-01
1.573171514047620179e-01
1.545871090255483693e-01
1.529243219047202729e-01
1.523592957848450280e-01
1.474573004243817653e-01
1.462713737246910117e-01
1.447887656489910968e-01
1.466018905889844293e-01
1.439845371455400480e-01
1.482424628561906099e-01
1.523858129808407513e-01
1.551708184539165869e-01
1.540052574498986249e-01
1.564307877920024792e-01
1.589078886856441497e-01
1.599999846337596121e-01
1.621912272528182597e-01
1.639508141000988184e-01
1.641783728540758824e-01
1.614879760961533406e-01
1.636367689534381775e-01
1.598302315403998530e-01
1.592481895443294826e-01
1.610003886527313632e-01
1.671313727930585913e-01
1.638889065833306347e-01
1.693587339940374192e-01
1.730526215600548534e-01
1.758899287927003507e-01
1.726037145907563797e-01
1.704089678620221149e-01
1.705312729240783531e-01
1.702883749055520979e-01
1.660350286620087545e-01
1.671171664876359153e-01
1.673558499887197459e-01
1.664097095039324126e-01
1.636809008055327974e-01
1.650272279614000692e-01
1.617092246970666392e-01
1.594710925996575268e-01
1.565794960789693158e-01
1.557245116622653081e-01
1.541858116077492180e-01
1.548635302024195248e-01
1.542067079572007060e-01
1.563870948399805061e-01
1.556320932987243222e-01
1.561938961509440615e-01
1.555475894201663323e-01
1.592360812714711527e-01
1.538175236707805538e-01
1.514488972010440138e-01
1.546065482184834083e-01
1.592337196496373675e-01
1.647347301332047487e-01
1.716455298553531406e-01
1.771968246718946260e-01
1.781733747848193161e-01
1.739148603058614240e-01
1.645648787659107770e-01
1.613476584534510316e-01
1.589335890855484990e-01
1.549934292522569534e-01
1.603003794012086702e-01
1.651697805544244946e-01
1.645584715947431276e-01
1.680484993625820378e-01
1.691749979213151844e-01
1.623030316530882089e-01
1.592722146927068871e-01
1.578954896220239046e-01
1.536144751012519516e-01
1.522071416649851128e-01
1.565367105547920690e-01
1.590157517411474597e-01
1.650267008425241044e-01
1.672347101901929534e-01
1.757048477433272859e-01
1.766130665477248785e-01
1.777156004003093981e-01
1.791652837644505669e-01
1.845968162769471288e-01
1.840882851482698590e-01
1.893842192698987903e-01
1.902068427848765397e-01
1.904285188439341081e-01
1.895941249550863739e-01
1.850880112406836642e-01
1.766332818995579312e-01
1.724373544391710200e-01
1.655247982552585650e-01
1.596116528899680642e-01
1.566355443452873142e-01
1.556864298375634226e-01
1.566604834772685195e-01
1.559387619903039868e-01
1.532651307837416821e-01
1.519357994555927405e-01
1.543928441963241249e-01
1.543004775602336842e-01
1.577977417132084836e-01
1.582737789361393643e-01
1.620041616115486249e-01
1.612650052862591443e-01
1.603546023815094201e-01
1.596973853942472710e-01
1.633943992346758023e-01
1.651597692689392716e-01
1.704695873869544465e-01
1.747989579870288246e-01
1.785536305066974805e-01
1.796147080856220213e-01
1.801188925640114513e-01
1.818713555786720115e-01
1.823729338687068990e-01
1.855899186528404410e-01
1.876949019342040170e-01
1.885144616676067975e-01
1.837691488423539854e-01
1.856037968614449030e-01
1.803543975702874835e-01
1.803048174413561244e-01
1.798335373210041555e-01
1.833641348525513193e-01
1.857741825408690539e-01
1.885569867357844709e-01
1.903880260128062440e-01
1.928827061521588004e-01
1.895306010895486393e-01
1.820983461325037522e-01
1.774003736667509878e-01
1.686416092283859192e-01
1.597349738017025400e-01
1.563247392161429272e-01
1.554280234220641599e-01
1.507749357960468384e-01
1.510574581404701688e-01
1.520840064872269748e-01
1.501236959202894294e-01
1.465216751462624645e-01
1.501998481401339292e-01
1.495242186630397208e-01
1.479432976137710909e-01
1.514188743298291451e-01
1.568249982536751019e-01
1.637516389324446264e-01
1.736975410223143279e-01
1.834800122385786270e-01
1.857933783763049407e-01
1.864268022562707017e-01
1.852571064332247941e-01
1.830900597148381048e-01
1.812334662992119150e-01
1.818659844594852637e-01
1.834270503325872714e-01
1.802181075706660862e-01
1.777059549515494496e-01
1.737614372979199573e-01
1.746996142786277628e-01
1.770822680624405676e-01
1.785920438300915292e-01
1.749721972618620836e-01
1.678543268741729544e-01
1.625697634178019935e-01
1.546858242060503985e-01
1.492306044056022074e-01
1.482771595738692494e-01
1.523974115392775497e-01
1.482545351267617884e-01
1.478092792890189910e-01
1.496629665515987195e-01
1.513968087632141246e-01
1.524846491458447528e-01
1.590530396420945236e-01
1.610087064646601729e-01
1.581983034505052843e-01
1.566621086521384487e-01
1.559931560720239363e-01
1.522343545848949820e-01
1.490264601881790552e-01
1.498233641272236349e-01
1.489451928521399737e-01
1.478627103962935618e-01
1.447585956744054103e-01
1.488367104963496668e-01
1.521530734658881612e-01
1.562392497664404911e-01
1.577740093792575349e-01
1.632826218987853961e-01
1.640283511214268852e-01
1.687217186367585553e-01
1.702576272885684139e-01
1.779838256421499010e-01
1.814740160126045165e-01
1.822394160000840313e-01
1.805300960470049287e-01
1.813551249169298440e-01
1.783151682910102120e-01
1.802710349130696721e-01
1.826291757948638739e-01
1.827668034003485098e-01
1.811868929081053292e-01
1.779347105887912617e-01
1.726839331846955761e-01
1.658087338665306387e-01
1.596719679720990936e-01
1.582835218743033068e-01
1.576625326408248040e-01
1.542825618019075251e-01
1.530925929580310707e-01
1.520738650634788081e-01
1.476540700491265623e-01
1.431449053030519614e-01
1.472094152421050406e-01
1.509028536701710888e-01
1.564534174280803880e-01
1.590984231751160216e-01
1.608598213994507087e-01
1.597254281958157551e-01
1.612425921589117073e-01
1.629167024848963419e-01
1.639146345177626696e-01
1.717717526698834263e-01
1.768532100410084296e-01
1.795739766159386019e-01
1.813152632586328417e-01
1.819989163952414335e-01
1.764423247126009064e-01
1.728218715725234056e-01
1.681176935128557426e-01
1.635547545845232320e-01
1.651400045724585597e-01
1.709883304603863619e-01
1.731493055577933149e-01
1.785996224415915545e-01
1.810164868870439703e-01
1.812960144690199393e-01
1.741960670401264955e-01
1.701309012346125249e-01
1.659592575204442422e-01
1.622540280159834591e-01
1.601249258096989481e-01
1.625800826926327713e-01
1.646286034068907833e-01
1.647377390104035610e-01
1.637666648295029170e-01
1.656259703956796947e-01
1.679073726969363689e-01
1.666294681473421690e-01
1.679219454211609841e-01
1.705175438694520040e-01
1.697789837773598376e-01
1.671059482173101740e-01
1.658598611776445353e-01
1.648633626539473540e-01
1.592046816450116975e-01
1.548610416624190689e-01
1.510434337964397800e-01
1.500820190209196936e-01
1.450082506203519417e-01
1.433100791660156803e-01
1.403363870381630074e-01
1.372755284328983916e-01
1.332455144273505254e-01
1.335668193302505524e-01
1.355452252610121200e-01
1.392714456640533061e-01
1.407242238528851885e-01
1.488590971215065506e-01
1.584800425827173342e-01
1.664218042606080417e-01
1.757477786942520936e-01
1.838922983544762357e-01
1.868732875060231946e-01
1.839683910266709799e-01
1.860496023599504667e-01
1.853930045523156933e-01
1.870727712620767758e-01
1.850271888848510904e-01
1.861370631454823399e-01
1.811365889671530394e-01
1.758289853348590781e-01
1.768231809127125131e-01
1.754146553229172234e-01
1.717620502310940878e-01
1.718245683099667298e-01
1.755316121971797483e-01
1.710932310282563262e-01
1.707446195141529011e-01
1.741989101312356181e-01
1.741483569499299167e-01
1.686484223760393031e-01
1.684049223467203316e-01
1.653859148233702281e-01
1.605243155810361366e-01
1.579130101774353645e-01
1.592462491227100430e-01
1.591295879409396208e-01
1.604627294109377544e-01
1.610711150950616399e-01
1.612621855235678026e-01
1.605786599580218132e-01
1.575352272093974992e-01
1.542348160604888052e-01
1.526979266653749612e-01
1.514504479543878346e-01
1.487247264683295156e-01
1.498665028745259920e-01
1.505480355410933613e-01
1.510618114135771628e-01
1.509549946542392829e-01
1.488714198961436919e-01
1.467081505648820949e-01
1.462309864674656013e-01
1.437191848839575181e-01
1.432354927287330382e-01
1.428531093822433262e-01
1.415305897558331305e-01
1.448575454335999380e-01
1.484517694420598721e-01
1.502440757431031948e-01
1.591251984199819614e-01
1.629251066988217922e-01
1.654231314159309019e-01
1.677403013158861311e-01
1.749232162733581619e-01
1.793555846166176304e-01
1.882109030275993800e-01
1.908349663339322377e-01
1.939738574161311013e-01
1.949970382226941523e-01
1.945336011514882668e-01
1.929109268208831773e-01
1.916893987740023175e-01
1.937201343631110850e-01
1.911591215266856547e-01
1.872170736163477345e-01
1.876140741144781687e-01
1.851861380723042461e-01
1.786282682017675538e-01
