8.958300018310546875e+01
8.625375366210937500e+01
8.254090881347656250e+01
8.756707763671875000e+01
8.962647247314453125e+01
9.154306030273437500e+01
9.168447113037109375e+01
9.172464752197265625e+01
9.189126586914062500e+01
9.134858703613281250e+01
8.986754608154296875e+01
8.879840850830078125e+01
9.005636596679687500e+01
9.307394409179687500e+01
8.993286132812500000e+01
8.954116058349609375e+01
9.107640838623046875e+01
9.145319366455078125e+01
9.057843780517578125e+01
9.130287933349609375e+01
9.043006134033203125e+01
9.003070068359375000e+01
8.804441070556640625e+01
7.568893432617187500e+01
5.631169509887695312e+01
6.047989273071289062e+01
7.898310852050781250e+01
9.117922210693359375e+01
8.941279602050781250e+01
8.030690765380859375e+01
8.736672973632812500e+01
8.764331817626953125e+01
7.413201141357421875e+01
5.564913940429687500e+01
6.391891098022460938e+01
6.971990966796875000e+01
6.103234481811523438e+01
8.246855163574218750e+01
7.477381134033203125e+01
6.616605377197265625e+01
8.776776123046875000e+01
6.248648452758789062e+01
5.935688018798828125e+01
5.491045761108398438e+01
8.247875976562500000e+01
8.563833618164062500e+01
8.210985565185546875e+01
9.092612457275390625e+01
9.116471862792968750e+01
9.188790893554687500e+01
9.241387939453125000e+01
8.850004577636718750e+01
8.781253051757812500e+01
8.401873016357421875e+01
9.066613006591796875e+01
8.377340698242187500e+01
8.575810241699218750e+01
8.020238494873046875e+01
7.354071044921875000e+01
8.684233093261718750e+01
8.818338775634765625e+01
6.123505783081054688e+01
6.766250610351562500e+01
7.456827545166015625e+01
7.862480163574218750e+01
6.641515350341796875e+01
7.158409881591796875e+01
7.421620941162109375e+01
6.324926757812500000e+01
8.496628570556640625e+01
7.733198547363281250e+01
4.760625457763671875e+01
4.207406616210937500e+01
6.846379852294921875e+01
7.137145233154296875e+01
5.401758956909179688e+01
7.522605133056640625e+01
8.630891418457031250e+01
8.775649261474609375e+01
8.938812255859375000e+01
9.048057556152343750e+01
8.938545989990234375e+01
8.697345733642578125e+01
6.533015441894531250e+01
4.451157760620117188e+01
2.206452369689941406e+01
2.653667640686035156e+01
4.966724777221679688e+01
4.055116271972656250e+01
6.152318191528320312e+01
3.500340270996093750e+01
6.112852096557617188e+01
8.835347747802734375e+01
8.352820587158203125e+01
8.168115997314453125e+01
7.565145874023437500e+01
8.435823059082031250e+01
8.689048767089843750e+01
8.557937622070312500e+01
9.044785308837890625e+01
8.582720947265625000e+01
8.977893829345703125e+01
9.022152709960937500e+01
8.969402313232421875e+01
8.884671783447265625e+01
8.994087982177734375e+01
8.919461822509765625e+01
8.978386688232421875e+01
9.206609344482421875e+01
8.912831878662109375e+01
8.690198516845703125e+01
8.646010589599609375e+01
9.138433837890625000e+01
8.788310241699218750e+01
8.613600921630859375e+01
5.219362640380859375e+01
5.912326812744140625e+01
4.239450836181640625e+01
4.043424606323242188e+01
5.271710968017578125e+01
8.404283905029296875e+01
7.151911926269531250e+01
5.405495452880859375e+01
5.910580444335937500e+01
8.090043640136718750e+01
7.940026092529296875e+01
8.989885711669921875e+01
8.469451141357421875e+01
7.198697662353515625e+01
5.128276443481445312e+01
2.587982940673828125e+01
3.729356384277343750e+01
7.222101593017578125e+01
6.478669738769531250e+01
8.107003784179687500e+01
7.516304016113281250e+01
6.915505218505859375e+01
8.865412139892578125e+01
8.908895874023437500e+01
8.955207824707031250e+01
8.826141357421875000e+01
9.053750610351562500e+01
8.892713928222656250e+01
8.808542633056640625e+01
9.266761016845703125e+01
9.164368438720703125e+01
9.150369262695312500e+01
9.195086669921875000e+01
9.094418334960937500e+01
8.747380828857421875e+01
9.007925415039062500e+01
8.790910339355468750e+01
7.149072265625000000e+01
2.035045242309570312e+01
3.520578765869140625e+01
3.794770050048828125e+01
3.250720596313476562e+01
2.602496337890625000e+01
3.637169265747070312e+01
2.629839897155761719e+01
3.909022903442382812e+01
2.771770477294921875e+01
3.176661109924316406e+01
4.448952102661132812e+01
6.505386352539062500e+01
6.852822113037109375e+01
3.859270858764648438e+01
2.284408378601074219e+01
5.219956970214843750e+01
8.230737304687500000e+01
8.183647155761718750e+01
8.886610412597656250e+01
8.719805908203125000e+01
9.016539764404296875e+01
9.258100891113281250e+01
9.275135803222656250e+01
8.881253814697265625e+01
8.529067230224609375e+01
8.601469421386718750e+01
8.842722320556640625e+01
8.730827331542968750e+01
7.040135955810546875e+01
8.199498748779296875e+01
8.011204528808593750e+01
8.743816375732421875e+01
8.788436889648437500e+01
9.117469787597656250e+01
8.627432250976562500e+01
8.508693695068359375e+01
9.022052001953125000e+01
8.805130767822265625e+01
8.763979339599609375e+01
8.820821380615234375e+01
8.451716613769531250e+01
8.192912292480468750e+01
8.528340911865234375e+01
6.440563964843750000e+01
5.961494064331054688e+01
1.788499069213867188e+01
2.633135223388671875e+01
2.908535194396972656e+01
3.000415039062500000e+01
6.690584564208984375e+01
5.763832855224609375e+01
5.370047760009765625e+01
8.305966949462890625e+01
8.522103881835937500e+01
6.156869506835937500e+01
5.130301284790039062e+01
3.507029724121093750e+01
6.139857864379882812e+01
8.305964660644531250e+01
8.793303680419921875e+01
8.975717926025390625e+01
8.936859130859375000e+01
8.695208740234375000e+01
9.251826477050781250e+01
9.051300048828125000e+01
9.027074432373046875e+01
9.321525573730468750e+01
8.962155914306640625e+01
9.244819641113281250e+01
9.238923645019531250e+01
8.782348632812500000e+01
9.015303802490234375e+01
9.015984344482421875e+01
8.920524597167968750e+01
8.167731475830078125e+01
8.537754058837890625e+01
7.157666778564453125e+01
8.053891754150390625e+01
8.191595458984375000e+01
8.072229003906250000e+01
6.123414993286132812e+01
6.767346191406250000e+01
7.913230133056640625e+01
8.160347747802734375e+01
7.237867736816406250e+01
5.382228088378906250e+01
6.335019683837890625e+01
7.515266418457031250e+01
8.773358154296875000e+01
8.205493164062500000e+01
7.179474639892578125e+01
2.527862358093261719e+01
8.689096069335937500e+01
8.966970062255859375e+01
9.014424896240234375e+01
8.871079254150390625e+01
8.862480163574218750e+01
9.157623291015625000e+01
8.747206878662109375e+01
8.835615539550781250e+01
8.501882934570312500e+01
8.830157470703125000e+01
8.621034240722656250e+01
8.692971038818359375e+01
8.285417175292968750e+01
7.558614349365234375e+01
7.288352203369140625e+01
9.162431335449218750e+01
8.824380493164062500e+01
8.609946441650390625e+01
9.115880584716796875e+01
9.126803588867187500e+01
9.321010589599609375e+01
9.372402954101562500e+01
9.256340789794921875e+01
8.958256530761718750e+01
9.244084930419921875e+01
9.130709838867187500e+01
9.162045288085937500e+01
9.294841003417968750e+01
9.204862976074218750e+01
9.299675750732421875e+01
9.026284790039062500e+01
8.769489288330078125e+01
7.895962524414062500e+01
6.719580841064453125e+01
8.460609436035156250e+01
5.768795394897460938e+01
7.744496917724609375e+01
6.387763977050781250e+01
5.052260589599609375e+01
5.338555526733398438e+01
3.461379241943359375e+01
4.455006790161132812e+01
3.453785705566406250e+01
2.994303894042968750e+01
3.886775970458984375e+01
6.438262176513671875e+01
6.798432922363281250e+01
6.810958862304687500e+01
5.840783691406250000e+01
4.020496368408203125e+01
6.646971130371093750e+01
6.213710784912109375e+01
8.435338592529296875e+01
7.279528045654296875e+01
5.414395904541015625e+01
7.756768798828125000e+01
8.818009948730468750e+01
8.493634033203125000e+01
8.305772399902343750e+01
9.125550079345703125e+01
9.035413360595703125e+01
8.660879516601562500e+01
8.712319946289062500e+01
8.615712738037109375e+01
8.703498077392578125e+01
7.277314758300781250e+01
9.088079071044921875e+01
9.398033905029296875e+01
8.713774108886718750e+01
8.898389434814453125e+01
8.960258483886718750e+01
9.180088806152343750e+01
8.975624847412109375e+01
8.861170959472656250e+01
9.034860992431640625e+01
8.806252288818359375e+01
8.983802795410156250e+01
9.237584686279296875e+01
8.887903594970703125e+01
9.172732543945312500e+01
8.641671752929687500e+01
9.055615997314453125e+01
9.102637481689453125e+01
9.142538452148437500e+01
8.371235656738281250e+01
8.983728790283203125e+01
8.632884979248046875e+01
8.525098419189453125e+01
3.480499267578125000e+01
6.391378784179687500e+01
5.514641571044921875e+01
5.126262283325195312e+01
1.767205810546875000e+01
1.456976890563964844e+01
9.547740936279296875e+00
3.353466033935546875e+01
3.693191528320312500e+01
6.459483337402343750e+01
4.458749008178710938e+01
7.367532348632812500e+01
6.312117004394531250e+01
8.829632568359375000e+01
7.795257568359375000e+01
8.498900604248046875e+01
8.023159027099609375e+01
