9.083135223388671875e+01
9.224234008789062500e+01
8.939836120605468750e+01
8.324573516845703125e+01
7.553961181640625000e+01
7.786817932128906250e+01
8.246955871582031250e+01
9.124989318847656250e+01
8.984191894531250000e+01
9.024523925781250000e+01
9.055910491943359375e+01
9.286011505126953125e+01
9.265831756591796875e+01
9.188126373291015625e+01
9.167340850830078125e+01
9.070201873779296875e+01
9.047681427001953125e+01
9.130686187744140625e+01
9.091329193115234375e+01
9.120045471191406250e+01
8.901338195800781250e+01
7.706266784667968750e+01
9.074696350097656250e+01
8.349217224121093750e+01
7.678637695312500000e+01
7.131264495849609375e+01
5.025926589965820312e+01
6.083981704711914062e+01
6.817424774169921875e+01
7.708011627197265625e+01
8.624179840087890625e+01
8.778075408935546875e+01
9.105490112304687500e+01
8.988380432128906250e+01
8.604286193847656250e+01
8.125676727294921875e+01
7.568117523193359375e+01
4.830930709838867188e+01
4.178100204467773438e+01
5.516553878784179688e+01
7.652722167968750000e+01
9.059674072265625000e+01
8.959561157226562500e+01
9.023062133789062500e+01
9.125512695312500000e+01
8.566053771972656250e+01
9.190119171142578125e+01
9.278109741210937500e+01
9.275138854980468750e+01
9.282296752929687500e+01
9.402940368652343750e+01
9.253624725341796875e+01
9.301177215576171875e+01
9.332323455810546875e+01
9.510694122314453125e+01
9.379126739501953125e+01
9.476490020751953125e+01
9.138843536376953125e+01
9.249721527099609375e+01
9.130778503417968750e+01
9.346140289306640625e+01
9.124649047851562500e+01
8.684079742431640625e+01
5.848177719116210938e+01
5.036085128784179688e+01
5.354135513305664062e+01
8.229111480712890625e+01
7.125999450683593750e+01
8.669564819335937500e+01
9.032385253906250000e+01
9.198249053955078125e+01
9.169777679443359375e+01
8.981885528564453125e+01
8.516236877441406250e+01
8.585386657714843750e+01
9.184087371826171875e+01
9.099065399169921875e+01
9.237713623046875000e+01
9.187617492675781250e+01
9.064955139160156250e+01
9.152426147460937500e+01
9.351564025878906250e+01
9.183910369873046875e+01
8.697666168212890625e+01
8.584059143066406250e+01
8.280863189697265625e+01
7.287260437011718750e+01
5.327521514892578125e+01
4.661145019531250000e+01
4.711328887939453125e+01
3.690250015258789062e+01
3.390989685058593750e+01
4.604163360595703125e+01
4.178410339355468750e+01
4.913044738769531250e+01
7.270326995849609375e+01
8.328617095947265625e+01
8.738533782958984375e+01
9.051609039306640625e+01
9.226835632324218750e+01
9.294945526123046875e+01
9.206345367431640625e+01
9.306578063964843750e+01
9.330581665039062500e+01
8.780786132812500000e+01
9.112727355957031250e+01
9.414565277099609375e+01
9.160566711425781250e+01
8.261045837402343750e+01
8.620456695556640625e+01
9.024503326416015625e+01
9.021736907958984375e+01
6.761623382568359375e+01
8.161592864990234375e+01
8.572758483886718750e+01
8.881398773193359375e+01
7.371140289306640625e+01
6.677033996582031250e+01
6.068121719360351562e+01
4.868202590942382812e+01
6.907885742187500000e+01
6.844929504394531250e+01
6.601630401611328125e+01
4.426333236694335938e+01
3.799221801757812500e+01
2.957197189331054688e+01
5.977801513671875000e+01
4.315288925170898438e+01
6.362282562255859375e+01
5.633449935913085938e+01
5.806703948974609375e+01
4.447909545898437500e+01
6.716267395019531250e+01
7.313661193847656250e+01
5.654675674438476562e+01
5.687554550170898438e+01
4.842199707031250000e+01
5.413225555419921875e+01
6.443105316162109375e+01
9.072982025146484375e+01
9.270790100097656250e+01
9.386278533935546875e+01
9.367931365966796875e+01
9.431926727294921875e+01
9.313168334960937500e+01
9.374553680419921875e+01
9.292093658447265625e+01
9.323518371582031250e+01
9.357229614257812500e+01
9.263975524902343750e+01
9.304746246337890625e+01
9.378635406494140625e+01
9.376418304443359375e+01
8.275686645507812500e+01
6.640752410888671875e+01
5.382223129272460938e+01
4.268305969238281250e+01
3.925156402587890625e+01
5.634423828125000000e+01
7.427822875976562500e+01
7.593385314941406250e+01
7.685404205322265625e+01
7.359790039062500000e+01
6.543459320068359375e+01
7.857896423339843750e+01
5.879017639160156250e+01
6.334418487548828125e+01
8.372126007080078125e+01
7.444008636474609375e+01
8.526180267333984375e+01
9.186753082275390625e+01
9.201388549804687500e+01
9.372203063964843750e+01
9.260624694824218750e+01
9.437442779541015625e+01
9.339427947998046875e+01
9.416174316406250000e+01
9.271777343750000000e+01
9.397334289550781250e+01
9.435926818847656250e+01
9.480724334716796875e+01
9.412984466552734375e+01
9.276205444335937500e+01
9.182939910888671875e+01
9.310710906982421875e+01
9.238526153564453125e+01
9.263717651367187500e+01
9.352437591552734375e+01
9.376416778564453125e+01
9.472496032714843750e+01
9.414598846435546875e+01
9.193720245361328125e+01
9.321792602539062500e+01
9.521716308593750000e+01
8.957637786865234375e+01
8.813709259033203125e+01
8.908872222900390625e+01
9.226256561279296875e+01
8.695048522949218750e+01
7.992442321777343750e+01
6.017617034912109375e+01
6.192668151855468750e+01
5.566180801391601562e+01
6.092081451416015625e+01
6.335209655761718750e+01
6.254986953735351562e+01
5.911440277099609375e+01
4.101759719848632812e+01
3.587677764892578125e+01
5.788209533691406250e+01
6.556913757324218750e+01
8.542079925537109375e+01
8.591606903076171875e+01
9.196823120117187500e+01
9.365248870849609375e+01
9.426425933837890625e+01
9.423584747314453125e+01
9.459843444824218750e+01
9.533201599121093750e+01
9.525701141357421875e+01
9.200236511230468750e+01
9.501916503906250000e+01
9.460486602783203125e+01
9.308914947509765625e+01
9.302900695800781250e+01
9.069883728027343750e+01
9.201844787597656250e+01
9.190649414062500000e+01
9.056295776367187500e+01
6.670557403564453125e+01
7.263859558105468750e+01
6.881890106201171875e+01
5.370729064941406250e+01
4.031431961059570312e+01
4.961935043334960938e+01
3.331587982177734375e+01
5.594639968872070312e+01
6.559785461425781250e+01
9.167562866210937500e+01
8.987017822265625000e+01
8.044387054443359375e+01
7.444866943359375000e+01
7.894916534423828125e+01
8.065473175048828125e+01
7.072195434570312500e+01
6.304325485229492188e+01
6.088293075561523438e+01
6.706252288818359375e+01
8.950061035156250000e+01
8.805564880371093750e+01
8.975983428955078125e+01
9.188298034667968750e+01
8.908464813232421875e+01
7.989356994628906250e+01
8.232646942138671875e+01
8.903695678710937500e+01
8.968704223632812500e+01
7.353924560546875000e+01
6.097562408447265625e+01
7.008541870117187500e+01
6.268775939941406250e+01
5.431863403320312500e+01
5.702683639526367188e+01
9.235223388671875000e+01
9.154212188720703125e+01
9.323146057128906250e+01
9.495080566406250000e+01
9.359093475341796875e+01
8.802864074707031250e+01
9.437595367431640625e+01
9.417559814453125000e+01
9.240049743652343750e+01
9.251742553710937500e+01
9.219644165039062500e+01
9.327843475341796875e+01
9.295666503906250000e+01
9.243098449707031250e+01
9.259024810791015625e+01
9.089701843261718750e+01
5.841272735595703125e+01
2.382221603393554688e+01
3.698897171020507812e+01
5.172954177856445312e+01
6.236460113525390625e+01
6.250087356567382812e+01
4.858394622802734375e+01
3.540629959106445312e+01
5.417261123657226562e+01
7.709347534179687500e+01
7.859529876708984375e+01
7.668908691406250000e+01
6.447975158691406250e+01
6.530229187011718750e+01
8.357605743408203125e+01
8.319200134277343750e+01
8.420069122314453125e+01
8.614353179931640625e+01
8.517913818359375000e+01
9.009572601318359375e+01
8.916201782226562500e+01
9.039418029785156250e+01
8.646080780029296875e+01
8.800357818603515625e+01
8.824146270751953125e+01
9.128710937500000000e+01
9.146063995361328125e+01
9.120863342285156250e+01
8.457547760009765625e+01
8.431764221191406250e+01
9.368630218505859375e+01
9.157553100585937500e+01
9.333999633789062500e+01
9.465557098388671875e+01
9.517859649658203125e+01
9.293765258789062500e+01
9.483596038818359375e+01
9.292874145507812500e+01
9.483027648925781250e+01
9.259097290039062500e+01
9.407957458496093750e+01
9.482283782958984375e+01
9.379204559326171875e+01
9.185216522216796875e+01
9.460312652587890625e+01
9.339402008056640625e+01
9.238776397705078125e+01
9.220058441162109375e+01
9.394728088378906250e+01
8.637657165527343750e+01
7.549984741210937500e+01
8.223673248291015625e+01
8.272179412841796875e+01
8.565134429931640625e+01
6.216264343261718750e+01
4.680022048950195312e+01
3.749133682250976562e+01
3.017363548278808594e+01
9.975976943969726562e+00
3.770832824707031250e+01
4.643949127197265625e+01
3.504970169067382812e+01
7.920768260955810547e+00
1.718258094787597656e+01
6.029272842407226562e+01
7.788935089111328125e+01
8.132175445556640625e+01
8.684506225585937500e+01
8.245056152343750000e+01
7.694620513916015625e+01
8.108712005615234375e+01
