9.073532867431640625e+01
9.264360046386718750e+01
9.106578063964843750e+01
8.901614379882812500e+01
8.109799194335937500e+01
8.063188171386718750e+01
8.160636901855468750e+01
9.179064178466796875e+01
8.949849700927734375e+01
9.088061523437500000e+01
9.130029296875000000e+01
9.273583984375000000e+01
9.211666107177734375e+01
9.169715881347656250e+01
9.107284545898437500e+01
9.084758758544921875e+01
8.987776184082031250e+01
9.058136749267578125e+01
9.224135589599609375e+01
9.086341094970703125e+01
8.980477905273437500e+01
7.782968139648437500e+01
9.170055389404296875e+01
8.331066131591796875e+01
7.956520843505859375e+01
7.240319824218750000e+01
4.803368759155273438e+01
5.441876983642578125e+01
7.969033050537109375e+01
8.132541656494140625e+01
8.754092407226562500e+01
8.524200439453125000e+01
9.083634948730468750e+01
9.015685272216796875e+01
8.678547668457031250e+01
8.194551849365234375e+01
8.558483123779296875e+01
3.764726257324218750e+01
2.656026840209960938e+01
4.389120101928710938e+01
8.016206359863281250e+01
9.158621215820312500e+01
9.024354553222656250e+01
9.215956115722656250e+01
9.215032196044921875e+01
9.031758117675781250e+01
9.145800781250000000e+01
9.316326141357421875e+01
9.297192382812500000e+01
9.359473419189453125e+01
9.380246734619140625e+01
9.203340148925781250e+01
9.211006927490234375e+01
9.428805541992187500e+01
9.525467681884765625e+01
9.402529144287109375e+01
9.472359466552734375e+01
9.110404205322265625e+01
9.337336730957031250e+01
9.222491455078125000e+01
9.399786376953125000e+01
9.119454193115234375e+01
8.904385375976562500e+01
6.586601257324218750e+01
6.355397796630859375e+01
6.255149459838867188e+01
8.534344482421875000e+01
7.456974029541015625e+01
8.954998016357421875e+01
8.987162780761718750e+01
9.165097045898437500e+01
9.243637847900390625e+01
9.321874237060546875e+01
9.064160919189453125e+01
8.841428375244140625e+01
9.411038970947265625e+01
9.155117034912109375e+01
9.280483245849609375e+01
9.286156463623046875e+01
9.201489257812500000e+01
9.193903350830078125e+01
9.439731597900390625e+01
9.183007812500000000e+01
9.070473480224609375e+01
9.137146759033203125e+01
8.965345001220703125e+01
8.594795227050781250e+01
5.973422241210937500e+01
4.577907180786132812e+01
3.876412963867187500e+01
3.483544540405273438e+01
2.138896942138671875e+01
1.815013504028320312e+01
5.175107574462890625e+01
3.941361999511718750e+01
7.961721801757812500e+01
8.749899291992187500e+01
9.030728149414062500e+01
9.047880554199218750e+01
9.188420867919921875e+01
9.375956726074218750e+01
9.265254211425781250e+01
9.442571258544921875e+01
9.492710113525390625e+01
9.202182769775390625e+01
9.165599822998046875e+01
9.436090850830078125e+01
9.294676971435546875e+01
8.537926483154296875e+01
8.873144531250000000e+01
9.036830902099609375e+01
9.119709014892578125e+01
6.123773956298828125e+01
7.422932434082031250e+01
8.499223327636718750e+01
8.978125762939453125e+01
7.030190277099609375e+01
6.168521118164062500e+01
5.264330673217773438e+01
3.574962615966796875e+01
7.370407867431640625e+01
8.165496063232421875e+01
7.414887237548828125e+01
5.045679092407226562e+01
2.185894012451171875e+01
9.199660301208496094e+00
6.661335754394531250e+01
3.386468887329101562e+01
4.881991577148437500e+01
5.991588973999023438e+01
5.346632766723632812e+01
4.625737762451171875e+01
7.701412200927734375e+01
7.961045837402343750e+01
8.217715454101562500e+01
7.063941192626953125e+01
4.799707031250000000e+01
6.436379241943359375e+01
8.070276641845703125e+01
9.274149322509765625e+01
9.325845336914062500e+01
9.388821411132812500e+01
9.391867828369140625e+01
9.529779052734375000e+01
9.334377288818359375e+01
9.380751800537109375e+01
9.325230407714843750e+01
9.337615966796875000e+01
9.394925689697265625e+01
9.366912078857421875e+01
9.327988433837890625e+01
9.432823944091796875e+01
9.411809539794921875e+01
8.972129821777343750e+01
6.897837829589843750e+01
5.033599472045898438e+01
4.383167648315429688e+01
3.449852752685546875e+01
6.033922958374023438e+01
7.981520080566406250e+01
8.578994750976562500e+01
8.656058502197265625e+01
8.243380737304687500e+01
7.625138092041015625e+01
8.259075927734375000e+01
6.815674591064453125e+01
5.745999145507812500e+01
9.127835083007812500e+01
8.991040039062500000e+01
8.818900299072265625e+01
9.171114349365234375e+01
9.341139984130859375e+01
9.433914184570312500e+01
9.254114532470703125e+01
9.460230255126953125e+01
9.430042266845703125e+01
9.474852752685546875e+01
9.347695922851562500e+01
9.408440399169921875e+01
9.470899200439453125e+01
9.495475769042968750e+01
9.437416076660156250e+01
9.360044097900390625e+01
9.171889495849609375e+01
9.368264770507812500e+01
9.260733032226562500e+01
9.326210784912109375e+01
9.324021148681640625e+01
9.439543914794921875e+01
9.498764801025390625e+01
9.387773132324218750e+01
9.172129821777343750e+01
9.373297882080078125e+01
9.570097351074218750e+01
8.950011444091796875e+01
8.996076965332031250e+01
9.023302459716796875e+01
9.270105743408203125e+01
9.004495239257812500e+01
8.592651367187500000e+01
6.244163513183593750e+01
6.620503997802734375e+01
7.021551513671875000e+01
6.117062377929687500e+01
6.981204223632812500e+01
7.064831542968750000e+01
5.922195816040039062e+01
3.792787933349609375e+01
3.411867523193359375e+01
5.855403900146484375e+01
7.622324371337890625e+01
9.135973358154296875e+01
8.753884124755859375e+01
9.071363067626953125e+01
9.395567321777343750e+01
9.381873321533203125e+01
9.473928070068359375e+01
9.510982513427734375e+01
9.535971069335937500e+01
9.560623168945312500e+01
9.240969085693359375e+01
9.599240112304687500e+01
9.444757843017578125e+01
9.392264556884765625e+01
9.276985168457031250e+01
9.298464202880859375e+01
9.322412109375000000e+01
9.323207092285156250e+01
9.154437255859375000e+01
6.687793731689453125e+01
7.541835784912109375e+01
6.183046340942382812e+01
5.546028137207031250e+01
2.778521537780761719e+01
4.700265502929687500e+01
1.465052700042724609e+01
3.432991790771484375e+01
4.450068664550781250e+01
9.225213623046875000e+01
9.109661865234375000e+01
9.066435241699218750e+01
8.780834960937500000e+01
8.005124664306640625e+01
8.481372833251953125e+01
8.273408508300781250e+01
7.027494812011718750e+01
7.044383239746093750e+01
5.010129928588867188e+01
9.084437561035156250e+01
9.309061431884765625e+01
9.230310821533203125e+01
9.241265869140625000e+01
9.114689636230468750e+01
7.482499694824218750e+01
8.600812530517578125e+01
8.716218566894531250e+01
9.181700134277343750e+01
7.934855651855468750e+01
5.067194366455078125e+01
6.538727569580078125e+01
4.292566299438476562e+01
3.612520217895507812e+01
4.621925354003906250e+01
9.318649291992187500e+01
9.307368469238281250e+01
9.341873168945312500e+01
9.500606536865234375e+01
9.331776428222656250e+01
8.681574249267578125e+01
9.446920776367187500e+01
9.392996978759765625e+01
9.235493469238281250e+01
9.162153625488281250e+01
9.141166687011718750e+01
9.339701843261718750e+01
9.352692413330078125e+01
9.220019531250000000e+01
9.262227630615234375e+01
9.225244140625000000e+01
6.065092849731445312e+01
2.950298309326171875e+01
2.268819046020507812e+01
4.845842742919921875e+01
7.325991058349609375e+01
7.445159912109375000e+01
5.677310562133789062e+01
2.618611526489257812e+01
6.268244171142578125e+01
8.914023590087890625e+01
8.503506469726562500e+01
8.450332641601562500e+01
5.848694229125976562e+01
7.041100311279296875e+01
8.992456054687500000e+01
8.890070343017578125e+01
8.953836822509765625e+01
9.289529418945312500e+01
9.174214172363281250e+01
9.241217041015625000e+01
9.385769653320312500e+01
9.419675445556640625e+01
9.025614166259765625e+01
9.359834289550781250e+01
8.936405181884765625e+01
9.296591949462890625e+01
9.265604400634765625e+01
9.204554748535156250e+01
9.078179931640625000e+01
8.879343414306640625e+01
9.461148071289062500e+01
9.230335998535156250e+01
9.305039215087890625e+01
9.460113525390625000e+01
9.571941375732421875e+01
9.315003967285156250e+01
9.509658813476562500e+01
9.362598419189453125e+01
9.521013641357421875e+01
9.320254516601562500e+01
9.445845031738281250e+01
9.525772094726562500e+01
9.404530334472656250e+01
9.152527618408203125e+01
9.471239471435546875e+01
9.406039428710937500e+01
9.279894256591796875e+01
9.301779174804687500e+01
9.379962158203125000e+01
8.981565093994140625e+01
7.854769134521484375e+01
7.529429626464843750e+01
9.007994842529296875e+01
8.911879730224609375e+01
5.869847488403320312e+01
4.652682495117187500e+01
4.041326522827148438e+01
2.126516532897949219e+01
8.521396636962890625e+00
3.401623916625976562e+01
6.392701339721679688e+01
4.758685684204101562e+01
6.738407611846923828e+00
8.579111099243164062e+00
7.666532135009765625e+01
8.955215454101562500e+01
8.597238922119140625e+01
9.034438323974609375e+01
8.879768371582031250e+01
8.820116424560546875e+01
8.039212036132812500e+01
