3.445252143868484040e+01
3.443646190199340396e+01
3.446321010662876461e+01
3.449024656410001910e+01
3.451170765125684170e+01
3.450713285637979766e+01
3.447814086551989732e+01
3.447135053007481531e+01
3.447925081966421601e+01
3.448604752819685615e+01
3.446843783060709399e+01
3.439227166885979159e+01
3.437386761095294929e+01
3.438852193619032249e+01
3.441365238288835826e+01
3.442296284881419410e+01
3.443931181119929619e+01
3.449815085864740638e+01
3.452017085705773525e+01
3.450194993875794580e+01
3.451439624980344689e+01
3.452767299940895640e+01
3.451690278616867147e+01
3.451244147237141391e+01
3.452852954515360295e+01
3.452772581740557456e+01
3.456686681680625384e+01
3.456608631621107719e+01
3.454919897710940546e+01
3.454969284255895445e+01
3.452849224551787444e+01
3.453061671654652542e+01
3.454539286769716711e+01
3.454340506136619382e+01
3.452379839984440935e+01
3.453405495103739042e+01
3.454346531910007201e+01
3.456454807165113152e+01
3.458496391572252548e+01
3.457605042340122026e+01
3.454800318788000624e+01
3.452804275366141695e+01
3.451105029176184757e+01
3.452142868257511310e+01
3.450617809032720373e+01
3.452885337450274505e+01
3.450834117023015324e+01
3.449312021296441344e+01
3.450952231697038997e+01
3.449072048338118890e+01
3.449203472745216459e+01
3.450238278862043018e+01
3.449420117040946820e+01
3.445197313306560005e+01
3.446450304167149170e+01
3.446768939614161553e+01
3.446626775631661843e+01
3.450825250166553104e+01
3.449728201518085768e+01
3.448603899913722870e+01
3.448906205620199472e+01
3.451755292480813608e+01
3.452208994875116588e+01
3.454781856067032209e+01
3.454836705577440625e+01
3.454857231191861189e+01
3.451127673374326577e+01
3.453587655562061087e+01
3.452938803721282568e+01
3.453217060507219571e+01
3.453625613549873208e+01
3.451718222899356192e+01
3.450756628366244172e+01
3.448387755183849634e+01
3.447117200767387146e+01
3.448684613054351189e+01
3.446019726683191209e+01
3.444034564683127542e+01
3.444871331381932578e+01
3.450189471332097213e+01
3.449631258448368953e+01
3.448682386340124850e+01
3.447940650836491727e+01
3.448531797109485098e+01
3.448381487623311870e+01
3.446781464743748558e+01
3.452369509732521635e+01
3.455526319842149263e+01
3.456970106696005018e+01
3.457548639036706817e+01
3.457533265211891660e+01
3.455215569430421141e+01
3.451924115404031568e+01
3.452398069608009479e+01
3.451940198400465221e+01
3.451475420504640113e+01
3.452542187474138302e+01
3.453120958403678742e+01
3.450337895323327331e+01
3.450245223111082282e+01
3.450964316580389379e+01
3.449462795003255167e+01
3.449172814786232522e+01
3.446665860175009044e+01
3.449595837574759827e+01
3.450273892884334970e+01
3.450424468606204442e+01
3.453561512480482776e+01
3.454394283238642771e+01
3.453972740578516465e+01
3.453369836055087205e+01
3.455981995913403182e+01
3.456018938993464218e+01
3.453369000476901363e+01
3.454254919881874031e+01
3.454202434466517957e+01
3.453643431962007782e+01
3.453920437820348610e+01
3.455297525722697571e+01
3.455768183028226304e+01
3.449283713958222819e+01
3.451478183690302615e+01
3.454242175637800472e+01
3.457955570354569375e+01
3.456740964503745772e+01
3.458927162601449368e+01
3.457626122633077159e+01
3.459947682267528535e+01
3.457173560415149893e+01
3.456927457027112638e+01
3.455474964335812871e+01
3.456182160061766240e+01
3.451226355445990635e+01
3.450325808474438105e+01
3.457084544044968766e+01
3.454720212878210361e+01
3.454825796534651516e+01
3.453586169709458886e+01
3.452328793033233723e+01
3.452204133838718292e+01
3.453741781202413819e+01
3.453392206060549796e+01
3.451297689586574791e+01
3.450569136607714427e+01
3.452161961563023596e+01
3.448069840486171245e+01
3.450417969206900892e+01
3.449978975345590015e+01
3.447777823824263521e+01
3.449662928349554392e+01
3.451674814368640654e+01
3.451313235887430864e+01
3.448194070762160379e+01
3.450351762053926308e+01
3.457905068417996830e+01
3.459709389784646305e+01
3.458426913081454046e+01
3.458913672797424255e+01
3.456677903928595441e+01
3.451699712470965409e+01
3.449797034018996555e+01
3.452629982942915632e+01
3.454740156874144930e+01
3.456334147781975474e+01
3.454640668638411682e+01
3.457068502704167656e+01
3.454002153670316488e+01
3.451989228932870901e+01
3.454199041748046994e+01
3.453654668335995837e+01
3.451656350311451860e+01
3.451856740031269766e+01
3.452247712216134801e+01
3.448787703329829668e+01
3.449820164343192630e+01
3.450628733601543274e+01
3.446061751629673608e+01
3.443375793465651924e+01
3.445793678007826344e+01
3.445177736875027819e+01
3.446128403563418630e+01
3.447281758221124903e+01
3.441693711146123036e+01
3.444160886654611176e+01
3.444927013875670241e+01
3.451819932064768182e+01
3.451035061576541096e+01
3.451090159348310493e+01
3.450704257495254978e+01
3.448781737867452080e+01
3.447905337265790138e+01
3.449045907446220127e+01
3.448979761190468452e+01
3.447961459135066065e+01
3.448086240693000093e+01
3.452111950588765410e+01
3.451438617443364620e+01
3.454425722042450531e+01
3.453898237842624752e+01
3.455497869028210545e+01
3.458096373278946345e+01
3.454908082847811102e+01
3.453461810285493527e+01
3.455194773063012548e+01
3.455920505372817786e+01
3.452905151910296411e+01
3.455935835731636274e+01
3.461333460196802037e+01
3.459986818354547466e+01
3.455276002916239264e+01
3.456895582597807959e+01
3.456834254110735571e+01
3.457464634540794890e+01
3.457287385705635074e+01
3.453021678816801199e+01
3.450885050628144768e+01
3.448836442919370171e+01
3.448969346454857288e+01
3.445280511078053109e+01
3.443783803123000098e+01
3.446572445359741721e+01
3.442636575705318336e+01
3.445836329271563869e+01
3.448259469957944390e+01
3.449180000486212805e+01
3.452643385185629654e+01
3.452776143236752660e+01
3.453116882901811380e+01
3.453524599521443150e+01
3.458112883857684494e+01
3.455548159272792219e+01
3.458034328723626771e+01
3.462315296772240458e+01
3.462809156230343888e+01
3.461593360659496454e+01
3.461340634448379916e+01
3.458038759013892616e+01
3.457784249843446389e+01
3.456571455607441123e+01
3.456492500701731529e+01
3.458307997665836098e+01
3.457604965063407576e+01
3.454630052633338977e+01
3.454457923190877011e+01
3.456803708247814910e+01
3.457290185710670016e+01
3.458127641373974370e+01
3.458798773270946469e+01
3.457452003168655352e+01
3.456667139439124270e+01
3.457469997246521132e+01
3.454261645869885200e+01
3.454356584995075252e+01
3.454943850923527293e+01
3.458108419420489810e+01
3.456722755147642800e+01
3.453377533588301418e+01
3.456815095494157219e+01
3.458926625233450380e+01
3.458345873928609393e+01
3.459038855532198653e+01
3.458418915372514846e+01
3.455906687125512633e+01
3.450252996627893509e+01
3.450461928528176969e+01
3.448591001254150967e+01
3.445824119128210583e+01
3.443317660367286948e+01
3.434841892763989080e+01
3.441490482248425309e+01
3.443010444210074184e+01
3.443170595960023661e+01
3.438641065763484050e+01
3.438046554979226954e+01
3.432540152115471699e+01
3.438278634393551414e+01
3.439844607233597173e+01
3.448437637027373626e+01
3.452772597714871239e+01
3.460137820081117610e+01
3.464813753341416458e+01
3.464846129465911417e+01
3.463210343191718010e+01
3.461450378150723850e+01
3.461488865101269852e+01
3.463171240380928850e+01
3.464478483779820550e+01
3.461233663000763983e+01
3.458053103991147736e+01
3.457821455262610044e+01
3.459788150334762236e+01
3.460490803260587711e+01
3.461703378459693425e+01
3.457334452811203818e+01
3.456354950640834289e+01
3.457277436923441627e+01
3.457780207505738446e+01
3.455637033072433439e+01
3.452319294014623097e+01
3.451783957228148125e+01
3.450926634000789051e+01
3.453504290280099553e+01
3.452777670193257364e+01
3.452312814796577811e+01
3.451732944777321421e+01
3.452270352414232946e+01
3.452206118119234191e+01
3.449349347604869820e+01
3.451769422412592547e+01
3.447462599854549836e+01
3.446858780571027125e+01
3.444009505346265598e+01
3.441787456499520204e+01
3.440221000542074847e+01
3.438105065038648434e+01
3.438380595311741672e+01
3.437092940991072254e+01
3.436118345754159975e+01
3.441824433019605323e+01
3.439212147590939139e+01
3.440796583634716654e+01
3.446452240835071024e+01
3.450482443771792873e+01
3.449093210442322999e+01
3.450033015295340988e+01
3.453841947704250259e+01
3.451308679707844362e+01
3.453289993837863392e+01
3.456127821427684665e+01
3.458870456182619790e+01
3.456324989310226670e+01
3.459680489422641614e+01
3.460527351112149574e+01
3.461552014108431763e+01
3.463180082935397763e+01
3.463210730342541410e+01
3.465026924124679653e+01
3.468157725955941828e+01
3.463260522271280450e+01
3.462332754378668653e+01
3.464215552775065277e+01
3.468564328459831358e+01
3.465346481055997430e+01
3.459116020806091285e+01
3.458648816124867409e+01
3.456443385754601394e+01
3.454490351186633745e+01
3.455408738268835833e+01
3.457651105400128699e+01
3.454577090626516878e+01
