9.282021331787109375e+01
9.172307586669921875e+01
9.025370025634765625e+01
8.620652008056640625e+01
8.964688873291015625e+01
9.105226135253906250e+01
9.232286071777343750e+01
8.981258392333984375e+01
9.105221557617187500e+01
9.240221405029296875e+01
9.132910156250000000e+01
8.738880920410156250e+01
7.076638793945312500e+01
9.204795837402343750e+01
9.129433441162109375e+01
9.017108917236328125e+01
9.124723052978515625e+01
9.112995147705078125e+01
8.867829132080078125e+01
8.717726135253906250e+01
9.031490325927734375e+01
9.196870422363281250e+01
8.808676910400390625e+01
8.754032897949218750e+01
9.204541015625000000e+01
9.145485687255859375e+01
8.800311279296875000e+01
8.389832305908203125e+01
9.112377166748046875e+01
9.258243560791015625e+01
9.164131927490234375e+01
8.535255432128906250e+01
8.845612335205078125e+01
9.221724700927734375e+01
9.033287048339843750e+01
9.074742126464843750e+01
9.185379028320312500e+01
9.227243804931640625e+01
8.946219635009765625e+01
8.372994995117187500e+01
9.197269439697265625e+01
9.250103759765625000e+01
9.034401702880859375e+01
8.658985137939453125e+01
9.026992034912109375e+01
9.053507995605468750e+01
9.201965332031250000e+01
8.942948150634765625e+01
7.782862854003906250e+01
9.291074371337890625e+01
9.216628265380859375e+01
9.147638702392578125e+01
8.476488494873046875e+01
9.186594390869140625e+01
9.104076385498046875e+01
8.660861206054687500e+01
8.485511779785156250e+01
9.244147491455078125e+01
9.191551971435546875e+01
9.056843566894531250e+01
9.121952056884765625e+01
9.113811492919921875e+01
9.086398315429687500e+01
9.112326049804687500e+01
9.254848480224609375e+01
9.228195953369140625e+01
9.137246704101562500e+01
8.982546234130859375e+01
9.137284851074218750e+01
9.231566619873046875e+01
9.137243652343750000e+01
8.913957214355468750e+01
9.201947021484375000e+01
9.226783752441406250e+01
9.103581237792968750e+01
8.772532653808593750e+01
9.143894958496093750e+01
9.198628997802734375e+01
9.178840637207031250e+01
8.731860351562500000e+01
9.216762542724609375e+01
9.209675598144531250e+01
9.199517822265625000e+01
8.955997467041015625e+01
9.175665283203125000e+01
9.238601684570312500e+01
8.982860565185546875e+01
8.745212554931640625e+01
8.694250488281250000e+01
7.832664489746093750e+01
9.193652343750000000e+01
8.671628570556640625e+01
8.873355102539062500e+01
9.247308349609375000e+01
8.944355773925781250e+01
8.638961029052734375e+01
9.170990753173828125e+01
9.171807098388671875e+01
8.817934417724609375e+01
8.501432037353515625e+01
9.144299316406250000e+01
9.239167022705078125e+01
8.962623596191406250e+01
8.640743255615234375e+01
5.773391723632812500e+01
4.508358001708984375e+01
4.122230911254882812e+01
4.359081649780273438e+01
9.084941101074218750e+01
9.168495178222656250e+01
8.917564392089843750e+01
8.787951660156250000e+01
9.230432891845703125e+01
9.100432586669921875e+01
9.137074279785156250e+01
8.931002807617187500e+01
9.215287780761718750e+01
9.063864898681640625e+01
8.984378814697265625e+01
8.684783935546875000e+01
7.845279693603515625e+01
9.232827758789062500e+01
9.094003295898437500e+01
8.476261138916015625e+01
9.093232727050781250e+01
8.981575775146484375e+01
8.803256988525390625e+01
8.634877014160156250e+01
5.628080749511718750e+01
9.022498321533203125e+01
9.144322967529296875e+01
8.766468048095703125e+01
9.200311279296875000e+01
9.162870025634765625e+01
9.033620452880859375e+01
8.594524383544921875e+01
9.216335296630859375e+01
9.047599029541015625e+01
8.732469940185546875e+01
7.983505249023437500e+01
7.193287658691406250e+01
7.149885559082031250e+01
6.293976593017578125e+01
5.600864791870117188e+01
8.733087158203125000e+01
8.540666961669921875e+01
7.230323791503906250e+01
6.814548492431640625e+01
8.010993194580078125e+01
6.863282012939453125e+01
5.595827102661132812e+01
5.968519210815429688e+01
8.832535552978515625e+01
8.539278411865234375e+01
7.330266571044921875e+01
5.781361007690429688e+01
9.197432708740234375e+01
8.851585388183593750e+01
8.712953186035156250e+01
8.507512664794921875e+01
9.143431854248046875e+01
8.822561645507812500e+01
8.647634887695312500e+01
8.209658050537109375e+01
9.211128997802734375e+01
9.196564483642578125e+01
8.944696807861328125e+01
8.269064331054687500e+01
9.204050445556640625e+01
9.077053070068359375e+01
8.875920104980468750e+01
8.778507232666015625e+01
9.175877380371093750e+01
9.107167816162109375e+01
9.038290405273437500e+01
8.685682678222656250e+01
7.433328247070312500e+01
9.136604309082031250e+01
9.174037933349609375e+01
9.068991851806640625e+01
nan
9.208979797363281250e+01
9.064850616455078125e+01
8.577239227294921875e+01
7.210864257812500000e+01
9.214588928222656250e+01
9.044901275634765625e+01
8.166857910156250000e+01
9.011020660400390625e+01
9.219387054443359375e+01
9.112184143066406250e+01
8.916206359863281250e+01
8.300297546386718750e+01
9.221340942382812500e+01
9.150704956054687500e+01
8.789106750488281250e+01
7.991728973388671875e+01
9.231752014160156250e+01
9.173560333251953125e+01
8.865852355957031250e+01
8.448454284667968750e+01
9.089670562744140625e+01
9.228780364990234375e+01
9.037104797363281250e+01
9.126788330078125000e+01
7.655760192871093750e+01
9.178236389160156250e+01
8.612180328369140625e+01
8.641557312011718750e+01
9.168792724609375000e+01
9.167437744140625000e+01
8.781977081298828125e+01
9.182410430908203125e+01
9.291601562500000000e+01
9.086277770996093750e+01
9.013463592529296875e+01
8.584927368164062500e+01
9.173263549804687500e+01
9.226997375488281250e+01
8.941201782226562500e+01
8.509626770019531250e+01
9.238523101806640625e+01
9.186209869384765625e+01
8.816724395751953125e+01
9.022513580322265625e+01
8.942559814453125000e+01
8.579130554199218750e+01
8.853148651123046875e+01
8.760195159912109375e+01
7.671017456054687500e+01
9.133678436279296875e+01
8.977629089355468750e+01
8.746399688720703125e+01
9.120356750488281250e+01
9.172666168212890625e+01
8.466685485839843750e+01
7.657966613769531250e+01
9.202076721191406250e+01
9.067857360839843750e+01
8.850362396240234375e+01
7.112032318115234375e+01
7.590549468994140625e+01
9.182608795166015625e+01
9.009619903564453125e+01
6.466529846191406250e+01
9.165407562255859375e+01
9.053193664550781250e+01
8.749418640136718750e+01
9.168448638916015625e+01
9.217865753173828125e+01
9.081675720214843750e+01
8.458622741699218750e+01
8.391996765136718750e+01
4.963526535034179688e+01
4.559256744384765625e+01
3.579607391357421875e+01
3.190942001342773438e+01
3.134927749633789062e+01
2.362579536437988281e+01
1.976469612121582031e+01
2.334960937500000000e+01
3.336769104003906250e+01
2.914402580261230469e+01
2.757298278808593750e+01
6.028672790527343750e+01
6.540931701660156250e+01
5.908723831176757812e+01
5.719440078735351562e+01
7.116378784179687500e+01
5.955194473266601562e+01
4.984980392456054688e+01
6.199072647094726562e+01
9.126119995117187500e+01
9.251685333251953125e+01
9.084466552734375000e+01
8.833097076416015625e+01
8.795241546630859375e+01
9.189356231689453125e+01
8.971297454833984375e+01
9.091429138183593750e+01
nan
9.221188354492187500e+01
9.141966247558593750e+01
9.005117797851562500e+01
9.201828765869140625e+01
9.234274291992187500e+01
9.063392639160156250e+01
8.778811645507812500e+01
8.551004028320312500e+01
9.206653594970703125e+01
9.062918853759765625e+01
8.670471191406250000e+01
9.131069946289062500e+01
8.890853118896484375e+01
8.620845794677734375e+01
8.267132568359375000e+01
9.258661651611328125e+01
8.900119781494140625e+01
8.846698760986328125e+01
8.505207824707031250e+01
6.070761108398437500e+01
9.157976531982421875e+01
9.043984222412109375e+01
8.486299896240234375e+01
9.061975860595703125e+01
9.109079742431640625e+01
9.089885711669921875e+01
8.735563659667968750e+01
9.027928924560546875e+01
9.068726348876953125e+01
9.138138580322265625e+01
8.823766326904296875e+01
8.831436920166015625e+01
7.982667541503906250e+01
9.009787750244140625e+01
8.477484130859375000e+01
9.167588043212890625e+01
9.177680206298828125e+01
8.998129272460937500e+01
8.556231689453125000e+01
9.125369262695312500e+01
9.183780670166015625e+01
9.142785644531250000e+01
8.893594360351562500e+01
nan
9.267034149169921875e+01
9.241984558105468750e+01
8.946150207519531250e+01
8.966755676269531250e+01
8.640916442871093750e+01
9.232359313964843750e+01
9.037039947509765625e+01
8.161792755126953125e+01
9.110504150390625000e+01
9.034586334228515625e+01
8.969792175292968750e+01
8.633603668212890625e+01
9.201351928710937500e+01
9.128732299804687500e+01
8.947391510009765625e+01
9.099527740478515625e+01
7.785015869140625000e+01
6.579176330566406250e+01
6.806869506835937500e+01
7.021784210205078125e+01
7.759620666503906250e+01
7.689300537109375000e+01
7.770774841308593750e+01
8.382241821289062500e+01
7.905187225341796875e+01
6.755321502685546875e+01
5.236984634399414062e+01
5.168355941772460938e+01
4.909099197387695312e+01
6.272779464721679688e+01
6.620789337158203125e+01
8.785613250732421875e+01
8.935398101806640625e+01
7.010366058349609375e+01
5.272841644287109375e+01
4.688875961303710938e+01
4.732147216796875000e+01
3.895803070068359375e+01
3.459627914428710938e+01
2.282086181640625000e+01
1.589679431915283203e+01
1.252024841308593750e+01
2.004377174377441406e+01
3.194974899291992188e+01
4.753763961791992188e+01
5.081964111328125000e+01
3.872215270996093750e+01
3.233630752563476562e+01
2.603574943542480469e+01
2.450642585754394531e+01
3.058645248413085938e+01
2.953418540954589844e+01
3.386018371582031250e+01
3.309706497192382812e+01
3.657646560668945312e+01
6.298720932006835938e+01
6.843288421630859375e+01
5.564706420898437500e+01
5.900406646728515625e+01
8.985800933837890625e+01
8.874727630615234375e+01
8.674974822998046875e+01
8.298614501953125000e+01
8.916745758056640625e+01
8.952994537353515625e+01
8.743651580810546875e+01
8.360785675048828125e+01
9.078069305419921875e+01
9.098466491699218750e+01
8.476352691650390625e+01
7.932786560058593750e+01
9.097795867919921875e+01
9.127794647216796875e+01
9.098880767822265625e+01
8.840428924560546875e+01
8.822630310058593750e+01
nan
9.087511444091796875e+01
8.591590881347656250e+01
9.196160125732421875e+01
9.141599273681640625e+01
9.074464416503906250e+01
8.780677795410156250e+01
9.027191162109375000e+01
9.031875610351562500e+01
9.237519836425781250e+01
8.966510009765625000e+01
8.854403686523437500e+01
9.120605468750000000e+01
9.198564910888671875e+01
9.154332733154296875e+01
9.272494506835937500e+01
9.142654418945312500e+01
9.207862091064453125e+01
9.170997619628906250e+01
8.752777862548828125e+01
9.229440307617187500e+01
8.948519134521484375e+01
8.847361755371093750e+01
8.995299530029296875e+01
9.112515258789062500e+01
9.172991180419921875e+01
8.832141113281250000e+01
nan
9.298231506347656250e+01
9.203144836425781250e+01
8.917977142333984375e+01
9.007033538818359375e+01
7.580551147460937500e+01
6.042388534545898438e+01
5.481197738647460938e+01
9.184155273437500000e+01
9.113973236083984375e+01
8.592893218994140625e+01
7.497640228271484375e+01
9.231105041503906250e+01
9.142214965820312500e+01
8.951017761230468750e+01
8.616365051269531250e+01
9.257646179199218750e+01
9.147522735595703125e+01
9.109400939941406250e+01
8.730744171142578125e+01
8.844416046142578125e+01
8.694010925292968750e+01
7.420807647705078125e+01
6.284952163696289062e+01
8.340502166748046875e+01
8.665595245361328125e+01
8.550118255615234375e+01
7.996981048583984375e+01
9.237187194824218750e+01
9.193506622314453125e+01
8.784040832519531250e+01
8.625799560546875000e+01
9.158339691162109375e+01
9.131517791748046875e+01
9.069036102294921875e+01
8.940301513671875000e+01
9.164775848388671875e+01
9.142024230957031250e+01
8.872280120849609375e+01
8.661016082763671875e+01
8.542627716064453125e+01
8.948081207275390625e+01
8.530352020263671875e+01
7.481636810302734375e+01
9.150577545166015625e+01
8.388372802734375000e+01
7.439972686767578125e+01
6.263835525512695312e+01
4.967285156250000000e+01
3.942897415161132812e+01
4.454658508300781250e+01
4.264889144897460938e+01
4.288439559936523438e+01
3.986549377441406250e+01
4.406455230712890625e+01
4.801075363159179688e+01
3.836351776123046875e+01
5.220950317382812500e+01
5.000158691406250000e+01
3.981520843505859375e+01
5.285179138183593750e+01
4.771669006347656250e+01
5.109609985351562500e+01
4.719977951049804688e+01
7.688771057128906250e+01
5.244373321533203125e+01
2.847063636779785156e+01
3.127214241027832031e+01
4.754802322387695312e+01
3.946004486083984375e+01
4.001317214965820312e+01
3.482243728637695312e+01
3.521585845947265625e+01
4.040435028076171875e+01
3.781958770751953125e+01
3.874461746215820312e+01
7.352236175537109375e+01
6.103578567504882812e+01
5.045360946655273438e+01
4.540183258056640625e+01
5.968983078002929688e+01
5.965523147583007812e+01
5.910421752929687500e+01
5.683448028564453125e+01
5.242642974853515625e+01
5.779601287841796875e+01
5.834387969970703125e+01
5.616405487060546875e+01
6.422914886474609375e+01
5.175853729248046875e+01
5.803549957275390625e+01
4.223015975952148438e+01
6.144116592407226562e+01
5.523630523681640625e+01
5.143770217895507812e+01
3.578072357177734375e+01
2.346442985534667969e+01
2.022368812561035156e+01
2.362049102783203125e+01
2.141633033752441406e+01
2.608858108520507812e+01
5.315040969848632812e+01
3.790206527709960938e+01
2.925502204895019531e+01
2.980614089965820312e+01
7.026769256591796875e+01
5.662392807006835938e+01
6.520945739746093750e+01
6.660677337646484375e+01
5.749893569946289062e+01
5.923293304443359375e+01
5.835121536254882812e+01
6.231485366821289062e+01
3.931877136230468750e+01
2.185417366027832031e+01
1.951887512207031250e+01
4.223804473876953125e+01
3.308588027954101562e+01
2.393729019165039062e+01
2.448168563842773438e+01
1.817755889892578125e+01
2.486369132995605469e+01
2.214657402038574219e+01
2.890470314025878906e+01
5.008824157714843750e+01
6.417919158935546875e+01
4.657312011718750000e+01
3.923663711547851562e+01
8.029003143310546875e+01
8.921829223632812500e+01
9.129480743408203125e+01
8.869412994384765625e+01
9.123000335693359375e+01
9.099804687500000000e+01
8.991657257080078125e+01
8.557572937011718750e+01
8.915225982666015625e+01
9.245958709716796875e+01
9.147210693359375000e+01
9.004340362548828125e+01
8.211573028564453125e+01
9.177191162109375000e+01
9.198471069335937500e+01
8.753285217285156250e+01
9.258697509765625000e+01
9.148571777343750000e+01
9.274321746826171875e+01
9.044010925292968750e+01
nan
8.625550079345703125e+01
9.155493927001953125e+01
8.886343383789062500e+01
nan
nan
9.225555419921875000e+01
9.060778045654296875e+01
8.987451934814453125e+01
9.117739868164062500e+01
9.196987152099609375e+01
8.976738739013671875e+01
9.228964233398437500e+01
9.038578796386718750e+01
9.153006744384765625e+01
8.867253112792968750e+01
9.004416656494140625e+01
9.215473175048828125e+01
9.217082214355468750e+01
9.124852752685546875e+01
7.083627319335937500e+01
9.131127166748046875e+01
9.094503021240234375e+01
9.027677154541015625e+01
8.978164672851562500e+01
9.242185211181640625e+01
9.238305664062500000e+01
8.783171844482421875e+01
9.249740600585937500e+01
9.277655029296875000e+01
9.125106048583984375e+01
9.028051757812500000e+01
7.437467193603515625e+01
9.241670989990234375e+01
9.187657165527343750e+01
8.949007415771484375e+01
8.958356475830078125e+01
9.173691558837890625e+01
9.098710632324218750e+01
8.885807800292968750e+01
9.172407531738281250e+01
9.056769561767578125e+01
8.911823272705078125e+01
8.591207885742187500e+01
9.029910278320312500e+01
8.591867828369140625e+01
7.327787780761718750e+01
6.126475524902343750e+01
4.237232589721679688e+01
3.470141983032226562e+01
2.238686561584472656e+01
1.516475296020507812e+01
2.764823150634765625e+01
3.511061859130859375e+01
3.939927291870117188e+01
3.730588912963867188e+01
2.854836273193359375e+01
4.394312667846679688e+01
3.205040359497070312e+01
2.735425949096679688e+01
2.542442703247070312e+01
4.198905181884765625e+01
5.081590652465820312e+01
4.805596923828125000e+01
4.600711822509765625e+01
4.966700744628906250e+01
4.590298461914062500e+01
3.914881515502929688e+01
3.368870162963867188e+01
5.123322296142578125e+01
4.853329849243164062e+01
3.744088363647460938e+01
5.637611389160156250e+01
4.555095672607421875e+01
5.041032791137695312e+01
4.961387252807617188e+01
6.471656036376953125e+01
5.985280227661132812e+01
4.365012741088867188e+01
3.631537246704101562e+01
5.759781265258789062e+01
6.340666961669921875e+01
5.788355636596679688e+01
4.344510650634765625e+01
7.543441772460937500e+01
6.082231521606445312e+01
4.065454101562500000e+01
3.723735809326171875e+01
6.326826477050781250e+01
5.323320770263671875e+01
4.504954910278320312e+01
4.285892868041992188e+01
6.116341018676757812e+01
5.636536026000976562e+01
6.084423828125000000e+01
4.785713577270507812e+01
8.816979217529296875e+01
8.164647674560546875e+01
6.894804382324218750e+01
4.264272308349609375e+01
8.988294982910156250e+01
9.131834411621093750e+01
8.805315399169921875e+01
8.166494750976562500e+01
9.099456787109375000e+01
9.108256530761718750e+01
9.032537078857421875e+01
8.426731109619140625e+01
9.263216400146484375e+01
9.233919525146484375e+01
9.048256683349609375e+01
8.998559570312500000e+01
7.055471801757812500e+01
9.038122558593750000e+01
9.220275878906250000e+01
8.846199035644531250e+01
8.742347717285156250e+01
nan
9.076390838623046875e+01
8.936463165283203125e+01
nan
9.185662078857421875e+01
9.229820251464843750e+01
9.048222351074218750e+01
9.194066619873046875e+01
9.244044494628906250e+01
9.132679748535156250e+01
8.768177795410156250e+01
8.453501892089843750e+01
nan
9.201461791992187500e+01
9.089386749267578125e+01
9.118533325195312500e+01
9.099082183837890625e+01
8.566446685791015625e+01
9.153112792968750000e+01
9.168385314941406250e+01
8.784647369384765625e+01
9.273281097412109375e+01
9.117349243164062500e+01
8.602671051025390625e+01
9.097819519042968750e+01
9.134243011474609375e+01
8.747937011718750000e+01
