3.445432712852348800e+01
3.442297347556938547e+01
3.444370972714181534e+01
3.449171885758740075e+01
3.450542198905298363e+01
3.451071166009418079e+01
3.449795315422446151e+01
3.448238774651996152e+01
3.447628239518504500e+01
3.449420772436109672e+01
3.448106187051030247e+01
3.438729232607049369e+01
3.435825717473434082e+01
3.436339957828844405e+01
3.441232142742608602e+01
3.442201377558303932e+01
3.442073314731403144e+01
3.451457149751306730e+01
3.452874048601570678e+01
3.449740571283889778e+01
3.452446555444749521e+01
3.452386072294591202e+01
3.453081476761122559e+01
3.451582759301137315e+01
3.453994363636081033e+01
3.453074831092963848e+01
3.458213873342740641e+01
3.457647203245001322e+01
3.454937818520755854e+01
3.456088942162465827e+01
3.454303821007679431e+01
3.454391347671766965e+01
3.455525877251059086e+01
3.455459519027451165e+01
3.454356355130470035e+01
3.454467675160553597e+01
3.454463255853168135e+01
3.458044749140335483e+01
3.461222382652152874e+01
3.459216913565942519e+01
3.455879716284800196e+01
3.454433813709323431e+01
3.454473800141932571e+01
3.454990327013953788e+01
3.453888002479682484e+01
3.455311387272204371e+01
3.455467668100131107e+01
3.452937115866450313e+01
3.453260695014564874e+01
3.452234012177030564e+01
3.452203209414724938e+01
3.453199238534701010e+01
3.453388037911108199e+01
3.445822773199566313e+01
3.447986111139846344e+01
3.447912349119024356e+01
3.448015507093526111e+01
3.451865247073416043e+01
3.449939386607024971e+01
3.448370838281663708e+01
3.449519043796344420e+01
3.452357297502938138e+01
3.453102506708693653e+01
3.454310324277715694e+01
3.454148647967840446e+01
3.453943535807981391e+01
3.453419196694584059e+01
3.454265330893306185e+01
3.453948231764970700e+01
3.454755679269564439e+01
3.455456437191720909e+01
3.453849363863670874e+01
3.450659008090779167e+01
3.447738774367510217e+01
3.446502768978830034e+01
3.448217561831717148e+01
3.445044660303148021e+01
3.443384660391079422e+01
3.443992874585168096e+01
3.449166129600395436e+01
3.448925334477828386e+01
3.447695734935696521e+01
3.448425149561994374e+01
3.448077984076031299e+01
3.448308559146170182e+01
3.445995578571901063e+01
3.448551063046213017e+01
3.453951753571073624e+01
3.455880951367394260e+01
3.458303304924399413e+01
3.459038817661091514e+01
3.459722165511826120e+01
3.458307591790668312e+01
3.455642072464248571e+01
3.455888958636784736e+01
3.454651077554993321e+01
3.454908363497458623e+01
3.455536696508375627e+01
3.453396125353797430e+01
3.453360129172115478e+01
3.452784437095512970e+01
3.451542785308320305e+01
3.450288919946703459e+01
3.446947366048522099e+01
3.448729032897949054e+01
3.451500023146807195e+01
3.451177421518099209e+01
3.454750859638795646e+01
3.454545948765641583e+01
3.454548030374817813e+01
3.454553932422702189e+01
3.456366015004302739e+01
3.457919577207402995e+01
3.455456257112147966e+01
3.455389747179969362e+01
3.454903856335656087e+01
3.454264184518587655e+01
3.455160032576221596e+01
3.456617063024489056e+01
3.458809888290146972e+01
3.449946557643049516e+01
3.447848898548190988e+01
3.451888045695675800e+01
3.456951964297536506e+01
3.460828986449160283e+01
3.462553224466615376e+01
3.456074254259012690e+01
3.461326618155786861e+01
3.460025886302882725e+01
3.457214583988513823e+01
3.457213856997732648e+01
3.458470013867394499e+01
3.452698673493983961e+01
3.451455270928851604e+01
3.454411982882224663e+01
3.454928540375273371e+01
3.456395334043341450e+01
3.453762712562691206e+01
3.453247082778155175e+01
3.453018681283724334e+01
3.456847343263788730e+01
3.455555414671817971e+01
3.453426439421055250e+01
3.451172035346596800e+01
3.453116457767809777e+01
3.450062856797040212e+01
3.450515917141154887e+01
3.451147431816489330e+01
3.449249948895987927e+01
3.450373183893752582e+01
3.451710230164608362e+01
3.449917425614695787e+01
3.447519142642263290e+01
3.448725585678876371e+01
3.456890142382606257e+01
3.459523539216639421e+01
3.459501965073407348e+01
3.460091340740655852e+01
3.456157905992411372e+01
3.452118065578654438e+01
3.449065991340249582e+01
3.449940661827992017e+01
3.453338173662606181e+01
3.456424661823854194e+01
3.454372156925524706e+01
3.456332863422974810e+01
3.455203975431798114e+01
3.452544888667737411e+01
3.452915897951287860e+01
3.453724819222143338e+01
3.454539356477381062e+01
3.453318335064386702e+01
3.453146147129899646e+01
3.450212628432451112e+01
3.450018388004626502e+01
3.451471283295195036e+01
3.447579749078265365e+01
3.443537719002416964e+01
3.445128925362279659e+01
3.444384833280919622e+01
3.446992700195311699e+01
3.447643423772262139e+01
3.440695693374892272e+01
3.442694269910909100e+01
3.443248900927526535e+01
3.452526594414145222e+01
3.450790930874065765e+01
3.452063816859358525e+01
3.448704028165138169e+01
3.446754443204201124e+01
3.449125922018794910e+01
3.451215733440851352e+01
3.449145364198846408e+01
3.445867315803139519e+01
3.447306213016832999e+01
3.453360244492353104e+01
3.452505780934479418e+01
3.454448306791660883e+01
3.454068641300524689e+01
3.453262409093824914e+01
3.457844683320643497e+01
3.454918274830964009e+01
3.448188296948449505e+01
3.453300876345876702e+01
3.456197286314883144e+01
3.451787812210341855e+01
3.455203154508946994e+01
3.462079514015326964e+01
3.461250672343626178e+01
3.457508165081476648e+01
3.456558828425003327e+01
3.457055650639937738e+01
3.458679325504626689e+01
3.459742711057501197e+01
3.454483717992749803e+01
3.451624563158973302e+01
3.448751600310761489e+01
3.448812406171377631e+01
3.447379970227257928e+01
3.442510982319461021e+01
3.447144517180878864e+01
3.442654516161902478e+01
3.445392667867369596e+01
3.447933647854045347e+01
3.451585188241732283e+01
3.451888452355336057e+01
3.452385078456038059e+01
3.451580894056417037e+01
3.453759894212626591e+01
3.457620349948688698e+01
3.454866834090928052e+01
3.458214942725228980e+01
3.461016144445387255e+01
3.464708875960010914e+01
3.462220197567697255e+01
3.465282576014632099e+01
3.462857966768942930e+01
3.460372646034370803e+01
3.457639706369173638e+01
3.455853192423158049e+01
3.456446416150109258e+01
3.456489090638242345e+01
3.455493207511255349e+01
3.454810759799763531e+01
3.453862683907201614e+01
3.456683816838668122e+01
3.455222034079341142e+01
3.462657699972896097e+01
3.459645198550467171e+01
3.456955177927825673e+01
3.457804196994587187e+01
3.455510607263596512e+01
3.454988154446876081e+01
3.457659057746499087e+01
3.458706173447431098e+01
3.459964583548853057e+01
3.454681063273800845e+01
3.456399539805266841e+01
3.460894682880983453e+01
3.459478634410793063e+01
3.463373843694137122e+01
3.462373872427213684e+01
3.460745724332130635e+01
3.449854759940453874e+01
3.448160189276225651e+01
3.447847367858886969e+01
3.447324040713552762e+01
3.441340903434106480e+01
3.435131854972192400e+01
3.440546189156225410e+01
3.441419646570238200e+01
3.442061382849740880e+01
3.440172815484515212e+01
3.438264941251075868e+01
3.430091861349848870e+01
3.438491616847151988e+01
3.440510371373063236e+01
3.451024344803115440e+01
3.453568817992129425e+01
3.459282067017635853e+01
3.464110422502937325e+01
3.466019169202900940e+01
3.463338675081931939e+01
3.460117456261586000e+01
3.460198643286753395e+01
3.461744651406498718e+01
3.464821325243932648e+01
3.459883323979781977e+01
3.455532053724385833e+01
3.456871585548530135e+01
3.459307826698432820e+01
3.461438216335491092e+01
3.461699815808312763e+01
3.456757368805448749e+01
3.454852173446396790e+01
3.455063573287705481e+01
3.455764219458628617e+01
3.453825191252109761e+01
3.448706299862618607e+01
3.447941337766485503e+01
3.446746569617319977e+01
3.450533396989207802e+01
3.449819670622227363e+01
3.451532017387776818e+01
3.450290742053015691e+01
3.451058966555837770e+01
3.452691806909594163e+01
3.446230772994736213e+01
3.452229578076379113e+01
3.450577301775398809e+01
3.445035231095653927e+01
3.445217077093609248e+01
3.444411146416098291e+01
3.440409495777194593e+01
3.440053237294343091e+01
3.442631898705434423e+01
3.437864159095893513e+01
3.436409155376886559e+01
3.441320810479632542e+01
3.438869767606055916e+01
3.440960769575733025e+01
3.448427059108927750e+01
3.452136696404925686e+01
3.450523178152310777e+01
3.448362217608952562e+01
3.455077327973963008e+01
3.452703530495853812e+01
3.455015701552569141e+01
3.456480225773180592e+01
3.458988720703124642e+01
3.457909112988487976e+01
3.459324200672214289e+01
3.460455811736543552e+01
3.462863338069592345e+01
3.463136196537340794e+01
3.462524157482082643e+01
3.465827157644497447e+01
3.467860873645847875e+01
3.464230312515517340e+01
3.458432772128865196e+01
3.461876884072514571e+01
3.468003577254989978e+01
3.466722950098071010e+01
3.458007256123170947e+01
3.456964078120861927e+01
3.455519534172445617e+01
3.453204971804861145e+01
3.452917157835879181e+01
3.453764180018539065e+01
3.453265869373385755e+01
