9.086664581298828125e+01
9.256740570068359375e+01
8.945648956298828125e+01
8.324200439453125000e+01
7.570427703857421875e+01
7.719884490966796875e+01
8.233240509033203125e+01
9.177406311035156250e+01
9.000450897216796875e+01
9.024739074707031250e+01
9.072740173339843750e+01
9.285375976562500000e+01
9.296427154541015625e+01
9.223387908935546875e+01
9.205669403076171875e+01
9.140431976318359375e+01
9.112088775634765625e+01
9.190876007080078125e+01
9.175981903076171875e+01
9.158973693847656250e+01
8.904322052001953125e+01
7.798351287841796875e+01
9.131619262695312500e+01
8.432382202148437500e+01
7.547024536132812500e+01
7.020670318603515625e+01
3.750565719604492188e+01
6.292298889160156250e+01
7.099668121337890625e+01
7.440451812744140625e+01
8.586166381835937500e+01
8.782570648193359375e+01
9.097879028320312500e+01
8.992795562744140625e+01
7.928784942626953125e+01
7.220488739013671875e+01
7.162114715576171875e+01
4.247113800048828125e+01
3.385214996337890625e+01
6.051177215576171875e+01
7.361054229736328125e+01
8.982463836669921875e+01
8.823186492919921875e+01
9.021398925781250000e+01
8.956570434570312500e+01
8.323622894287109375e+01
9.175914001464843750e+01
9.292128753662109375e+01
9.305072784423828125e+01
9.297245788574218750e+01
9.398484039306640625e+01
9.278907775878906250e+01
9.312010192871093750e+01
9.353120422363281250e+01
9.502739715576171875e+01
9.402755737304687500e+01
9.432668304443359375e+01
9.100307464599609375e+01
9.258742523193359375e+01
9.100914764404296875e+01
9.312555694580078125e+01
9.118830871582031250e+01
8.297378540039062500e+01
4.668037414550781250e+01
3.953523635864257812e+01
5.049119567871093750e+01
7.922512817382812500e+01
6.879077148437500000e+01
8.574047088623046875e+01
9.035299682617187500e+01
9.203497314453125000e+01
9.135797882080078125e+01
8.931877136230468750e+01
8.159092712402343750e+01
8.289109039306640625e+01
9.128190612792968750e+01
8.894721984863281250e+01
9.245870971679687500e+01
9.172493743896484375e+01
9.033329772949218750e+01
9.154467773437500000e+01
9.332698822021484375e+01
9.198234558105468750e+01
8.609000396728515625e+01
8.449286651611328125e+01
7.555658721923828125e+01
6.694303131103515625e+01
4.475872802734375000e+01
3.921052551269531250e+01
3.863018417358398438e+01
2.320894050598144531e+01
2.533076095581054688e+01
4.028161621093750000e+01
3.688457870483398438e+01
4.979500579833984375e+01
7.158415985107421875e+01
8.051684570312500000e+01
8.224974060058593750e+01
8.945139312744140625e+01
9.243531036376953125e+01
9.318631744384765625e+01
9.232308959960937500e+01
9.297936248779296875e+01
9.320491790771484375e+01
8.776764678955078125e+01
9.165303039550781250e+01
9.426507568359375000e+01
9.144834136962890625e+01
7.638339996337890625e+01
8.651990509033203125e+01
9.048159027099609375e+01
9.053268432617187500e+01
6.016711044311523438e+01
7.927191925048828125e+01
8.735390472412109375e+01
8.952320861816406250e+01
6.790077972412109375e+01
6.381570434570312500e+01
4.974055480957031250e+01
3.491197204589843750e+01
5.868709564208984375e+01
6.291444015502929688e+01
5.857445144653320312e+01
3.315499496459960938e+01
3.280480575561523438e+01
2.521806907653808594e+01
4.881832122802734375e+01
3.576375579833984375e+01
5.438417816162109375e+01
4.775314712524414062e+01
4.428094863891601562e+01
3.550414657592773438e+01
5.689072418212890625e+01
6.837619781494140625e+01
5.525152206420898438e+01
4.703844070434570312e+01
4.037874984741210938e+01
4.872557830810546875e+01
6.378946685791015625e+01
9.053450775146484375e+01
9.282984924316406250e+01
9.402767944335937500e+01
9.344448852539062500e+01
9.424673461914062500e+01
9.329299163818359375e+01
9.370438385009765625e+01
9.317403411865234375e+01
9.344452667236328125e+01
9.333308410644531250e+01
9.300339508056640625e+01
9.299613189697265625e+01
9.371588897705078125e+01
9.345272827148437500e+01
8.217386627197265625e+01
6.375032424926757812e+01
4.374222183227539062e+01
2.755736732482910156e+01
2.757616615295410156e+01
4.207562637329101562e+01
6.328779220581054688e+01
6.652732086181640625e+01
7.182695007324218750e+01
6.629766845703125000e+01
5.637625122070312500e+01
6.780683898925781250e+01
4.692297744750976562e+01
5.224219512939453125e+01
7.978414154052734375e+01
7.298031616210937500e+01
8.001067352294921875e+01
9.164668273925781250e+01
9.176774597167968750e+01
9.364668273925781250e+01
9.276615905761718750e+01
9.417004394531250000e+01
9.343902587890625000e+01
9.427574157714843750e+01
9.261241912841796875e+01
9.401116180419921875e+01
9.434009552001953125e+01
9.472698211669921875e+01
9.432217407226562500e+01
8.855527496337890625e+01
9.166385650634765625e+01
9.275423431396484375e+01
9.224744415283203125e+01
9.268818664550781250e+01
9.343692016601562500e+01
9.369152832031250000e+01
9.467907714843750000e+01
9.420902252197265625e+01
9.231719970703125000e+01
9.342718505859375000e+01
9.486741638183593750e+01
8.993330383300781250e+01
8.764490509033203125e+01
8.900685882568359375e+01
9.231459808349609375e+01
8.480733489990234375e+01
7.811044311523437500e+01
4.616304016113281250e+01
4.665024566650390625e+01
4.769282531738281250e+01
5.029229354858398438e+01
5.076123428344726562e+01
5.378845214843750000e+01
5.151994323730468750e+01
3.496880722045898438e+01
2.956956100463867188e+01
4.993071746826171875e+01
5.599220657348632812e+01
8.405584716796875000e+01
8.493824005126953125e+01
9.191865539550781250e+01
9.367350769042968750e+01
9.433441162109375000e+01
9.420581817626953125e+01
9.451979064941406250e+01
9.524203491210937500e+01
9.498401641845703125e+01
9.186795043945312500e+01
9.502688598632812500e+01
9.453850555419921875e+01
9.306600189208984375e+01
9.311880493164062500e+01
9.063093566894531250e+01
9.222407531738281250e+01
9.276596832275390625e+01
9.083084869384765625e+01
6.515643310546875000e+01
6.575905609130859375e+01
6.270949935913085938e+01
4.783725738525390625e+01
3.388100814819335938e+01
4.073776626586914062e+01
2.027724266052246094e+01
4.978496932983398438e+01
6.919434356689453125e+01
9.177710723876953125e+01
9.016689300537109375e+01
8.065685272216796875e+01
7.358387756347656250e+01
7.005551147460937500e+01
7.518970489501953125e+01
6.530915832519531250e+01
5.436977386474609375e+01
5.410448455810546875e+01
6.788504028320312500e+01
8.954724121093750000e+01
8.810760498046875000e+01
8.978664398193359375e+01
9.214602661132812500e+01
8.941168975830078125e+01
7.942611694335937500e+01
8.240309906005859375e+01
8.907180023193359375e+01
9.018849182128906250e+01
6.532837677001953125e+01
5.454661941528320312e+01
6.847223663330078125e+01
5.978937530517578125e+01
5.110281372070312500e+01
5.966862487792968750e+01
9.285784149169921875e+01
9.150888061523437500e+01
9.304499053955078125e+01
9.471768951416015625e+01
9.363135528564453125e+01
8.923927307128906250e+01
9.445211029052734375e+01
9.421324920654296875e+01
9.257230377197265625e+01
9.204999542236328125e+01
9.219426727294921875e+01
9.318309783935546875e+01
9.316024017333984375e+01
9.295175933837890625e+01
9.267758178710937500e+01
9.108757019042968750e+01
5.425354003906250000e+01
2.260538482666015625e+01
4.798313522338867188e+01
5.599705886840820312e+01
5.652005386352539062e+01
5.560506439208984375e+01
3.880292129516601562e+01
3.068723869323730469e+01
4.513861846923828125e+01
7.335900115966796875e+01
7.065682220458984375e+01
7.193457031250000000e+01
5.619449234008789062e+01
6.089791488647460938e+01
8.055872344970703125e+01
8.045511627197265625e+01
8.359896087646484375e+01
8.508285522460937500e+01
7.796198272705078125e+01
8.829802703857421875e+01
8.552667236328125000e+01
8.972194671630859375e+01
8.672787475585937500e+01
8.637222290039062500e+01
8.880999755859375000e+01
9.154317474365234375e+01
9.161022186279296875e+01
9.145744323730468750e+01
8.109923553466796875e+01
8.432667541503906250e+01
9.352948760986328125e+01
9.162231445312500000e+01
9.345568084716796875e+01
9.479694366455078125e+01
9.511220550537109375e+01
9.317362213134765625e+01
9.483393859863281250e+01
9.304810333251953125e+01
9.505045318603515625e+01
9.289212036132812500e+01
9.427843475341796875e+01
9.503157806396484375e+01
9.352036285400390625e+01
9.204568481445312500e+01
9.455159759521484375e+01
9.369709777832031250e+01
9.293670654296875000e+01
9.222808837890625000e+01
9.389438629150390625e+01
8.692449951171875000e+01
7.467421722412109375e+01
8.219404602050781250e+01
8.362487030029296875e+01
8.653743743896484375e+01
5.850973892211914062e+01
3.572313308715820312e+01
3.395506286621093750e+01
2.944982147216796875e+01
9.293981552124023438e+00
3.348484420776367188e+01
3.498007965087890625e+01
2.205749893188476562e+01
5.995115756988525391e+00
1.020069789886474609e+01
5.054030990600585938e+01
7.761654663085937500e+01
7.694879913330078125e+01
8.638755035400390625e+01
7.964049530029296875e+01
7.200135040283203125e+01
7.260655975341796875e+01
