1.204000000000000057e+02
1.215999999999999943e+02
1.296000000000000227e+02
1.290000000000000000e+02
1.275000000000000142e+02
1.410000000000000000e+02
1.586999999999999886e+02
1.353000000000000114e+02
1.117000000000000171e+02
9.680000000000001137e+01
1.069000000000000057e+02
1.211000000000000085e+02
1.158000000000000114e+02
1.296000000000000227e+02
1.280000000000000000e+02
1.310999999999999943e+02
1.329000000000000057e+02
1.519000000000000057e+02
1.570999999999999943e+02
1.665999999999999943e+02
1.306999999999999886e+02
1.117999999999999972e+02
1.019000000000000057e+02
1.173000000000000114e+02
1.239000000000000057e+02
1.296000000000000227e+02
1.376999999999999886e+02
1.333000000000000114e+02
1.402999999999999829e+02
1.409000000000000057e+02
1.677000000000000171e+02
1.642000000000000171e+02
1.288000000000000114e+02
1.110000000000000142e+02
1.065000000000000000e+02
1.069000000000000057e+02
1.120000000000000000e+02
1.326000000000000227e+02
1.263000000000000114e+02
1.399000000000000057e+02
1.405999999999999943e+02
1.449000000000000057e+02
1.380000000000000000e+02
1.648000000000000114e+02
1.077000000000000171e+02
1.079000000000000057e+02
1.090000000000000000e+02
1.246000000000000085e+02
1.396000000000000227e+02
1.242000000000000171e+02
1.409000000000000057e+02
1.460000000000000284e+02
1.500000000000000000e+02
1.315999999999999943e+02
1.455999999999999943e+02
1.689000000000000057e+02
1.315999999999999943e+02
1.221000000000000085e+02
1.226000000000000085e+02
1.207000000000000171e+02
1.284000000000000057e+02
1.281999999999999886e+02
1.321000000000000227e+02
1.478000000000000114e+02
1.505999999999999943e+02
1.495999999999999943e+02
1.631999999999999886e+02
1.690000000000000000e+02
1.361999999999999886e+02
1.102999999999999972e+02
1.223000000000000114e+02
1.265000000000000000e+02
1.236000000000000085e+02
1.240000000000000000e+02
1.323000000000000114e+02
1.374000000000000057e+02
1.470999999999999943e+02
1.418000000000000114e+02
1.659000000000000057e+02
1.519000000000000057e+02
1.338000000000000114e+02
1.352000000000000171e+02
1.165000000000000142e+02
1.119000000000000057e+02
1.288000000000000114e+02
1.251000000000000085e+02
1.303000000000000114e+02
1.409000000000000057e+02
1.445000000000000000e+02
1.436000000000000227e+02
1.449000000000000057e+02
1.331999999999999886e+02
1.155000000000000000e+02
1.209000000000000057e+02
9.620000000000000284e+01
1.167000000000000171e+02
1.099000000000000057e+02
1.288000000000000114e+02
1.331000000000000227e+02
1.520000000000000000e+02
1.570999999999999943e+02
1.539000000000000057e+02
1.703000000000000114e+02
1.764000000000000057e+02
1.436999999999999886e+02
1.208000000000000114e+02
1.191000000000000085e+02
1.183000000000000114e+02
1.177000000000000028e+02
1.164000000000000057e+02
1.194000000000000057e+02
1.284000000000000057e+02
1.346999999999999886e+02
1.205000000000000000e+02
1.661999999999999886e+02
1.399000000000000057e+02
9.500000000000000000e+01
9.270000000000000284e+01
9.780000000000001137e+01
1.080000000000000000e+02
1.085000000000000142e+02
1.174000000000000057e+02
1.230999999999999943e+02
1.272000000000000028e+02
1.375999999999999943e+02
1.582999999999999829e+02
1.591000000000000227e+02
1.380000000000000000e+02
1.230000000000000000e+02
1.195999999999999943e+02
1.244000000000000057e+02
1.366000000000000227e+02
1.304000000000000057e+02
1.291000000000000227e+02
1.340999999999999943e+02
1.242999999999999972e+02
1.284000000000000057e+02
1.200000000000000000e+02
1.293000000000000114e+02
1.455000000000000000e+02
1.226000000000000085e+02
1.092000000000000171e+02
1.090000000000000000e+02
1.204000000000000057e+02
1.223000000000000114e+02
1.138000000000000114e+02
1.208000000000000114e+02
1.335999999999999943e+02
1.326999999999999886e+02
1.533000000000000114e+02
1.527999999999999829e+02
1.495000000000000284e+02
1.163000000000000114e+02
1.269000000000000057e+02
1.183000000000000114e+02
1.161000000000000085e+02
1.257000000000000028e+02
1.232000000000000028e+02
1.161000000000000085e+02
1.280999999999999943e+02
1.294000000000000057e+02
1.307000000000000171e+02
1.503000000000000114e+02
1.106000000000000085e+02
8.940000000000000568e+01
9.410000000000000853e+01
9.959999999999999432e+01
9.830000000000001137e+01
1.091000000000000085e+02
1.183000000000000114e+02
1.107000000000000028e+02
1.235999999999999943e+02
1.257000000000000028e+02
1.158000000000000114e+02
1.109000000000000057e+02
1.070000000000000000e+02
8.550000000000001421e+01
8.450000000000001421e+01
1.067000000000000028e+02
1.119000000000000057e+02
1.300000000000000000e+02
1.325999999999999943e+02
1.219000000000000057e+02
1.193000000000000114e+02
1.256000000000000085e+02
1.223000000000000114e+02
1.429000000000000057e+02
1.558000000000000114e+02
1.500000000000000000e+02
1.325000000000000000e+02
1.233000000000000114e+02
1.304000000000000057e+02
1.202000000000000171e+02
1.250999999999999943e+02
1.137999999999999972e+02
1.376999999999999886e+02
1.509000000000000057e+02
1.169000000000000057e+02
1.301999999999999886e+02
1.266000000000000085e+02
1.198000000000000114e+02
1.098000000000000114e+02
1.057999999999999972e+02
1.135000000000000142e+02
1.140999999999999943e+02
1.266000000000000085e+02
1.213000000000000114e+02
1.258000000000000114e+02
1.304000000000000057e+02
1.361999999999999886e+02
1.394000000000000057e+02
1.351999999999999886e+02
1.278000000000000114e+02
1.207000000000000028e+02
1.128000000000000114e+02
1.115000000000000000e+02
1.144000000000000057e+02
1.189000000000000057e+02
1.179000000000000057e+02
1.155000000000000000e+02
1.303000000000000114e+02
1.393000000000000114e+02
1.316000000000000227e+02
1.196000000000000085e+02
8.550000000000000000e+01
9.629999999999999716e+01
8.959999999999999432e+01
9.270000000000000284e+01
9.750000000000001421e+01
1.182000000000000028e+02
1.048000000000000114e+02
1.185000000000000000e+02
1.308000000000000114e+02
1.205000000000000142e+02
1.193000000000000114e+02
1.006000000000000085e+02
8.720000000000000284e+01
9.910000000000000853e+01
9.450000000000001421e+01
9.579999999999999716e+01
1.075000000000000142e+02
1.186000000000000085e+02
1.153000000000000114e+02
1.208000000000000114e+02
1.182999999999999972e+02
1.211000000000000085e+02
1.424000000000000057e+02
1.056000000000000085e+02
9.570000000000000284e+01
1.010000000000000000e+02
9.540000000000000568e+01
1.089000000000000057e+02
8.590000000000000568e+01
1.106000000000000085e+02
1.034000000000000057e+02
1.195000000000000142e+02
1.165000000000000142e+02
1.248000000000000114e+02
1.248000000000000114e+02
1.275000000000000000e+02
1.018000000000000114e+02
1.021000000000000085e+02
1.014000000000000057e+02
1.023000000000000114e+02
1.072000000000000028e+02
1.040000000000000000e+02
9.920000000000001705e+01
1.036000000000000085e+02
1.085000000000000000e+02
1.322000000000000171e+02
1.209000000000000057e+02
1.252000000000000171e+02
1.055000000000000000e+02
1.016000000000000085e+02
9.840000000000000568e+01
9.420000000000000284e+01
9.160000000000000853e+01
1.045000000000000000e+02
1.095000000000000000e+02
1.132999999999999972e+02
1.160999999999999943e+02
1.152999999999999972e+02
1.229000000000000057e+02
1.347000000000000171e+02
1.116000000000000085e+02
8.759999999999999432e+01
9.650000000000000000e+01
1.009000000000000057e+02
1.004000000000000057e+02
1.032999999999999972e+02
1.220000000000000000e+02
1.145999999999999943e+02
1.158000000000000114e+02
1.035000000000000000e+02
1.059000000000000057e+02
1.103000000000000114e+02
1.109000000000000057e+02
8.950000000000000000e+01
8.110000000000000853e+01
9.570000000000001705e+01
9.180000000000001137e+01
9.270000000000000284e+01
9.520000000000000284e+01
1.235000000000000000e+02
1.361000000000000227e+02
1.116000000000000085e+02
1.066000000000000085e+02
8.360000000000000853e+01
9.390000000000000568e+01
9.700000000000000000e+01
1.177000000000000028e+02
1.051000000000000085e+02
1.257000000000000171e+02
1.030000000000000142e+02
1.062000000000000028e+02
1.342000000000000171e+02
1.119000000000000057e+02
9.109999999999999432e+01
1.207000000000000028e+02
1.379000000000000057e+02
1.220000000000000142e+02
1.128000000000000114e+02
9.040000000000000568e+01
1.165000000000000000e+02
1.070000000000000000e+02
1.249000000000000057e+02
1.112000000000000028e+02
1.187999999999999972e+02
1.368000000000000114e+02
1.275000000000000000e+02
1.238000000000000114e+02
1.295000000000000000e+02
1.257000000000000028e+02
9.040000000000000568e+01
9.690000000000000568e+01
1.022999999999999972e+02
1.018000000000000114e+02
1.167000000000000171e+02
1.207999999999999972e+02
1.212000000000000028e+02
1.047000000000000028e+02
1.159000000000000057e+02
1.175999999999999943e+02
1.169000000000000057e+02
1.306000000000000227e+02
1.229000000000000057e+02
1.070000000000000000e+02
9.470000000000000284e+01
1.065000000000000142e+02
1.157000000000000028e+02
1.229000000000000057e+02
1.189000000000000057e+02
1.197999999999999972e+02
1.509000000000000057e+02
1.542000000000000171e+02
1.505000000000000284e+02
1.390000000000000000e+02
1.298000000000000114e+02
9.560000000000000853e+01
1.145000000000000000e+02
1.075000000000000000e+02
1.291999999999999886e+02
1.122000000000000171e+02
1.336000000000000227e+02
1.340999999999999943e+02
1.200000000000000000e+02
1.390999999999999943e+02
1.103000000000000114e+02
1.017000000000000028e+02
1.123000000000000114e+02
9.270000000000000284e+01
9.450000000000000000e+01
1.129000000000000057e+02
1.373000000000000114e+02
1.105000000000000000e+02
1.400000000000000284e+02
1.409000000000000057e+02
1.088000000000000114e+02
1.205000000000000000e+02
1.083000000000000114e+02
1.045999999999999943e+02
1.002999999999999972e+02
8.840000000000000568e+01
9.460000000000000853e+01
8.860000000000000853e+01
1.079000000000000057e+02
1.222000000000000028e+02
1.355000000000000000e+02
1.448000000000000114e+02
1.122000000000000028e+02
1.227000000000000028e+02
1.009000000000000057e+02
9.510000000000000853e+01
8.510000000000000853e+01
1.020000000000000000e+02
1.049000000000000057e+02
1.074000000000000057e+02
1.339000000000000057e+02
1.085000000000000142e+02
1.243000000000000114e+02
1.351999999999999886e+02
1.069000000000000057e+02
1.043000000000000114e+02
9.710000000000000853e+01
1.046000000000000085e+02
1.281000000000000227e+02
9.690000000000000568e+01
8.390000000000000568e+01
9.470000000000001705e+01
1.013000000000000114e+02
1.072000000000000028e+02
1.127000000000000028e+02
1.136000000000000085e+02
1.191000000000000085e+02
1.294000000000000057e+02
1.127000000000000171e+02
1.084000000000000057e+02
1.124000000000000057e+02
1.057000000000000028e+02
1.095000000000000000e+02
1.203000000000000114e+02
1.253000000000000114e+02
1.263000000000000114e+02
1.256000000000000085e+02
1.294000000000000057e+02
1.217000000000000028e+02
1.261000000000000085e+02
1.107000000000000028e+02
9.650000000000001421e+01
8.079999999999999716e+01
1.089000000000000057e+02
9.370000000000000284e+01
1.239000000000000057e+02
1.145000000000000000e+02
1.147000000000000028e+02
1.451000000000000227e+02
1.296000000000000227e+02
1.342000000000000171e+02
1.158000000000000114e+02
1.040000000000000000e+02
1.050000000000000000e+02
9.900000000000000000e+01
1.007000000000000171e+02
9.540000000000000568e+01
1.140000000000000000e+02
1.212000000000000171e+02
1.183000000000000114e+02
1.002000000000000171e+02
1.025999999999999943e+02
1.137000000000000028e+02
1.182000000000000028e+02
1.107000000000000171e+02
1.056000000000000085e+02
1.125000000000000000e+02
1.042000000000000028e+02
9.650000000000000000e+01
8.800000000000001421e+01
1.021000000000000085e+02
1.005000000000000142e+02
1.039000000000000057e+02
1.336000000000000227e+02
1.244000000000000057e+02
1.101000000000000085e+02
8.250000000000000000e+01
1.077000000000000028e+02
9.679999999999999716e+01
8.650000000000000000e+01
9.830000000000001137e+01
1.062000000000000028e+02
1.186000000000000085e+02
1.187000000000000028e+02
1.290000000000000000e+02
1.364000000000000057e+02
9.920000000000001705e+01
1.238000000000000114e+02
9.600000000000000000e+01
9.720000000000000284e+01
8.530000000000001137e+01
9.900000000000000000e+01
1.025000000000000142e+02
9.340000000000000568e+01
9.590000000000000568e+01
1.084000000000000057e+02
1.050999999999999943e+02
1.433000000000000114e+02
1.261000000000000085e+02
1.415999999999999943e+02
1.135000000000000142e+02
9.970000000000000284e+01
1.030000000000000000e+02
1.099000000000000057e+02
1.103000000000000114e+02
1.167000000000000028e+02
1.054000000000000057e+02
1.187000000000000028e+02
1.058000000000000114e+02
1.158000000000000114e+02
1.169000000000000057e+02
1.160000000000000142e+02
1.231000000000000085e+02
1.057000000000000028e+02
1.033000000000000114e+02
8.390000000000000568e+01
1.065000000000000000e+02
1.145999999999999943e+02
1.115000000000000142e+02
1.356000000000000227e+02
1.140000000000000000e+02
1.364000000000000057e+02
8.880000000000001137e+01
1.132000000000000171e+02
1.115000000000000000e+02
1.088000000000000114e+02
8.880000000000001137e+01
9.509999999999999432e+01
1.022000000000000028e+02
1.169000000000000057e+02
1.070000000000000142e+02
1.275000000000000142e+02
1.206000000000000085e+02
1.227999999999999972e+02
8.260000000000000853e+01
9.359999999999999432e+01
1.153000000000000114e+02
1.084000000000000057e+02
7.809999999999999432e+01
8.790000000000000568e+01
9.009999999999999432e+01
1.055999999999999943e+02
9.620000000000001705e+01
1.160000000000000000e+02
1.132000000000000028e+02
1.186000000000000085e+02
1.215000000000000142e+02
1.386999999999999886e+02
1.256000000000000085e+02
1.025000000000000142e+02
9.000000000000001421e+01
9.540000000000000568e+01
1.013000000000000114e+02
1.242000000000000028e+02
1.060000000000000142e+02
1.224000000000000057e+02
1.156000000000000085e+02
1.174000000000000057e+02
1.208000000000000114e+02
1.277000000000000028e+02
1.160000000000000000e+02
1.000000000000000000e+02
1.071000000000000085e+02
1.019000000000000057e+02
1.054000000000000057e+02
1.130000000000000000e+02
1.223000000000000114e+02
1.154000000000000057e+02
1.181000000000000085e+02
1.174000000000000057e+02
1.219000000000000057e+02
1.214000000000000057e+02
1.146000000000000085e+02
1.174000000000000057e+02
1.022000000000000028e+02
9.860000000000000853e+01
9.640000000000000568e+01
9.159999999999999432e+01
8.970000000000000284e+01
1.235999999999999943e+02
1.268000000000000114e+02
1.132000000000000028e+02
8.850000000000000000e+01
1.187000000000000028e+02
1.045000000000000142e+02
1.054000000000000057e+02
1.027000000000000028e+02
1.001000000000000085e+02
1.026000000000000085e+02
1.144000000000000057e+02
1.187000000000000028e+02
1.329000000000000057e+02
1.261000000000000085e+02
1.535999999999999943e+02
1.428000000000000114e+02
1.188000000000000114e+02
1.011000000000000085e+02
1.073000000000000114e+02
8.790000000000000568e+01
9.540000000000000568e+01
1.117000000000000028e+02
9.910000000000000853e+01
1.195000000000000000e+02
1.107999999999999972e+02
1.067000000000000028e+02
1.227999999999999972e+02
1.421999999999999886e+02
1.249000000000000057e+02
1.008000000000000114e+02
1.115000000000000142e+02
1.125000000000000000e+02
9.890000000000000568e+01
1.064000000000000057e+02
1.047000000000000171e+02
1.005000000000000142e+02
1.209000000000000057e+02
1.084000000000000057e+02
1.275000000000000000e+02
1.022999999999999972e+02
1.109000000000000057e+02
1.235000000000000000e+02
1.158000000000000114e+02
1.019000000000000057e+02
9.660000000000000853e+01
8.960000000000000853e+01
1.115000000000000142e+02
1.030000000000000000e+02
1.178000000000000114e+02
1.011000000000000085e+02
1.065000000000000000e+02
1.003000000000000114e+02
1.128000000000000114e+02
9.670000000000001705e+01
9.680000000000001137e+01
8.400000000000000000e+01
1.007000000000000028e+02
1.033000000000000114e+02
1.201000000000000085e+02
1.178000000000000114e+02
1.215000000000000000e+02
1.120000000000000000e+02
1.139000000000000057e+02
9.070000000000000284e+01
1.135000000000000142e+02
9.940000000000000568e+01
9.800000000000000000e+01
9.740000000000000568e+01
9.100000000000000000e+01
9.720000000000001705e+01
1.006000000000000085e+02
1.143000000000000114e+02
1.104000000000000057e+02
1.067000000000000028e+02
1.027000000000000028e+02
9.270000000000000284e+01
8.309999999999999432e+01
1.059000000000000057e+02
9.720000000000000284e+01
1.016000000000000085e+02
9.390000000000000568e+01
1.068000000000000114e+02
1.075000000000000000e+02
1.037000000000000028e+02
9.670000000000000284e+01
1.254000000000000057e+02
1.267000000000000171e+02
1.219000000000000057e+02
1.209000000000000057e+02
1.199000000000000057e+02
1.014000000000000057e+02
1.024000000000000057e+02
8.870000000000000284e+01
9.590000000000000568e+01
1.057000000000000028e+02
1.052000000000000028e+02
1.088000000000000114e+02
1.194000000000000057e+02
1.204000000000000057e+02
1.119000000000000057e+02
1.025000000000000000e+02
1.065000000000000142e+02
9.860000000000000853e+01
9.129999999999999716e+01
9.420000000000001705e+01
1.040000000000000142e+02
1.183000000000000114e+02
1.336000000000000227e+02
1.264000000000000057e+02
1.193000000000000114e+02
1.040000000000000000e+02
1.196000000000000085e+02
1.097000000000000028e+02
1.122000000000000171e+02
1.082999999999999972e+02
1.117999999999999972e+02
1.044000000000000057e+02
1.002000000000000028e+02
1.054000000000000057e+02
1.139000000000000057e+02
1.054000000000000057e+02
1.224000000000000057e+02
1.232999999999999972e+02
1.104000000000000057e+02
9.509999999999999432e+01
1.006000000000000085e+02
9.690000000000000568e+01
9.020000000000000284e+01
9.330000000000001137e+01
1.016000000000000085e+02
1.045000000000000000e+02
9.230000000000001137e+01
1.094000000000000057e+02
1.178000000000000114e+02
1.411999999999999886e+02
1.362000000000000171e+02
1.200000000000000000e+02
1.009000000000000057e+02
1.056000000000000085e+02
7.930000000000001137e+01
8.550000000000000000e+01
9.709999999999999432e+01
