1.746355208214034060e-01
1.947547653861905759e-02
-8.905822819228409459e-02
-1.949656297125466620e-01
-3.129140964177783424e-01
-2.283386031795523186e-01
-2.357119840593008830e-01
-2.684420318379108217e-01
-2.250342255602744979e-01
-1.693960756089110675e-01
-3.255277041260554727e-01
-1.128581783925295956e-01
8.026394311873810694e-03
9.464070361756049543e-02
2.085634176561693143e-01
3.329852366885867054e-01
2.069696784790172328e-01
2.945154179336386679e-01
3.189812416104172432e-01
2.347254869268764199e-01
3.580289369833555280e-01
-7.535316755668081123e-02
-2.683538093723956131e-01
-3.640364808191376422e-01
-2.503681294531637791e-01
-4.908536980700318741e-01
-1.853971247661684307e-01
-4.372261991027381889e-02
1.653875299366869278e-02
-8.659522408953870820e-02
1.592187744674210814e-01
2.499171637579061800e-01
2.922895339049158547e-01
1.634135674209169498e-03
-2.680131123764708384e-02
-1.470947323992660150e-01
-1.438859696011937361e-01
-2.589546950038247863e-01
-1.325688525403506124e-01
-1.859348084802173173e-01
-1.405906932793082043e-01
-2.412028935120854034e-01
-1.645850589797668573e-01
2.366706565978013432e-02
1.127795631963821044e-01
-3.981228989707313870e-02
-8.827092424274349258e-02
-1.423499730470070834e-01
-3.656936559658363617e-01
-3.323353952945402590e-01
-1.864929355769567865e-01
-3.383741654490413087e-02
6.322774234191494425e-02
7.702255155567876155e-02
5.724086234054761441e-03
-2.409130796176210121e-01
-1.649033452228653440e-01
-1.150896772395960665e-01
-5.908781374849002982e-02
-4.997223671005542739e-02
1.837286040820227673e-01
1.411734269743844250e-01
1.482227722313954610e-01
2.910260003964545428e-01
3.754718188308780458e-01
4.398796326393518696e-01
6.180834012349700757e-01
5.742866218468922757e-01
4.296300865016756121e-01
4.433018125227450312e-01
2.163424810646485952e-01
-3.375779876046328121e-03
5.835016591309152845e-03
-1.079543531669510253e-01
-2.015978115278948546e-01
-3.059331162350763522e-01
-3.243998740873356157e-01
-4.861990324848760592e-01
-3.507882365248514156e-01
-2.567519001709398507e-01
-2.651401269439027653e-01
-2.864386735400932249e-01
-7.771076133188301038e-02
-2.575084192038451514e-01
-4.567460990064081683e-01
-1.734222386519901626e-01
-1.288251261534694714e-01
-3.165438797554269712e-01
-1.803673514218287199e-01
-2.283131423205290306e-02
2.718861126386974691e-02
2.232868434189969054e-01
1.828856702631116438e-01
1.441281903437861001e-01
1.656610005680257958e-01
1.600043474381981357e-01
8.952075290243968059e-03
3.188823111729157112e-01
2.832863881176576060e-01
2.406644142146510124e-01
2.103886598864493362e-01
1.036815678012788650e-01
-3.130304336564744827e-01
-3.242109498238615606e-01
-1.658361803973258386e-01
-2.425540062105259742e-01
-1.214978163165672670e-01
1.088870948807245803e-01
1.953036473250734650e-01
1.498856359876704347e-01
3.066918332114466628e-01
3.411677073108103087e-01
4.369171387076971613e-01
5.344328373539108945e-01
4.917493615666685969e-01
2.354591718988021665e-01
1.970977713731889291e-01
1.482038291938148622e-01
3.500151070403653697e-02
-2.534731029105526945e-01
-5.769217144389074403e-02
-5.332638201571158337e-02
1.098451046764939432e-01
1.598510052903164280e-01
4.017598726577783497e-01
1.020261754501903539e-01
8.035389082070183708e-02
-3.732175204105394606e-01
-4.060244931772304944e-01
-3.833370309672475273e-01
-3.838115354777733579e-01
-6.196453746641135130e-01
-4.559174062425287999e-01
-4.575788441695493036e-01
-7.130499644080990906e-01
-3.794469397828033053e-01
7.916054877178113625e-03
3.846088830082252524e-02
1.278684340817675125e-01
4.095293919670934257e-01
2.509055517585979667e-01
2.423184833282587824e-01
2.990392935503880523e-01
3.106821315249714277e-01
2.508050547411090347e-01
3.109264111589138957e-01
3.245885469677389779e-01
3.264939495499756816e-01
1.291682067548362012e-01
2.345130642036040713e-01
3.354909116410950687e-01
9.770231713627236525e-02
1.269233794242852209e-01
1.055119001849281757e-01
-2.144976630815973173e-01
-3.157530048534257228e-01
-1.625991466959250398e-01
-2.797044156073061894e-01
-6.549975470862161309e-02
1.743812876204408058e-01
2.473566412682559057e-01
7.441768379407552592e-02
-1.411428678068026299e-01
-2.937478569822138952e-01
-4.803725610276280422e-01
-4.904338925656134829e-01
-2.996062177601106491e-01
1.503354427623612710e-01
4.590756461525975496e-01
3.810328519617725562e-01
1.700591790778780699e-01
-3.440763231150442691e-02
-3.036639458621839815e-01
-6.811250887881536986e-01
-5.490148596311478224e-01
-4.152382581111950244e-01
-2.889648683714660660e-01
-2.327465732777158625e-01
-2.851419365572746001e-01
-5.537408091684209444e-03
-1.100231394527812073e-01
-2.328725615105203817e-01
-1.745396675380101181e-01
2.112130285700166421e-01
1.038552389265243459e-01
1.620490324339389776e-01
2.006870917672779475e-01
1.580790290452676883e-01
-6.537866418732046769e-02
-2.755919471657015118e-01
-2.149211313577868987e-01
-1.796531599209171270e-01
-1.225053463704822709e-01
2.736222487898547218e-02
2.865923981099487428e-01
2.553067794287301462e-01
2.771717653025473904e-01
2.717932703653501147e-01
1.892605799211485307e-01
-7.042239339794406638e-03
-5.746058404726599872e-02
-1.059723727522965397e-01
-1.370823842887880228e-01
-1.872661820526181076e-01
-1.830884519635863072e-01
-4.058514516006868633e-01
-3.461583362129536656e-01
-4.165788491852126518e-01
-6.000343601939055471e-01
-5.216642714666818170e-01
-3.936995463802704931e-01
-3.171795756264196853e-01
-2.936463455322265714e-01
-1.098211377370152397e-01
-1.952063723833868114e-01
7.350318006232722801e-02
9.213314967781270626e-02
1.473266094090223133e-01
3.516350824139952147e-01
4.466474904235557819e-01
2.499318512080406229e-01
1.288514847463419766e-01
1.990854260933623554e-01
1.107664251034457953e-01
1.593650899871707632e-02
1.327681648477751220e-01
2.527334627032614134e-01
3.451790918964184329e-02
-5.453618069868590434e-02
3.958032397796817231e-02
1.014861704832831779e-01
-6.992272867378985374e-03
2.047324069054231033e-01
2.215323419140536321e-01
1.911866728211359390e-01
1.388706146950589027e-01
2.573154153537441369e-01
1.908340368278690358e-01
1.557055399465328283e-01
3.916886691204106707e-01
3.972938624520797601e-01
2.253200742522202260e-01
1.408556547156082361e-01
1.669980609701888496e-01
-1.154037870624162604e-01
-1.576941106913658797e-01
-1.306107021023260040e-01
-1.942904271225631696e-01
-1.746698179151800201e-01
-2.019173083117434819e-01
-2.036581658783300497e-01
-1.500352089363578278e-01
-4.594210625979052928e-03
1.121362931150626518e-01
2.562286390749423104e-01
3.985735490798053560e-01
3.447335210679761675e-01
1.911636127981572730e-01
-1.310365281863519749e-01
-9.524044534137771079e-02
-3.041951858198372882e-01
-2.990288638677418565e-01
-2.303181066465673776e-01
-1.688483373219335781e-01
-1.955507999759537041e-01
-1.489275735470944051e-01
-1.133356205212870949e-01
2.847103396461661551e-02
1.355810689890878940e-01
8.099994521390786739e-02
1.293828976651874296e-02
4.911978699680465479e-03
4.568539326872597672e-02
8.206330778001376391e-03
-1.166313313431124876e-02
2.042953120040369996e-01
1.882973079460176502e-01
2.265461828397109245e-01
3.052248068855949459e-01
2.131366971574945035e-01
1.221040030518871500e-01
1.936002826062616367e-01
1.330628803679481109e-01
1.555288573815852837e-01
1.393457378080720788e-01
6.571953997963544958e-02
8.635461149469694786e-02
4.496426933079381016e-02
1.234763351581515400e-01
2.823781277294900027e-01
3.669080145043489560e-01
2.644332785109862471e-01
2.842986124119453173e-01
7.551695252401641190e-02
-6.297497745882013609e-02
-1.842334641081561086e-01
-1.975270088297627347e-01
-3.054328146050409587e-01
-2.972777102544785777e-01
-3.359114157855954130e-01
-3.334766348378827017e-01
-2.760897931884855883e-01
-1.988741119022526260e-01
-1.751032225537854925e-01
-9.729678804740210518e-02
2.317389798047747237e-02
7.166153954145970673e-02
-1.403112825947307879e-02
-1.302490113715032705e-01
-1.316085566744254198e-01
-2.277163123320580795e-01
-3.243203396599627641e-01
-1.733515387424573451e-01
-4.967624525650112671e-02
9.147666388226213807e-02
1.318889946421937798e-01
3.064520504256259548e-01
1.310017236749320690e-01
2.052188014892635526e-01
5.826452587588370341e-02
-2.117380901064999654e-02
-1.333369328995056835e-01
-1.116770882690166777e-01
-2.356551429555768795e-01
-2.012238007480267044e-01
-2.441374539667837962e-01
-2.639214628533221307e-01
-1.094723091014835475e-01
-1.951713518126925451e-02
-4.349600381338199900e-02
-3.568047272915028656e-02
6.568319981513928707e-02
1.979421646538323531e-02
-3.991041757350030639e-03
2.649060671789892421e-02
2.791152257391810720e-01
1.712280442202396835e-01
1.813036017979666459e-01
2.218323166200049101e-01
1.165775689692510886e-02
-1.392405597977052767e-01
-4.328494819152221840e-02
-7.260956234167195711e-02
-1.733210762856625120e-01
3.715184031742983090e-02
3.922469505837873627e-02
