-7.291445308565519648e-06
-3.047630139960376552e-06
1.366278473233721903e-07
4.680668707686349122e-06
5.415861285525900900e-06
4.965151728157213268e-06
5.159519158056639972e-06
6.315809213163599349e-06
1.057517808115076381e-05
8.991621193301220722e-06
8.578406342525121705e-06
3.776057638512351602e-06
2.847081450090179436e-06
-2.273303744142212527e-06
-2.997978895482548024e-06
-3.701866119145585586e-06
2.250858900344418320e-06
4.341292632115481723e-06
3.968017829779439021e-06
3.524987941616614055e-06
6.027451754614849782e-06
6.381489959613254726e-06
1.125170481943319891e-05
1.403019617513145373e-05
1.280751007571563442e-05
1.347623541790546369e-05
9.848180888441538923e-06
3.563423889786494861e-07
-3.174989097385753876e-06
-5.173822328852716555e-07
-3.619178674899817864e-06
-6.496008367856736244e-06
-3.911501325076880298e-06
-2.439390598539538686e-07
5.742685829915486164e-06
4.302093611490781558e-06
5.029475018235551063e-06
5.704549534615941694e-06
5.229822233653920409e-06
4.542930556724121308e-06
5.847908670244677172e-06
5.869659483736877566e-06
6.159020797830113229e-06
4.739938773156777402e-06
2.404304214452974416e-06
3.096509445622478773e-06
3.598839667722631508e-06
1.323201905398176548e-06
1.208816708881012750e-06
1.924524616506027111e-06
6.561573311292952120e-07
2.265475816779117949e-06
5.443601528565739550e-06
6.646758155440827683e-06
6.223917567138110963e-06
8.245616535816093200e-06
8.209169403087720611e-06
1.983018848523119589e-06
-7.677784964301716186e-07
-7.943545954992343875e-06
-9.211695851978870790e-06
-9.599261596183106252e-06
-7.504732182499402548e-06
-2.915611727406067130e-07
1.023480434890301328e-05
8.898668039841415241e-06
8.155116083816681285e-06
1.158622005596621020e-05
4.065973148354210666e-06
-3.802857099172049291e-06
-3.749506755778891579e-06
-3.431944185530944179e-06
-7.257097904204214099e-06
-5.462274016321338007e-06
-3.108100320157731763e-06
7.939044245759990165e-07
1.583493346028926349e-06
4.525486750314262481e-06
1.818922490861490652e-06
6.305507181261093378e-07
-6.544380158725657989e-06
-4.574223599787622823e-06
-6.886168057726629635e-06
1.107422694677345280e-07
2.270512353726345926e-06
2.748890347504346162e-06
-2.792300037476349689e-06
-9.214745535748113852e-07
-1.207741686982214614e-05
-1.496878552698690684e-05
-1.436191131416378213e-05
-1.463541536206859031e-05
-1.767958005448596817e-05
-8.478059318917639288e-06
-7.045465850956572232e-06
-2.268888277873930194e-06
-6.873156985514745131e-08
1.937868996354265057e-06
2.436190858611382606e-06
3.382026589365691835e-06
1.076829581116579530e-06
4.931847985501110459e-06
7.661444713732317498e-06
-1.166833672400893659e-07
-1.277174338178143847e-06
-5.330478987025303569e-06
-7.880438149999721830e-06
-1.294430779925647047e-05
-8.442239910465445843e-06
-6.681888174071502300e-06
-5.245793349970998909e-06
-4.961987544432992035e-06
-1.719705820602701174e-06
-3.563497146736618262e-06
-4.823888231668168250e-07
2.298372795754024052e-06
3.090781193096239863e-06
1.905608759291430288e-06
3.317496210488958679e-07
-3.451321342760762656e-06
-5.398080108826648552e-06
-7.030373079477389383e-06
-1.176279599890810439e-05
-8.345989953294447803e-06
-9.336590765756733263e-06
-6.070320621012472858e-06
-7.248832808959472714e-06
-1.028576753999240788e-06
-3.801363705290716200e-06
-9.301750591957694045e-06
-1.408840813303281346e-05
-1.403073258893918106e-05
-1.892884472899297797e-05
-1.376006738753640155e-05
-9.680955417475920383e-06
-7.858664318561394996e-06
-4.264085705389859295e-06
-1.368440496524723612e-06
-4.479665842239543500e-06
-4.443343004006201996e-06
3.571425842353044342e-06
8.619434550019557334e-07
1.870004281138090571e-06
2.414051975838807687e-06
6.548959482643820089e-06
-4.539505120616307157e-07
-2.524280639788059216e-08
1.300498521454243348e-06
-1.010655419074295461e-06
-5.574939588285559170e-06
-7.959155461589500276e-06
-9.079775063834905703e-06
-1.206277463975189924e-05
-7.658605774007270735e-06
-4.085505379571632281e-06
-3.007090826405559317e-06
-1.558287301942989885e-06
9.434352621296082712e-08
-1.472685178956407472e-06
-2.732735779063751073e-06
-3.670963247244009509e-07
-8.899028831041216545e-07
1.046983639573592224e-07
1.320839421335186480e-06
-4.198142803254546140e-06
-7.637385703033349642e-06
-4.173354512396437559e-06
-1.794103429903903960e-06
-6.361149204200717313e-06
3.121249545743378472e-06
6.612275775588826064e-06
4.355063142410962120e-06
1.706845943260840634e-06
8.750601122596216499e-06
6.487460620823777675e-06
5.695618637779263425e-06
4.687924817760308807e-06
7.551670832838930353e-06
1.882274803714144422e-06
-1.738845453565343888e-06
-4.639169861208454625e-07
8.749961851879726169e-07
5.363573809195995752e-07
1.901561821598875617e-06
6.835487671707152961e-06
8.563059131731408179e-06
6.301936542839170323e-06
4.120994108375043561e-06
6.999334984012607142e-06
5.602998037944600076e-06
2.943484688503790424e-06
6.417028739203574093e-06
5.201243279211057147e-06
4.418401064000022407e-06
4.030280019153573662e-06
5.247335850826218763e-06
-2.224181718326945176e-06
-2.436003069733395924e-06
-9.285730173462092009e-06
-1.209144069320470001e-05
-1.346797044339884250e-05
-9.030126831347473854e-06
-1.023252040968822580e-05
-6.567711565464144566e-06
-7.169889041080768096e-06
-7.705235221026055696e-06
-4.755077449275024237e-06
-6.461306443760434893e-07
4.804137162967204270e-06
7.996855024773516361e-06
7.587756876349991752e-06
8.212473564621533258e-06
3.855956772041715006e-06
-5.754092640567323270e-07
1.897641179481328622e-06
4.234710765919154694e-06
1.882090095576860686e-06
6.371969444522647972e-06
8.910639957756791611e-06
4.316200839633377823e-06
3.577763756613082549e-06
2.251018574674969174e-06
-2.304778344434780897e-06
-4.763771470308957894e-06
-7.140091154665186340e-07
-3.040796850691527412e-06
-6.157488338238281130e-06
-2.766084502750927295e-06
-6.593762811967288084e-06
-1.022613219015266869e-05
-7.744634489487367085e-06
-8.150240987844352978e-06
-8.842773957175645554e-06
-2.368407869202756516e-06
-9.233708315114341386e-07
9.872857969834967231e-08
3.302631687291302048e-06
1.866993790980106272e-06
-4.613037445079044178e-06
-6.351120083194046950e-06
-1.108636390343940881e-05
-8.912820680161810482e-06
-5.595646471186682633e-06
4.420635189357428987e-07
-7.052024452378069519e-07
3.983266406174365066e-06
2.775072558889783224e-06
6.290317198807363498e-06
6.447287408641652171e-06
9.517397008754544443e-06
6.823516276036697003e-06
9.934830140337142627e-06
3.372821864445938105e-06
-1.267539871976512563e-06
1.256048552861465399e-06
2.231568069550513447e-06
2.876191829357548693e-06
3.501408606746173489e-06
6.323564500652787413e-06
5.456143404565348387e-06
3.205242265789699124e-06
2.654731887470786330e-06
6.655423343015392625e-06
1.014518401434308022e-05
4.043347236891159695e-06
9.975505630663852673e-06
9.251105707559401613e-06
9.780939023534840766e-06
1.079943061745187248e-05
2.013986255386804029e-05
1.904507778066859896e-05
1.745887801979146656e-05
1.021196426064009620e-05
1.193247525296641643e-05
3.641097231891198066e-06
-3.626675016011498413e-06
-4.416904634976593082e-06
-3.287609376851643138e-06
-9.857403634411769931e-06
-4.138968408464957831e-06
1.477050435692817997e-06
-1.588134055313737258e-07
1.444974248782896147e-06
2.865670126456871564e-06
2.009954327682965043e-06
-2.718657917802618385e-06
-3.776964675894164486e-07
7.195529731306331724e-07
-2.786079740431661629e-06
-6.892125447630771172e-06
-1.840210136307021811e-06
-2.475127479315892543e-06
-3.465097200543230690e-06
1.249974552972575417e-06
3.881521042729102998e-06
1.370054966178625197e-06
1.773889039049218351e-06
2.823106770094823553e-06
2.462812130738401514e-06
4.312617569889086972e-06
6.907397241879089521e-06
7.908445254497056300e-06
6.146097223394368478e-06
2.214399605161084570e-06
-8.133913721723621590e-07
-1.722193612375142546e-06
-2.736725843198716713e-06
-3.612445147606970155e-06
-1.946036789222260624e-06
-3.770365277731786570e-06
-5.391288599217392055e-06
-3.216070021811443159e-06
1.350558861781658086e-06
1.969778305905044268e-06
6.095787337252865018e-06
1.110281455974637134e-05
7.429053718551133616e-06
7.388013697367140776e-06
9.026489684466960955e-06
9.837942846859301440e-06
6.650743411663234151e-06
9.555554928491329528e-06
1.201703827791353364e-05
1.295885761060648649e-05
5.910985490827411764e-06
4.671173961254417510e-06
5.916172510321049855e-06
-1.805911510880753727e-06
-3.702373909611229163e-06
7.728057189346283577e-07
2.057502858632850699e-06
-2.331529286335589978e-06
-4.147543048654844539e-06
-8.024696347920712950e-06
-6.042902680748095867e-06
-5.178512929443593958e-06
-8.078849343612684768e-06
-7.809482310690009062e-06
-6.950488181946799871e-06
-8.391275003572055223e-06
-1.196206192520791191e-05
-1.010207008802415583e-05
-4.312877775827626774e-06
-8.019584540827141736e-06
-1.138845485955161511e-05
-8.531454957686136870e-06
