-3.380700099603968504e-06
-1.050980548248932112e-06
-5.318821382794033951e-07
1.485365332861153648e-06
1.070527297641074960e-06
1.359668037110542536e-06
-3.133959557878955734e-07
8.856218831493978845e-07
1.944515021629858718e-06
1.721014299061488035e-06
1.789760800774029822e-07
-7.472115126164336909e-07
-2.145622844560864254e-06
-3.071684958506245360e-06
-3.007237513007397356e-06
-3.662851367560905206e-06
-1.714631034389484371e-06
5.439518821553222792e-07
7.955005570332065024e-07
5.797620396663036279e-07
3.129044305357121497e-06
2.675835333683612785e-06
4.994680087600579486e-06
3.912600138399437762e-06
3.549837210542957403e-06
2.660283438526332747e-06
2.305449587201103805e-06
-2.769435588271976388e-06
-1.569623953832693886e-06
-1.027535238319889231e-06
-3.235100004264095309e-06
-4.652784684947721952e-06
-3.651903429484184125e-06
-4.097250359894600369e-06
-1.384101859634276144e-06
-1.280113316630044551e-06
-1.337426466766977505e-06
-2.660021170420451354e-06
-2.506020648463408507e-06
-1.452286249083024094e-06
1.260721074116433209e-06
2.452531112311218131e-06
6.094463998333874875e-06
6.434025084898945562e-06
4.847302419302864824e-06
3.490030181542221940e-06
4.316282535685872580e-06
1.677920369352523408e-06
1.659909732631723657e-06
1.213946603857103005e-06
1.171133490763837622e-06
1.733285089757687493e-06
2.737353553827756815e-06
4.168033940085997170e-06
4.725406418833091515e-06
4.746367352054684592e-06
4.093209399436844478e-06
1.775488508560881514e-06
-1.241391977768199060e-06
-5.948975840504706859e-06
-4.432477998387693267e-06
-5.216191863157882653e-06
-3.433405079516792087e-06
1.708259800879967799e-06
7.111006928673576601e-06
5.642938990496954217e-06
6.259679051214567738e-06
7.811677253767327638e-06
3.764696349024839584e-06
1.360960747321266668e-06
7.871808418039764811e-07
-8.260755118425976887e-08
-1.679137612977844063e-06
-2.633783479046446189e-06
-2.193895203114380299e-06
-1.208482817136773779e-06
-5.245242493306992342e-08
-2.804727741629759950e-07
-6.040508944293874968e-07
-2.358464510618473030e-08
-2.477019097908183103e-06
-3.269776015682503935e-06
-3.191322619590671057e-06
5.810200508999514565e-07
2.529513617815028908e-07
-1.932937474876895879e-07
-2.481951986769493663e-06
-1.597790931412470322e-06
-6.861018831491271755e-06
-8.275154850535222648e-06
-6.826843899740302256e-06
-3.975185549137130885e-06
-5.724485231618500383e-06
-1.102069806564056556e-06
4.555571424279015035e-07
2.560419337668465515e-06
2.115243578888070836e-06
3.281053552260093202e-06
3.195885179555014415e-06
2.366295389042444618e-06
-5.077762705451264036e-07
9.539824227249527035e-07
1.433347132360062039e-06
-2.977633129496972319e-06
-2.283806486616502421e-06
-2.475419285277323266e-06
-4.372178894886715730e-06
-6.797565570477550589e-06
-4.562796656079929742e-06
-4.704882805953801276e-06
-4.843713732071737912e-06
-4.003119553576488018e-06
-1.547827869446624812e-06
-2.680602415651835668e-06
1.099395254409315914e-07
1.975415397462151785e-06
2.844542970946848852e-06
1.479082675244152902e-06
3.677449892033835442e-07
-1.910840696122919529e-06
-2.944017022576007198e-06
-3.292892824274822878e-06
-4.970921196201068194e-06
-2.456640663718395036e-06
-2.998690613338907114e-06
-2.449279598085073762e-06
-4.555322275444589645e-06
-3.882247886920922311e-06
-5.687290088302623904e-06
-6.983259065210990581e-06
-8.525931243186622444e-06
-7.947685452705732928e-06
-8.580436242926613397e-06
-6.023225052135409249e-06
-6.326476213375617941e-06
-5.044275224982470175e-06
-3.045561967618184872e-06
-7.820268360806844734e-07
-2.164037510783833980e-06
-1.183414500431571809e-06
2.308017153988077524e-06
6.386969741805323176e-07
1.078238580367249011e-06
1.848534302155937162e-06
3.890685783107468645e-06
-7.813943514279904933e-07
-2.380429591289803204e-07
-9.458784900566638823e-07
-3.106619269105463599e-06
-5.371536510067211040e-06
-5.336117063949798578e-06
-5.037570457987244575e-06
-4.280580409942776172e-06
-1.052929273236748993e-06
-6.121357688777893241e-07
4.731253279241904934e-07
1.659115598190975188e-06
1.748244871836818449e-06
8.257072837765750966e-07
8.848702234206512491e-07
1.725054239601846479e-06
-2.862435898178948518e-07
-7.529101058176273982e-07
-6.996901468970297957e-07
-2.674748762921015824e-06
-4.576942849180375738e-06
-2.953834589197333687e-06
-1.564211397614854163e-06
-3.115735994389305236e-06
4.649499871625662129e-07
3.338985690750156624e-06
2.440735626436292740e-06
5.314056058848151799e-07
3.775776446352766165e-06
3.729163278121723930e-06
4.214848730523543678e-06
4.952117030975481823e-06
7.192218941951584270e-06
4.766027199169982432e-06
2.581634158134501644e-06
2.408081504659527067e-06
2.718716590148162315e-06
9.627457083621560405e-07
1.340908677284298747e-06
5.346252686242294259e-06
6.322173579465039072e-06
5.047834673687983951e-06
4.768431353098618850e-06
5.489157141480480456e-06
2.724768335286783077e-06
1.566273430283178477e-06
3.044431295560915108e-06
4.610859852423562877e-06
5.010640778385130049e-06
6.053605614480845549e-06
5.933112680237945361e-06
1.904197042684074801e-06
-8.173059398612481091e-07
-4.264988556136054058e-06
-6.612890452208943886e-06
-1.010479533855465077e-05
-7.686306377357734356e-06
-6.589679061334640640e-06
-3.488660886065053762e-06
-4.955655727799200849e-06
-2.841632437130495869e-06
-6.988709346519604229e-07
-4.042188350018526844e-07
1.212560997233894930e-06
5.830608329014981217e-06
5.846637123494571680e-06
5.113398574110438006e-06
4.466924732680284233e-06
2.112303623469664730e-06
1.310760514639891600e-06
2.621735526506656297e-06
2.828889986791917808e-06
4.216901992457812673e-06
5.336346025396106947e-06
4.709946952489562663e-06
3.650735889410258398e-06
8.296998070256654287e-07
-1.761523248062664176e-06
-3.246595196904639140e-06
-2.760070446318344411e-06
-3.948728397876307654e-06
-4.091842117140870620e-06
-3.352805069252098999e-06
-3.919506954460207338e-06
-5.496542755557661080e-06
-4.092368528623197884e-06
-5.355043400287619638e-06
-4.340189871712397660e-06
-1.925040301035933432e-06
-1.123210741927303717e-06
2.776673082998097466e-07
2.854123391017764143e-06
3.131959454078427971e-06
-3.306677320371838074e-07
-7.631332935406670718e-07
-3.472436084808882603e-06
-2.601590916488501138e-06
-1.914582196548841411e-06
4.917312741890469929e-07
-2.935285484451343780e-07
1.776578325153775552e-06
1.563143129463789054e-06
5.333090599610838777e-06
6.440931466503480654e-06
7.604685025211686666e-06
6.443267983520189409e-06
6.985930694246195272e-06
2.989753013689190758e-06
4.024385586576461800e-07
1.987507802506208656e-06
3.359402655074577831e-06
3.352543053839217254e-06
1.624901376818724696e-06
3.028387078693906347e-06
2.121418603626576914e-06
-8.037018163987503421e-07
-5.416863213724165348e-07
2.289706300679476548e-06
5.496150885496870823e-06
2.214559241447063776e-06
4.372942218262789146e-06
4.677178697287172117e-06
4.069355661426938852e-06
3.237783922476381135e-06
7.465812073244332388e-06
7.381578237995900170e-06
5.108639821908061694e-06
3.098733278857126073e-06
5.107667273236533531e-06
1.028133680015501700e-06
-2.244548218857575185e-06
-1.950087597440210625e-06
-2.368990682524715284e-08
-5.831094502620508938e-06
-1.741955896919603876e-06
4.142603891750381806e-07
3.438030668557811029e-07
9.074181287557126253e-07
3.149648579800915838e-06
3.980152394715246821e-06
1.608934533981957435e-06
2.304689143506656821e-06
4.300524848941029657e-07
-3.519728273750037525e-07
-5.374297360401863030e-06
-2.532047877487316259e-06
-2.709541929072508572e-06
-2.527127809313553695e-06
-9.664276374165108329e-07
1.202196582364057296e-06
6.621746287870887026e-07
1.920713804572880338e-06
2.226137958749899873e-06
1.525177361750846809e-06
3.194482275767422698e-06
3.844027045721699724e-06
2.727438353099842345e-06
2.090405493701850493e-06
2.226601919961955697e-07
-2.853875928667519383e-06
-3.204392561532044041e-06
-3.383473084344783139e-06
-4.899479555427261957e-06
-4.596154778384199110e-06
-3.954816465926466566e-06
-3.157213556716014812e-06
-2.653021889285713046e-06
5.749077213777191450e-07
1.473114312659055543e-06
4.880007986616605926e-06
6.491396456973430666e-06
6.161720892788911870e-06
5.095821310259525806e-06
5.388254807347948222e-06
4.372092926708106834e-06
3.668194929985305583e-06
4.547436663602180690e-06
5.949844689597159910e-06
6.632314599000794651e-06
3.019518202840594032e-06
1.240085309422151016e-06
1.245026459716736508e-06
-1.173785484132576704e-06
-2.489207402506596204e-06
-3.193030838504542925e-07
-6.505910374973967593e-07
-2.455102495248554042e-06
-3.961183343823303010e-06
-4.794205838773823026e-06
-4.613833340960001740e-06
-3.029860696999551113e-06
-4.275630061880981896e-06
-3.595223527266746145e-06
-4.048411415843794393e-06
-3.603295985535340095e-06
-6.130604136101832822e-06
-4.577859603422017154e-06
-1.670236439223611675e-06
-2.165922237693790258e-06
-2.969675252381497428e-06
-5.167997475930534044e-07
