5.936203889548778978e-01
6.455171895523865722e-01
6.799953910211722352e-01
6.639520955582459694e-01
6.566199931005636259e-01
6.605703266958395936e-01
6.696601671477159234e-01
6.959894709289073944e-01
7.007526777684689456e-01
7.005740664899349213e-01
7.247555655737717428e-01
6.904727421700953549e-01
6.718802832067012343e-01
6.843885165949662452e-01
6.857277688880761835e-01
6.641588958601156722e-01
6.595043363670507475e-01
6.202003272871177142e-01
6.684915217260519738e-01
6.825499547024567182e-01
6.673998370766639487e-01
6.315337275465329192e-01
5.848314498861630906e-01
5.783615266283352874e-01
5.541329140464463787e-01
5.077278479933737820e-01
5.076726630330086198e-01
4.749768987298012002e-01
4.520055368542671426e-01
4.557620162765185223e-01
4.850147659579912562e-01
5.092886800567308914e-01
5.364966010053953127e-01
5.997914478182793108e-01
6.092417125900586594e-01
6.605153396725654824e-01
6.442775721351305940e-01
6.527208760380744934e-01
6.997381384174028440e-01
7.097684616843860095e-01
7.057532206177712375e-01
6.724046419064204638e-01
6.581474751234054343e-01
6.100964436928431045e-01
6.001016189654667654e-01
6.320185432831446626e-01
5.534091442823410034e-01
5.615991443395614846e-01
5.504259794950485674e-01
5.239233464002608365e-01
5.116127739350000425e-01
4.783764690160751121e-01
5.177221904198329172e-01
5.068822950124740601e-01
5.232939809560775979e-01
5.292803943157196045e-01
5.138627357780932714e-01
4.948759379486242782e-01
4.866386952499548446e-01
5.200068357090155136e-01
5.136591148873169699e-01
5.000130069752533046e-01
4.780954418083031010e-01
4.765612728893756089e-01
4.607865191996096677e-01
4.324178375303745492e-01
4.612620986998081651e-01
4.787322210768858999e-01
4.891375777622063992e-01
5.094334277013937706e-01
5.021583490073679990e-01
5.281670566648244414e-01
5.412487403800090302e-01
5.213377968718607702e-01
5.577497856070597892e-01
6.138452496379613876e-01
6.475877728313207404e-01
6.507332122574249755e-01
6.059078540652990119e-01
5.559485789388418642e-01
5.282852683216333611e-01
5.547503340989351495e-01
5.657532323151827081e-01
5.655444292972484632e-01
5.521075237542389935e-01
5.898568748186031607e-01
5.889635651061932986e-01
6.374086945007244598e-01
6.433308461060127659e-01
5.988216220090787356e-01
6.219694533695777627e-01
5.980890481422345140e-01
5.541233478734890472e-01
5.239431528995434073e-01
5.181260216981171673e-01
5.031164423873026870e-01
5.329444285482167754e-01
5.205802774677674716e-01
4.760035553326209534e-01
4.761979678024848561e-01
4.629469629377127027e-01
4.634237310538689147e-01
4.556975087771812927e-01
4.730327398826678076e-01
5.036380232622226227e-01
4.876569490879774094e-01
4.996750455349683318e-01
4.818848124394813914e-01
5.099055361002683417e-01
5.626884690175453230e-01
5.563807657609383117e-01
5.414672490209341271e-01
4.976025001456340635e-01
4.994673486799001694e-01
4.697173571834961647e-01
4.917418029159307813e-01
5.281985885153214211e-01
5.204829013595978493e-01
5.644116199264923583e-01
5.974277969449758308e-01
6.242219076802333344e-01
6.098233601699273310e-01
6.369844313710928407e-01
6.129519021759430863e-01
6.226659304151932472e-01
6.108556872854630226e-01
5.641601320356131044e-01
5.256360606600840590e-01
5.139339502900839296e-01
4.967911900331576369e-01
4.737439693262179841e-01
4.390986161927382669e-01
4.221550660828748969e-01
4.347642657657464493e-01
4.369561629990736940e-01
4.009334243834018485e-01
4.060104427238305780e-01
4.481825965146223889e-01
4.352637497087319951e-01
4.526004381477832794e-01
4.652767248451710191e-01
4.461548738181591034e-01
4.732603502770265091e-01
5.123591495056947220e-01
5.372135909895101591e-01
5.253937018414338578e-01
5.683273049692313394e-01
5.360064106682935758e-01
5.303362218042213527e-01
5.333651142815748480e-01
5.165142007172107697e-01
5.261936582624912040e-01
5.476742270092169740e-01
5.344140015542506728e-01
5.955746533970037726e-01
6.153582637508709929e-01
6.534873788555463081e-01
6.603780930240948921e-01
6.723743202785650297e-01
6.730456851422785824e-01
6.959291721383730200e-01
7.192352140943208960e-01
6.890125577648480437e-01
6.663582975665728325e-01
6.171168471376101694e-01
6.361900970339775530e-01
6.494900211691856384e-01
6.536909426252046629e-01
5.815777465701102988e-01
5.168065950274467468e-01
5.509020512302715833e-01
5.719126184781391231e-01
5.642341007788975737e-01
5.688175966342289280e-01
5.502207482854525322e-01
5.051574086149532850e-01
4.865498671929041619e-01
5.057942057649293943e-01
4.757458786169687648e-01
4.664350688457488681e-01
4.504496713479360093e-01
4.967762634158134349e-01
4.701434805989265220e-01
5.030226568380991026e-01
4.946503837903339917e-01
4.980712046225865275e-01
5.009365061918893414e-01
5.179942255218823455e-01
5.360723378757635826e-01
5.669071413576602936e-01
5.659819103777408156e-01
5.986730200548966430e-01
6.560729963084062089e-01
6.356876157224178314e-01
6.092476211488246918e-01
6.252107483645279462e-01
5.979641247540712357e-01
5.859628090014060708e-01
6.180735169599453904e-01
6.297404774775108294e-01
6.500095862895249876e-01
6.393671054393053055e-01
6.174032031248013475e-01
5.875740506996711687e-01
5.685362874219814788e-01
5.649370748549700227e-01
5.300108332186936888e-01
5.309361074119806068e-01
5.244400385767221673e-01
5.578083151330550660e-01
5.444947455078363863e-01
5.958221270392338731e-01
6.007889964928229132e-01
6.592066296686728277e-01
6.274479154497385469e-01
6.536920471737781568e-01
6.602438374112049591e-01
6.740866644928852347e-01
6.773561501254637962e-01
6.861638877540826575e-01
6.642191940297682562e-01
6.613846772660811890e-01
6.669259333362183018e-01
7.075429562479258472e-01
7.781447682529687437e-01
7.712149822463592042e-01
7.986958368370931094e-01
8.590872212002674813e-01
9.170544230689604559e-01
9.347403291612863541e-01
9.764217777798573916e-01
9.840625091145436265e-01
9.821966035912435000e-01
9.743054194996754180e-01
1.022991234933336546e+00
1.009942420199513524e+00
9.991702341785033692e-01
9.634645545234282737e-01
9.362893808633089288e-01
9.128862886379163211e-01
9.640037684390942996e-01
1.005275439098477275e+00
1.043424391622344682e+00
1.096569404378533452e+00
1.078317671393354660e+00
1.073752618208527521e+00
1.086953223124146550e+00
1.099463506415486291e+00
1.090112008775273811e+00
1.049896103764573763e+00
1.066249369209011366e+00
1.106616920356949141e+00
1.099620733782649129e+00
1.100359255199631070e+00
1.087750656530261040e+00
1.061060113335649202e+00
1.061351762215296368e+00
1.058334861199061061e+00
1.070605211456616690e+00
1.030849668383598372e+00
1.022609816988309328e+00
1.013036389152208949e+00
1.020765341321627329e+00
1.005845043063163802e+00
1.022185247143109654e+00
1.002336878577868129e+00
9.994665016730626128e-01
1.012987772623697991e+00
1.015491336584091187e+00
1.013342666625976385e+00
1.045741739869117559e+00
1.027317356069882504e+00
9.993987222512562552e-01
9.342664192120233579e-01
9.109315231442450811e-01
8.472187077005703948e-01
7.973173653086027546e-01
8.078167791167896183e-01
8.030276373028755188e-01
8.029251933097839578e-01
8.068317162493864325e-01
8.061325517793496154e-01
8.417951740324496335e-01
8.797110058367252350e-01
8.840021121005217086e-01
9.077964968979359561e-01
8.998833614091078514e-01
8.174714920421441988e-01
7.910764294366041671e-01
7.639535106718540192e-01
6.722526955107848146e-01
6.374581344425678253e-01
6.227315244575339914e-01
6.180967050294081666e-01
5.573738244672616915e-01
5.823955126106739044e-01
5.710102923214435133e-01
6.141890195508797889e-01
6.119385110835233732e-01
5.556279766062894865e-01
5.223244972527026908e-01
4.754315284391243956e-01
4.368619037171205255e-01
3.953648967047532214e-01
4.064485741158325727e-01
4.423235885798930678e-01
4.141386660436788825e-01
4.221858811875184303e-01
4.481960269312064149e-01
5.187993161380290985e-01
5.206452560921509543e-01
4.620780381063619435e-01
4.199593337873617216e-01
4.210621985296408298e-01
4.213614610334237565e-01
4.012524358928203916e-01
3.876620364685853248e-01
3.702454524735608876e-01
3.871938504278659154e-01
4.241983351608116792e-01
4.062243588268756311e-01
4.329874046146869326e-01
4.224880047142505202e-01
4.060731542607148858e-01
3.909855656325816886e-01
4.274531635145346620e-01
5.019984933237235936e-01
5.311236403882504398e-01
5.357416825989882447e-01
5.718135592838128334e-01
5.573319800198077711e-01
5.343619006375471825e-01
5.206340042253334577e-01
5.693943689266840469e-01
5.929170856873193785e-01
5.933901816606521606e-01
6.319676349560419126e-01
6.154395451148351182e-01
6.085637109975020609e-01
6.061527522901694054e-01
6.176810627182325319e-01
6.298505986730258410e-01
6.180355226000150415e-01
5.630248233675956282e-01
5.383540024360020659e-01
4.970531821250915860e-01
5.100409736235936853e-01
6.167525599400203173e-01
6.714895198742549809e-01
7.275956898927689043e-01
7.758936544259389390e-01
8.148045202096303452e-01
8.292793850104013265e-01
8.133351867397625723e-01
8.568616325656572830e-01
8.749208206931748943e-01
9.324208890398343330e-01
8.647692278027534485e-01
8.580948427319526894e-01
9.357379908363024912e-01
9.463317707180977090e-01
9.287309621771177026e-01
9.458820591370264985e-01
9.549282411734263398e-01
9.804114510615666855e-01
9.353295660267273437e-01
9.384796158721049331e-01
9.447999731947978042e-01
9.139940576006968520e-01
8.929408268382152958e-01
9.018604831149180656e-01
8.847445643196503173e-01
8.960304057846466552e-01
8.903644577910502234e-01
9.134433856854835554e-01
9.308721950898567465e-01
9.408567929019530096e-01
9.466270107775925924e-01
8.857270895193020133e-01
8.820360619574785233e-01
8.608007548997800296e-01
8.636748183518647703e-01
8.713190027823051187e-01
8.779216134299834273e-01
8.670023683458567554e-01
8.957312110811472827e-01
8.594562176614999327e-01
8.252987165004015413e-01
8.171441732595363661e-01
7.749331651876369964e-01
7.381371665745973809e-01
7.159054993341367190e-01
7.723610817144314078e-01
7.923943058898050840e-01
7.874823924154042976e-01
8.899652020384867246e-01
9.043789323419331172e-01
9.477618313084046342e-01
9.939885684599478743e-01
9.973926254858572760e-01
1.009179285044471408e+00
9.974040159334738309e-01
1.022170032933354289e+00
1.021426935866474928e+00
1.019817394390702070e+00
1.033586182569464107e+00
9.850389782339333822e-01
9.349321706841389190e-01
9.178898040205240028e-01
8.837936027596393629e-01
8.349043641239404234e-01
8.452517185360193253e-01
8.549808317174514283e-01
8.816588211804627928e-01
8.397336332748333021e-01
8.066807179401318528e-01
7.877543895194927259e-01
8.085888215651114708e-01
8.137080022444327376e-01
7.967734901855388907e-01
7.805840043971934428e-01
7.910651493817566493e-01
7.986914683133362614e-01
8.112758823980886769e-01
8.007618674387534385e-01
8.603348456323146598e-01
8.600342474877833432e-01
8.752755406002203920e-01
8.782570488750934823e-01
8.557519642015297689e-01
8.603324053188163845e-01
8.904270010689894210e-01
8.790673829615114343e-01
8.999579824507235593e-01
9.139991797506809013e-01
9.595789668460686928e-01
9.675554941097895822e-01
9.728403558333714729e-01
1.040295830368995755e+00
9.896267801523208618e-01
1.019234220186869155e+00
1.006436794002850910e+00
9.921472817659378052e-01
9.821182986100513990e-01
1.026280277967452914e+00
1.042993698517481471e+00
1.012915090719858746e+00
1.004273316264152394e+00
1.009594918290773968e+00
9.997443238894143658e-01
1.038012496630350778e+00
1.061929720640182317e+00
1.020810945828755534e+00
9.657397210597991055e-01
9.282890220483142052e-01
8.203817029794056026e-01
7.581780215104420018e-01
6.820872262120245555e-01
6.385939290126163570e-01
6.562630712985990655e-01
6.176319658756255215e-01
6.041750108202297298e-01
5.564920748273530782e-01
5.837181354562441804e-01
5.711164926489193938e-01
5.739875649412472525e-01
5.978652571638425339e-01
5.500017916162808218e-01
4.858337029814719932e-01
4.829328402876854054e-01
4.643921380241711749e-01
4.183259621262550021e-01
4.013551990191141505e-01
4.015977859497070201e-01
4.572239696979522594e-01
5.065688172976174908e-01
4.568165163199106593e-01
4.488779505093892230e-01
4.310517549514770175e-01
3.860468924045562522e-01
3.492449194192886464e-01
3.453332056601842170e-01
3.559257855017979866e-01
3.222531919678052192e-01
3.169587974747021808e-01
2.572569683194160794e-01
2.514348601301511499e-01
1.802974914511045190e-01
1.711607982714971332e-01
2.139300276835759684e-01
2.034728586673736628e-01
1.743831257025400816e-01
1.749158143997192327e-01
1.699974099795023563e-01
1.194887881477673802e-01
9.911006937424343688e-02
1.116572817166646692e-01
1.085222105185191244e-01
7.358728845914207228e-02
1.563273410002390673e-01
1.581870943307876476e-01
1.623435566822687970e-01
1.939943303664525276e-01
1.764595985412597545e-01
1.082121888796488546e-01
1.862316379944482791e-02
3.028097252051026311e-03
-8.221644163131716643e-03
1.008379012346266590e-02
-4.610116283098875112e-04
1.450706372658414067e-02
-6.599280238151525313e-03
4.654281437397005811e-02
3.497805098692578080e-02
5.364189048608145743e-02
6.560550828774772136e-02
1.112693299849828177e-01
1.750985120733579148e-01
1.928764522075653298e-01
1.853711893161137936e-01
2.128815462191899488e-01
2.611200744907061222e-01
2.831025029222170586e-01
2.790591627359390037e-01
3.389586240053177324e-01
3.183234999577204682e-01
3.153742144505182754e-01
2.916091928879420148e-01
3.130208104848861694e-01
2.701270801325639237e-01
3.002919994294643846e-01
2.801373653113842233e-01
3.051776297390461079e-01
2.654292471706867218e-01
2.251210448642571860e-01
1.746268250048160775e-01
1.576979932685693142e-01
1.381609218815962603e-01
1.725830135246118058e-01
1.841940887272358052e-01
2.349176821609337829e-01
2.367490070561567572e-01
2.195298331479231257e-01
2.361948264141877085e-01
2.387448859711487903e-01
2.691703461110592221e-01
3.491599900027116399e-01
3.575967234869797950e-01
3.840332550307115067e-01
2.865414383510748175e-01
2.868937912086645392e-01
3.415443820257981211e-01
3.427841109534104369e-01
3.557836217184860983e-01
4.241250989337762567e-01
3.933355001111825677e-01
3.902092384795348146e-01
3.856793649494648091e-01
4.074414658049742011e-01
3.472592818240324286e-01
3.456124790012836123e-01
3.687417638798554664e-01
3.736271930237611283e-01
4.432404391467571481e-01
4.954359325269858116e-01
5.530438788235187975e-01
6.124279844264188810e-01
6.424736705919106283e-01
6.200378088280558142e-01
5.988821355625986165e-01
6.047147301957011001e-01
6.173893261079986816e-01
5.323253639663259040e-01
5.732738423471649414e-01
5.558757035061716589e-01
5.237605261926849831e-01
4.656188237791259454e-01
4.310453482593098462e-01
4.056959503019849089e-01
3.993362688149014739e-01
3.737977527702848191e-01
3.266730768606067037e-01
3.434240145608782879e-01
3.459211705252528413e-01
2.972890176499883852e-01
3.080318250382940160e-01
3.480725485210616754e-01
3.905019101376334123e-01
4.190679139768083150e-01
5.112581664696335126e-01
5.506203536565105194e-01
5.787161096309622055e-01
5.578407619769374381e-01
5.720905894413590431e-01
5.826927735780677020e-01
6.143861765041948031e-01
6.951834315434097800e-01
7.192003145193059943e-01
7.088485493635138246e-01
7.158729614689945953e-01
6.803387693439920669e-01
6.982630105689168198e-01
7.068144531920551588e-01
7.243528089796502645e-01
7.520585042114058538e-01
7.589501144364475538e-01
6.987694682553410308e-01
7.740934254601596898e-01
7.619220218931634925e-01
8.063223641986647650e-01
8.197533599411447325e-01
7.883431297416487737e-01
8.251392982279259769e-01
7.870095930372674742e-01
7.607119005794326094e-01
8.045680634056527891e-01
7.618570538237690037e-01
7.664461942389606541e-01
7.412128201996286414e-01
7.256471228475371849e-01
7.064659150317310621e-01
6.993328756963212989e-01
6.594405161216854161e-01
5.888737427070735997e-01
5.555094189321001519e-01
5.544073330238461494e-01
5.319911427175005869e-01
5.554996994013587930e-01
5.901392108450332907e-01
6.402202493200699340e-01
6.195255742718775993e-01
6.165888837228218344e-01
6.595068885634342015e-01
6.349205110222100323e-01
6.663359720259904861e-01
7.001619238406420198e-01
7.042329786966243788e-01
7.164058286696671773e-01
7.314431472371021314e-01
7.370949709167082808e-01
7.646923823903004624e-01
7.371025883903106202e-01
7.345612271378437752e-01
7.209993497778972582e-01
6.835160152365764574e-01
6.487079795449972597e-01
6.111994799226521113e-01
6.110404811799525771e-01
5.867436173061529869e-01
5.274171672761440721e-01
5.178134682277838463e-01
5.341293516258398544e-01
5.441959453125795321e-01
5.656170917054017533e-01
5.758048258721828461e-01
6.268691919744014962e-01
5.749308191239833610e-01
5.843753638366857572e-01
5.976005278527736220e-01
5.874878769119580291e-01
6.065749779343604375e-01
5.935419574379920959e-01
5.870770628253618728e-01
5.940585985779762712e-01
5.843244130412736936e-01
5.686440383394559817e-01
5.419834231336910779e-01
4.767789041002591377e-01
4.600583886106808795e-01
4.455358261863390235e-01
4.559826498230298286e-01
4.840821539362271664e-01
4.690502479672432057e-01
4.853056127826372856e-01
4.779007111986478540e-01
4.783544396360714934e-01
5.080392370621362730e-01
5.096258888641993501e-01
5.201707790295283518e-01
5.428820309539635902e-01
5.395437814295291901e-01
4.928585030138492584e-01
4.943904536465804078e-01
4.915891307095686669e-01
4.910601772367954032e-01
4.930174308518568416e-01
4.616516468425591602e-01
4.089233137667178664e-01
3.586649792889753940e-01
3.495749788979689576e-01
3.390393507977326748e-01
3.270971176524957169e-01
3.422201111912727134e-01
3.372252201040585873e-01
3.555017183224359889e-01
3.826003829638162657e-01
4.495957175890604729e-01
4.331901252269744762e-01
4.628827402989069695e-01
4.731865217288335201e-01
4.753057509660720825e-01
5.049475530783336108e-01
5.328253229459126716e-01
6.151027319331963117e-01
6.692220248281954831e-01
6.680732764303682902e-01
6.310957349836825436e-01
6.448506119350592147e-01
6.392771345873673461e-01
6.218510739505290763e-01
5.981005740662415082e-01
5.937735550105571747e-01
5.689748200277486845e-01
5.332440994679927826e-01
5.356969537834326278e-01
4.926331959664821958e-01
5.329663020869095380e-01
5.492814394334951666e-01
5.601797508696715333e-01
5.650595662494499738e-01
5.060527242720127550e-01
4.719689421355724446e-01
4.774876865247885127e-01
4.199171972771486017e-01
3.966866942743461077e-01
3.815428319076697439e-01
4.290955605606238676e-01
4.216755760212739790e-01
4.280724180241425869e-01
4.691879056394100411e-01
4.461942953368028264e-01
3.961539946496486775e-01
3.719307007888953409e-01
3.666830661396185964e-01
3.538008404274781693e-01
3.496548208097616794e-01
3.319632249573866711e-01
2.962145564456780678e-01
2.971283691624800327e-01
3.365920593341191758e-01
3.567282756169636859e-01
3.926247358322143555e-01
3.864627261956533610e-01
3.960441589355468972e-01
3.662459691365560488e-01
2.989842087030410989e-01
3.073173354069392293e-01
3.223124620815118746e-01
3.402201379338900544e-01
3.138275514046351411e-01
3.414843375484148957e-01
3.340026239554087506e-01
3.021421035130818500e-01
3.016629457473755105e-01
2.610178033510843765e-01
2.357964585224787413e-01
1.880684882402420266e-01
2.489112029472986820e-01
2.637943079074223651e-01
2.826718459526698091e-01
2.771412312984466442e-01
2.534788678089777703e-01
2.194067368904749904e-01
1.462777793407440408e-01
9.899267156918845068e-02
1.375038623809814453e-01
1.507821718851725112e-01
1.293324649333953968e-01
1.779572566350301199e-01
1.874184995889663641e-01
1.932065993547439631e-01
1.757470885912577607e-01
1.858613091210524204e-01
1.804605431854724995e-01
1.616667546331882477e-01
1.327725308636824308e-01
1.457385318974654120e-01
1.270736483236154235e-01
1.343433635930220416e-01
1.108764477074146437e-01
1.459925072888533237e-01
1.352187968790531103e-01
1.334464547534783829e-01
1.495173605779806791e-01
1.446726225316524450e-01
1.815817746023337120e-01
1.629978987077871921e-01
1.780358525613943699e-01
1.704489760100841578e-01
1.343124968310197009e-01
1.074967168271541568e-01
1.434892396132151360e-01
1.200247595707575471e-01
1.027539461851119940e-01
1.027718424797058050e-01
1.032848358154296875e-01
1.153129085898399186e-01
1.388401130835215103e-01
1.243523145715395573e-01
1.132514084378878211e-01
1.512267882625262239e-01
1.805199687679608922e-01
2.154514357447623873e-01
2.581245089570681217e-01
3.304641013344128964e-01
4.218718861540158849e-01
4.488658602039019563e-01
4.555110923945904222e-01
4.746561512351036294e-01
4.814849509547154405e-01
4.997682346651951546e-01
5.014854544152815841e-01
4.572489613046248347e-01
4.605723255624373236e-01
4.726853801558414947e-01
4.757564091434081099e-01
4.888111972560484908e-01
4.424946331729491256e-01
4.152495348205168524e-01
3.689463857561349758e-01
3.658515357722838535e-01
4.073593659947315482e-01
4.353794558594624720e-01
4.646624777466059064e-01
4.931659642606973648e-01
5.303042723486821597e-01
5.430203709751367791e-01
5.340658430010080115e-01
4.995948040237029319e-01
4.842930176605780845e-01
4.743544994542995830e-01
4.738225826372702842e-01
4.579230260103941408e-01
4.905121874064207188e-01
4.762423824518918769e-01
4.792304109781980181e-01
4.179822833587725772e-01
4.533842078099648010e-01
4.068458384523788718e-01
4.182544098546107647e-01
4.428841984520355823e-01
5.144649049888054826e-01
5.141457737733921007e-01
5.178451083600521532e-01
5.006505928933620009e-01
4.427584183712799937e-01
4.459403000771999248e-01
4.274627618491649850e-01
4.255189073582490433e-01
4.300940764447053200e-01
4.783351913094520125e-01
4.728001492718855170e-01
5.713335620860258146e-01
6.348230190575122611e-01
6.758546419441699982e-01
6.752112296720345075e-01
6.820348205665747177e-01
7.037184166411558639e-01
7.094390737513700529e-01
6.592271315554777411e-01
6.111917383968830109e-01
5.880050726234913316e-01
5.546622204283873092e-01
5.530079531172911178e-01
5.117655781408151361e-01
4.702474065124988556e-01
4.085388816893100739e-01
3.908495021363099231e-01
3.712210056682427317e-01
3.634930515040953880e-01
3.516492191702127457e-01
3.896444582690795078e-01
4.376799140125512411e-01
4.544058992216983839e-01
4.600805544604856800e-01
4.912264221658308450e-01
5.341078950713078477e-01
5.846590751161178101e-01
5.796584599961837059e-01
5.915355884780486573e-01
5.877513164033492110e-01
5.785400642702975826e-01
5.127595398575066632e-01
5.162792378415663741e-01
5.062262061983346939e-01
4.660032822440068889e-01
4.668142431726059471e-01
4.696598821630081355e-01
5.138082756350438318e-01
5.268543003747860887e-01
5.430857239911953682e-01
5.609489350269238894e-01
6.056459197153647445e-01
6.028277445584535599e-01
5.946146347870429061e-01
5.504113136480252022e-01
5.388894497106473391e-01
5.021042584131161224e-01
5.217859028528134546e-01
5.502326114724080952e-01
5.832217240085204590e-01
5.695761823405822710e-01
5.710095687458912606e-01
5.457839615643024223e-01
5.887462792297204484e-01
6.173495627939702413e-01
6.586011695365111551e-01
6.712977739671865951e-01
6.710186255474885897e-01
6.853113365670046031e-01
6.696444948514304052e-01
6.803102135658265492e-01
6.270120342572529371e-01
5.653772413730621116e-01
5.190818905830383301e-01
4.785185019175210996e-01
4.537435154120127434e-01
4.321406352023283715e-01
4.577873292068639910e-01
4.534134827554225367e-01
4.484155756731827425e-01
4.717188718418279803e-01
4.585191133121649387e-01
4.380484538773695702e-01
4.711037533978621461e-01
5.085451024274031395e-01
5.525760181248187131e-01
5.728031920890013229e-01
5.813456537822883075e-01
5.924057977894942040e-01
5.722055184344451151e-01
5.366121488312880494e-01
5.558092482388019562e-01
5.319684353967507606e-01
4.913641629119713805e-01
4.274024285376071819e-01
3.039294121166070117e-01
2.037401544551054600e-01
1.691396074990431098e-01
1.491232303281624927e-01
1.923810370266437197e-01
1.609721896549065612e-01
2.090675391256809068e-01
1.327086366713046695e-01
1.149840074280897989e-01
1.428261009355386302e-01
1.734176321576039181e-01
1.914858419448137450e-01
1.736701169361670460e-01
2.318940201153357472e-01
2.753426451236009043e-01
2.498382070412237810e-01
2.271846273293097740e-01
1.930704552680254094e-01
2.436636824160814396e-01
3.213675100356340186e-01
3.326953787356614622e-01
3.285798309991757038e-01
3.017357586572567696e-01
2.832729671150445716e-01
2.043999407440424132e-01
1.726189527660608181e-01
1.781353248904148368e-01
1.846895887205997899e-01
1.627215528239806253e-01
1.758475953092177579e-01
1.027185940494139832e-01
1.176631191124518500e-01
1.673063058406114578e-01
1.331275660544634087e-01
1.288528073579073285e-01
1.232322468111912567e-01
1.208748870839675277e-01
1.118303337444861711e-01
1.249471484373013419e-01
1.067639250308275722e-01
1.343725183357795394e-01
1.574796727548043451e-01
1.733562957495450862e-01
2.355341366181770701e-01
2.734335215141375786e-01
2.632110343625148063e-01
2.627368277559677945e-01
2.222456009437640545e-01
2.215328088651100646e-01
2.349321952710548556e-01
2.423133602986732860e-01
2.218416036417086845e-01
2.065892484039068555e-01
2.140346488604943365e-01
1.984341587871313595e-01
2.314902321745952174e-01
2.173098639895518491e-01
2.973650928586721309e-01
3.068102316310008515e-01
3.001237150281667598e-01
3.370883145680029780e-01
3.813797879964112569e-01
4.157271483292181991e-01
4.362501287211974499e-01
3.733953658491373506e-01
3.958078263948361375e-01
3.732933599501848665e-01
3.966234742353360043e-01
4.424807944645484659e-01
4.663450269649426216e-01
4.229167453944683297e-01
4.630026755233605518e-01
4.615901169677575910e-01
4.151652711133162477e-01
3.459455606838067188e-01
4.072828618188698568e-01
4.029164905349412740e-01
4.541290735205014140e-01
4.164633537332216306e-01
3.517137294014294202e-01
3.412231867512066641e-01
3.469831610719361636e-01
4.116772219538687994e-01
4.277671828866004278e-01
4.876509522398312368e-01
4.905658955375352681e-01
4.645095710953075496e-01
4.763174310326575567e-01
4.755947247147559453e-01
4.549035256107648029e-01
4.671960177520910751e-01
4.406584573288758744e-01
3.896080029507478226e-01
3.997990302741527557e-01
3.560891442000865825e-01
3.759071814517179755e-01
3.773929027219612431e-01
4.005361718436081242e-01
4.140698316196599893e-01
4.489354155957698267e-01
4.252452157437801028e-01
3.972588114440440688e-01
3.490261886268853919e-01
3.343103263527154034e-01
3.255336370319127370e-01
2.791972757627566581e-01
3.639026484141747453e-01
4.175971668213606103e-01
4.076249759644269832e-01
3.986606201777855296e-01
4.366373460739850776e-01
4.773026676227649090e-01
4.899781163781881110e-01
4.826383616775273833e-01
5.369938861578702483e-01
5.150239786754051696e-01
5.188419581701357863e-01
4.070681215574343814e-01
4.232362748434145838e-01
4.556183458616335780e-01
4.618422139436005880e-01
4.514210113634665178e-01
4.521313477307557505e-01
4.364799761523802668e-01
4.565201465040444884e-01
4.974424698700506964e-01
4.586870847890774372e-01
5.246892967571814559e-01
5.198260465015968057e-01
4.448409218341112248e-01
4.363260963310798268e-01
4.022266704589129160e-01
3.901030380278825982e-01
4.094398020456234688e-01
4.204377391686042742e-01
3.557197023183107376e-01
3.576012995094061120e-01
3.163234091053406805e-01
3.563882635285456901e-01
3.816697444766760094e-01
4.072653230279684178e-01
4.529323474814494488e-01
4.298156585544348207e-01
4.474955614656210279e-01
4.320028559615214925e-01
4.496340489635865523e-01
4.558886673301458803e-01
4.839696562538544633e-01
4.677922304719687174e-01
4.621386335541805002e-01
4.736681628972292391e-01
4.714874008049568244e-01
4.813931513577699994e-01
4.541649509221316050e-01
4.591115125765403704e-01
4.331664049377044190e-01
4.443009141832590103e-01
4.965434852987528069e-01
4.885956310977538353e-01
5.140160365651050833e-01
5.402698768923679395e-01
5.414409094800551880e-01
5.595674189428487821e-01
5.124920619030792768e-01
4.986236929893493874e-01
5.290739764769871734e-01
4.525233934322993035e-01
4.166252106428146584e-01
4.358182718356450880e-01
4.291188051303228557e-01
3.722743779420852883e-01
3.253543049097061823e-01
3.401888330777486091e-01
3.675372103850046979e-01
3.542366921901702881e-01
3.564741611480712891e-01
3.503627061843871959e-01
3.942666510740915897e-01
3.840615173180897957e-01
3.669344027837117550e-01
3.867069214582443681e-01
4.023137559493382698e-01
3.866576582193375078e-01
4.120856841405232673e-01
4.393242041269938003e-01
3.666316370169322436e-01
4.229828496774037938e-01
3.982557237148285356e-01
3.666514635086059459e-01
3.637980302174885772e-01
4.375299473603566081e-01
4.234379296501477041e-01
4.491581603884696738e-01
4.539107605814933777e-01
4.376489713788033198e-01
4.687041804194450600e-01
4.672241618235906113e-01
5.488025923569996856e-01
5.358018020788828384e-01
5.238693992296854507e-01
5.286809335152308220e-01
5.223814477523167632e-01
4.939343869686126931e-01
4.740828742583593214e-01
4.600273142258326509e-01
4.521703968445460187e-01
4.765906244516372459e-01
4.386949648459751994e-01
4.532335897286732806e-01
4.627600689729054473e-01
4.907882700363794815e-01
5.126803363362948396e-01
5.171904290715854113e-01
5.923379664619763396e-01
5.879092420140902275e-01
5.898013422886529966e-01
5.436931058764458147e-01
4.738805736104647615e-01
4.451897208889326052e-01
4.064470514655113553e-01
3.879873628417651044e-01
4.068679516514142613e-01
3.766567433873813098e-01
3.816958134373029665e-01
3.979247088233630603e-01
3.728039031227429745e-01
3.722630108396212112e-01
3.552601243058840508e-01
3.105766440431276809e-01
2.232935602466264990e-01
2.176749452948570362e-01
2.426853761076926963e-01
2.379910772045453204e-01
1.979958966374397167e-01
1.466121231516201995e-01
1.483478883902231704e-01
1.721273163954417096e-01
1.687199751536051506e-01
1.819576581319173048e-01
1.895422319571176961e-01
1.267848928769429451e-01
9.712359706560770578e-02
9.873963395754496719e-02
7.671094437440237335e-02
2.881582876046498085e-02
7.968539098898569373e-02
6.790792644023893598e-02
-6.969971458117167618e-03
-2.657016813755034429e-02
-6.360959907372792932e-02
-1.399650663137436135e-01
-1.484451686342557197e-01
-1.953288798530896653e-01
-2.014979208509127540e-01
-1.772503748536110035e-01
-1.858366504311562140e-01
-2.134079004327456563e-01
-2.647087698181470605e-01
-3.029855633775393464e-01
-2.893959293762842777e-01
-3.107619235912958411e-01
-3.668452630440394158e-01
-3.197261859973271614e-01
-3.430452187856038448e-01
-3.295730352401733398e-01
-3.177598079045613755e-01
-3.067893306414286592e-01
-2.888556996981302971e-01
-2.970744356513023154e-01
-3.257909302910169114e-01
-3.329223081469535606e-01
-2.970076481501261467e-01
-3.294119805097579512e-01
-3.637545277674992805e-01
-3.472069114446639793e-01
-3.773764262596766006e-01
-3.707515701651573070e-01
-3.884324237704276928e-01
-3.904485185941060088e-01
-3.751632014910379898e-01
-3.725665976603825813e-01
-3.897678088396787643e-01
-3.997906795392434098e-01
-3.635406892746687046e-01
-3.911184401561816903e-01
-3.442767065018415562e-01
-3.205912154167890327e-01
-3.064999462415775033e-01
-3.200033333152532689e-01
-2.861619429041941665e-01
-2.905028309673070575e-01
-2.732738838841517470e-01
-2.818613555282354355e-01
-2.300415452569723185e-01
-1.931419388701518247e-01
-2.043192561715841404e-01
-1.966259654611349217e-01
-1.883144712696472878e-01
-2.273131386687358146e-01
-1.923920866101980209e-01
-1.043768382320801602e-01
-6.487457317610584306e-02
-6.541663967072963715e-02
-5.129320242752632986e-02
-3.684516915430625927e-02
-7.856941887487967069e-02
-9.379713802287974189e-02
-4.275215237090983222e-02
-2.025053668767212711e-02
5.472157429903744263e-02
7.488290897260105328e-02
1.272208554670214431e-01
1.990992896879712482e-01
2.119211905325452117e-01
2.643793238326906936e-01
2.972370200480023428e-01
3.474225037420788920e-01
3.505324257537722477e-01
3.752048743888735660e-01
3.601292946065465239e-01
3.555626171951492553e-01
4.081922598804036406e-01
3.792506722733378077e-01
4.240047125145792739e-01
4.548981714372833385e-01
4.805650202557444350e-01
4.855809140329559459e-01
5.366925843680898645e-01
5.810985081518689199e-01
6.579486899698773206e-01
6.422419720018902600e-01
6.239796671395499983e-01
6.606217064584294363e-01
6.646335758889714285e-01
6.877244013672073608e-01
6.970653134708602039e-01
6.760116202756761838e-01
6.736249221488832539e-01
6.874172606195011470e-01
6.901494804148872175e-01
7.063527597114442891e-01
7.460602695122360295e-01
7.979775582129755573e-01
7.840319911018013288e-01
8.441647846872607497e-01
8.437538836772242590e-01
8.338318719839055149e-01
8.484280133619903630e-01
8.459833974018693414e-01
8.832772944743434440e-01
8.894995961959162312e-01
8.961134368553758112e-01
9.022857541218398669e-01
8.686162416512768214e-01
8.405895063653587851e-01
8.657217497006057805e-01
8.411597872152924982e-01
8.498472575719158151e-01
8.904759550467133966e-01
8.609846794977784601e-01
8.325729553277293471e-01
8.213889225696524576e-01
8.328294341141979640e-01
8.193742791811625681e-01
8.221909508109093156e-01
8.590601220726966636e-01
8.684490546584129333e-01
8.618926686545212990e-01
8.857166754702726630e-01
9.062180904050668451e-01
9.085943726201852755e-01
8.462693043053151065e-01
7.384099232653777989e-01
6.946641154587269718e-01
6.049187300105889342e-01
5.744171358644962755e-01
5.692446130017438932e-01
5.478017819424469970e-01
5.165708375473817560e-01
5.261225216090679169e-01
5.247007600963116136e-01
4.934477709233760501e-01
5.014907720188299667e-01
4.560518068571884909e-01
3.900854739050070297e-01
3.574231617152690554e-01
3.296123536924521202e-01
2.721119162937005176e-01
2.240719594061374720e-01
1.420340734223524692e-01
1.061757224301497216e-01
9.224974388877552056e-02
8.075829371809958857e-02
3.655330762267113703e-02
4.442630037665366849e-02
6.136651113629340570e-02
8.591938639680544998e-02
1.257914913197358542e-01
1.536920192341009739e-01
1.491961960991223524e-01
1.446036398410796842e-01
1.207512319087982039e-01
1.192994435628255134e-01
1.366884216666221508e-01
1.325625285506248363e-01
8.391666412353515625e-02
7.549132903416952423e-02
8.325539082288743731e-02
9.219571650028229870e-02
3.891007105509439179e-02
3.769549727439878983e-02
-1.142284870147706327e-02
-2.272606889406840469e-02
-3.001166383425388218e-03
-2.041398634513218180e-02
-2.710522164901096182e-02
-4.948503226041792158e-02
-5.026708692312238658e-02
-6.026266068220136052e-02
-5.355001737674076889e-02
-2.874309470256168619e-02
-1.231343994537988096e-02
-2.061343242724736347e-02
5.158016582330074429e-03
7.210756341616275655e-04
3.739809244871139526e-02
7.893507430950801040e-02
6.289241785804430829e-02
1.746877258022626334e-02
-7.509352515141176632e-03
2.998852978150057247e-03
2.082014804085097204e-02
5.923531378308932033e-02
9.096457088987031092e-02
1.250678362945715216e-01
1.154334746301173831e-01
1.103300236165523224e-01
8.337281818191208393e-02
2.008904643356800024e-01
1.973241197566191207e-01
2.074917522569497408e-01
2.034359661241372519e-01
2.279830592374006981e-01
2.338983086248238863e-01
2.652507402002811654e-01
2.860177693267663135e-01
2.880927460889021186e-01
2.887284191946188905e-01
2.976313444475332526e-01
3.206318518767754533e-01
3.279783190538485549e-01
3.371422202636797927e-01
3.357018978645404106e-01
3.262475839505593056e-01
2.962246369570493698e-01
2.865219440311193577e-01
2.736902600775162342e-01
2.585210707038640976e-01
2.388690318912267407e-01
2.439944573988516718e-01
2.228164428224165827e-01
2.572274321069319969e-01
2.638866895188887729e-01
2.530539854119221443e-01
2.075022283941507228e-01
2.512781146913766750e-01
2.878797723601261849e-01
2.832578354825575628e-01
2.815370752165714530e-01
2.981434011210997714e-01
2.907374266535043272e-01
3.070888495693604447e-01
2.876562522103389141e-01
2.654126233110825073e-01
3.024706906328598066e-01
2.935815027604500305e-01
2.932413013031084925e-01
3.371972989290952238e-01
3.419820399334033145e-01
3.153879892081021818e-01
2.678083937615156063e-01
2.288457037260134830e-01
1.994526675591866138e-01
1.826374959200620651e-01
1.704757433384656573e-01
1.505829116950432311e-01
1.114475688586632346e-01
1.495231828341881397e-01
2.211762270579735457e-01
2.449017856270075122e-01
2.302092585712671446e-01
2.059282147636016524e-01
1.599949542433023730e-01
1.077682901173830088e-01
8.850069629649320868e-02
8.139345335463682440e-02
6.982069797813893197e-02
1.109927017241716524e-01
3.164026426772278966e-02
3.873632239798707744e-02
4.031530705591045149e-02
8.564903028309346633e-02
6.709797667960326617e-02
6.596661793688934905e-02
7.400493013362091643e-02
3.781378852824372749e-02
5.567943838735422979e-02
7.819362866381802946e-02
8.304804501434165376e-02
1.350151325265566138e-01
1.510012383262316071e-01
1.269035572806993806e-01
1.045502260327338812e-01
1.466171219944953918e-01
1.728358522057533153e-01
1.763120944301287407e-01
1.962155813972155383e-01
2.325796023011207636e-01
2.214120959242185105e-01
2.284806554516156663e-01
2.867741152644157632e-01
3.004380707939465767e-01
2.823472385605175772e-01
2.497471208373705231e-01
2.768569325407345683e-01
2.270015592376390945e-01
2.312505866090456830e-01
2.680464059114456288e-01
3.298931678136189927e-01
3.648862957954406294e-01
3.606685705482959303e-01
3.515337770183881161e-01
3.724314376711845842e-01
3.728358184297879685e-01
3.522912101199229817e-01
3.645698955903450278e-01
4.139583380271991131e-01
3.751606624573469162e-01
4.116518548379342057e-01
4.495655974994103854e-01
5.185214133312305851e-01
5.665890228003263029e-01
6.179183285683393922e-01
6.082806181162595527e-01
6.364023348937430935e-01
6.398662945876518737e-01
6.361002883563438015e-01
6.376141668607790969e-01
5.504293840378522429e-01
5.026591587811708450e-01
5.123678514113029214e-01
5.169222900023063838e-01
5.374231679985921328e-01
5.959112801899513201e-01
6.052245099097490755e-01
6.171512557814519129e-01
6.279772325108449182e-01
6.124369471023480838e-01
6.278809188554684839e-01
6.178726652016242049e-01
6.464843808362881195e-01
6.037817278256019105e-01
5.634498028705516859e-01
5.546355136980612999e-01
5.186847824603318946e-01
5.364483017474412918e-01
5.026018081853786956e-01
4.567898053675890635e-01
4.658995761225621646e-01
4.207526677598556475e-01
4.392785632361968506e-01
4.507343002905448426e-01
4.517694938927888648e-01
4.408304084092378172e-01
4.220635502288738738e-01
4.046735176195701000e-01
3.795467906941970559e-01
3.212705601006746736e-01
3.221912919233243522e-01
3.188222744812568843e-01
2.793698063741127946e-01
1.777042459696531462e-01
1.819789043317238675e-01
2.638818374524514176e-01
2.177547148118416653e-01
2.589288146545489777e-01
1.931588343034187916e-01
1.221815915157397764e-01
8.624428225060304376e-02
7.329552285373211462e-02
1.002180858204762270e-01
9.669312077263991778e-02
8.934244451423485611e-02
7.449317363401251890e-02
8.102131262421605196e-02
7.960991933941836962e-02
5.734154929717377031e-02
5.171673943599060935e-02
1.737890591224030418e-02
1.533036828041072636e-02
-2.883510788281763021e-02
-3.323962092399600915e-02
-4.882600108782453319e-02
-2.607041299343110935e-02
-4.811595181624094691e-02
-7.577930589516956861e-02
-3.697493771711985594e-02
-4.419546027978261959e-02
2.334461609522494457e-03
-1.384906967480977261e-02
-1.059592366218567797e-02
2.198455532391864128e-02
7.104994108279544252e-02
5.183943957090378363e-02
4.324306845664979693e-02
4.417542070150377864e-02
3.655801465113960036e-02
7.282936771710715740e-02
7.201276222864785859e-02
1.256288170814514049e-01
1.205949748555819184e-01
9.990974515676498413e-02
1.080481275916099632e-01
1.384488294521967755e-01
1.778200527032216538e-01
1.850713113943736055e-01
1.774294058481852288e-01
1.948273579279581891e-01
1.582848578691482822e-01
1.771154890457789233e-01
1.836942563454310173e-01
1.721776957313219669e-01
2.020434096455573925e-01
2.445859814683596367e-01
2.578300242622693084e-01
2.897915082673231391e-01
3.037605278193950542e-01
3.168685980141163205e-01
3.215878643095493317e-01
2.925349153578281625e-01
2.940862936278184070e-01
3.210369192063808330e-01
2.940750954051812305e-01
2.213478781282901542e-01
2.457240360478560037e-01
2.171115872760613907e-01
2.643078672389189698e-01
2.678346899648507695e-01
2.182294654349486163e-01
1.786378768583138932e-01
1.361267276108265034e-01
1.302265283962091014e-01
1.130909579495589096e-01
1.256101615726947784e-01
1.052688933908939306e-01
1.197571980456511032e-01
1.274955446521441049e-01
1.523056522011757008e-01
1.263996099432309617e-01
8.562748432159424106e-02
6.082430531581242694e-02
3.425595611333846768e-02
3.812401145696639460e-02
2.965496430794397481e-02
7.311150431632967850e-04
-1.780992994705836441e-02
-3.605043143033981323e-02
-6.200047979752221911e-02
-2.771314928929010865e-02
3.204599594076473768e-02
6.755731875697770783e-02
1.746715679764745607e-02
-3.160411442319553676e-02
-8.375562454263370260e-02
-9.999582742651302869e-02
-1.158583330611387963e-01
-1.533749011655648753e-01
-1.872825520733992222e-01
-2.159608647227287404e-01
-2.920632407069205794e-01
-3.152902235587438096e-01
-3.168470968802770127e-01
-3.013535688320795325e-01
-3.420173918207486397e-01
-3.735059087475141038e-01
-4.168621604641278289e-01
-4.066742494702338950e-01
-4.054105723897616365e-01
-3.928680474559466118e-01
-4.301071162025134065e-01
-4.635864491264025666e-01
-4.339953169226646867e-01
-4.139138504862785450e-01
-4.225853954752286090e-01
-4.523165320356686836e-01
-5.019230691095193375e-01
-5.402544267475605233e-01
-5.479779930164416779e-01
-5.489368638644616105e-01
-5.557760637253522651e-01
-5.774148184806108253e-01
-6.150552668919165855e-01
-5.815500332663456895e-01
-5.912191404650608550e-01
-5.911324782917897203e-01
-5.968929612388214068e-01
-6.297718637933333863e-01
-6.311703874419133387e-01
-6.297141794115305169e-01
-5.946609123299519961e-01
-5.705213242520889017e-01
-5.546068230022986878e-01
-5.111343362679083846e-01
-4.803957545508941163e-01
-4.650929111987352482e-01
-4.788864720612764914e-01
-5.248302681992451646e-01
-5.452036513636510096e-01
-5.195279770841201294e-01
-4.591753218322992547e-01
-4.556752486775318411e-01
-4.532989903042713431e-01
-4.524542414893706344e-01
-4.384703172991673004e-01
-3.995637812962135049e-01
-3.679547179490327835e-01
-4.057736405481894848e-01
-3.863853001346190807e-01
-4.062734364221493588e-01
-4.249939115097125519e-01
-5.084655772894620673e-01
-4.620548850546281061e-01
-4.282615121454000917e-01
-3.593008127063512802e-01
-2.974099870771169662e-01
-2.722933229058980831e-01
-2.520768400281667709e-01
-2.387300139913956509e-01
-2.118755359202623700e-01
-1.799238402396440839e-01
-1.954936443517605871e-01
-1.714081822584073156e-01
-1.814364094287156948e-01
-1.662552911788224841e-01
-1.714436932156483406e-01
-1.706968579441308920e-01
-2.028078261762857326e-01
-1.982202091564734814e-01
-2.031453757236401370e-01
-1.304216989626487133e-01
-1.331840215871731292e-01
-1.555757024635870955e-01
-1.979920703917741887e-01
-2.240767298887173520e-01
-1.879021544009447375e-01
-1.298838246613741310e-01
-7.106268890202049882e-02
-3.341263284285869717e-02
-4.193047136068348002e-02
-2.365414996941889170e-02
-3.840873340765638133e-02
3.424320320288340436e-02
1.419181029001873040e-02
8.768518765767452372e-03
-1.155419051647182949e-02
6.198974152406061533e-02
1.044850160678227891e-01
1.866534918546676747e-01
2.112493048111597771e-01
2.179770082235336082e-01
2.288527111212412535e-01
2.523684407273928398e-01
2.358352636297543770e-01
2.156460200746853628e-01
2.250762333472569043e-01
2.388933618863423036e-01
2.575440049171446866e-01
2.641322856148083931e-01
2.397715573509534293e-01
2.174394791324933685e-01
2.263645162185033421e-01
1.889631042877832345e-01
1.674753802518049173e-01
1.466341463228066355e-01
1.316371115545431625e-01
1.436015181243419647e-01
1.787780217826366314e-01
1.778937391936779022e-01
2.045397368570169017e-01
2.379859474798043661e-01
3.184157895545164929e-01
3.519685588777065610e-01
3.817367397248745409e-01
3.268597615261873424e-01
2.655588361124198160e-01
2.576827657719453768e-01
2.466830007731915242e-01
2.349377396206061286e-01
2.339552504320939752e-01
2.186900181074937222e-01
2.148875596622625839e-01
1.889903706808884754e-01
2.280894003808497938e-01
2.750375571350255899e-01
2.968186435600121409e-01
3.034111924469470867e-01
2.983585742612679392e-01
2.947325281798839902e-01
2.944654636085033972e-01
2.238657318055629619e-01
2.401412638525168008e-01
2.112276864548524036e-01
2.170710099240144020e-01
2.273878070215383795e-01
2.227431409060954826e-01
1.981836480398972700e-01
1.428825976947943055e-01
1.151939225693543456e-01
1.302509995798269427e-01
1.360792952279249457e-01
1.651907828946908019e-01
1.591250824431578170e-01
1.523045745988686750e-01
1.974265284836292378e-01
2.436887907485167371e-01
1.770612624784310696e-01
1.494781819482644269e-01
9.438399498661359521e-02
6.177815919121105309e-02
2.617927516500153512e-02
-3.612461437781669393e-03
-1.513903761903445666e-02
-1.018771951397261233e-02
1.994244630138078400e-02
2.301563496390978542e-02
3.139697263638184521e-03
1.540817096829413813e-02
-2.414665097991626833e-02
8.492180953423165285e-03
-9.576013435920096434e-03
-3.309388831257821517e-02
-1.488765751322112391e-02
-3.866716772317888712e-02
-5.006841073433559997e-02
-8.085765093564986628e-02
-1.083553935090700721e-01
-1.054142599304517119e-01
-1.287932684024175045e-01
-1.507891843716303582e-01
-1.805132100979487120e-01
-2.700396428505579816e-01
-3.071031317114830683e-01
-3.514107639590899335e-01
-3.261717403928439118e-01
-2.976267144083976635e-01
-2.832358226180076710e-01
-2.132773722211520062e-01
-2.118670498331388097e-01
-2.198256984353065269e-01
-1.723041867216427991e-01
-1.296155691146850530e-01
-1.359306255976358846e-01
-1.885189731915792033e-01
-2.361413617928823094e-01
-2.306383709112803104e-01
-1.585838834444681655e-01
-4.646548231442768073e-02
-9.477136532465596508e-03
-2.096867760022479155e-02
-7.426506777604410803e-03
1.695911586284633288e-03
2.446141789356866963e-02
5.552896708250044250e-02
8.072360406319298298e-02
8.462496846914291382e-02
7.947878489891688214e-02
1.132024124264716936e-01
1.123944814006487269e-01
9.280893454949060151e-02
1.113500659664471842e-01
1.202867353955904550e-01
8.970206727584204009e-02
7.165480504433315023e-02
3.589722961187362393e-02
3.106879244248072353e-02
7.162133802970249707e-02
6.512586027383801546e-02
6.671183208624520411e-02
8.519000510374702406e-02
9.480650524298347981e-02
8.671236534913380478e-02
5.134463757276533369e-02
6.645943870147069665e-02
2.317751968900363946e-02
1.117068621019522423e-01
1.448897870878378402e-01
1.914324653645356478e-01
2.135808480282624378e-01
2.157777143021424038e-01
2.166096083819865903e-01
1.999583435555298827e-01
1.896267009278138349e-01
2.504600100219249725e-01
2.452534688015778619e-01
2.551937433580557246e-01
2.365624941885471344e-01
1.909722186625003593e-01
2.358777381479740254e-01
2.136715091764926910e-01
2.120463170111179241e-01
2.410292821625868442e-01
2.079693409303824125e-01
2.125733755528926572e-01
1.800245267649491498e-01
1.729761185745398167e-01
1.398038071890672085e-01
1.057555687924226079e-01
1.303890220820903834e-01
1.348613075911998804e-01
1.156667438646157564e-01
8.438457970817883624e-02
1.231285644074281149e-01
1.346536112328370338e-01
1.625232013563314981e-01
1.715953223407268580e-01
9.490532005826632367e-02
3.039688194791474035e-02
-2.375741079449655152e-02
-1.319975530107817679e-02
-1.114628190795582258e-02
-5.043687000870702292e-02
-4.911007607976592554e-02
-2.842976277073221147e-02
-7.815573439002033995e-02
-6.282451177636780293e-02
-7.531748041510580305e-02
-8.516451517740883381e-02
-9.261685709158576363e-02
-9.881245891253150060e-02
-1.080614378054936403e-01
-1.209906319777170614e-01
-5.918633441130319306e-02
-2.233343025048575847e-02
-3.997478783130647972e-02
-8.592119713624318811e-02
-1.186598519484202141e-01
-1.225012640158335414e-01
-1.535600870847702026e-01
-1.673305998245875337e-01
-1.626971453428268932e-01
-1.323934068282445475e-01
-1.256475279728571925e-01
-1.496949364741643473e-01
-1.253254997233549661e-01
-1.946109679838021744e-01
-2.475522714356581111e-01
-2.908166525264580526e-01
-3.038450318078199652e-01
-3.521635629236697929e-01
-3.092083570857843133e-01
-2.249304649730523575e-01
-1.943779048820336863e-01
-2.213322428365548655e-01
-2.364807176093260688e-01
-1.939265874524911393e-01
-1.575236690541108875e-01
-1.455714690188567306e-01
-2.009525604546070210e-01
-2.059700377285480777e-01
-1.929582682748635925e-01
-1.824821638564269044e-01
-1.788188544412454006e-01
-2.102737821638583915e-01
-2.194984254737695206e-01
-2.325674317777156885e-01
-2.078440400461355753e-01
-2.002399606009324373e-01
-2.621713759998480775e-01
-2.595589083929856766e-01
-2.890679436425368509e-01
-2.704406189421812989e-01
-2.656109310686588509e-01
-2.747394658625126329e-01
-3.296883262693882655e-01
-3.751254794498285472e-01
-3.945731110870838165e-01
-4.305937844018141725e-01
-4.104142544170220619e-01
-3.971582082410654024e-01
-3.811063103377819727e-01
-3.275772067407767274e-01
-3.459468233088652811e-01
-4.194757747153441407e-01
-4.134946155051390515e-01
-4.384107934931914530e-01
-4.387084829310576306e-01
-4.346485694249471177e-01
-4.227996865908304480e-01
-4.386696636676788441e-01
-4.775180449088414214e-01
-4.691826688746610907e-01
-5.440753010412056057e-01
-6.066872008144854611e-01
-5.842163768907387977e-01
-5.906105486055215348e-01
-5.714207577208678668e-01
-5.604054359098276095e-01
-5.072715587913990687e-01
-4.374321507910887696e-01
-3.955665476620197074e-01
-3.815607296923796410e-01
-3.437174725035826439e-01
-3.238643892109394073e-01
-3.529829375445843187e-01
-3.376769694189231119e-01
-2.642784498631954304e-01
-2.699031673371792284e-01
-2.635503731667995231e-01
-2.597227536141871740e-01
-2.964837116499741132e-01
-3.906891388197739623e-01
-4.214248480896154447e-01
-4.262845806777476598e-01
-4.020355197290578775e-01
-4.078424898286659994e-01
-4.130091893176237594e-01
-4.009138656159241254e-01
-3.792885564267635123e-01
-3.505544709662595793e-01
-3.952462680637836012e-01
-4.048832821349302447e-01
-4.207607872784137615e-01
-4.407383280495802413e-01
-4.153022366265455290e-01
-4.265781474610169655e-01
-4.552454493939875890e-01
-5.087767245868841659e-01
-4.741236371298630514e-01
-4.978774470587571388e-01
-4.795639745891094874e-01
-4.121844552457333277e-01
-4.119597829878330342e-01
-3.714113362133503182e-01
-3.673129168649514886e-01
-3.357419557869434912e-01
-2.783945478498936477e-01
-2.588882861038049321e-01
-2.688926654557386997e-01
-2.728328339755535237e-01
-2.571193469067414861e-01
-2.656460218131542206e-01
-2.603470933934052822e-01
-1.921822143097718372e-01
-2.199955297013123923e-01
-2.172162863115469911e-01
-2.027665250003338193e-01
-2.339788528780142873e-01
-2.348242692649364638e-01
-2.218426458537578749e-01
-2.057507616778214699e-01
-1.616566086808840508e-01
-1.374013374249140051e-01
-7.162072956562040571e-02
-4.057798484961191998e-02
-3.398437996705372388e-02
-4.482520123322805694e-02
-8.930282890796661932e-02
-1.419163018465042225e-01
-1.792541493972142630e-01
-2.147854874531428260e-01
-2.324807236591974746e-01
-2.500209679206212288e-01
-2.880485186974207634e-01
-2.791621456543604829e-01
-2.875024884939193504e-01
-3.342713057994842751e-01
-3.598364830017090066e-01
-3.520540614922841316e-01
-3.368775745232899799e-01
-3.481268584728240967e-01
-2.912624378999074670e-01
-2.897665172815322987e-01
-3.041499694188435909e-01
-2.986501177151997810e-01
-3.079269920786221748e-01
-3.514330938458442022e-01
-3.604175453384717009e-01
-3.714588120579719321e-01
-3.626787374416986509e-01
-3.101477255423863433e-01
-2.591511835654576879e-01
-1.758803596099218214e-01
-1.067989418903986937e-01
-8.971717655658724422e-02
-3.468427161375683965e-02
-2.892205218474072637e-02
1.953914264837897097e-02
5.519214570522304464e-02
8.351375758647916481e-02
9.547183116277058179e-02
6.405293146769205914e-02
7.838692516088485718e-02
3.787931154171625403e-02
5.299050758282342066e-02
3.495775014162062072e-02
-4.757014910380059913e-03
-1.713447521130247175e-02
-5.172338585058874894e-03
-1.104517976442974392e-02
-2.074576616287232556e-02
-1.459438800811767994e-02
-4.180475672086083477e-02
-4.543018341064457982e-02
-3.258830706278487838e-02
-4.849924445152286462e-02
-3.507881909608841914e-02
-1.184452896316847553e-02
-2.695915562411150407e-02
-2.492843282719454240e-02
-2.867209029694398753e-02
-5.770384185016153716e-02
-5.749647325525681502e-02
-7.015507426112890799e-02
-1.205257932965954348e-01
-1.481452465678255170e-01
-1.530873537684480645e-01
-1.112479647621512496e-01
-1.088299592956900458e-01
-1.367054731274644219e-01
-1.831169129038850152e-01
-1.403673768664399635e-01
-1.112821400786439541e-01
-9.515429021169742596e-02
-1.221323672061165183e-01
-2.171418054029345401e-01
-2.147679421429832813e-01
-1.602195136869947467e-01
-1.472744706397255687e-01
-1.430059595033526809e-01
-1.499166253333290566e-01
-1.508061253155271175e-01
-1.319980614508191596e-01
-7.495513986796138728e-02
-6.290705284724633362e-02
-2.462648134678603606e-02
-8.376767548422037191e-03
-3.462680907299123256e-02
-3.594430020699898587e-02
-4.585197648654382174e-02
-1.007385043427348054e-01
-1.381204434360067124e-01
-1.799951298162341118e-01
-2.451839390521247941e-01
-2.570620500172178247e-01
-2.860193911318977822e-01
-2.480191988870501518e-01
-2.550866080448030981e-01
-2.929079943026106081e-01
-2.767494373644392436e-01
-2.601068489874402978e-01
-2.864708329861362923e-01
-3.314909761771560048e-01
-3.312714959805210801e-01
-3.176342979694406488e-01
-3.318216379111011971e-01
-3.070184529448549138e-01
-2.983658505603671296e-01
-3.084787868584195625e-01
-3.123199605072538021e-01
-3.295281472926339106e-01
-3.536665383105477289e-01
-3.077652810141444650e-01
-3.518605588003993478e-01
-3.483118651434779500e-01
-3.727106450125575732e-01
-3.771849953259031052e-01
-3.410027708237369781e-01
-3.266120097910364395e-01
-3.264573397114872710e-01
-3.148786740377544913e-01
-3.181555317714810371e-01
-2.686224463085333802e-01
-3.175583593547344208e-01
-2.939657899240652461e-01
-2.474207612375418086e-01
-2.343135538200536994e-01
-2.532633525629838234e-01
-2.691199325025081523e-01
-2.736769062777359984e-01
-2.316083384056885908e-01
-2.615636162459850089e-01
-2.764039151370525360e-01
-2.639902179439862495e-01
-2.461167777578036064e-01
-1.615024988849957932e-01
-1.551624839504560094e-01
-1.198179408907890653e-01
-1.171941851576169535e-01
-1.056519364317258236e-01
-9.195718914270402389e-02
-1.137333914637565641e-01
-1.397491410374641641e-01
-2.072598402698834774e-01
-2.357569217681884932e-01
-2.806725591421127541e-01
-2.554790760080019596e-01
-1.785312796632448906e-01
-1.577809214591979758e-01
-1.807766800125439888e-01
-1.458111310998598809e-01
-1.399101004004478788e-01
-1.041907618443171368e-01
-6.133518318335216823e-02
-8.062299688657126318e-02
-8.501763343811036266e-02
-1.217038214206695584e-01
-1.507730096578597800e-01
-1.522904564936955474e-01
-1.275384753942489513e-01
-1.462180783351262336e-01
-2.024696963528792026e-01
-2.150532620648543114e-01
-1.999880271653334263e-01
-1.778989128768443950e-01
-1.780953936278820149e-01
-2.147634916007518657e-01
-2.036062096556027767e-01
-2.110183929403622871e-01
-2.329240754246711953e-01
-2.274690593282381879e-01
-2.339601851999759674e-01
-2.784202458957830695e-01
-2.794962408641974427e-01
-2.505851907034715165e-01
-2.287814619640509139e-01
-2.730334800978502230e-01
-3.201355112095674027e-01
-3.332870634893576600e-01
-3.460507151981194740e-01
-3.429904848337173018e-01
-3.657590925693511852e-01
-4.150785217682519956e-01
-3.777066717545191077e-01
-4.038898338874181149e-01
-3.945929206907748954e-01
-3.924544023970762407e-01
-4.046650019784767682e-01
-3.945768244564532568e-01
-3.949205962320168628e-01
-4.075216400126616123e-01
-4.350971507529417526e-01
-4.745062895119189772e-01
-5.010258711874484572e-01
-4.886905488868553693e-01
-5.341674126684664570e-01
-5.944588301082451842e-01
-6.560749389231204098e-01
-7.070656555394331244e-01
-7.208700237174827663e-01
-6.805188633501528805e-01
-6.559073435763518312e-01
-6.347378291189670341e-01
-5.844662395616372352e-01
-5.494451977312564406e-01
-5.724678841729957668e-01
-5.724002666771410563e-01
-6.216134714583555487e-01
-6.432168297469615936e-01
-6.595362258454163795e-01
-6.882126542429130023e-01
-6.647072566052277809e-01
-7.080528390904268221e-01
-7.184206405033668474e-01
-7.259567478050787948e-01
-6.957991539190213626e-01
-7.181894042839607195e-01
-7.013161816944678550e-01
-7.263378161936998589e-01
-7.837659397472938050e-01
-7.792389843612909095e-01
-7.306641964862744532e-01
-7.063868590941032588e-01
-6.957408039520184273e-01
-7.041778493672609107e-01
-6.903353665024042352e-01
-6.648704562336206214e-01
-6.658404453347126495e-01
-6.592233492682377793e-01
-6.255082586159308455e-01
-6.404450271278618878e-01
-6.791085602094729667e-01
-6.234436384091774919e-01
-6.237149508049091295e-01
-6.606475145866472776e-01
-6.483168672770260876e-01
-6.107144635170698166e-01
-5.268068702270586323e-01
-4.964306633919477463e-01
-4.655878843118747001e-01
-4.739177320152521133e-01
-4.472663654635349872e-01
-4.579966618369022413e-01
-4.401330782721439849e-01
-3.968208088229100428e-01
-4.028852886209885464e-01
-3.680993185689052094e-01
-3.583070463190475841e-01
-3.542667534202337265e-01
-3.436382814000049635e-01
-3.569352496415376108e-01
-3.624069227526585113e-01
-3.588439597437779183e-01
-3.561841451873382081e-01
-4.054700378328561783e-01
-3.944421945760647752e-01
-3.735807656000058596e-01
-3.583173353224993196e-01
-3.363009729733069664e-01
-3.381264923761287955e-01
-4.098114330321550591e-01
-4.308483529835939740e-01
-4.627401663611332983e-01
-5.058669580767551910e-01
-5.394983593374491626e-01
-5.080969814211130364e-01
-4.785869582245746989e-01
-4.983090285211800863e-01
-5.099909766266742528e-01
-5.295924488455057144e-01
-5.347795072942971295e-01
-5.755081995079914803e-01
-6.180031124502420870e-01
-6.343532202144464005e-01
-6.346350399156411859e-01
-6.668961279094218764e-01
-6.621210488180319098e-01
-6.935426188011963866e-01
-6.538054578006267104e-01
-6.746943709750969909e-01
-6.067472778260707411e-01
-6.413215108215808424e-01
-6.261461086571216139e-01
-6.722837912539640914e-01
-7.199998679260413148e-01
-7.372874823709328895e-01
-6.839072453478971525e-01
-6.796413439015547286e-01
-6.823576875030994415e-01
-6.778741506238777914e-01
-6.744473618765671752e-01
-6.109316808482010419e-01
-6.266247389217217689e-01
-6.050295613706111464e-01
-5.340140295525391823e-01
-5.285967978338400597e-01
-5.399619164566198393e-01
-5.649594289561112870e-01
-5.605532807608445411e-01
-5.634630985558033434e-01
-5.738190360367297904e-01
-5.857314186791579003e-01
-6.056567378342151420e-01
-6.413646049797534499e-01
-6.909897851447264205e-01
-7.195836770037808972e-01
-7.672848828136920041e-01
-7.501952377458414034e-01
-7.246616678933301969e-01
-6.978060156106948853e-01
-6.848029201229413054e-01
-7.053506155808766387e-01
-7.080480217933655673e-01
-7.091539392868677627e-01
-6.573481072982152451e-01
-6.626223241289457278e-01
-6.032055512070655379e-01
-5.778218482931455346e-01
-5.640465393662452698e-01
-5.478295182188351875e-01
-4.976875650386015648e-01
-4.829306242366631086e-01
-4.366299264132976199e-01
-4.100627355277537966e-01
-4.116205724577108871e-01
-4.312989048659801594e-01
-4.709121229747931237e-01
-4.527483227352301354e-01
-4.401311539113521576e-01
-4.186073961357275608e-01
-3.710714819530646080e-01
-3.760519427557786898e-01
-3.578911426166694332e-01
-3.706976217528185069e-01
-3.554016904284557077e-01
-3.784835429241260041e-01
-3.465500380843877792e-01
-3.123125238964955530e-01
-3.412290646384160131e-01
-3.443081367760897349e-01
-4.372495759278536287e-01
-4.298427054037651240e-01
-4.849021820972363450e-01
-4.517919588834047318e-01
-3.995024416595697736e-01
-3.888133251418670056e-01
-4.564012665301561134e-01
-4.938370663672685401e-01
-4.986886480202277760e-01
-4.702336483945449563e-01
-4.279525253921747652e-01
-4.166563186794519646e-01
-4.165407286336024750e-01
-4.427967827767133602e-01
-4.585961243758598371e-01
-4.913436712076266755e-01
-4.725466997673114511e-01
-5.133064201722542519e-01
-5.220377814024687035e-01
-4.952526873598496193e-01
-4.787364548693100463e-01
-5.090680039177338800e-01
-4.720070591817299710e-01
-4.514732466389735910e-01
-4.213114367177089314e-01
-4.030332511911789983e-01
-4.228958791742722934e-01
-4.542801247288783539e-01
-4.883805509656667931e-01
-5.177235788355271096e-01
-5.287266061951716445e-01
-4.817777004092931858e-01
-4.538408871740102768e-01
-4.392307769507169390e-01
-4.490464472522338046e-01
-4.525333736091852188e-01
-5.262913518895705467e-01
-5.524322155863046202e-01
-5.799813512712717056e-01
-5.786944154649973360e-01
-6.180897147705157746e-01
-6.116308978448311562e-01
-6.593262425313393127e-01
-6.925825666636228339e-01
-6.977744332204262045e-01
-6.895220290869474855e-01
-7.357529621571302636e-01
-7.177994600186745622e-01
-7.055619375159343232e-01
-6.649097856134176254e-01
-6.901328957329193603e-01
-6.575235442568858613e-01
-6.041085616995891527e-01
-5.756193912277618452e-01
-5.378794851402441957e-01
-5.183569458623726867e-01
-5.219278586407501974e-01
-5.288261483112970396e-01
-5.140966743230819258e-01
-4.922775348027547127e-01
-4.905410945415497048e-01
-4.875183482964833837e-01
-4.262817233800888506e-01
-4.023057882984479861e-01
-4.374086081981659047e-01
-4.618565579255421993e-01
-4.904826566576958036e-01
-4.717416698733966074e-01
-4.549347450335820553e-01
-5.200341333945591726e-01
-6.000693192084630700e-01
-5.891180107990900972e-01
-6.081047010918458895e-01
-5.950023484726747469e-01
-5.864880415300528504e-01
-5.489435248076915963e-01
-5.200952353576819842e-01
-5.040451628466448009e-01
-5.051069639623165797e-01
-5.444018252193927321e-01
-5.500252621869246017e-01
-4.948941466708977610e-01
-5.128877592583497291e-01
-5.326062537729739921e-01
-5.577877379953861681e-01
-5.790340440968673175e-01
-5.859184203048547479e-01
-5.931891697148482523e-01
-5.632086324195066940e-01
-5.503134635587533241e-01
-5.501710596183935209e-01
-5.236291013658045390e-01
-5.427968683342139222e-01
-5.547727900246779420e-01
-5.686088547110557112e-01
-5.233699654539425428e-01
-4.886877015233039856e-01
-5.177560791373252425e-01
-5.265843575199444793e-01
-5.542724594473839028e-01
-5.317521696289380095e-01
-5.839968070387839827e-01
-5.914484287301698950e-01
-5.716338440775871055e-01
-5.798604334394137361e-01
-5.615465804934501870e-01
-5.152672077218691804e-01
-5.426097606619200153e-01
-5.236648778120676084e-01
-5.337908685207366499e-01
-5.667412022749582778e-01
-5.883957564830780695e-01
-6.187408874432246408e-01
-6.605280786752700806e-01
-7.176514178514480369e-01
-7.304393077890078967e-01
-7.480709667007128250e-01
-7.643185337384541533e-01
-7.530605226755142656e-01
-7.776474336783091301e-01
-7.815318981806437248e-01
-7.583712086081504378e-01
-7.951316868265470017e-01
-8.260421395301819070e-01
-7.808373798926671050e-01
-7.577708601951599343e-01
-7.547397593657175774e-01
-7.454032704234122564e-01
-7.684904247522353904e-01
-7.775653829177220366e-01
-7.297583788633346114e-01
-7.950720598300298203e-01
-7.295497586329777739e-01
-7.353899965683619033e-01
-8.109329422314962565e-01
-8.270206292470296816e-01
-8.747745374838511445e-01
-9.252845962842305427e-01
-9.405981322129566280e-01
-9.603715732693671736e-01
-9.871401891112326910e-01
-1.038605293134848395e+00
-1.008065499365329742e+00
-9.798860604564347820e-01
-9.332742422819136907e-01
-8.907766240338483854e-01
-8.993490912020205563e-01
-8.121501790980498736e-01
-7.999256337682406626e-01
-8.018894756833712112e-01
-8.302314052979151704e-01
-8.993793338537214854e-01
-8.964091598987578013e-01
-8.805428107579549302e-01
-8.851937631766001457e-01
-8.801681419213612800e-01
-8.777915477752685769e-01
-8.578328495224316619e-01
-7.995594212164480741e-01
-7.884317863732576148e-01
-8.109993545959393035e-01
-7.907966374109188790e-01
-7.740969494606058099e-01
-7.683381314699848641e-01
-7.626482681060831048e-01
-7.697231641039252725e-01
-7.351668646559119669e-01
-7.181116889541347970e-01
-7.523136159405111600e-01
-7.644658903901775382e-01
-6.951929748679200882e-01
-7.065034767612814459e-01
-7.215513239925106515e-01
-7.074163824940720158e-01
-6.984642973169683522e-01
-6.971769045417506305e-01
-7.027504325533906471e-01
-7.107449611648917198e-01
-7.406016688173016060e-01
-7.361272444948553373e-01
-7.149172420923908255e-01
-6.855167578284939722e-01
-6.817088793342311881e-01
-6.897175262992580880e-01
-7.453181346878409164e-01
-7.686765462780992264e-01
-7.329384834195177278e-01
-7.611467496181527626e-01
-7.063827808325489066e-01
-6.367194747552276102e-01
-6.800937687978148016e-01
-6.082508519912759315e-01
-6.376051689808567291e-01
-6.219681944077213309e-01
-6.246338492259383424e-01
-6.066839223727583663e-01
-6.176015938942630568e-01
-5.569802130882938185e-01
-5.072958931947747496e-01
-4.373011376087864166e-01
-4.246158744518955253e-01
-4.153864230339725516e-01
-4.623750831310947662e-01
-4.669557984297473818e-01
-4.732280945405363815e-01
-5.110173750047881658e-01
-4.340896554912130334e-01
-4.521563845997055853e-01
-4.516592577720682233e-01
-4.573659822965661648e-01
-3.839482352758447625e-01
-3.440190440043807141e-01
-3.538502420609195842e-01
-4.030392076199252882e-01
-4.166341727599501277e-01
-4.551869437719384681e-01
-4.948666498685876380e-01
-5.459309300407766408e-01
-6.124063548321525552e-01
-6.243516620869438150e-01
-6.093360103045900589e-01
-6.368786401425798882e-01
-6.495814472436904907e-01
-6.597051809231440078e-01
-6.552863071362177161e-01
-6.537788723905880728e-01
-6.830926910042762756e-01
-7.310800626873970032e-01
-7.069600639243920348e-01
-6.998007295032342423e-01
-7.413612045347690582e-01
-7.518396613498529168e-01
-7.452385164797306061e-01
-7.094741361836591764e-01
-6.902875758707522902e-01
-6.798326042791207335e-01
-6.766254154344399918e-01
-6.742018647491931915e-01
-6.247992085913817162e-01
-5.993704515198866600e-01
-6.174967321256796815e-01
-6.523417783280214266e-01
-6.683841260770957415e-01
-6.784883094330629305e-01
-6.606016628444194572e-01
-6.266094264884789489e-01
-6.498920179903506789e-01
-6.296865589916705863e-01
-6.522870786488056405e-01
-6.937924372653165861e-01
-6.750474996864794797e-01
-6.764523454010485937e-01
-7.254396316905815656e-01
-7.593243735531964855e-01
-7.415331102907657401e-01
-7.627010005215804078e-01
-7.168537187079588868e-01
-7.599372374514739015e-01
-8.032636977732181549e-01
-8.283006486793359491e-01
-8.137202637890974533e-01
-8.460151709616183791e-01
-8.256211864451566962e-01
-8.518409488101800209e-01
-8.989706359803676383e-01
-9.306251687308151332e-01
-9.665282847980657399e-01
-9.426410101354121274e-01
-9.229203559458254436e-01
-9.212516424556573824e-01
-9.653987459838390128e-01
-9.773688428103923798e-01
-9.722333125770091788e-01
-9.658424906432627743e-01
-9.578018339971701156e-01
-9.629511348903179169e-01
-9.354664258658885734e-01
-8.882342430452505599e-01
-8.784976216653982428e-01
-8.791647844016552416e-01
-8.981755646566549345e-01
-8.738765321671962960e-01
-8.732826096316179676e-01
-8.658329851925372633e-01
-7.923432278136411933e-01
-8.104015735288461197e-01
-8.344719914098580604e-01
-7.997207644085089218e-01
-7.821752309799194780e-01
-7.658341735601426059e-01
-7.813866307338079853e-01
-7.710378656784693252e-01
-7.905063758293786602e-01
-8.096851478020350434e-01
-8.241750140984852591e-01
-8.408003161350885435e-01
-8.455119460821152177e-01
-8.134535392125448183e-01
-8.505187044541040464e-01
-8.442911694447199356e-01
-8.591440409421919888e-01
-8.883403887351353223e-01
-8.573636760314304883e-01
-8.387987047433853594e-01
-8.139050106207529334e-01
-8.130362277229626899e-01
-8.101458395520846345e-01
-8.096615607539812132e-01
-8.400116498271623655e-01
-8.259394238392512300e-01
-8.194304982821146721e-01
-8.391505559285481475e-01
-8.091317738095920031e-01
-7.484728033343951425e-01
-7.238207851847012764e-01
-7.099197323123613845e-01
-7.318532889087995263e-01
-7.195891618728638139e-01
-7.310305818915368015e-01
-7.631924038132031907e-01
-7.529534215728441726e-01
-7.140364080667496172e-01
-7.490162829558055790e-01
-7.485312740008036592e-01
-7.324160933494567871e-01
-6.908971031506856431e-01
-7.232241570949553555e-01
-7.885491311550139049e-01
-8.534342070420581905e-01
-8.652291129032769756e-01
-8.686249626179536332e-01
-8.556150826315085389e-01
-8.700565410157043988e-01
-8.370625304679074619e-01
-8.447846896946429318e-01
-8.232785192628701010e-01
-8.449935543040434371e-01
-8.632243144015471215e-01
-8.433075177172819625e-01
-8.245256808896859191e-01
-8.013655848801135573e-01
-8.115642425914604274e-01
-8.211012023190656928e-01
-8.240220529337723976e-01
-8.595727187891800680e-01
-8.543344996869564056e-01
-8.292173705995082855e-01
-8.140354218582311896e-01
-8.166890862087409220e-01
-8.464369706809521388e-01
-8.308563920358816857e-01
-8.208299092948436737e-01
-8.010113013287385453e-01
-8.187253666420777343e-01
-8.135239186386267196e-01
-7.973666561146577347e-01
-8.020840299626190717e-01
-8.276740315059820663e-01
-8.492347034315268495e-01
-8.403536550700665408e-01
-7.995373291273912830e-01
-8.253202202419440692e-01
-8.294079564511775970e-01
-8.408480984469255404e-01
-8.825281771520774310e-01
-9.001218480368455843e-01
-8.954514659941195109e-01
-9.032199787596860707e-01
-8.963011192778745917e-01
-8.970202391346295823e-01
-8.770902608831723235e-01
-9.182434474428495808e-01
-9.090323209762574130e-01
-9.645525723695755893e-01
-1.029889807105064392e+00
-1.035122516751289190e+00
-1.049746222297350595e+00
-1.049095790584882115e+00
-1.066723889609177967e+00
-1.057758161425590426e+00
-1.053551619251569260e+00
-1.059832358856996004e+00
-1.016331865886847208e+00
-1.042166076600551605e+00
-1.027712649603684802e+00
-1.038068448007106737e+00
-1.029097575445969692e+00
-9.964622274041174954e-01
-9.540543332695960999e-01
-9.252059603730837800e-01
-9.101016191144783996e-01
-9.534223067263762896e-01
-9.100532886882624073e-01
-9.126196208099524032e-01
-9.125315688550472704e-01
-9.445924781262875491e-01
-9.099296502768993156e-01
-9.260846627255280294e-01
-9.434800001482168685e-01
-9.643569760024547355e-01
-9.427274492879708090e-01
-9.106819974879423185e-01
-8.913414118190605695e-01
-8.886641941964625868e-01
-9.232713205118974198e-01
-9.195216976106166396e-01
-9.330781278510886789e-01
-9.526748073597748334e-01
-9.869656813641389803e-01
-9.827463837961356585e-01
-9.994594904283683467e-01
-9.819543254872163951e-01
-9.931437067687511888e-01
-9.690771204729875521e-01
-9.732593526442846477e-01
-9.945685029029845969e-01
-9.789450953404108535e-01
-9.797210464874903657e-01
-9.288456489642460401e-01
-9.802187194426854600e-01
-1.004221715529759695e+00
-9.582728664080301106e-01
-9.731249550978342544e-01
-9.873419384161632451e-01
-9.934681872526804902e-01
-9.858289952079455354e-01
-1.006105325619379709e+00
-1.032264565428097969e+00
-1.027382310231526708e+00
-1.036821789294481322e+00
-1.040864749501148712e+00
-1.034750586499770364e+00
-1.010300762206316039e+00
-1.006167303274075220e+00
-9.781741527219612875e-01
-9.727380342781543066e-01
-9.950078912079334259e-01
-1.006139992922544524e+00
-9.964720904827117920e-01
-1.015166931847731213e+00
-1.055608191589514355e+00
-1.062975666423638721e+00
-1.083230812847614244e+00
-1.042946720619996270e+00
-1.016072027385234833e+00
-1.030982546508312225e+00
-1.044851836065451289e+00
-1.068685262898604105e+00
-1.095752729475498066e+00
-1.117192969967921501e+00
-1.097180388619502400e+00
-1.100713898986577899e+00
-1.151693232109149312e+00
-1.106747014572223131e+00
-1.068001515914996702e+00
-9.783962778747081757e-01
-1.032596288373073046e+00
-1.032316023359696189e+00
-1.021473859002193008e+00
-9.713826857507230628e-01
-9.835276690622170026e-01
-9.554821160932381874e-01
-9.288997945686181534e-01
-9.466792774697144752e-01
-9.302080127100149642e-01
-9.166472420096396512e-01
-9.120231141646703010e-01
-9.328351656595865737e-01
-9.698145945866902817e-01
-9.812677145004271573e-01
-1.004767084121704013e+00
-1.022003964583078961e+00
-9.926189477245013215e-01
-9.613423869013786316e-01
-9.672102448840935729e-01
-9.655114986002444333e-01
-9.691741801798343658e-01
-9.647204972803593570e-01
-9.935385383665562564e-01
-9.856084880729516495e-01
-9.481456515689690168e-01
-9.172988968590893855e-01
-9.454836405813693556e-01
-9.280263302226861022e-01
-9.168997364739577272e-01
-9.171059983472029664e-01
-9.145389385521411896e-01
-8.719576256970564820e-01
-8.987990804016590118e-01
-8.903982120255629074e-01
-8.634954757988453355e-01
-8.776385394235451942e-01
-9.259839979310829916e-01
-9.263165918489296713e-01
-9.281455881893634352e-01
-9.445822604000567724e-01
-9.323934284349283397e-01
-9.622596092522144318e-01
-9.711394995450972623e-01
-9.623139967521031624e-01
-9.446118781963984690e-01
-9.715232382218044194e-01
-9.675469398498536266e-01
-9.529544760783514867e-01
-9.915166984001795303e-01
-1.011956120530764336e+00
-9.792807410160699888e-01
-9.794592807690302161e-01
-9.670285195112228172e-01
-9.826877397795518165e-01
-1.047352051983276855e+00
-1.013946051150560468e+00
-9.827437130113442221e-01
-1.033845723420381502e+00
-1.018447886655728052e+00
-1.086518492052952478e+00
-1.032692262281974305e+00
-1.015867166469494709e+00
-1.021596468240022704e+00
-1.050788091371456900e+00
-1.063952293743689825e+00
-1.114049511899550815e+00
-1.131819342821836383e+00
-1.144827240953842917e+00
-1.150509753078222452e+00
-1.123465393980344285e+00
-1.130669138828913400e+00
-1.090320623914400766e+00
-1.094127330183982671e+00
-1.074504013856252049e+00
-1.021930925051371286e+00
-1.015841714541117380e+00
-1.043494171400864978e+00
-1.102889409164587775e+00
-1.113911581536134232e+00
-1.126293190817038159e+00
-1.093035258352756500e+00
-1.112323537965615561e+00
-1.128572741647561273e+00
-1.120129775752623846e+00
-1.152269799262285233e+00
-1.185149038583040326e+00
-1.150160825997590841e+00
-1.128419491400321384e+00
-1.145356135318676749e+00
-1.160658980657657047e+00
-1.155178962399562081e+00
-1.190500383824109942e+00
-1.174281654010216336e+00
-1.209503476073344519e+00
-1.229896150281031719e+00
-1.257241074492533972e+00
-1.252785014361143201e+00
-1.236666005104780197e+00
-1.168877985452612123e+00
-1.126717865839600430e+00
-1.099715303753812989e+00
-1.031311584884921695e+00
-9.965559237947066995e-01
-1.004673069094618176e+00
-9.890140350908041000e-01
-9.582095579554638087e-01
-9.363821105410656820e-01
-9.378258929898342089e-01
-9.477375771850347075e-01
-8.730791443337997393e-01
-9.024090860038995743e-01
-9.053720408429701827e-01
-9.117063714812199127e-01
-9.247877770413954757e-01
-9.216153953224419659e-01
-9.321469713002442647e-01
-9.686571904768546126e-01
-9.922757415721812357e-01
-1.042996862406531999e+00
-1.076515567178527366e+00
-1.109411916012565058e+00
-1.136169978852073381e+00
-1.095182848845918766e+00
-1.109701968108614212e+00
-1.084220862264434482e+00
-1.057226619000236179e+00
-1.038664262865980348e+00
-1.039169227456053113e+00
-1.035342611248294631e+00
-1.090644259626666557e+00
-1.079260283087690508e+00
-1.075010556355118663e+00
-1.061163868879278382e+00
-1.110298505797982171e+00
-1.114800450578331770e+00
-1.111632825310031603e+00
-1.119479061538974474e+00
-1.123364024733503719e+00
-1.108071953927477260e+00
-1.086177784080306630e+00
-1.123086329177021891e+00
-1.110075437898437212e+00
-1.099627921854456236e+00
-1.156894147023558528e+00
-1.138947981223464190e+00
-1.160904667402307133e+00
-1.134135464454690601e+00
-1.134937874103585820e+00
-1.107810566450158740e+00
-1.106857498114307781e+00
