-2.600929162465036026e-01
-2.727093760312224724e-01
-2.845723280450329629e-01
-2.507047463596487891e-01
-2.340125376125797851e-01
-2.447672778507694602e-01
-2.465580566863839751e-01
-2.702997797867283114e-01
-2.859120563060665865e-01
-3.017467424661541830e-01
-2.984484697769706485e-01
-2.739757672340298877e-01
-2.712248896947130339e-01
-2.736109967421119227e-01
-2.761174161996071685e-01
-2.709392075504486463e-01
-2.716026012863342887e-01
-2.453956819837913028e-01
-2.702135026222095004e-01
-2.794324675962950311e-01
-2.650391289731487410e-01
-2.343960045914476042e-01
-2.032615660456940365e-01
-2.000198531973486071e-01
-1.824480741051956734e-01
-1.606644169815505396e-01
-1.605210971164827416e-01
-1.478600597707554476e-01
-1.343597142724320126e-01
-1.297581403283402102e-01
-1.493109930384283190e-01
-1.797983347205445170e-01
-1.734333042132978620e-01
-1.922676398186013158e-01
-1.968164869972194309e-01
-2.186538297760610705e-01
-2.061011203952754500e-01
-1.975484250811860021e-01
-2.235022583433116661e-01
-2.211722313193604239e-01
-2.199739047714198703e-01
-2.036857724888250232e-01
-1.963999490641678558e-01
-1.631722748978063353e-01
-1.522838017049555903e-01
-1.693254421853149783e-01
-1.320699533525233615e-01
-1.484189605417971791e-01
-1.456632888022189320e-01
-1.434919213953738393e-01
-1.422725047372902507e-01
-1.259843722063427041e-01
-1.387451107380911486e-01
-1.207409744538987528e-01
-1.248982076921189704e-01
-1.133516137876237340e-01
-9.402548429400969798e-02
-8.291939503978937309e-02
-8.131507542760421647e-02
-9.278785233230639473e-02
-8.145695670973507330e-02
-8.795284448812404343e-02
-8.711305726319548692e-02
-8.878592122346160020e-02
-8.503947363545494298e-02
-6.475851840029159256e-02
-8.537021384884913022e-02
-9.086190368980168186e-02
-9.295657829691965357e-02
-9.007580137501160211e-02
-1.050481707478563009e-01
-1.161772684116537391e-01
-1.229434992729996762e-01
-1.153758293250575773e-01
-1.175093296527241760e-01
-1.486586276053761535e-01
-1.650785757461563086e-01
-1.707289249558622823e-01
-1.633462747791782355e-01
-1.412630360185479217e-01
-1.368421702568108911e-01
-1.583876002812757977e-01
-1.662481436117862754e-01
-1.671962597950672202e-01
-1.532865647459402680e-01
-1.698158002380902587e-01
-1.826378928109382571e-01
-2.135106162711357114e-01
-2.229802711789186098e-01
-2.115659727637345666e-01
-2.355650945488984849e-01
-2.240117902789886262e-01
-2.153143371377761461e-01
-2.107535069420312934e-01
-2.118799338970954182e-01
-2.057483371580019482e-01
-2.209479099993283402e-01
-2.139971371972933523e-01
-1.976883936906233541e-01
-2.012522169932102201e-01
-1.883141264552250504e-01
-1.922753143667553788e-01
-1.769535122672095673e-01
-1.965451906978463170e-01
-2.167614366471146692e-01
-2.051750576356425881e-01
-2.141327873726064923e-01
-2.088946627685800417e-01
-2.199446695158258080e-01
-2.500859347094471774e-01
-2.406210730085149574e-01
-2.473130072389418954e-01
-2.299252912634983659e-01
-2.490635231370106339e-01
-2.337287798756733648e-01
-2.448085064922149168e-01
-2.759625976517175450e-01
-2.729629472130909451e-01
-2.903180698786551606e-01
-3.136336694393927482e-01
-3.384965459738547566e-01
-3.263968045745666013e-01
-3.301571528349692697e-01
-3.181005517874533894e-01
-3.293279112859939239e-01
-3.241401157264287014e-01
-3.019375226382786659e-01
-2.748275450353200311e-01
-2.615103041365121617e-01
-2.531646793320153632e-01
-2.488085230424379179e-01
-2.325702413916587719e-01
-2.225848262508710040e-01
-2.149399826924006107e-01
-2.209565401077270286e-01
-1.988733010987440708e-01
-2.091074881454308698e-01
-2.306366212666034476e-01
-2.076728520294030544e-01
-2.211516278485456954e-01
-2.228508546948432811e-01
-2.215255056818326573e-01
-2.395468965172767861e-01
-2.544027889768282757e-01
-2.763729055722554673e-01
-2.700438246130942854e-01
-2.798768118023872153e-01
-2.532337004939714808e-01
-2.383878737688064353e-01
-2.299334409646689725e-01
-2.156767132692039013e-01
-2.266807051065067302e-01
-2.434716549081106796e-01
-2.327969627144436116e-01
-2.556763695242504353e-01
-2.602319273166358582e-01
-2.863429797502855534e-01
-2.884664142193893444e-01
-2.871626348855594868e-01
-2.899954787455498728e-01
-3.071900253805021075e-01
-3.100746368678907183e-01
-2.974107231013476405e-01
-2.881869646720587874e-01
-2.642453608723978054e-01
-2.930713432841002830e-01
-3.081275952669481621e-01
-3.054965497615436676e-01
-2.773703909479081631e-01
-2.396911726954082389e-01
-2.628744755250712051e-01
-2.558987775507072238e-01
-2.405745785993834152e-01
-2.246104738675057944e-01
-2.139266745808223735e-01
-1.897698508265117656e-01
-1.730996918243666305e-01
-1.809875554405152576e-01
-1.631310534042616500e-01
-1.566615275107323957e-01
-1.490296266041696016e-01
-1.699639098408321503e-01
-1.608518353663384859e-01
-1.854784018360078335e-01
-1.794119945727288834e-01
-1.629843774251639732e-01
-1.658699475539227586e-01
-1.719847671998044059e-01
-1.826834251793722497e-01
-2.044320916446547010e-01
-1.927076652956505876e-01
-2.135547101808091264e-01
-2.291933497103552098e-01
-2.262425904783109676e-01
-2.195266900273660782e-01
-2.245232319148878219e-01
-2.019031426869332679e-01
-1.851495794020593111e-01
-2.008543661795556545e-01
-1.952217520835498876e-01
-1.997581366760035337e-01
-1.723111891808609131e-01
-1.649975631696482536e-01
-1.610886210265259355e-01
-1.441342198910812722e-01
-1.378132876940071361e-01
-1.273950380273163041e-01
-1.330468249507248124e-01
-1.293392029590904602e-01
-1.617036029075582526e-01
-1.433203167592485561e-01
-1.600134826575716485e-01
-1.547427636260787498e-01
-1.936845383917291941e-01
-1.728518731271227182e-01
-1.894491736466685783e-01
-1.889492337281505063e-01
-1.962700499221682326e-01
-1.934242644036809344e-01
-1.920308508599797848e-01
-1.649146405979990959e-01
-1.751838180546959056e-01
-1.951139035945137212e-01
-2.241694850847124887e-01
-2.583716388170917977e-01
-2.414210712537169790e-01
-2.371588638052344600e-01
-2.642405624811847709e-01
-2.780424073959389952e-01
-2.902734861398736932e-01
-3.072638358299930594e-01
-3.193022236848870876e-01
-3.251462221766511229e-01
-3.348171969875692877e-01
-3.612129733587304825e-01
-3.597299253568053135e-01
-3.612704935794075478e-01
-3.428359198694427845e-01
-3.263109990085164558e-01
-3.058138646806279892e-01
-3.234100906178354884e-01
-3.452320951347549460e-01
-3.702085731551051362e-01
-3.897858722135424392e-01
-3.821017238001028771e-01
-3.971915295968452830e-01
-4.037938288102547180e-01
-4.080152932554483303e-01
-3.956797208636999019e-01
-3.583413075655699220e-01
-3.639652938892443679e-01
-3.776818182319402473e-01
-3.726651436338822010e-01
-3.753144036978482978e-01
-3.596383769065141789e-01
-3.490039486438035743e-01
-3.574602983891963515e-01
-3.630617551505564977e-01
-3.782560559610525508e-01
-3.473593654731909064e-01
-3.424347231785456191e-01
-3.456994444131851196e-01
-3.549476486941178788e-01
-3.323668656560282431e-01
-3.573265659622848478e-01
-3.546413560397922993e-01
-3.546058853156864310e-01
-3.553728143063684120e-01
-3.484987348007658747e-01
-3.371491461681822566e-01
-3.665076640434563049e-01
-3.668187506186465496e-01
-3.496644677904744425e-01
-2.890742085563639541e-01
-2.811930554298062712e-01
-2.627647121436893496e-01
-2.423629641222456998e-01
-2.525266885447005061e-01
-2.543208231218159199e-01
-2.553926060286660915e-01
-2.676927079446613789e-01
-2.651570498632888073e-01
-2.784560769485930343e-01
-2.826094756213327064e-01
-2.887659974085787784e-01
-3.011078014659384627e-01
-3.210383668231467369e-01
-2.890804384835064522e-01
-2.867825274355709775e-01
-2.668682589816550599e-01
-2.126459066756069549e-01
-1.765432074355582359e-01
-1.679699005869527695e-01
-1.717944783158600330e-01
-1.377394787656764374e-01
-1.560177909520765183e-01
-1.538977121002972348e-01
-1.836416110085944409e-01
-1.883927349932491557e-01
-1.605417107231915108e-01
-1.528628344026704555e-01
-1.363043581135570670e-01
-1.270532786535719660e-01
-1.095543570506075787e-01
-1.117794095538556381e-01
-1.388850757541755798e-01
-1.197065799497067790e-01
-1.513654049796362422e-01
-1.682536591154833450e-01
-2.267933437290290954e-01
-2.317477046512067262e-01
-1.989854593140383543e-01
-1.893365352414548286e-01
-1.875682849747439263e-01
-1.981868947856128271e-01
-1.836679727149506391e-01
-1.759325361810624433e-01
-1.644180582525829049e-01
-1.752331938905020148e-01
-2.190511988165477764e-01
-2.076488834184904708e-01
-2.185229759973784380e-01
-2.030640859467287840e-01
-1.971544194966554642e-01
-1.804981617877880751e-01
-2.050408461441596275e-01
-2.409772161394357626e-01
-2.439375617851813616e-01
-2.580284425367911361e-01
-2.833509970456361549e-01
-2.667311687022447253e-01
-2.575725991278886573e-01
-2.579714028785625723e-01
-3.023559743538498656e-01
-3.012880260124802811e-01
-2.734988363459706084e-01
-2.800925067936380630e-01
-2.699206334228316795e-01
-2.763254483075191503e-01
-2.696090677908311584e-01
-2.757444992195814959e-01
-2.980894510479022985e-01
-2.958984319896747484e-01
-2.622738723487903489e-01
-2.600679933559149060e-01
-2.430105360380063195e-01
-2.432305487028012525e-01
-2.789344441921760565e-01
-3.039133198093623145e-01
-3.315980153313526912e-01
-3.529315811426688709e-01
-3.818467179468522099e-01
-3.995627765388538033e-01
-3.795042300752053399e-01
-4.017595484387129212e-01
-4.079678385984152333e-01
-4.239290674061824693e-01
-3.784588107994447115e-01
-3.758176991871247652e-01
-4.177974710396180624e-01
-4.231113304228831806e-01
-4.203115611802786256e-01
-4.164946517130980741e-01
-4.297701908430705542e-01
-4.515385088355590160e-01
-4.114842064833889035e-01
-4.151630687372137585e-01
-4.261637079374243631e-01
-4.275916338122139337e-01
-4.140476683930804369e-01
-4.031088660315921279e-01
-3.956092606143405410e-01
-4.077693979100634469e-01
-4.125794803258031052e-01
-4.223511138465254611e-01
-4.336810498343159348e-01
-4.347480396584917917e-01
-4.420750866488863950e-01
-3.902326077378044378e-01
-3.810778737223396995e-01
-3.719940801616757886e-01
-3.690692047433306033e-01
-3.806781113302956099e-01
-3.891219986137002262e-01
-3.759308221594740429e-01
-3.857053302383671167e-01
-3.610423358933379512e-01
-3.577939125554015498e-01
-3.620211286004633155e-01
-3.264337095276763079e-01
-3.055799536562214258e-01
-2.758087319787591585e-01
-2.899973960127681938e-01
-2.660941387992352691e-01
-2.580567226589968177e-01
-3.294673925420890104e-01
-3.435932661872357352e-01
-3.760765409252295743e-01
-3.842529617870847347e-01
-3.858874800925453652e-01
-3.902901309852798706e-01
-3.661016740525762092e-01
-3.779281952107946263e-01
-3.901305136270821206e-01
-3.875195999629795218e-01
-3.796125630227227266e-01
-3.320332516916095766e-01
-3.174021660971144687e-01
-3.124655405369897720e-01
-3.043480773456395116e-01
-2.884505991823971272e-01
-3.121587680963178735e-01
-3.118443267730375279e-01
-3.210776723610858086e-01
-2.902960218178729512e-01
-2.726954819944997221e-01
-2.691345351127286678e-01
-2.834852136361102337e-01
-2.861498134521146541e-01
-2.742772745278975188e-01
-2.587862682528794256e-01
-2.581017844068507761e-01
-2.606738722262283425e-01
-2.598264163670440663e-01
-2.434376255609095041e-01
-2.726997976812223223e-01
-2.802291219743589523e-01
-2.737993782075742732e-01
-2.619119798454145331e-01
-2.546563531272113545e-01
-2.635474548054238531e-01
-2.691570595217247508e-01
-2.484063598327338473e-01
-2.682247611694038025e-01
-2.731062633606294865e-01
-3.068319631430010408e-01
-3.050411841211220221e-01
-3.008748422997693517e-01
-3.573778520959119409e-01
-3.454022567408780442e-01
-3.647878225582341094e-01
-3.843531381028393867e-01
-3.852461309172213189e-01
-3.918230258859694559e-01
-4.138568931259215544e-01
-4.040267818607390371e-01
-3.851085631487270455e-01
-3.851368440625568268e-01
-3.857777092295388566e-01
-3.888775401748716942e-01
-4.126892450886467945e-01
-4.291245314913491038e-01
-4.079266165383159670e-01
-4.041168982473511972e-01
-3.960885916836559550e-01
-3.420843317794303173e-01
-3.057903783706327205e-01
-2.579948884434997702e-01
-2.558666608917216090e-01
-2.754271824223299414e-01
-2.512785086097816256e-01
-2.439135937951505406e-01
-2.112639929167926534e-01
-2.262622461964686749e-01
-2.312899449219306403e-01
-2.534091329085640387e-01
-2.898564709234051628e-01
-2.717627001809887477e-01
-2.463816662513029776e-01
-2.450103024525257522e-01
-2.445170720301879097e-01
-2.162207508964153480e-01
-2.092766890806766755e-01
-2.197677959882033683e-01
-2.632445166391941260e-01
-3.031732335570268555e-01
-2.940280854585580750e-01
-2.982203105969044032e-01
-2.953443268818470302e-01
-2.824364341679028723e-01
-2.717972129466943443e-01
-2.679515441142332755e-01
-2.873380700630756568e-01
-2.670326679828576300e-01
-2.712637185933999273e-01
-2.572893162451994620e-01
-2.509103854380858589e-01
-2.097713611903600228e-01
-2.135427343232246533e-01
-2.438949065787407167e-01
-2.440497306369555641e-01
-2.394668516896975574e-01
-2.528497616333576503e-01
-2.529111166678679190e-01
-2.306395004076572386e-01
-2.200419803344023095e-01
-2.251200084147663982e-01
-2.316465729731135015e-01
-2.046046589074345945e-01
-2.361738497274927795e-01
-2.393599600725186405e-01
-2.343341793748550117e-01
-2.420542777709973059e-01
-2.240645221007677157e-01
-1.868421068919511874e-01
-1.592106169594141307e-01
-1.591439898940734676e-01
-1.456177608304036197e-01
-1.488019542031300546e-01
-1.252174522611312624e-01
-1.278374737633081737e-01
-1.228466838481835910e-01
-1.676938106499922532e-01
-1.715356439235619923e-01
-1.842431763691516899e-01
-1.761693318568480215e-01
-2.087096469981284952e-01
-2.495371075851531839e-01
-2.433331318432465085e-01
-2.367725343365842949e-01
-2.581708094337955006e-01
-2.828913252412652013e-01
-2.937582288791115159e-01
-2.874320243407662012e-01
-3.060372406849637406e-01
-2.896642672868134927e-01
-2.880887076607905328e-01
-2.779892122101349505e-01
-2.796500927186570951e-01
-2.578765005843403069e-01
-2.713802012032828781e-01
-2.516241120523772801e-01
-2.616071295963289245e-01
-2.362184277153573930e-01
-2.130533398167850923e-01
-1.718208438134752325e-01
-1.493388022955817740e-01
-1.446164375520311296e-01
-1.596448884384396028e-01
-1.599329661306304051e-01
-1.879848294930221986e-01
-1.792260218140048211e-01
-1.535132910784644533e-01
-1.739562606788240540e-01
-1.733120407637519234e-01
-1.783440536237322072e-01
-2.049794958011868229e-01
-2.111513563470604482e-01
-2.250749507026436613e-01
-1.545079031066658448e-01
-1.668616899327995673e-01
-1.919402652458908343e-01
-1.967259023066920409e-01
-1.834096196767253106e-01
-2.071120374874832470e-01
-1.849262221134267414e-01
-1.864533691084943601e-01
-1.769079812841179433e-01
-1.883769242442212832e-01
-1.486519235845965570e-01
-1.410219397745094971e-01
-1.545059876244825325e-01
-1.429804843268357439e-01
-1.717829785348537475e-01
-2.019223254523239697e-01
-2.341026630601845404e-01
-2.602602115871074373e-01
-2.782192894917291937e-01
-2.671280590545696554e-01
-2.678738969416978311e-01
-2.639596827677450630e-01
-2.668423770965697162e-01
-2.051654735308450772e-01
-2.183091977339548240e-01
-2.112846085530084850e-01
-2.102137852809391749e-01
-1.797647892536284875e-01
-1.480182463031572415e-01
-1.534941185265779051e-01
-1.475432295352220313e-01
-1.357852507382631413e-01
-1.058237346665312911e-01
-1.256459715620925066e-01
-1.303645017401625639e-01
-1.108643748021374276e-01
-1.082299736794084394e-01
-1.241979134734720186e-01
-1.400810117367655150e-01
-1.577596820735683025e-01
-1.944486034257958407e-01
-2.102406294240305729e-01
-2.085140815470367670e-01
-1.977348959539085571e-01
-1.950832392244289115e-01
-1.899064692823837219e-01
-2.026528281935801035e-01
-2.386855446267872882e-01
-2.520387354462096940e-01
-2.425355278421192917e-01
-2.477578344910094654e-01
-2.282294271358598914e-01
-2.444494935839126304e-01
-2.557597781686732907e-01
-2.581602658300350406e-01
-2.667191918163249742e-01
-2.692634776700287835e-01
-2.373180111714949247e-01
-2.704071596730500682e-01
-2.607941850243757353e-01
-2.839980974017332072e-01
-2.822413508314639552e-01
-2.841931848941992023e-01
-2.904959012288600428e-01
-2.872527499217539804e-01
-2.881840893843521378e-01
-3.091202894070496088e-01
-2.890003884055962202e-01
-2.989038372257103449e-01
-2.966514631329724705e-01
-2.997838885057717562e-01
-2.943593045541396114e-01
-2.895444289315491915e-01
-2.823204373785604959e-01
-2.542963758576661237e-01
-2.492849762706706995e-01
-2.531239346135407686e-01
-2.408032214113821623e-01
-2.534834323295702685e-01
-2.584138265966127168e-01
-2.754243102390319109e-01
-2.695438828784972873e-01
-2.790686609068264712e-01
-3.163102504331618547e-01
-3.087301171539972300e-01
-3.194057669956236745e-01
-3.304677572567015775e-01
-3.287646960932761320e-01
-3.470708108662317048e-01
-3.447891974666466575e-01
-3.491602126974612808e-01
-3.548014543174455859e-01
-3.405897823783258227e-01
-3.288361159774164100e-01
-3.096001006973286285e-01
-2.640675289245943413e-01
-2.506745539916058751e-01
-2.274016164553662178e-01
-2.244762619957327843e-01
-2.215245446190238221e-01
-2.012306462352474457e-01
-1.839363982280095566e-01
-2.078123328586419516e-01
-2.053049544493357470e-01
-2.255609842017292921e-01
-2.349256658926606178e-01
-2.735745697592695258e-01
-2.558935030673941124e-01
-2.507296745354930523e-01
-2.531800115481018798e-01
-2.456583561375737246e-01
-2.546884652848044883e-01
-2.550148901219169151e-01
-2.561307715252041928e-01
-2.596447434897224404e-01
-2.547311263158917871e-01
-2.391873942688107768e-01
-2.381434124583999556e-01
-2.107717188075184656e-01
-2.077035237724582095e-01
-2.042149563009540425e-01
-1.958976119135816818e-01
-1.902645191177725903e-01
-1.882335961485902542e-01
-1.821916347369551548e-01
-1.803025926773746956e-01
-1.741297737384835953e-01
-1.815407043322920799e-01
-1.800255403543511989e-01
-1.679075832789142797e-01
-1.652875621492663760e-01
-1.618541170532504514e-01
-1.283426795775691465e-01
-1.150091404095291980e-01
-1.118028982852895953e-01
-1.030033468579252542e-01
-9.905462258805831921e-02
-9.783999913682539518e-02
-8.096133166303237649e-02
-6.637434332321087704e-02
-8.112574138989050998e-02
-8.065120397756496418e-02
-5.260844745983681015e-02
-5.184727050364018597e-02
-3.195409315327804589e-02
-4.624149985611439306e-02
-5.120544719199340844e-02
-8.220854935546716147e-02
-6.703821507592995499e-02
-8.013975732028484622e-02
-9.126454082628090991e-02
-9.970651082694530210e-02
-1.252931764970223183e-01
-1.359875213354825862e-01
-1.745113195230563186e-01
-2.096822022149960052e-01
-1.983172733336686921e-01
-1.897334216783443939e-01
-2.063398290425538795e-01
-1.954331406702597973e-01
-1.842728870299955024e-01
-1.924981999211013428e-01
-1.962657382401327699e-01
-1.900794980737070539e-01
-1.868953056943913615e-01
-1.886822499645253171e-01
-1.533857840113341808e-01
-1.633985204311708683e-01
-1.881794316383699761e-01
-2.032840971214076031e-01
-2.038568972609937358e-01
-1.746857970021665207e-01
-1.614126542272666942e-01
-1.580745959344009577e-01
-1.292145822507639874e-01
-1.167903337938090147e-01
-1.090127159841358662e-01
-1.372788399147490679e-01
-1.314434696920216139e-01
-1.279942068892220841e-01
-1.354137642619510640e-01
-1.328718745149672087e-01
-1.155359250493347700e-01
-1.011742221501966410e-01
-1.085923415608704146e-01
-9.656641703719895387e-02
-9.172374031816922513e-02
-8.699418526763717796e-02
-6.711442889645695409e-02
-7.730499627068639079e-02
-1.019473803229630077e-01
-1.070901177513102903e-01
-1.246537469017009181e-01
-1.361543260204295391e-01
-1.420668683635691876e-01
-1.301847427772978849e-01
-1.026515145165224768e-01
-1.018256285848716941e-01
-1.101611874066293351e-01
-1.187023792726298321e-01
-9.522668529922764802e-02
-1.015485764481127290e-01
-1.124734790064394474e-01
-9.323794385418296415e-02
-1.125204537374277919e-01
-9.422296773021418548e-02
-8.708621452872951363e-02
-7.821476251507797350e-02
-1.080828094544509788e-01
-1.066472146970530444e-01
-1.187613364619513473e-01
-1.127208125156660967e-01
-9.884898578748108067e-02
-9.327485080187519761e-02
-7.075925584261616441e-02
-5.347363691156109544e-02
-9.260906120762230076e-02
-7.853399853532513908e-02
-7.493135075395307432e-02
-1.013319208286702633e-01
-1.113053516174356133e-01
-1.178841636205713028e-01
-1.102532208586732565e-01
-1.121173372492194342e-01
-9.857145554075640026e-02
-1.012211939319968279e-01
-8.506104306628306522e-02
-9.496257460365692404e-02
-7.564794973780711307e-02
-8.335606449594100409e-02
-7.576922023048004995e-02
-9.261097926646472134e-02
-8.684367357442777935e-02
-9.254962472865981005e-02
-1.113786878064274843e-01
-1.221108994757135746e-01
-1.493761813888947187e-01
-1.251766975969076101e-01
-1.177954858789841408e-01
-1.157185466339190894e-01
-1.013453405350446673e-01
-9.899086865286030323e-02
-1.188054364174604138e-01
-1.042237208535273518e-01
-9.741003724435962075e-02
-8.952217313150562239e-02
-9.352026941875614396e-02
-9.973095568517842402e-02
-1.049686008443434931e-01
-9.140929815669854297e-02
-7.539102993905544281e-02
-9.091558866202831268e-02
-1.185307821879784257e-01
-1.351870403935511722e-01
-1.551166471093892718e-01
-1.805657460043827434e-01
-2.061107103402415597e-01
-2.142478251829743052e-01
-2.085361219321687498e-01
-2.237793132041890898e-01
-2.241229932289570126e-01
-2.375581503690530893e-01
-2.382138747256249134e-01
-2.275756118974338049e-01
-2.269798038682589725e-01
-2.378184267164518140e-01
-2.380830176950742560e-01
-2.339420823535571237e-01
-2.199144729257871689e-01
-2.182871459207187115e-01
-1.906153915605197369e-01
-1.929660288772235277e-01
-2.125955748837441150e-01
-2.234039990386615104e-01
-2.357021836719165042e-01
-2.505820426624267849e-01
-2.633533262492467886e-01
-2.835925800881038406e-01
-2.529087119580556986e-01
-2.283104249121000462e-01
-2.136151088556896005e-01
-2.006314814866831386e-01
-1.891131675026069547e-01
-1.829135061086466230e-01
-1.932627321065714110e-01
-1.790544160486509384e-01
-1.915692576051999940e-01
-1.649592209141701460e-01
-1.883011816224704205e-01
-1.628362648965170079e-01
-1.629632873615871058e-01
-1.765556639215598578e-01
-1.971841350973894125e-01
-1.899558301549404971e-01
-1.856567143928259389e-01
-1.713141849419722584e-01
-1.449783250223845021e-01
-1.441433315010120231e-01
-1.427225956848511834e-01
-1.429037823807448038e-01
-1.403748347889632042e-01
-1.538608006667345762e-01
-1.531274251174181700e-01
-1.960025848976025831e-01
-2.056352115701883809e-01
-2.294708825182169565e-01
-2.206914638013889318e-01
-2.274342069557557522e-01
-2.566307114592443206e-01
-2.645133025478571542e-01
-2.486297254295398718e-01
-2.271585911046713480e-01
-1.931016752651582014e-01
-1.726630195509642474e-01
-1.735195829998701922e-01
-1.684564137986550580e-01
-1.574433142474542247e-01
-1.273566935987522353e-01
-1.235321148764342014e-01
-1.193111300002783759e-01
-1.297360903273026278e-01
-1.266376958539088549e-01
-1.402775266518195285e-01
-1.554933954030275345e-01
-1.470782686024904307e-01
-1.397564936429261939e-01
-1.629326064139604568e-01
-1.819198468079169517e-01
-1.932612874855597629e-01
-1.834412419547637174e-01
-1.827188912779092456e-01
-1.795212769260008945e-01
-1.728235904127359279e-01
-1.347546779861052979e-01
-1.455511196206013547e-01
-1.473744930078585980e-01
-1.179411998639504078e-01
-1.101372193545103184e-01
-1.240881359825531660e-01
-1.550346753249565723e-01
-1.588233039714396222e-01
-1.559022634290158638e-01
-1.711291580460965744e-01
-1.953104266586402904e-01
-1.914954353434344392e-01
-1.737300059758126736e-01
-1.457438117824494950e-01
-1.412529634001354339e-01
-1.128128425839046711e-01
-1.182254440151155050e-01
-1.390355807108183961e-01
-1.563058636151254399e-01
-1.552796166700621816e-01
-1.589867593410114743e-01
-1.330861312958101506e-01
-1.590437989992399825e-01
-1.777875411324202903e-01
-2.198938556325932270e-01
-2.282442737681170120e-01
-2.288587758007148976e-01
-2.309822091522316378e-01
-2.191614381037652604e-01
-2.214128535551329602e-01
-2.111470323366423651e-01
-1.966573488277693627e-01
-1.666891228718062334e-01
-1.462907313369214701e-01
-1.275834181966880865e-01
-9.602716918355629072e-02
-1.107555593606472516e-01
-1.076183404084682937e-01
-1.155560548659801956e-01
-1.479017610904217184e-01
-1.433486000256380122e-01
-1.336220240152518612e-01
-1.460803037441412988e-01
-1.672485009388764987e-01
-1.824696429626783134e-01
-1.782040807661056936e-01
-1.665410094516118766e-01
-1.665127290344874389e-01
-1.619178665733973510e-01
-1.546286864138285699e-01
-1.622399770276387876e-01
-1.506722910261790171e-01
-1.411872986015320075e-01
-1.127538882748922167e-01
-6.451358179814026261e-02
-2.201469521290467385e-02
-1.067708910074239431e-02
-4.249265596930229538e-03
-2.084944179223383043e-02
-8.485109786852240710e-03
-4.599032916691306316e-02
5.975815474327378363e-03
1.942918605539795118e-02
1.016661096946341880e-03
-1.982031727772359808e-02
-3.680539642712873927e-02
-2.677109156987472760e-02
-6.804864424533055289e-02
-1.002050152601441091e-01
-8.915021431263689400e-02
-8.281442236717945216e-02
-7.191923818803236390e-02
-1.125372326554497648e-01
-1.561941818576694230e-01
-1.566581742149234513e-01
-1.550092772823215559e-01
-1.430926408550780016e-01
-1.375515794934472069e-01
-9.750159096535451764e-02
-7.749816712554699616e-02
-8.311975535568003060e-02
-8.672911462005380989e-02
-6.147798013504749554e-02
-5.570252648806975349e-02
-1.421934179282591248e-02
-1.253066017234231999e-02
-2.474639966094401011e-02
-5.779768566329335222e-03
-1.309195611878141707e-02
-5.262091298936844019e-03
7.707630196819303947e-04
1.958064881425067294e-03
-2.100234861427449640e-02
-2.428815995905701797e-02
-4.145442543182675799e-02
-7.138238879851996344e-02
-7.650787167561551305e-02
-1.168593568882594358e-01
-1.323441314976662453e-01
-1.183265878042827207e-01
-1.169844620705892541e-01
-9.681423140379288861e-02
-9.885618123225867193e-02
-9.390565388215083020e-02
-1.060001225055505758e-01
-1.059315781574696191e-01
-1.080382359058906505e-01
-1.114002607297152336e-01
-9.266083235852418110e-02
-9.598546917550263013e-02
-9.127748405250410424e-02
-1.502255578370144118e-01
-1.422360757521043406e-01
-1.420606404077262019e-01
-1.563480466138571501e-01
-1.760092277855923037e-01
-1.878697834443300851e-01
-2.016045219730585869e-01
-1.790692746173590533e-01
-1.899419298550734936e-01
-1.703095099112639788e-01
-1.918755509735395326e-01
-2.097636879266550070e-01
-2.216189708095044342e-01
-1.901231183204800113e-01
-1.980838401708752139e-01
-1.982142173840354404e-01
-1.656206969016542074e-01
-1.365253310495366801e-01
-1.748180916998535450e-01
-1.648101489835729350e-01
-1.932013785932213401e-01
-1.665582672537615216e-01
-1.286480114640047301e-01
-1.212073629877219727e-01
-1.094901269456992621e-01
-1.316011663060635550e-01
-1.340160335879773124e-01
-1.630936633329838625e-01
-1.680753457825630848e-01
-1.448033678811043445e-01
-1.479477771402646913e-01
-1.537678088527172915e-01
-1.364098110081007342e-01
-1.281715565283472469e-01
-1.214537384997432523e-01
-1.040099405140305633e-01
-1.247045579443996077e-01
-1.040214442104722137e-01
-1.278738918791835488e-01
-1.145906828731919208e-01
-1.213439712688947764e-01
-1.215131749476616591e-01
-1.321586270894234416e-01
-1.075895789777859962e-01
-7.901332785841078121e-02
-4.894204472657293081e-02
-3.360490535851567984e-02
-2.870662626034269083e-02
-8.015364074769118496e-03
-5.833452906614790268e-02
-8.585673239237318066e-02
-7.197675572242587250e-02
-7.201222644653169913e-02
-8.341262605196486657e-02
-1.067704048395777816e-01
-1.042649438371881787e-01
-9.401877352502197027e-02
-1.312872037679577719e-01
-1.094311679791038217e-01
-1.043171907852714214e-01
-3.736141973640769165e-02
-5.722487821088484417e-02
-6.441004329826684194e-02
-5.557598102993022843e-02
-4.961119173870733728e-02
-4.978087473815929337e-02
-4.024363437201829152e-02
-4.605120374665906680e-02
-5.968528244799624349e-02
-4.301656153208265054e-02
-8.032765280610570935e-02
-8.338769938951978711e-02
-4.051685101197410183e-02
-3.911912209199119861e-02
-2.694124943421532387e-02
-1.283263332055260483e-02
-3.295828666693222109e-02
-3.159746705399206490e-02
1.213138124439864726e-02
6.602302899894611082e-03
2.658128113641092943e-02
-9.625431220047185599e-03
-2.163218316466859054e-02
-3.959893094530950175e-02
-7.482157902947317307e-02
-6.398439364663015272e-02
-6.652005272141348069e-02
-5.763134714992095703e-02
-6.586576756866027726e-02
-6.630914814304561533e-02
-8.897812870175889066e-02
-8.722665490737807614e-02
-1.011641498111809506e-01
-1.078824471061428508e-01
-1.133899553989370645e-01
-1.110690369581182751e-01
-9.789511704196532382e-02
-9.890314880758523108e-02
-7.819127509525666819e-02
-8.986393282345186972e-02
-1.191232315652693552e-01
-1.191102894100671272e-01
-1.332179468823597168e-01
-1.616676551057025790e-01
-1.693383827262247565e-01
-1.817007970763370728e-01
-1.507715117884800005e-01
-1.429694482513393095e-01
-1.515806206890071561e-01
-9.842142153065652765e-02
-7.470845866482705988e-02
-8.587254770876220911e-02
-8.480076480191200972e-02
-5.865088459880402755e-02
-3.376691696078827631e-02
-5.171305395197123289e-02
-6.285796892674019865e-02
-4.929099810154486533e-02
-8.107588819693772875e-02
-8.658531339994321452e-02
-1.081062995595857557e-01
-9.876270922056090695e-02
-7.936707766881834214e-02
-9.917876826754462583e-02
-1.119951084954664278e-01
-9.883412849934150590e-02
-1.003483338359122540e-01
-1.187229914668326697e-01
-8.534720373184731534e-02
-1.192929160548374112e-01
-1.048794460250064703e-01
-9.307784805229554759e-02
-1.027838147633398647e-01
-1.481682714773342180e-01
-1.313816355618958875e-01
-1.542701509548351502e-01
-1.479108717991039490e-01
-1.443815607034291126e-01
-1.626737736864015682e-01
-1.566198283884053799e-01
-2.116287643167500676e-01
-1.886841698937738732e-01
-1.753659697327141775e-01
-1.841367606772109644e-01
-1.716286296102528530e-01
-1.740986202610656508e-01
-1.725173085384691662e-01
-1.650038018279398333e-01
-1.649692897452041118e-01
-1.740434967679902467e-01
-1.569218082431082517e-01
-1.507326919042195068e-01
-1.480805559161429974e-01
-1.754647099180147163e-01
-1.872754156046236851e-01
-1.978283571156983500e-01
-2.321091201854869612e-01
-2.193239358020946383e-01
-2.199288509786128942e-01
-2.089895687997340989e-01
-1.754359476268291251e-01
-1.579164154827594480e-01
-1.363954313099383919e-01
-1.297725209345419739e-01
-1.405886152138312306e-01
-1.433591453979412567e-01
-1.538833279162645229e-01
-1.642713798830906513e-01
-1.604961726814508327e-01
-1.743593726307153813e-01
-1.725685937951008386e-01
-1.530708634605010277e-01
-1.175136425842841364e-01
-1.181626562029123167e-01
-1.345212500542402045e-01
-1.339283179491758125e-01
-1.185461206982533072e-01
-8.492491530875365124e-02
-6.276690003772576743e-02
-8.779274858534333315e-02
-9.489355124533173369e-02
-1.056919101625680563e-01
-1.123498105754454496e-01
-7.678779599567252256e-02
-6.878729003171124567e-02
-8.358422555029390577e-02
-7.745838103195029634e-02
-4.597738720476626795e-02
-7.571793136497338705e-02
-6.195730902254581451e-02
-1.399165727198124765e-02
6.521774455904953693e-03
3.765477649867534499e-02
8.225169293582440533e-02
8.071352057158948101e-02
1.048804105569918904e-01
1.050227722773949129e-01
9.775755864878493684e-02
1.041153995941082322e-01
1.245588486393292421e-01
1.693887198964754703e-01
1.881971716880798118e-01
1.634282434980074417e-01
1.751612973709901211e-01
2.077466674149036074e-01
1.800945656994978328e-01
1.915793262422084697e-01
1.746081478893756755e-01
1.651816335817178072e-01
1.478073389579852570e-01
1.451384257525205612e-01
1.404620766639709528e-01
1.450866580009460560e-01
1.599693914254506355e-01
1.528642753760020012e-01
1.750649509330590714e-01
1.858172940711180499e-01
1.662457473576068878e-01
1.756722624724109671e-01
1.649597044413288471e-01
1.820186004663507107e-01
1.746618347242474278e-01
1.592997691904504964e-01
1.607066043342152972e-01
1.809185369871556537e-01
2.069984330795705263e-01
1.926736388665934441e-01
2.041809279782076658e-01
1.714704502684374632e-01
1.599348812364042027e-01
1.610680191777646431e-01
1.597134301128486644e-01
1.369859709404409043e-01
1.456762344576418289e-01
1.469857656396925394e-01
1.575051544544597559e-01
1.180226932900647341e-01
9.828146357710162984e-02
9.331703664114077146e-02
1.000631345435976788e-01
9.628457259386775935e-02
1.238839490339159743e-01
9.499709140509364491e-02
5.259790550917384233e-02
3.197231125086541503e-02
4.047707375138995256e-02
2.185987476259468321e-02
9.639820891122002910e-03
2.871238366545486587e-02
3.554811751625187866e-02
5.334952729754122158e-03
-2.999648195691432401e-03
-4.052404437679799076e-02
-5.636879577456664625e-02
-9.478090975899250425e-02
-1.234798706990356265e-01
-1.196428296389058232e-01
-1.354942910295600655e-01
-1.502562343996639016e-01
-1.844694127561524732e-01
-1.942803511939321937e-01
-2.090001131019865455e-01
-1.898115515631313144e-01
-1.917101800364131581e-01
-2.294761548672492046e-01
-1.978508820369218602e-01
-2.250049596264337426e-01
-2.306227132910862454e-01
-2.371698901290074102e-01
-2.355938519273574339e-01
-2.637420609826222062e-01
-2.760507907951250672e-01
-2.940482150996103772e-01
-2.864652058963353398e-01
-2.879511318091924066e-01
-3.017654400551691429e-01
-2.953304272377863526e-01
-3.024211646600937220e-01
-3.065482011918599925e-01
-2.910039909416810011e-01
-2.967482882474238859e-01
-3.045556241258358110e-01
-3.128585883959507097e-01
-3.251438313707088468e-01
-3.552903681915874357e-01
-3.848823209526017197e-01
-3.822934564125413659e-01
-4.068054632516577840e-01
-3.941492184918994335e-01
-3.813050771675382533e-01
-4.043556049388522533e-01
-3.978736172042166563e-01
-4.179412722509975309e-01
-4.244357224476212886e-01
-4.351923794718459693e-01
-4.440005576781307362e-01
-4.228462592931464537e-01
-4.037391837608689804e-01
-4.220515294233336823e-01
-4.055520125587160352e-01
-4.105658112326636688e-01
-4.402450028418873895e-01
-4.192762080191945184e-01
-4.025835214415565133e-01
-3.848123409707719933e-01
-3.849038929600889780e-01
-3.701697508106008838e-01
-3.668283373117447455e-01
-3.832209639949724078e-01
-3.823768628838782324e-01
-3.728252426488324334e-01
-3.938314251058424031e-01
-4.189914859288061399e-01
-4.204707003586614644e-01
-3.833666788491730815e-01
-3.356670545491700075e-01
-3.190357216401025764e-01
-2.894792405966048476e-01
-2.728709159496550685e-01
-2.773085582458103548e-01
-2.575184363328540949e-01
-2.376899687650923798e-01
-2.558153751694287048e-01
-2.539071602824454765e-01
-2.415399524460856984e-01
-2.517079922448222651e-01
-2.239063389987374086e-01
-1.880485780925179595e-01
-1.773048627267902189e-01
-1.742769318710391813e-01
-1.515298195571328221e-01
-1.340769139816984645e-01
-9.717660922712334504e-02
-8.832433177934337354e-02
-8.052706076608348584e-02
-9.061601029243318561e-02
-7.919212347672630048e-02
-7.691338525619356714e-02
-8.914302504466226074e-02
-9.276820226417231696e-02
-1.181123267005508015e-01
-1.287285407772287837e-01
-1.226822648352633022e-01
-1.157995568122714841e-01
-1.027905251986036689e-01
-1.082381155497084135e-01
-1.154630651231855210e-01
-1.013218547062327418e-01
-6.576511128805577477e-02
-6.408793393832942775e-02
-5.784417429628471718e-02
-5.089531902534266683e-02
-1.341550159268081396e-02
-1.242616320960224230e-02
2.459828808593252786e-02
3.644398413016460003e-02
3.628580532385966562e-02
3.562337072604956217e-02
6.220608613803051135e-02
6.429405075226289623e-02
5.751104416364492822e-02
6.960455489073258395e-02
5.950314277821841524e-02
4.198936248236957020e-02
3.391024494582477178e-02
2.630374803557060381e-02
9.365643927594639873e-03
1.604559462090643374e-02
-1.078349708695893958e-02
-2.828481454829062658e-02
-2.523243759254302498e-02
7.721539619766813745e-03
3.187980133613261408e-02
2.528325446764938256e-02
1.406596033096623941e-02
3.104149583183845457e-03
-4.820143770969797375e-03
-1.245252437074669330e-02
-3.608874943650645234e-03
8.314472966594609743e-03
3.035409304817827600e-02
-4.260625190217980085e-02
-3.788868036547986262e-02
-2.393297102729168707e-02
-1.672048317074465579e-02
-2.281085725408047576e-02
-1.150009359698742767e-02
-3.225510742049664259e-02
-3.666494911691794978e-02
-2.135608880004535512e-02
-1.053280421377470605e-02
-2.139155902744582088e-02
-3.878215154788146324e-02
-4.152440205992509459e-02
-4.035483574649940952e-02
-3.152412835042923966e-02
-1.011962357442825616e-02
-7.876836888802536685e-03
5.369942751713124851e-03
-5.932192139637942896e-03
1.525661534784984730e-02
2.914569811740272409e-02
2.998500593627492772e-02
3.930415116871396886e-02
3.430712822203835222e-02
2.364921374246477248e-02
2.564993950848780402e-02
2.848134531329077346e-02
1.180399550745885734e-02
-3.267594737311189934e-03
-6.449391258259599968e-03
-1.355354965974884390e-02
-2.467977143824098135e-02
-2.692495587592321632e-02
-4.777583532656231452e-02
-4.362435326329430069e-02
-4.364161079477825445e-02
-6.799543932429512327e-02
-8.413258230042020003e-02
-7.206878995251220221e-02
-9.924491579683186737e-02
-1.045434359247640888e-01
-8.620472846281093671e-02
-6.192519712300659229e-02
-5.814375726234478903e-02
-3.764806089651150101e-02
-3.411012190432909097e-02
-2.812376268557273407e-02
-2.027472503832540573e-02
-7.673124947662771089e-03
-2.204489308448196599e-02
-7.377616562298497382e-02
-9.391140587977132859e-02
-7.600888806434037692e-02
-6.495360779614808844e-02
-5.251449990125062889e-02
-3.531468061458629959e-02
-3.767394570362131434e-02
-4.149229375373880702e-02
-3.964926772168835684e-02
-7.557892871748964070e-02
-4.253579649181726124e-02
-3.508747888457339897e-02
-5.050370864919386665e-02
-5.919636858355564052e-02
-5.655909174432356690e-02
-6.593815380086501254e-02
-6.468422506004571637e-02
-5.310743246227503378e-02
-6.509261460353930884e-02
-9.427138399332761487e-02
-1.028696157659093474e-01
-1.405977260942260498e-01
-1.449668235455950083e-01
-1.332668434207638086e-01
-1.190925588831305559e-01
-1.470284234111507715e-01
-1.508400589848558071e-01
-1.415539876247445539e-01
-1.273552579805254936e-01
-1.406672272210319763e-01
-1.356956105368832544e-01
-1.404869990112880829e-01
-1.684065671327213409e-01
-1.967973164282739162e-01
-1.712518743239342944e-01
-1.487367586853603485e-01
-1.501167514051000296e-01
-1.425433296089371193e-01
-1.605230195447802655e-01
-1.828468822563688034e-01
-2.127595082546273886e-01
-2.245860313996672353e-01
-2.210758935970564276e-01
-2.142487880152960378e-01
-2.255724935792386421e-01
-2.151446560087303395e-01
-1.934966488741338142e-01
-1.926151602528989315e-01
-2.213553427718579769e-01
-1.885499585730334160e-01
-2.115118105274935711e-01
-2.229965705734988091e-01
-2.534661773902674442e-01
-2.526043409171203624e-01
-2.838768267693618785e-01
-2.622604564142724248e-01
-2.869699473492801078e-01
-2.788376227331658130e-01
-2.863645509195824612e-01
-2.898722922119001399e-01
-2.307013308318952571e-01
-2.002336412978668601e-01
-2.065708707086741369e-01
-2.050120875549812649e-01
-2.129339840573568898e-01
-2.501707798801362514e-01
-2.494575359703352091e-01
-2.574398277482639052e-01
-2.682851618311057340e-01
-2.583807543696214903e-01
-2.642808333815385713e-01
-2.696541288712371864e-01
-2.824709489165494469e-01
-2.755081926006823778e-01
-2.459210335432241434e-01
-2.516360915421197997e-01
-2.270775900998463492e-01
-2.300350603181868792e-01
-2.166425637124727022e-01
-1.853533011395483987e-01
-1.735622484702616652e-01
-1.455794075348724737e-01
-1.466583807487040758e-01
-1.519760740765680740e-01
-1.638783318766703356e-01
-1.612271530398478037e-01
-1.545457644232859362e-01
-1.513318531680852008e-01
-1.550169468391686400e-01
-1.439477655260513189e-01
-1.323724111076444443e-01
-1.277531022982051068e-01
-1.098309320863336269e-01
-3.351623243652281786e-02
-3.773577935062346483e-02
-8.293137974105771471e-02
-4.923156501414872876e-02
-5.821805399221677280e-02
-8.827352539325750841e-03
2.200846273141603485e-02
3.638358909326295382e-02
4.493628540076315125e-02
3.053144289491077981e-02
2.752460214930275637e-02
2.407198372917870172e-02
3.026349679566919804e-02
1.062915807900329662e-02
5.793191849564512108e-03
1.564199711817005831e-02
6.783009491239978817e-03
2.325328729736307956e-02
1.582078789360821108e-02
4.645624308226008886e-02
3.604901679791509828e-02
4.771736113665003831e-02
1.841971823014318041e-02
2.975396934586266653e-02
4.045981688735385967e-02
3.169957124628126205e-02
4.167779558338224194e-02
1.278856877858421462e-03
4.278987133875469459e-03
-1.501934163582823757e-02
-4.897559814465544947e-02
-6.756643375071387514e-02
-5.411114514184495877e-02
-5.366968167945742468e-02
-5.679539625222482929e-02
-4.881406261896092946e-02
-6.644240353877343963e-02
-5.498784119263289139e-02
-8.753294895092644801e-02
-8.801132092873253931e-02
-6.079109758138654535e-02
-8.074371169010796656e-02
-8.589603602886200506e-02
-1.146208782990773556e-01
-1.234089255332946888e-01
-1.134522711237271608e-01
-1.138549104332923778e-01
-9.823304787278173966e-02
-1.049877740442752561e-01
-1.226463136573632401e-01
-1.122021799286206517e-01
-1.235556039959192220e-01
-1.483183016379674146e-01
-1.545898626248041752e-01
-1.732502019032836071e-01
-1.777932972336808692e-01
-1.835016449913382530e-01
-2.026887690648436213e-01
-1.892291665698090930e-01
-1.843093174820144842e-01
-2.118142637734611866e-01
-2.014032044137517574e-01
-1.632163761183619277e-01
-1.897444469854235594e-01
-1.930738770092527146e-01
-2.406948897366722462e-01
-2.402563023691375865e-01
-2.119925755386551092e-01
-1.977507060393691174e-01
-1.754091079657276453e-01
-1.626641885067025839e-01
-1.335146581754088346e-01
-1.329586347254613776e-01
-1.175299423125882869e-01
-1.180049585488935349e-01
-1.267920468933880496e-01
-1.271745526852707253e-01
-1.094767102661232255e-01
-9.345125161732237284e-02
-9.329498984540503248e-02
-8.717585581665238115e-02
-9.472099818910162394e-02
-7.745071727161606523e-02
-4.956422302251061590e-02
-4.281668616458773891e-02
-4.117545836294691369e-02
-3.689599493518472273e-02
-4.163226022695502848e-02
-7.327191317453982111e-02
-8.873415890460215061e-02
-3.335086805745959837e-02
-1.070106131955981393e-02
5.880900627622996646e-03
1.753055133546391892e-02
2.742057948683699481e-02
5.224702814593912281e-02
6.218642651413879702e-02
8.501023082062604541e-02
1.309329750947654525e-01
1.598227081509928094e-01
1.444040812862416312e-01
1.420026349835097901e-01
1.530047099106013886e-01
1.707140567712485957e-01
2.035999698253969370e-01
1.945612336508929507e-01
1.862918233188489980e-01
1.780492549451688777e-01
1.968457232850293337e-01
2.354788095690310001e-01
2.091209010221063980e-01
2.101725523360073455e-01
2.204958946444094126e-01
2.330121746597190735e-01
2.485602206550538429e-01
2.627258774203558578e-01
2.672660965782900355e-01
2.636658444069325813e-01
2.571335275036593093e-01
2.665034814737736735e-01
2.925838588736950907e-01
2.716965510509907755e-01
2.754990810217956554e-01
2.760229894580940591e-01
2.798269578876594887e-01
3.060866037073234902e-01
3.244531128865977276e-01
3.264936222694814205e-01
3.063094915511707095e-01
2.946186189306899683e-01
2.799626081638659225e-01
2.539402310503646731e-01
2.220561194311206632e-01
2.181730622813726483e-01
2.163568789527440805e-01
2.339919301137948771e-01
2.411914751942579316e-01
2.287686651960635920e-01
2.027764862791324729e-01
2.022559332738940729e-01
2.067453441908582989e-01
2.081262953967476792e-01
1.958645396943514416e-01
1.654711466049775259e-01
1.479434650158509279e-01
1.747500276581073486e-01
1.669019482176129776e-01
1.719516957566762927e-01
1.777237946555639270e-01
2.281153395539149698e-01
1.925657883053645547e-01
1.766755009458089720e-01
1.482588669052347374e-01
1.351640345295891110e-01
1.226707619071627509e-01
1.077223578235134427e-01
1.099028338134909744e-01
7.397269529756159145e-02
7.207742256578059115e-02
8.081753574466954415e-02
6.234221878306319548e-02
6.719687802251428366e-02
6.414450081841398255e-02
6.647021271443616375e-02
6.209775902486096982e-02
7.659031820949166458e-02
7.820086849387736239e-02
8.573115142838408365e-02
3.708868639077991802e-02
2.205496248013030791e-02
6.642467594550301169e-02
8.368968284533669089e-02
9.153488692051421627e-02
9.490505870586882220e-02
7.074344273811827843e-02
4.898423072105895226e-02
3.897245343929776895e-02
5.852770324951657444e-02
5.737491316006829156e-02
6.760430600649368349e-02
1.825242903238787073e-02
2.659230099525304591e-02
2.355574137376001409e-02
1.564007641281936478e-02
-3.227332987977810097e-02
-4.815834492910653353e-02
-9.411368300983061208e-02
-1.124011027859523892e-01
-1.196059215115383434e-01
-1.311256727514167886e-01
-1.460050519245366663e-01
-1.441936618027588046e-01
-1.224239047306279471e-01
-1.292289610641698117e-01
-1.282937870360910670e-01
-1.362324601349731157e-01
-1.374772812860707294e-01
-1.171589380440612449e-01
-1.185978885429600782e-01
-1.255026454416414139e-01
-1.116682064098616645e-01
-9.737888267263772324e-02
-8.555523501709105805e-02
-8.298937855288388010e-02
-8.610358812535803819e-02
-1.067780745836595657e-01
-9.376664636656642515e-02
-1.004988442795972103e-01
-1.232847815689941395e-01
-1.593663914439578944e-01
-1.755840622819960228e-01
-1.855038080054025040e-01
-1.474952899850905108e-01
-1.383467867660025941e-01
-1.320689941135545775e-01
-1.258961749263107777e-01
-1.234376889653503867e-01
-1.085669400480886310e-01
-1.087030701028803975e-01
-1.155752313323318847e-01
-1.064310413785278797e-01
-1.276442947176595621e-01
-1.577289995737373995e-01
-1.689204098967214684e-01
-1.840869081206620017e-01
-1.925590755728384118e-01
-2.002854046411812472e-01
-2.024884072132408785e-01
-1.640623944190641170e-01
-1.741336094525953171e-01
-1.816955275523165492e-01
-1.952471606122950509e-01
-1.988253635354340076e-01
-2.226452159074445436e-01
-2.128913184938331371e-01
-1.831756980158388559e-01
-1.779155247844755594e-01
-1.921827995218336471e-01
-1.879761947629352559e-01
-1.958247525927921118e-01
-1.903766814308862076e-01
-1.639420800842344983e-01
-1.813360277252892838e-01
-2.067534904616574742e-01
-1.551041822570065620e-01
-1.311184807370106564e-01
-1.036974175522724778e-01
-9.591021289428075525e-02
-8.478926370541253754e-02
-6.953552737832068009e-02
-6.770975763599076935e-02
-7.063031916817028022e-02
-9.548648620645204532e-02
-1.029161098102728544e-01
-9.594664350152015686e-02
-9.251655414700507563e-02
-7.347562635938324760e-02
-1.000228700538476068e-01
-7.079952235023179163e-02
-5.167087738712627248e-02
-6.105856653302908083e-02
-5.164738974223534451e-02
-4.952107947319745601e-02
-1.501694843173026483e-02
-2.719244609276444402e-03
1.160890534520150202e-02
1.287050371368726048e-02
2.665844783186911704e-02
4.535713312216101134e-02
9.560823333449661177e-02
1.091277524052808590e-01
1.243354727048427144e-01
1.021333604274938800e-01
9.521997563230494288e-02
7.175866158989566146e-02
3.836657695161798526e-02
3.672487032599746487e-02
3.563199730900425827e-02
-1.810431558017924769e-03
-3.331155784738559777e-02
-2.127317197931309634e-02
1.362161429909365673e-02
4.903168173817294001e-02
4.235173058696089371e-02
1.271423987733819039e-02
-2.788793452394507100e-02
-3.820840128076574693e-02
-4.172764676623048202e-02
-4.123489417446157129e-02
-2.896115514449775635e-02
-5.479659470729528886e-02
-6.400453505727152215e-02
-8.144258144311608549e-02
-7.563357485147814696e-02
-7.028424586169421118e-02
-8.072694200091062866e-02
-8.476098808459936462e-02
-6.844601365737615351e-02
-9.117778671594956030e-02
-1.158594770512232919e-01
-9.763197298161682691e-02
-1.015768636794139868e-01
-8.312455411069094580e-02
-6.053514177910982591e-02
-8.695392579150693080e-02
-8.809137712232764650e-02
-9.841663708599901472e-02
-9.242644268088037740e-02
-9.292446730347966866e-02
-9.599937282813088280e-02
-6.832378489586211912e-02
-7.485370519571005188e-02
-3.930127630010244594e-02
-8.003622501467662353e-02
-1.126666531898081192e-01
-1.367765015301604936e-01
-1.589148636596897923e-01
-1.663037443843980445e-01
-1.790175094890097685e-01
-1.867831438469389760e-01
-1.844627047268052600e-01
-2.213045313643912104e-01
-2.058767979033291340e-01
-2.293630366213619820e-01
-2.149030704982578532e-01
-2.108306780147055637e-01
-2.587095692443350803e-01
-2.649432635245223544e-01
-2.510378832773615954e-01
-2.686518445766220564e-01
-2.513403415835152033e-01
-2.468192957496891105e-01
-2.408089699999739208e-01
-2.399696620957304516e-01
-2.157131386455147792e-01
-1.952912599003562844e-01
-2.075247357444216789e-01
-2.062875837242851562e-01
-1.778795772697776278e-01
-1.488978121584902115e-01
-1.748756109581639240e-01
-1.916828581597655734e-01
-2.108493704504022792e-01
-2.014688709285110124e-01
-1.590965259975443136e-01
-1.342945251769075421e-01
-1.105580746040989853e-01
-1.120794697509457649e-01
-1.147603664702425419e-01
-1.002241876131544501e-01
-8.127097749772170532e-02
-1.015591222948084293e-01
-6.882755422654251998e-02
-7.117100123626490804e-02
-7.857953435741366066e-02
-8.451077107650539766e-02
-7.105452382626634145e-02
-7.709265067242085379e-02
-7.958229297461608120e-02
-6.290062977932392441e-02
-1.054982597784449444e-01
-1.215136523203303176e-01
-9.954113812806703043e-02
-8.204125813208518192e-02
-6.240356441897647322e-02
-6.166875041089950327e-02
-4.188965337040523318e-02
-4.451686443450549729e-02
-4.431266984902321876e-02
-4.948896071873605529e-02
-5.902715922954181182e-02
-5.491450231832761819e-02
-8.199859733382861005e-02
-4.242794190843898749e-02
-2.787783648818722981e-03
1.086882399395109125e-02
3.642289585744341862e-02
6.662791256482403224e-02
4.504221860940257893e-02
1.209255590414007667e-02
9.220407251268627341e-03
2.467114810521404272e-02
1.881996079658469073e-02
-5.085692958285405185e-03
-2.699205940589306796e-02
-2.295897221192715054e-02
2.871861342961591623e-02
3.661654340103270844e-02
3.000130203242104554e-02
1.193485405916968473e-02
1.186391360436877401e-02
1.822031633928418437e-02
3.155816889678438042e-02
3.816574113443494537e-02
2.566719648117821856e-02
1.543636492763957729e-02
5.979697179670136892e-02
6.666098606462281251e-02
7.654909600193302022e-02
5.688168241952857446e-02
4.540267372503877658e-02
5.481816415364545308e-02
9.060977781191470459e-02
9.675383726134897944e-02
9.754137728984157985e-02
1.046762129602332864e-01
9.606791495655973845e-02
8.797154237205784266e-02
8.392791061972580680e-02
4.939549872651698148e-02
5.869355409716568717e-02
1.051799914178749157e-01
1.063145658311744624e-01
1.105633527971804225e-01
1.360709301816920291e-01
1.375630865183969376e-01
1.378919074622293184e-01
1.396021589326361667e-01
1.649822329171001800e-01
1.642800132123132528e-01
2.161574830301106198e-01
2.402927358634770194e-01
2.221644530383249105e-01
2.372528214938938451e-01
2.172934968955814727e-01
2.188541968353092670e-01
1.964478889790673977e-01
1.591228979018827205e-01
1.551554786351819759e-01
1.551454129007955318e-01
1.429809618430832874e-01
1.460731231607496627e-01
1.651121336656312111e-01
1.482823588885366917e-01
1.049892226854960142e-01
1.002246768524249348e-01
9.453118753929931617e-02
9.909441582858562192e-02
1.141636107582599119e-01
1.709110770840198135e-01
1.840821225661784521e-01
1.848691835223386648e-01
1.709690753836184962e-01
1.831996746826917155e-01
1.754182247289766960e-01
1.614025988150388224e-01
1.442521510490527015e-01
1.439928330946713686e-01
1.722210892010480332e-01
1.996498235035687741e-01
2.120793449847648560e-01
2.122801845738043203e-01
2.069835814802596929e-01
2.111039065290242212e-01
2.293721529810379134e-01
2.492610159485290633e-01
2.167063219317545419e-01
2.259305594333758105e-01
2.076733378538241082e-01
1.692056194413453230e-01
1.820962568589796493e-01
1.470500022638588922e-01
1.339872857400526418e-01
1.252989399402091864e-01
1.047668159473687244e-01
1.010754911073794005e-01
1.045813146202514698e-01
1.034242106446375542e-01
1.039893411565572107e-01
1.081470532187571165e-01
1.046436253158996577e-01
6.435205568559468348e-02
7.682663430459799048e-02
7.234776943611603839e-02
5.616604764945806044e-02
6.840719138272105537e-02
5.221971824454763739e-02
5.475537731933096536e-02
4.674097031044462808e-02
1.608346581148604321e-02
1.384403337724506022e-02
-1.319164902282258384e-02
-3.469345987153550637e-02
-3.749610603166124434e-02
-3.063640614661078052e-02
-1.989844064228236606e-02
-5.062680148209139364e-03
1.397057701833546994e-02
2.740477551706137216e-02
2.464191396720710053e-02
3.508077479588491560e-02
4.987339543489120730e-02
4.643228170461954213e-02
5.946383990036945011e-02
1.007231764961034198e-01
1.314525800912330622e-01
1.297480799723416400e-01
1.265461502441515562e-01
1.327630678812662945e-01
9.255394438902536658e-02
9.045064174570144333e-02
1.078536964797725400e-01
1.028753690266360904e-01
1.112305803690105677e-01
1.459518472198396977e-01
1.565450529102236088e-01
1.681745712800572223e-01
1.601371562263617931e-01
1.309257930299888018e-01
9.808877167912821715e-02
5.335380691103638190e-02
2.946349191479386009e-02
2.557036909274758296e-02
3.124756940330070121e-03
7.588283546889826314e-03
-1.519957052854199742e-02
-3.319795297769209674e-02
-5.176865674244861271e-02
-5.292480207669237463e-02
-3.991912421770394542e-02
-5.200304803438485918e-02
-1.173592524913450591e-02
-1.920485414254170103e-02
-2.409115003732343469e-02
-1.382724560486772725e-02
-3.222056400651727992e-03
-1.311016671049097804e-02
-5.295161328588926519e-03
-8.201343736921745675e-03
7.018840638920671726e-03
1.625985535793007114e-02
2.234783304544787214e-02
9.256356287126753235e-03
2.496210071258247315e-02
2.573669933093090945e-02
2.128707401764889928e-02
3.364900954378148568e-02
2.723748356414339156e-02
2.545389441462855840e-02
4.407588797621429105e-02
3.895184424084921493e-02
2.986948913894593369e-02
4.780891514383255742e-02
3.038620726826289642e-02
3.345584001702565924e-02
1.599190758230784742e-02
1.087313659178713865e-02
2.610817941216132115e-02
4.251854113924007778e-02
3.147380691953004239e-02
1.951642674393953142e-02
8.884395333006979423e-03
3.095900632130604152e-02
9.086622016814849268e-02
7.183296089060606238e-02
3.336524471330146180e-02
3.322624072122078165e-02
3.796825910297532691e-02
3.926149263667563782e-02
4.239104146448276211e-02
3.073947411030530930e-02
-1.600960083305839887e-03
-5.650823997954530775e-03
-2.401349861174822270e-02
-3.091585865865150926e-02
-2.022295227895179806e-02
-1.614001474032798755e-02
-1.863732701167464256e-02
6.642567459493868565e-03
2.503783637657761713e-02
4.723899069552620067e-02
8.847867551570136324e-02
8.317632082228858248e-02
9.797325534746050002e-02
7.541883491600552547e-02
7.652560872957110683e-02
1.020269523374736365e-01
8.530838194613657444e-02
6.456966502591968138e-02
8.753918660804629881e-02
1.043195913545787584e-01
1.020049045793712111e-01
9.140211222693324367e-02
1.033489473474522441e-01
9.963173894211649340e-02
9.056328364337482006e-02
9.597157044336199205e-02
1.023174281232058919e-01
9.897505594417452257e-02
7.945959198599060469e-02
4.611112553005417003e-02
7.674082893257340443e-02
7.071660337969661037e-02
7.217856226488947313e-02
6.502838771169383580e-02
4.098947932943701467e-02
3.768737108136216429e-02
4.112848518416286486e-02
4.957908357804020894e-02
5.257969265803694864e-02
1.423660364622871682e-02
6.118799097215135707e-02
5.492505775764584125e-02
5.190863010163108276e-02
5.399371829504768378e-02
6.551874326542020399e-02
8.613235410302878814e-02
9.606216580917439907e-02
8.307278634359441249e-02
9.322836231440306820e-02
9.485952438165745626e-02
1.003598427399993026e-01
8.269842819621166241e-02
1.648370381444693236e-02
2.664503312359253751e-02
1.028169753650831630e-03
6.649279159804191708e-03
-1.011914455642301536e-02
-7.919016915063050582e-03
5.842564068734654864e-03
2.109965588897467353e-02
6.159494227419297363e-02
8.360963768015305941e-02
9.919602951655787093e-02
8.014263939112427348e-02
3.282743723442159423e-02
1.880701811363302139e-02
3.516848739236595051e-02
1.224354362736147089e-02
7.967436872422704874e-03
-6.956520800789185721e-03
-4.529146266480287009e-02
-2.418605796992778431e-02
-2.314830732842286173e-02
-2.505936349431674842e-03
2.413190193474293657e-02
1.410430558025837708e-02
-2.703421438733730892e-03
1.066414999465148047e-02
2.435574866831303337e-02
3.109801150858402738e-02
1.503276812533537767e-02
1.481419342259566486e-02
1.457500749578078195e-02
3.046002282450595636e-02
3.483391422778367441e-02
4.222423353542883312e-02
4.902689276883998720e-02
5.592494029551743628e-02
8.254120741039513987e-02
1.028168901180227524e-01
1.024995728706319942e-01
7.655916009098290287e-02
7.981046034644047327e-02
1.089858743672569574e-01
1.420668744171659226e-01
1.506262804691990143e-01
1.581958691899975067e-01
1.457083486641446712e-01
1.589052784567077936e-01
1.838419703766703550e-01
1.526648723209897418e-01
1.599037223185101886e-01
1.549354609722892184e-01
1.538224554931124088e-01
1.589047965283195141e-01
1.693815248087048586e-01
1.701206531996528326e-01
1.626780869439244381e-01
1.781451256945729422e-01
1.948761589204271727e-01
1.992783309891820176e-01
1.881789527212580360e-01
2.215480299666524322e-01
2.405060342823465702e-01
2.950524143253763221e-01
3.058857651427387969e-01
3.005886834735671531e-01
2.769950739418466923e-01
2.658980917806426647e-01
2.653085151687264442e-01
2.299324790015816466e-01
2.048213081434369087e-01
2.210648625468214501e-01
2.191887626424431912e-01
2.510848591104150040e-01
2.602194621538122532e-01
2.708380733306209320e-01
2.908961409702897072e-01
2.709152452026803992e-01
2.890368170415361648e-01
3.068123122366765987e-01
2.982025762709478167e-01
2.710513751022517459e-01
2.851345867229004849e-01
2.581406057191392156e-01
2.858919292998810535e-01
3.340977251840134832e-01
3.406712646596133931e-01
3.295920176121096001e-01
3.275452775570253383e-01
3.258767274829248439e-01
3.270889543307324288e-01
3.244435287701586956e-01
3.173182795134683598e-01
3.177036612915495883e-01
3.175411681023737054e-01
3.004779585637152861e-01
3.078558145401378843e-01
3.154196511643628797e-01
3.012391358303527222e-01
2.975013156421482119e-01
3.354297841278214842e-01
3.179984474865098498e-01
2.920053089347978137e-01
2.530644928105175162e-01
2.502397978988786242e-01
2.343173948116600291e-01
2.448952619917690587e-01
2.152165506966411956e-01
2.343912119356294232e-01
2.095407982356846111e-01
1.793237993804117081e-01
1.622016311623156182e-01
1.520714586911102173e-01
1.431070194579660837e-01
1.292169795371591878e-01
1.181621783102552031e-01
1.329164532944560051e-01
1.358135276163617566e-01
1.331182522699236870e-01
1.317214829847216662e-01
1.685522857432563970e-01
1.760034792746106580e-01
1.783330254877606991e-01
1.577309184397260311e-01
1.303323818370699660e-01
1.447166128084063363e-01
1.734035892412066349e-01
1.793837174773215970e-01
1.817827669282753855e-01
2.123410500586032645e-01
2.315348843733469608e-01
2.140618470807870155e-01
2.019616253674030304e-01
2.159628711640834697e-01
2.353786356747150088e-01
2.378620473047097228e-01
2.480741846064726253e-01
2.605904648701349857e-01
2.769624804457028744e-01
2.861891142092645168e-01
2.903516204717258575e-01
3.129506190928319498e-01
3.081299921187261592e-01
3.324210276516774698e-01
2.979576389305292894e-01
3.130004699341952246e-01
2.793284555586675877e-01
2.977577579828599719e-01
3.001798145783444172e-01
3.240135692370434972e-01
3.450082486184934405e-01
3.573634739033877405e-01
3.278640332631767018e-01
3.248365814176698008e-01
3.241473033713797580e-01
3.158352321324249257e-01
3.194191866554320081e-01
3.053508342243730911e-01
3.167373321639994632e-01
3.008240364220303720e-01
2.393820069458645894e-01
2.261505658777120120e-01
2.217062129988335017e-01
2.276398474389376703e-01
2.161459793065053925e-01
2.181366390897892527e-01
2.392986046189131688e-01
2.469693319910826745e-01
2.466745438093008724e-01
2.746684071336251698e-01
3.145098842098377756e-01
3.482097006752156165e-01
3.590468855613532240e-01
3.513934147272569364e-01
3.441377870156430152e-01
3.394945119546415868e-01
3.327057527727447228e-01
3.532853322452865763e-01
3.617536661253931696e-01
3.711456693437260590e-01
3.298158682611149750e-01
3.345252908494633637e-01
2.734854168918294248e-01
2.641888009733520670e-01
2.798552420960428999e-01
2.696646737284026929e-01
2.532562292840642160e-01
2.480094765972656601e-01
2.267717769097847280e-01
2.056591829013389994e-01
2.056611001840792929e-01
2.131492021532419012e-01
2.391854805600208689e-01
2.273460157564841100e-01
2.050581023446284012e-01
1.936145638775390865e-01
1.541206010035239271e-01
1.607986338785849512e-01
1.646677899213197516e-01
1.753041364601813368e-01
1.652530539819660194e-01
1.739850193300905290e-01
1.530401897500269226e-01
1.419729262163552108e-01
1.615382412642550891e-01
1.544858506143403365e-01
2.010671959142200649e-01
1.923922703485004548e-01
2.129598663072101716e-01
1.973519033015084800e-01
1.692041740636341107e-01
1.587384700348290212e-01
1.899390549282543306e-01
2.128036028589121997e-01
2.122231340850703474e-01
1.963496224527868372e-01
1.588175593758933690e-01
1.230796298827044472e-01
1.207428933625730311e-01
1.365636787222077597e-01
1.532304814861466524e-01
1.919402597627292151e-01
1.900406727412094765e-01
2.009516735095530915e-01
1.950300240733971457e-01
1.830400490978111860e-01
1.568906487741817957e-01
1.762100673435876841e-01
1.586636922477434042e-01
1.538421061355620678e-01
1.339978211093693916e-01
1.280934267211705224e-01
1.363561275570342735e-01
1.518097443350900910e-01
1.560805800526092191e-01
1.613326049565027009e-01
1.615478244144469555e-01
1.329950600086401147e-01
1.216267763792226869e-01
9.859302532859147428e-02
1.154055460511396319e-01
1.066683087963610915e-01
1.763624960401405928e-01
1.943536894240727175e-01
2.045399424154311641e-01
1.999268657683084260e-01
2.232587612389276555e-01
2.139928218442946894e-01
2.332801256794482803e-01
2.645617181280007224e-01
2.710762991725156890e-01
2.615376209064076418e-01
3.008249933365732542e-01
2.857332701329142188e-01
2.825950929118941635e-01
2.584492950234562603e-01
2.717133309536924335e-01
2.655855691526085582e-01
2.267971799864123283e-01
2.098341495885203412e-01
1.932521869894117117e-01
1.838467622331033113e-01
1.824773147702217213e-01
1.872840416928132634e-01
1.898527743915716937e-01
1.723265316337347086e-01
1.632384236901998631e-01
1.652439431597789166e-01
1.298257272690534481e-01
1.218036513775587054e-01
1.483844480166832680e-01
1.683274763325850187e-01
1.877173569053411373e-01
1.703425820916891209e-01
1.696341312179963090e-01
2.068249112615982988e-01
2.536075752228498237e-01
2.624229452262322182e-01
2.677233826369047054e-01
2.598781785617271800e-01
2.718278898547092925e-01
2.450711780538161466e-01
2.277150972435871557e-01
2.399926708390315300e-01
2.444063461075226540e-01
2.690242853015661351e-01
2.774245539059241872e-01
2.675139147788286320e-01
2.835307457794745689e-01
2.955149686584869761e-01
3.075030267238616499e-01
3.097136994202931426e-01
3.152705788612365501e-01
3.141110777854919101e-01
2.971729728082815880e-01
2.910840366035699622e-01
2.977649461477994697e-01
2.901440693686405670e-01
2.978066467990477806e-01
3.116104080031315560e-01
3.130009461194276921e-01
2.757641512900591008e-01
2.554338245342175351e-01
2.614777034769455444e-01
2.545379565407832612e-01
2.736637250830730173e-01
2.423898017654816384e-01
2.734298116217056540e-01
2.821253477285305400e-01
2.699354925503333336e-01
2.723829546322424910e-01
2.609513996168971173e-01
2.222420998538534032e-01
2.524974453573425315e-01
2.392679211373130443e-01
2.500509412959218136e-01
2.641710601126154301e-01
2.681557349239785948e-01
2.819125229492783768e-01
2.955082545056939569e-01
3.262381384149193875e-01
3.411098485191663143e-01
3.502003528177738412e-01
3.561167302230994203e-01
3.376231970886389711e-01
3.625512627263863807e-01
3.673642211593687312e-01
3.521780698560178502e-01
3.653198762796818766e-01
3.739794625900685898e-01
3.421106908780833233e-01
3.269039279781281726e-01
3.215330289366344907e-01
3.192935965023934730e-01
3.409976861439645290e-01
3.420042804442345874e-01
3.127425865891079182e-01
3.569862352373699421e-01
3.181110885304709313e-01
3.276325113140046708e-01
3.601522151691218254e-01
3.763344152830541134e-01
4.040713582498332013e-01
4.184172433180113893e-01
4.295132670861979696e-01
4.366883669358988529e-01
4.535191003543635468e-01
4.627232058905065282e-01
4.487981730761627652e-01
4.301143464011450979e-01
4.128991883558531528e-01
3.986879954424997208e-01
4.087731092857818105e-01
3.616117755261560318e-01
3.648170591836484844e-01
3.674404354339155243e-01
3.757735974038951543e-01
4.002271256293170598e-01
3.987306566482099468e-01
3.780671955590757527e-01
3.764067944333268079e-01
3.786294496501795837e-01
3.560582524980418495e-01
3.550094769840749787e-01
3.261422716275167999e-01
3.087492836212428760e-01
3.242311813131285025e-01
3.073807947531652651e-01
2.955499572873425684e-01
2.895367546201063069e-01
2.878384871602369111e-01
2.969404955278150959e-01
2.637267221580259502e-01
2.544866668254447406e-01
2.935036964287671135e-01
3.019816162258697201e-01
2.759453390608541667e-01
2.896628235350363068e-01
3.071406545311522462e-01
3.125863295863382518e-01
3.105204147170297357e-01
3.025616101493748267e-01
3.148286389381003691e-01
3.224893000791780873e-01
3.501888560325218114e-01
3.481425935596538235e-01
3.391417238744907081e-01
3.409871464478783087e-01
3.443223283199282614e-01
3.602945820001575150e-01
3.937556898104958014e-01
4.040958089637570194e-01
3.922007412222835443e-01
3.997425283499372872e-01
3.573687459536207811e-01
3.344025796162896080e-01
3.648180222022346930e-01
3.117652342227908435e-01
3.229240492490740855e-01
3.090306523450029319e-01
3.083615067608964644e-01
2.960465454069587388e-01
3.088307711489809426e-01
2.779963933435889434e-01
2.491454860079102274e-01
2.232942288625054117e-01
2.123889789489718793e-01
2.133121699599238585e-01
2.254593658455026350e-01
2.242639152216724940e-01
2.254699109005741942e-01
2.408473153792632382e-01
1.974415361764840782e-01
2.084057432793391396e-01
2.081957964847485076e-01
2.239772760619719860e-01
2.054065718005100849e-01
1.972776049127181464e-01
1.986302757014830889e-01
2.368496978034575762e-01
2.498807786653439167e-01
2.660246321310599793e-01
3.079104551424582947e-01
3.294903982430696932e-01
3.721512965857982635e-01
3.880813680589199066e-01
3.998240090906620137e-01
4.213445129493872399e-01
4.304786366100112893e-01
4.347628933067123613e-01
4.400484702860315567e-01
4.333977585658430609e-01
4.561597293242811713e-01
4.873253234351674346e-01
4.585765136405825504e-01
4.443082805102070432e-01
4.608629209920764302e-01
4.608888013288379160e-01
4.483643723651766777e-01
4.157334648693600809e-01
4.075009622300664325e-01
4.040018492067853351e-01
3.916777802631258854e-01
3.865436706071098683e-01
3.455172869687279102e-01
3.140190363551179642e-01
3.313885381445288436e-01
3.313003414000074143e-01
3.346714728201428679e-01
3.458034468814730200e-01
3.303527060275276428e-01
3.160633822282155059e-01
3.286510827640692356e-01
3.281674377620220073e-01
3.528016738593578450e-01
3.556714264055093611e-01
3.412608318030834753e-01
3.353962235152721516e-01
3.614339393874009265e-01
3.903188799818356758e-01
3.948821082711219677e-01
3.931368663907051086e-01
3.564747884869575723e-01
3.758426199356714736e-01
4.038824999084075218e-01
4.012490579237540378e-01
3.897834716985623116e-01
3.985854187359412215e-01
3.865551800777514702e-01
4.052394863218069521e-01
4.223904134084781603e-01
4.449510664989551056e-01
4.542361792176962121e-01
4.646831888705491576e-01
4.526098100468516350e-01
4.542745250587661987e-01
4.582922738666335150e-01
4.575526666517059082e-01
4.568753721192478912e-01
4.496532988424102317e-01
4.400312169765432380e-01
4.555351646617054606e-01
4.341488720849155936e-01
4.112857616816957274e-01
3.971785860136151092e-01
4.022153930738567862e-01
4.003977712864676963e-01
3.862623137111464988e-01
3.828164057806133780e-01
3.765501173213123831e-01
3.261187902962168206e-01
3.372943827882408652e-01
3.573668293034036880e-01
3.232701288536190543e-01
3.133153917267918476e-01
3.021469890450437790e-01
2.973388234153390153e-01
2.908343095953265789e-01
3.035797098651528136e-01
3.102002235129475149e-01
3.206659274175762686e-01
3.340958110367258094e-01
3.378106228386362764e-01
3.102318586781621090e-01
3.321286382153630368e-01
3.439417413746317376e-01
3.416193849717577002e-01
3.665196495130658150e-01
3.664098835860689629e-01
3.265300578748185911e-01
3.212593388433257480e-01
3.203768912702798510e-01
3.168269687642653598e-01
3.226192001253366248e-01
3.209463361650705115e-01
3.202469928810993682e-01
3.224231539915005662e-01
3.296696721265713892e-01
3.219725818683704111e-01
2.787163517127434487e-01
2.660457254697879415e-01
2.661089967936277612e-01
2.874679666012525669e-01
2.830811332911252753e-01
2.809207904618233331e-01
3.071818747402479399e-01
3.117719439944873216e-01
3.085240004739413511e-01
3.240293858728061083e-01
3.126390539885808839e-01
3.045637720109274360e-01
2.751213692904760366e-01
3.032705364904055845e-01
3.233463389954219225e-01
3.528798136394470930e-01
3.540795786461482519e-01
3.565927088415871138e-01
3.421111737843602896e-01
3.542631631251424440e-01
3.424553342318782945e-01
3.506470938678830640e-01
3.267189107990512986e-01
3.476086172120024798e-01
3.564091262873262389e-01
3.509390053804963827e-01
3.271915294385204787e-01
3.228828268901755560e-01
3.351536902443816301e-01
3.468364137069632758e-01
3.407829478538284551e-01
3.579238087094078202e-01
3.615537790115922467e-01
3.406525696472575415e-01
3.442245409047852145e-01
3.459050739960124465e-01
3.612752884393558572e-01
3.459338341917221893e-01
3.330360069638118592e-01
3.236991266176725834e-01
3.453936276103680703e-01
3.454008179173494453e-01
3.339122228091582767e-01
3.476651760206247443e-01
3.649340187277023695e-01
3.839984342223032865e-01
3.585900778338934058e-01
3.365044424698377945e-01
3.336303760375206595e-01
3.213192492490634100e-01
3.339577585225924627e-01
3.487968747581665641e-01
3.540757423654818936e-01
3.507779480035727038e-01
3.400788099582617297e-01
3.393852185225114115e-01
3.441938627278432472e-01
3.319551148529474860e-01
3.675569152847553145e-01
3.620700181539481255e-01
3.807576796427989962e-01
4.114693483725810896e-01
4.074036658819144008e-01
4.207558980599666598e-01
4.185634400773172725e-01
4.360129908270513055e-01
4.268807843870793817e-01
4.124644379364326707e-01
4.008555304802333685e-01
3.749980431593333829e-01
3.892888046102598310e-01
3.872674675580735082e-01
3.865537446535503019e-01
3.819133462306733007e-01
3.524656724728022494e-01
3.397236274477715146e-01
3.128825532194847714e-01
3.088695976805562737e-01
3.290997444263970007e-01
2.916870344352597844e-01
2.870447177362317470e-01
2.909229808719828725e-01
3.053934925468638761e-01
2.856048084717864866e-01
2.897754646760101194e-01
3.044329143983001140e-01
3.104619341514383013e-01
2.939269465627148414e-01
2.723067402762050504e-01
2.628965228718395108e-01
2.699925325733299464e-01
2.912935035846506704e-01
2.913644445361569524e-01
3.059964897654329774e-01
3.015502192002410542e-01
3.167929311515763624e-01
3.241578455083071741e-01
3.496457686337332005e-01
3.423925380222500037e-01
3.515156363757948599e-01
3.339505683630704658e-01
3.255248950173457168e-01
3.343488913029432075e-01
3.214146347095568901e-01
3.303129274398087789e-01
2.917225011934836409e-01
3.328955603064969182e-01
3.483908797691886439e-01
3.491539741943900377e-01
3.521799887608115798e-01
3.614272331586108056e-01
3.720511163662498233e-01
3.734493236135070227e-01
3.804604923119768722e-01
4.033566758424664833e-01
4.023366605630144810e-01
4.099412401905283554e-01
4.099757512798533066e-01
4.041029932986324180e-01
3.826165204634890404e-01
3.937753354897722824e-01
3.849134718766435981e-01
3.868135388086860194e-01
3.889115686605995048e-01
3.975562955019995570e-01
3.837180212217693454e-01
3.921101406294231762e-01
4.181689471084003573e-01
4.316908626584335940e-01
4.591972469119354749e-01
4.466637108552579671e-01
4.476655119486773193e-01
4.628411187557502915e-01
4.618374003795906457e-01
4.837514364548648471e-01
4.872965652573232331e-01
4.980685609470432151e-01
4.907146712532266530e-01
5.050840427866205573e-01
5.422436654955770097e-01
5.149026491135979544e-01
4.912515201062584991e-01
4.502318459640567427e-01
4.754638070007786155e-01
4.675246540845061638e-01
4.566697343330209380e-01
4.556257530193155159e-01
4.747357039789979472e-01
4.634613694390281591e-01
4.521367057304208070e-01
4.592595586320384893e-01
4.473874995252117293e-01
4.366821305593475699e-01
4.379662570000315558e-01
4.472719810049359812e-01
4.633952239295467401e-01
4.858144739409908652e-01
5.014406501393144922e-01
5.029634832482163809e-01
4.823771937827890377e-01
4.682364620966836810e-01
4.758002989692613482e-01
4.788660986426597210e-01
4.775834096673255424e-01
4.778259509010240325e-01
4.978557381235683699e-01
4.822592804363617924e-01
4.649065540793041462e-01
4.291000809830923801e-01
4.496571328801413081e-01
4.517824855012197993e-01
4.464202132386465571e-01
4.475950525763133792e-01
4.491059021713832977e-01
4.212304327947398175e-01
4.305222555063665246e-01
4.276021736674011087e-01
4.221727965089182022e-01
4.305706679510573620e-01
4.611840744502841982e-01
4.517575601426263021e-01
4.342284420815606394e-01
4.354368348605930361e-01
4.213406820781528950e-01
4.328316747831801869e-01
4.407056380994618383e-01
4.326706200527647983e-01
4.219489544319610097e-01
4.316112994837263961e-01
4.148011763580143341e-01
3.944013456193109501e-01
3.957961976217726496e-01
4.120670735525588380e-01
3.874673485445479515e-01
3.878378708846866862e-01
3.843037669546902069e-01
3.946074570839603890e-01
4.226243292912840732e-01
3.969758297627170585e-01
3.742301564042766482e-01
4.079098404074708029e-01
3.904832979664206727e-01
4.287520935758948326e-01
4.006882474447290288e-01
4.201418792828917059e-01
4.203077272201577452e-01
4.155326362078388680e-01
4.105744407201806778e-01
4.224589629098772781e-01
4.281749800468483969e-01
4.355911816780765333e-01
4.397139038269718414e-01
4.105495152994990127e-01
4.022949634119867834e-01
3.761091334745287895e-01
3.734186503415306557e-01
3.439824799696604707e-01
3.087123791376749082e-01
3.063023055593172561e-01
3.251006921132405525e-01
3.632170587778091320e-01
3.653548727432887055e-01
3.657546331485111990e-01
3.519930526614188926e-01
3.662516986330349722e-01
3.693083897233008783e-01
3.810213111340999270e-01
3.887198400994141823e-01
4.043632728358109718e-01
3.828365348279476055e-01
3.602466436723867904e-01
3.572551421821117401e-01
3.580167981485525841e-01
3.573045127093791851e-01
3.811248456438382504e-01
3.698792710900306591e-01
3.827363554388284461e-01
3.901909047116836060e-01
4.043695034459232618e-01
3.940557474270462435e-01
3.821779357269405875e-01
3.500230019912123347e-01
3.484071776891747851e-01
3.476081332191824913e-01
3.202153489614526505e-01
2.986799851680795315e-01
3.042737727984786145e-01
2.953606203819314491e-01
2.762123232707381359e-01
2.654896990085641728e-01
2.830173805976907153e-01
2.991415819153189215e-01
2.573027328277627257e-01
2.864302134141325507e-01
2.836486573641499032e-01
2.915844540422161124e-01
3.022217572356263871e-01
2.933479101086656216e-01
2.889169785504540067e-01
3.126548665886124123e-01
3.218474684283137432e-01
3.445404160146912087e-01
3.700647690022985103e-01
3.887524299944440376e-01
3.884686661884188541e-01
3.544922772174080028e-01
3.630056682353218211e-01
3.435223185146848435e-01
3.451788850749532567e-01
3.374813152477145195e-01
3.377938402816653141e-01
3.462904535854856025e-01
3.826682878658175802e-01
3.788614435121417379e-01
3.888919157907366753e-01
3.900705906872947715e-01
4.324798431247472985e-01
4.552907055864731101e-01
4.664356203128894318e-01
4.705942930032809834e-01
4.649544895937045008e-01
4.538642181704441447e-01
4.437824585785468678e-01
4.672504826138417222e-01
4.532108906656503455e-01
4.485388560841480632e-01
4.779021676629781612e-01
4.812699448317289130e-01
5.012355010956526247e-01
4.854319722702106210e-01
4.884086153159539201e-01
4.706762598206599701e-01
4.719536757717530118e-01
