3.335274910554290040e-01
3.728078311309218629e-01
3.954230800891915809e-01
4.132473663116494889e-01
4.226074730977416039e-01
4.158030624811848153e-01
4.231021243457993020e-01
4.256897042815883658e-01
4.148406342292825233e-01
3.988273353005448718e-01
4.263071075702706825e-01
4.164969862128297118e-01
4.006554037953415914e-01
4.107775301362076581e-01
4.096103634064395815e-01
3.932196992759903198e-01
3.879017462953924800e-01
3.748046560212969780e-01
3.982780290767550246e-01
4.031174990658958346e-01
4.023607195044557328e-01
3.971377338593204964e-01
3.815698947136600960e-01
3.783416833107670074e-01
3.716848478342095752e-01
3.470634386564294127e-01
3.471515740578373088e-01
3.271168456102410693e-01
3.176458292330304189e-01
3.260038816059629418e-01
3.357037775839368798e-01
3.294903509939710040e-01
3.630633019531765981e-01
4.075238111739357127e-01
4.124252272769808325e-01
4.418615115806460159e-01
4.381764534239968034e-01
4.551724506542086379e-01
4.762358807648222059e-01
4.885962322975198613e-01
4.857793182755509864e-01
4.687188717847068919e-01
4.617475276812910701e-01
4.469241699203848617e-01
4.478178213660915508e-01
4.626931047067046054e-01
4.213391935452818760e-01
4.131801864132285118e-01
4.047626952951153267e-01
3.804314256335298294e-01
3.693402688329418537e-01
3.523920983696977594e-01
3.789770807450016377e-01
3.861413206284244892e-01
3.983957735200722716e-01
4.159287807842095841e-01
4.198372518022854827e-01
4.119565427303314431e-01
4.053236196438471661e-01
4.272189835707346783e-01
4.322021583716074700e-01
4.120601634184519191e-01
3.909823859731356155e-01
3.877753535906472981e-01
3.757470468680063069e-01
3.676593217998742613e-01
3.758918890108664534e-01
3.878703212986389648e-01
3.961810031284888067e-01
4.193576308588186641e-01
3.971101817985375759e-01
4.119897918154795668e-01
4.183052456627289750e-01
4.059619740893443129e-01
4.402404642353455189e-01
4.651866300652424124e-01
4.825092051178216934e-01
4.800042950858672830e-01
4.425615880638361088e-01
4.146855497111876510e-01
3.914431046694517580e-01
3.963627407948175918e-01
3.995050949354966852e-01
3.983481757342815510e-01
3.988209637502829197e-01
4.200410795708497402e-01
4.063256767888864252e-01
4.238980827232201598e-01
4.203505791723728402e-01
3.872556534906228531e-01
3.864043620725472472e-01
3.740772602458794505e-01
3.388090136150518905e-01
3.131896478434403885e-01
3.062460891902446525e-01
2.973681066806117546e-01
3.119965200001995065e-01
3.065831427151958222e-01
2.783151630933086151e-01
2.749457522605855964e-01
2.746328376854459408e-01
2.711484179521600479e-01
2.787439975266655101e-01
2.764875504498680581e-01
2.868765860175093163e-01
2.824818903580307849e-01
2.855422590548793438e-01
2.729901501908897909e-01
2.899608680978417175e-01
3.126025368149081829e-01
3.157596935207644950e-01
2.941542426124215126e-01
2.676772092158595795e-01
2.504038261870543680e-01
2.359885777036349053e-01
2.469332988063494549e-01
2.522359932462374665e-01
2.475199565291404946e-01
2.740935519337653892e-01
2.837941293915112739e-01
2.857253635923067692e-01
2.834265574812888655e-01
3.068272809187571060e-01
2.948513537645339744e-01
2.933380226294199922e-01
2.867155756801366695e-01
2.622226115316152462e-01
2.508085185041030174e-01
2.524236494054397095e-01
2.436265150705972937e-01
2.249354511499404574e-01
2.065283796439568165e-01
1.995702441781759262e-01
2.198242839425802175e-01
2.159996207803487611e-01
2.020601214220126285e-01
1.969029532124598747e-01
2.175459748754898781e-01
2.275908963133891350e-01
2.314488091816504500e-01
2.424258697777986749e-01
2.246293678879737743e-01
2.337134542564550665e-01
2.579563620189825324e-01
2.608406864106654899e-01
2.553498787184556584e-01
2.884504961470762963e-01
2.827727141479651207e-01
2.919483522574106704e-01
3.034316775699456570e-01
3.008374926944573646e-01
2.995129582782586342e-01
3.042025772233803993e-01
3.016170469423135048e-01
3.398982909818490383e-01
3.551263427361845970e-01
3.671444014335671913e-01
3.719116802637775776e-01
3.852116868520776283e-01
3.830502081041534668e-01
3.887391492103536850e-01
4.091605801756183491e-01
3.916018381093939182e-01
3.781713380788763734e-01
3.528714913253983010e-01
3.431187598034739494e-01
3.413624294723073826e-01
3.481943968062599648e-01
3.042073570812742211e-01
2.771154247845212804e-01
2.880275789027412769e-01
3.160138451183835961e-01
3.236595271155238152e-01
3.442071263988812913e-01
3.362940775851408493e-01
3.153875600546598434e-01
3.134501776347557445e-01
3.248066520939270063e-01
3.126148274789253279e-01
3.097735455880562538e-01
3.014200480033953911e-01
3.268123558411995533e-01
3.092916470021009334e-01
3.175442552814881081e-01
3.152383894970019473e-01
3.350868276009956737e-01
3.350665590415398132e-01
3.460094584772983595e-01
3.533889126032591088e-01
3.624750487506389618e-01
3.732742441197235972e-01
3.851183089117208858e-01
4.268796471258003988e-01
4.094450262685616071e-01
3.897209333876768822e-01
4.006875179708003776e-01
3.960609830915927665e-01
4.008132306238015863e-01
4.172191530466079490e-01
4.345187264184157128e-01
4.502514498929183206e-01
4.670559170655905756e-01
4.524056412590046761e-01
4.264854299835860729e-01
4.244020668479303038e-01
4.271237857950230254e-01
4.026157923353215207e-01
3.978892798535526021e-01
3.951008330099284871e-01
3.961047103318074969e-01
4.011744271032512410e-01
4.358086447231471761e-01
4.460462337049345694e-01
4.655220897557834636e-01
4.545960427882770882e-01
4.642428747378289922e-01
4.712946088674168088e-01
4.778166206243137926e-01
4.839318912786741977e-01
4.941330419542888652e-01
4.993045577468971374e-01
4.862008634023368137e-01
4.718120334359506840e-01
4.833734728706379769e-01
5.197731313916543749e-01
5.297939129484195986e-01
5.615369754843413386e-01
5.948466591847438867e-01
6.390120161386827480e-01
6.444668405068416650e-01
6.691579394352932253e-01
6.647602819216746894e-01
6.570503774099052396e-01
6.394882197491824627e-01
6.617782568248609110e-01
6.502124897204339948e-01
6.378997352284689892e-01
6.206286295317113844e-01
6.099783762358128580e-01
6.070724163514871208e-01
6.405936692220468576e-01
6.600433363579213397e-01
6.732158088746169611e-01
7.067835205855468317e-01
6.962159364484250546e-01
6.765610773426791180e-01
6.831593835415938898e-01
6.914482026360928568e-01
6.944322773876290267e-01
6.915547846195597703e-01
7.022840637403229280e-01
7.289350905455649343e-01
7.269555765825013172e-01
7.250448384322225603e-01
7.281122663058341438e-01
7.120561517464618628e-01
7.038914508807161408e-01
6.952730918613572175e-01
6.923491400666534901e-01
6.834902879782021046e-01
6.801750791259109086e-01
6.673369295274218516e-01
6.658176771675546890e-01
6.734781624749303086e-01
6.648586652552088694e-01
6.476955067987242298e-01
6.448606016114353245e-01
6.576149433230360497e-01
6.669925867890318383e-01
6.761935037250319525e-01
6.792340583478411187e-01
6.604985859865943887e-01
6.497342347477872426e-01
6.451921913151940080e-01
6.297384493673841011e-01
5.844539774581789526e-01
5.549543830876548789e-01
5.552900724733869087e-01
5.487067960823575064e-01
5.475325691824157737e-01
5.391389902060230721e-01
5.409754841898878341e-01
5.633390802269180320e-01
5.971015113716324763e-01
5.952360946064194636e-01
6.066886755948265320e-01
5.788449747487902641e-01
5.283910357082883813e-01
5.042938851440945669e-01
4.970852358266710791e-01
4.596067729716499239e-01
4.609149111434817092e-01
4.547616082864502918e-01
4.463022118744750522e-01
4.196343328493336022e-01
4.263777088063458454e-01
4.171125686106582631e-01
4.305473971801500044e-01
4.235457632380227322e-01
3.950862540242572329e-01
3.694616529780129222e-01
3.391271604535480155e-01
3.098086171783506759e-01
2.858105335074166420e-01
2.946691579495867019e-01
3.034385082001487266e-01
2.944320809716979848e-01
2.708204698438446134e-01
2.799423617000381115e-01
2.920059682180484173e-01
2.888975472499927255e-01
2.630925741046666877e-01
2.306227928648392211e-01
2.334939088672399465e-01
2.231745616843303082e-01
2.175844594836235102e-01
2.117294962207476317e-01
2.058273904025554601e-01
2.119606519738833073e-01
2.051471317807833372e-01
1.985754710932572942e-01
2.144644235571225299e-01
2.194239139556884433e-01
2.089187304178873328e-01
2.104874014854430930e-01
2.224123150110244862e-01
2.610212783018747706e-01
2.871860812107721594e-01
2.777132426699002177e-01
2.884625638524691005e-01
2.906008131802081951e-01
2.767893033723036189e-01
2.626626019676526202e-01
2.670383952558040286e-01
2.916290593643983131e-01
3.198913447558879852e-01
3.518751256167888530e-01
3.455189081529775885e-01
3.322382596631844875e-01
3.365436814725398795e-01
3.419365609685579566e-01
3.317611453433831348e-01
3.221370874593655342e-01
3.007509501030047883e-01
2.782860091576973560e-01
2.540426479031642204e-01
2.668104267368713867e-01
3.378181135902801890e-01
3.675761954238017104e-01
3.959976709137359996e-01
4.229620691388845111e-01
4.329577978700399066e-01
4.297166045444706928e-01
4.338309525201717864e-01
4.551020804792642593e-01
4.669529784470796696e-01
5.084918150057395891e-01
4.863104103753964069e-01
4.822771389037370238e-01
5.179405141621827857e-01
5.232204346607128853e-01
5.084193953623373785e-01
5.293874024103084608e-01
5.251580460617939483e-01
5.288729382368425602e-01
5.238453535673518457e-01
5.233165411589045801e-01
5.186362602747977002e-01
4.864024190542599047e-01
4.788931537109117342e-01
4.987516118523975805e-01
4.891352969842652776e-01
4.882610041337708817e-01
4.777849732277293926e-01
4.910922674772639773e-01
4.971911403971413512e-01
5.061087487575908206e-01
5.045519191461305120e-01
4.954944780406852489e-01
5.009581844943264972e-01
4.888066697555283890e-01
4.946056093710164414e-01
4.906408867177864397e-01
4.887996103304128037e-01
4.910715426939229467e-01
5.100258733766774855e-01
4.984138713218271843e-01
4.675047920085489417e-01
4.551230327226221117e-01
4.484994467037419219e-01
4.325572032170991177e-01
4.400967581508060111e-01
4.823636773663262378e-01
5.263001586931447262e-01
5.294256613589822802e-01
5.604978010989725146e-01
5.607856637177367487e-01
5.716852929132679728e-01
6.097356081940232819e-01
6.115051469144721086e-01
6.188891550836463917e-01
6.313023424086471325e-01
6.442418367601931983e-01
6.312964209355413914e-01
6.322977928755184607e-01
6.539736150143047322e-01
6.530057205197712378e-01
6.175300035315255398e-01
6.054242644148568608e-01
5.794455263453225369e-01
5.464537663695712144e-01
5.330929531094927842e-01
5.431365076142052883e-01
5.605811517064769323e-01
5.494376138473550109e-01
5.339852378393212806e-01
5.186198577905694052e-01
5.251036108161012406e-01
5.275581896925967129e-01
5.224962165579200013e-01
5.217977375412981011e-01
5.329633663718899017e-01
5.380175968632101569e-01
5.514494653170307625e-01
5.573242419088880739e-01
5.876350479821363937e-01
5.798051255444685026e-01
6.014761644105116600e-01
6.163450705508390914e-01
6.010956116020679252e-01
5.967849517862001685e-01
6.212699448068936814e-01
6.306610241532325523e-01
6.317332223057746665e-01
6.408929184079170671e-01
6.527470044791698900e-01
6.625143108268578551e-01
6.719655143717924162e-01
6.829179786145687103e-01
6.442245242496331681e-01
6.544463994602361945e-01
6.220836572349071059e-01
6.069011521836121803e-01
5.902952738106250763e-01
6.124233869214852355e-01
6.389669246971607652e-01
6.278065351148447437e-01
6.191364797453086100e-01
6.238172166049480438e-01
6.108667905131975884e-01
6.253232593337695322e-01
6.328051964441935295e-01
6.128843372066815620e-01
5.616228317221005906e-01
5.322004382809002454e-01
4.782973801096280786e-01
4.523876483241716651e-01
4.240923389792442544e-01
3.827272704492012956e-01
3.808358908941348320e-01
3.663534595320622200e-01
3.602614189187685612e-01
3.452280849218368752e-01
3.574558926125367408e-01
3.398265513281027439e-01
3.205784363051255581e-01
3.080087917546431298e-01
2.782390959560870902e-01
2.394520409405231365e-01
2.379225400586922612e-01
2.198750684658686005e-01
2.021052127083142191e-01
1.920785109202066965e-01
1.818299899498621586e-01
1.939794550339380974e-01
2.033955866781373689e-01
1.627884342956046060e-01
1.506576438434421850e-01
1.357074339874088653e-01
1.036104648994902733e-01
7.744771288707852364e-02
7.738166895384590571e-02
6.858772185320656523e-02
5.522053139284253953e-02
4.569508523369830016e-02
-3.234157338737747578e-05
5.244810444613376421e-04
-2.947386512532829822e-02
-4.238193143780032840e-02
-2.996487279112140106e-02
-4.057686611389120512e-02
-6.508372211828827858e-02
-7.793394212300579216e-02
-8.291370157773296501e-02
-1.111507082668443530e-01
-1.209319064704080376e-01
-1.134627232638498046e-01
-1.231243580269316684e-01
-1.310173652755717288e-01
-7.984650156771141982e-02
-8.117285839592416896e-02
-7.199061584348480369e-02
-4.805994055544336729e-02
-4.760491571699580066e-02
-7.862991215661169209e-02
-1.405874492911001195e-01
-1.561158897665639866e-01
-1.538394023664295673e-01
-1.387181604591508632e-01
-1.256784605172773239e-01
-1.133304066645602487e-01
-1.294459608383476679e-01
-1.211509925313293823e-01
-1.365575921721756403e-01
-1.306012846219042900e-01
-1.105638228046397220e-01
-9.744031649703779885e-02
-7.443859499568739047e-02
-5.045667871211965277e-02
-5.140134378646810109e-02
-4.528926222895581638e-02
-2.177125187590718547e-02
-1.065572621300816571e-02
-8.372862171381717858e-03
3.292138176038860581e-02
2.865923043961326327e-02
2.728550431008140015e-02
1.361997621133923669e-02
3.337071336184938702e-02
1.225057713066536602e-02
2.891179568444687820e-02
2.851325071727234262e-02
4.357049760098256896e-02
2.921081778282920427e-02
1.206770138815045634e-02
2.805977563063305480e-03
8.359187344710028444e-03
-6.455517311890923704e-03
1.293812443812687729e-02
2.426112145185468916e-02
4.693284928798674427e-02
5.752297937870025357e-02
6.601653695106506070e-02
6.223856061697006364e-02
6.543283965438603800e-02
9.082628693431615829e-02
1.441804926221569305e-01
1.464453658089041876e-01
1.589583034937580575e-01
1.320335329199830710e-01
1.200320989514390702e-01
1.496041169390082415e-01
1.460582073157032090e-01
1.723740017041563710e-01
2.170130602394540753e-01
2.084092770392695915e-01
2.037558689092596187e-01
2.087713831414778620e-01
2.190645407885312701e-01
1.986073552320400670e-01
2.045905360641578630e-01
2.142357740861673965e-01
2.306467065277198747e-01
2.714574574492871761e-01
2.935136039120455620e-01
3.189412126007179493e-01
3.521677701734006183e-01
3.642543784342705537e-01
3.529097461141645908e-01
3.310082339681684749e-01
3.407550437686343581e-01
3.505469454762836223e-01
3.271598859069247967e-01
3.549646423198282719e-01
3.445910931564867274e-01
3.135467366315424220e-01
2.858540297485888670e-01
2.830270966825386147e-01
2.522018259701629406e-01
2.517930334744354348e-01
2.380124962267776145e-01
2.208493382669985128e-01
2.177780388233562237e-01
2.155566644233961882e-01
1.864246399762729822e-01
1.998018499774237566e-01
2.238746331694225489e-01
2.504208984784782044e-01
2.613082302423814784e-01
3.168095653566221359e-01
3.403797264210879914e-01
3.702020302725335110e-01
3.601058679632842541e-01
3.770073520950972812e-01
3.927863064222038014e-01
4.117333504371344932e-01
4.564978910299638537e-01
4.671615811996161494e-01
4.663130226545035284e-01
4.681151278627415091e-01
4.521093450797100677e-01
4.538135213466981677e-01
4.510546806268393993e-01
4.661925477596620127e-01
4.853393194886544970e-01
4.896866458468138728e-01
4.614514616938928393e-01
5.036862699004510668e-01
5.011278406096000282e-01
5.223242710344493389e-01
5.375120133471985584e-01
5.041499485882620091e-01
5.346434012365837152e-01
4.997568463596204769e-01
4.725278154325981972e-01
4.954477794778843758e-01
4.728566713941593780e-01
4.675423620579143291e-01
4.445613626080254788e-01
4.258632397589584007e-01
4.121066148703296794e-01
4.097884506608049371e-01
3.771200826391577499e-01
3.345773697520295631e-01
3.062244445706407414e-01
3.012834003195166699e-01
2.911879232153296027e-01
3.020162692293524298e-01
3.317253856609264639e-01
3.647959419836600548e-01
3.499816930542389848e-01
3.375202244768540361e-01
3.431966397911310196e-01
3.261903952807188034e-01
3.469302064428726462e-01
3.696941702316204337e-01
3.754682862510283492e-01
3.693350239346424591e-01
3.866539556533098443e-01
3.879347641021013704e-01
4.098909337073564085e-01
3.965128127485513243e-01
4.057251171519359323e-01
4.113992553204298130e-01
4.194484915584325568e-01
3.980334322899580224e-01
3.837978711972633850e-01
3.865642270073293973e-01
3.652190822487075827e-01
3.261865256354212761e-01
3.338770745322108269e-01
3.263170240446925385e-01
3.388909961407383653e-01
3.400561129674315453e-01
3.408791646982232693e-01
3.532946284239490975e-01
3.190373197818796025e-01
3.336456925297777154e-01
3.444205200610060968e-01
3.418295240340133434e-01
3.518865149157742733e-01
3.385270695822933940e-01
3.309462935663759486e-01
3.344138593412935845e-01
3.295932899850110287e-01
3.294566453434527031e-01
3.038400124448041306e-01
2.660071870622535695e-01
2.523548671044409386e-01
2.413208716548979060e-01
2.600850396789610164e-01
2.938176367121438370e-01
2.808166537123422124e-01
3.031139784492552502e-01
2.975981189248462777e-01
3.042246653077503304e-01
3.264985321400066254e-01
3.296003489134212150e-01
3.522631956574817647e-01
3.775944690840939977e-01
3.776896646556754944e-01
3.645158261992036963e-01
3.793813158757984305e-01
3.797862370498478191e-01
3.880568364945550242e-01
3.939628143794834392e-01
3.638116538214186679e-01
3.279619882193704483e-01
2.922906428265075185e-01
2.684492431270579238e-01
2.583881526874999279e-01
2.744886760599911102e-01
2.903728462445239189e-01
3.052711308933794276e-01
3.092602219122151386e-01
3.313949389693637837e-01
3.673871719278395398e-01
3.661519113617638932e-01
3.827429854311049096e-01
3.819219831066826831e-01
3.755992420949041399e-01
3.796543775436779233e-01
3.968378030695021152e-01
4.405914098955690528e-01
4.595398203469812648e-01
4.697560008304814128e-01
4.413623090522984516e-01
4.385107785773774136e-01
4.438439900986850262e-01
4.375781839403013462e-01
4.056023712269961612e-01
3.975078131072222742e-01
3.788953190358976264e-01
3.463487908554573336e-01
3.470147023908793926e-01
3.392474085402985562e-01
3.695677787375946655e-01
3.611020053736865298e-01
3.568956506748993673e-01
3.612026664117972130e-01
3.313669266800085556e-01
3.105562875357766872e-01
3.194130897211532316e-01
2.907026126670340660e-01
2.798963571277757190e-01
2.725301126328606993e-01
2.918167168584962501e-01
2.902321025418738154e-01
3.000782067266603015e-01
3.337741369691987758e-01
3.133224164135753886e-01
2.806180650678773425e-01
2.707564746029674785e-01
2.580907220331331020e-01
2.572344208446641356e-01
2.579310779459774161e-01
2.449690371441344272e-01
2.291001245069007042e-01
2.198233699736495406e-01
2.346446780798335796e-01
2.496381576793889057e-01
2.679709867574274762e-01
2.503083961394926282e-01
2.539772855428358289e-01
2.360612205850581291e-01
1.963326888469358322e-01
2.054917014824847177e-01
2.121512693352997359e-01
2.215177533216774741e-01
2.186008616971473195e-01
2.399357576854527219e-01
2.215291415341198444e-01
2.089041561819612869e-01
1.891424881604810426e-01
1.667948332615196705e-01
1.487102413860460215e-01
1.098537241108715479e-01
1.408283923752605971e-01
1.571470891125500424e-01
1.639105066346625561e-01
1.644204164234300825e-01
1.546298806555569394e-01
1.261318842259546158e-01
7.551852560912569734e-02
4.551903900379935392e-02
4.489480353270965812e-02
7.224817968284089065e-02
5.440112051243581326e-02
7.662533990417916274e-02
7.611315321798124700e-02
7.532243998721241396e-02
6.549387210980056606e-02
7.374397575234371838e-02
8.188909152522683144e-02
6.044556358829141635e-02
4.771149043614666962e-02
5.077595794573426524e-02
5.142570023114482330e-02
5.098730086659391397e-02
3.510723023985821978e-02
5.338152979190149972e-02
4.837512485682965435e-02
4.089683207372825369e-02
3.813867531716825382e-02
2.256172560155392942e-02
3.220559669037659223e-02
3.782120558122793741e-02
6.024037115275859833e-02
5.473043334980805252e-02
3.296716002126534595e-02
8.505852892994880676e-03
2.468380791445572153e-02
1.580104293922583031e-02
5.343913659453386478e-03
1.324967406690120281e-02
9.764570618669185520e-03
1.558195718874532537e-02
3.387151658535002274e-02
3.294302113354204836e-02
3.786038048565387032e-02
6.031120133896668983e-02
6.198918853575985377e-02
8.026439929381012917e-02
1.030078657902777223e-01
1.498983595209816833e-01
2.157611755964656541e-01
2.346180348036189800e-01
2.469749702451129458e-01
2.508768368201951260e-01
2.573619562822083706e-01
2.622100818591813209e-01
2.632715770043432824e-01
2.296733470944067046e-01
2.335925213682154833e-01
2.348669531134267574e-01
2.376733911223709583e-01
2.548691155699391864e-01
2.225801609146098037e-01
1.969623915540675285e-01
1.783309958564738285e-01
1.728855085559189153e-01
1.947637912817299366e-01
2.119754574882487530e-01
2.289602947421371937e-01
2.425839202788968585e-01
2.669509447800616497e-01
2.594277875808377876e-01
2.811571277367571620e-01
2.712843782889345912e-01
2.706779069888095024e-01
2.737230168965955612e-01
2.847094139394660828e-01
2.750095187065502156e-01
2.972494531112412908e-01
2.971879639662802219e-01
2.876611511843900071e-01
2.530230612494051567e-01
2.650830239988863357e-01
2.440095733540753598e-01
2.552911212978263844e-01
2.663285323418677075e-01
3.172807657159865125e-01
3.241899374562005054e-01
3.321883878049751160e-01
3.293364019133150356e-01
2.977800866899391052e-01
3.017969614205260886e-01
2.847401585119465617e-01
2.826151178218424542e-01
2.897192342517276309e-01
3.244743822452922366e-01
3.196727157570421474e-01
3.753309648173550617e-01
4.291877916393180836e-01
4.463837435779472451e-01
4.545197497742871628e-01
4.546005973902841335e-01
4.470876879058778286e-01
4.449257539274792395e-01
4.105973895949621699e-01
3.840331317546467060e-01
3.949033816034595024e-01
3.819991871093709745e-01
3.794883553559581513e-01
3.433091495806971927e-01
3.128040824706355694e-01
2.811821780477961052e-01
2.673173772171140161e-01
2.519098666186134206e-01
2.337569521740079093e-01
2.250115143135190121e-01
2.493669228628277723e-01
2.821865102276205906e-01
3.073276212438941224e-01
3.203240508834521161e-01
3.282938060661156898e-01
3.521880405644575718e-01
3.913977819184462081e-01
3.962172118326028336e-01
4.088166909913222291e-01
4.082300331443548536e-01
4.057164685179789898e-01
3.780048575252294429e-01
3.707281138747930416e-01
3.588517090926567343e-01
3.480620787789424631e-01
3.566770202169815551e-01
3.455717420826355246e-01
3.587735937287409582e-01
3.680309907843668515e-01
3.871834542602300422e-01
3.898197706788777417e-01
4.103354857613642492e-01
4.113323029130697139e-01
4.208846222609281540e-01
4.046674953152736287e-01
3.976364827404419433e-01
3.892914122591416559e-01
4.035604522873957878e-01
4.111970243044197337e-01
4.269158549296359073e-01
4.142965621935824627e-01
4.120228069213529021e-01
4.126978278160094993e-01
4.297024786472320446e-01
4.395620197057724110e-01
4.387073124448458428e-01
4.430534993608792882e-01
4.421598489085833417e-01
4.543291270732879861e-01
4.504830566545327541e-01
4.588973601659138701e-01
4.158650080362955581e-01
3.687199016412098795e-01
3.523927768071491995e-01
3.322277804215748587e-01
3.261601081117987411e-01
3.361134778087337960e-01
3.470317806427677398e-01
3.457951531435052850e-01
3.328595301136374474e-01
3.238171201820174705e-01
3.151705207303166500e-01
3.044264382372299793e-01
3.250234560420115493e-01
3.412966068834066280e-01
3.701063800603151543e-01
3.945991162210703562e-01
4.148046497255564180e-01
4.258930741498867523e-01
4.102876572559277513e-01
3.819834678123394944e-01
3.935692762335141204e-01
3.812961488962173240e-01
3.501768664146462928e-01
3.146485413735111702e-01
2.394158269589146126e-01
1.817254536474744442e-01
1.584625131761034367e-01
1.448739600057403210e-01
1.715315906330943108e-01
1.524870746458569792e-01
1.630772044882178307e-01
1.386844466750820626e-01
1.344131857777635386e-01
1.438427538300554032e-01
1.535973066774507512e-01
1.546804378119607803e-01
1.468990216342111466e-01
1.638453711755573639e-01
1.751376261003315393e-01
1.606879892138143306e-01
1.443702025649448162e-01
1.211512151795129250e-01
1.311264478601515404e-01
1.651733262774845168e-01
1.760372001367310757e-01
1.735705493328472127e-01
1.586431144115825476e-01
1.457213836411634933e-01
1.068983462949593677e-01
9.512078240513802130e-02
9.501556729276974811e-02
9.796047108247875335e-02
1.012435684291024957e-01
1.201450635679066070e-01
8.849924650664128811e-02
1.051324531125525513e-01
1.425599003521104691e-01
1.273477902558321495e-01
1.157608427650605454e-01
1.179701467898363609e-01
1.216456393944099351e-01
1.137883877304072394e-01
1.039447889275228187e-01
8.247575417626651362e-02
9.291808089086166234e-02
8.609727278817444485e-02
9.684841588605196117e-02
1.186747735288615213e-01
1.410893843121205915e-01
1.448844407297050219e-01
1.457523578700299360e-01
1.254313597998892582e-01
1.226766198795909979e-01
1.410265296620006326e-01
1.363132248244558753e-01
1.159100128260130563e-01
9.855099946726113280e-02
1.026343749758476948e-01
1.057733132736757148e-01
1.355047488507504228e-01
1.260323661612346435e-01
1.471395227359607594e-01
1.645741465734317510e-01
1.580630643215650832e-01
1.807402581519757523e-01
2.053705496635908900e-01
2.278573542134836316e-01
2.346455955800290094e-01
1.943260803120210878e-01
2.058658857441817980e-01
2.029838380015765997e-01
2.047479109760994842e-01
2.327170959906652570e-01
2.447260456082100688e-01
2.327936165267601720e-01
2.649188248052572470e-01
2.633758870496725191e-01
2.495445616776123809e-01
2.094202168518677354e-01
2.324647551014398517e-01
2.381063264096155707e-01
2.609276802822326768e-01
2.499050723000739993e-01
2.230657047514493230e-01
2.200158130610361529e-01
2.374930239204938176e-01
2.800760454420621048e-01
2.937511395895853750e-01
3.245572806879256644e-01
3.224905412876978295e-01
3.197061937535181642e-01
3.283696451767658120e-01
3.218269073947643277e-01
3.184937073771531013e-01
3.390244540059939027e-01
3.192047115648165012e-01
2.855980551724011107e-01
2.750944664701818754e-01
2.520676931366324092e-01
2.480332820365825919e-01
2.628022123128175291e-01
2.791921927283207427e-01
2.925566498190164677e-01
3.167767816533644809e-01
3.176556300371884967e-01
3.182454761117696762e-01
3.000841344396273369e-01
3.007054095466932253e-01
2.968269998828570455e-01
2.711819007992745112e-01
3.055681114395459863e-01
3.317404290040334436e-01
3.356482168038686376e-01
3.266483922799428563e-01
3.532247205575307358e-01
3.705322640016674995e-01
3.857131736353039964e-01
3.886195893709858407e-01
4.057066816215713634e-01
4.055928109213709498e-01
4.145247672374049452e-01
3.697067056472102542e-01
3.660113984718919022e-01
3.912083063895503976e-01
4.062662369882067415e-01
4.018098241960008643e-01
4.023504780605435260e-01
3.962363465999563239e-01
4.104689472044507625e-01
4.377571898822982810e-01
4.156705253447095516e-01
4.443616452937324546e-01
4.364383487030863984e-01
4.043240704263249552e-01
3.972069738432764674e-01
3.752854211255907679e-01
3.772704028214017291e-01
3.764815134927630424e-01
3.888402703528602844e-01
3.678510841603080395e-01
3.642036028710814444e-01
3.429046897101215574e-01
3.467628301625760856e-01
3.600375579243215718e-01
3.676663869565042209e-01
3.781107633258216083e-01
3.658312595332972594e-01
3.809755028729948090e-01
3.743715019469770477e-01
3.837682755237135090e-01
3.895795138125928703e-01
3.949915231709989483e-01
3.805655714318466609e-01
3.609744793619029113e-01
3.657857112780523723e-01
3.580974412655147376e-01
3.703241099176617923e-01
3.562698293981763076e-01
3.602083612737866369e-01
3.549751277896575630e-01
3.544369773201954676e-01
3.774202541642200925e-01
3.694853421184234321e-01
3.807980901134820906e-01
3.786022224657548119e-01
3.721025274329197718e-01
3.778666225456011052e-01
3.617205507936886999e-01
3.556542448583058791e-01
3.774933560324522097e-01
3.541019691658826574e-01
3.419167492422274801e-01
3.499457174174797625e-01
3.443180375926506720e-01
3.136234912904910521e-01
2.915873853994223053e-01
2.884757760795764181e-01
3.046792384120635688e-01
3.049456940226566992e-01
2.753982728851648298e-01
2.637773923459462155e-01
2.861603463573070272e-01
2.852988059205623372e-01
2.875673226895741896e-01
2.875281515104385344e-01
2.903186462703160609e-01
2.878235282880874379e-01
3.117373491210552183e-01
3.206012116007816992e-01
2.812844342125269126e-01
3.036899344258320310e-01
2.933762799832038137e-01
2.735736182463975874e-01
2.610142222178789551e-01
2.893616826467526604e-01
2.920563003552767434e-01
2.948880176874809078e-01
3.059998990230572424e-01
2.932674210402183013e-01
3.060304172220640329e-01
3.106043441841999653e-01
3.371738397826751221e-01
3.471176445794602050e-01
3.485034413946171417e-01
3.445441842389603271e-01
3.507528285495936649e-01
3.198357783568401835e-01
3.015655779900650035e-01
2.950235241713623502e-01
2.872011158925791285e-01
3.025471343658864276e-01
2.817731617949903455e-01
3.025009025198718282e-01
3.146795182488859033e-01
3.153235664280752415e-01
3.254049266688525677e-01
3.193620779862006431e-01
3.602288523068030712e-01
3.685853102554877969e-01
3.698724956562121635e-01
3.347035433476169830e-01
2.984446282808979056e-01
2.872733067100246562e-01
2.700516209627191189e-01
2.582148425901928945e-01
2.662793379897872570e-01
2.332975995416442516e-01
2.278124860798318996e-01
2.336533297474185644e-01
2.123077311242620169e-01
1.979036428655187307e-01
1.826915326838692288e-01
1.575057837491234403e-01
1.057799188420176367e-01
9.951228977491458072e-02
1.081641264880696673e-01
1.040627596899866836e-01
7.944977612545092716e-02
6.168720753242570853e-02
8.558098804205654941e-02
8.433456787218648887e-02
7.382642372200884373e-02
7.626574579626319017e-02
7.719241896023351646e-02
4.999709346642094293e-02
2.833630312234160925e-02
1.515540449569621057e-02
-7.474400723974095051e-04
-1.716156136244537112e-02
3.967457202573597408e-03
5.950615989665168637e-03
-2.096162866801025426e-02
-2.004839212944111576e-02
-2.595482300966978073e-02
-5.771337182571491253e-02
-6.773164700716734210e-02
-9.044846848895152225e-02
-9.647514776637156064e-02
-7.949281490097442893e-02
-8.172124978154896024e-02
-8.884905135879911375e-02
-9.532005097717045905e-02
-1.147883912548422619e-01
-1.259676846986015342e-01
-1.356006237988670593e-01
-1.590985929593443648e-01
-1.396316186214486832e-01
-1.514658914878964646e-01
-1.549648867920041251e-01
-1.525781737640500013e-01
-1.589819875235358726e-01
-1.437172692889968628e-01
-1.566123542065421814e-01
-1.807042685026923612e-01
-1.729529149209459438e-01
-1.441433709735671642e-01
-1.543470265343785119e-01
-1.779372296606500925e-01
-1.809611600513259533e-01
-2.017041598136226355e-01
-2.057918621848026930e-01
-2.064138197650512152e-01
-2.157866804550091222e-01
-2.158634283890326633e-01
-2.118599895387887622e-01
-2.088492689033349392e-01
-1.927922445038954269e-01
-1.708670474588870891e-01
-1.869375089804331258e-01
-1.728062530358632221e-01
-1.606563329696655273e-01
-1.454319248596827041e-01
-1.602899000048637335e-01
-1.491759682695070754e-01
-1.448265934983889169e-01
-1.262881159782409668e-01
-1.243561988075574110e-01
-1.120188484589258737e-01
-9.486047327518462580e-02
-1.110022177298863599e-01
-9.656282862027486258e-02
-9.202989439169566299e-02
-1.034291833639144897e-01
-9.739498843749364032e-02
-5.177892595529555442e-02
-3.290225466092427248e-02
-2.493955890337625630e-02
-2.943332114567358965e-02
-2.720534224063158452e-02
-4.985703000177939964e-02
-5.824901529898247193e-02
-3.741719642033180387e-02
-2.325018464277188446e-02
1.419753028700748015e-02
1.851411058257022846e-02
3.243994557609160279e-02
7.561941910535097122e-02
9.227835902323325290e-02
1.288850324228405786e-01
1.469807840262850052e-01
1.629530898605783540e-01
1.562520729377865625e-01
1.662047593078265495e-01
1.703177410643547662e-01
1.638524351796755985e-01
1.787161033134907484e-01
1.813997895301630026e-01
1.989997519335399145e-01
2.242754571915914763e-01
2.433951291721314081e-01
2.499870591641714379e-01
2.729505204440405008e-01
3.050477165263145718e-01
3.639004745365430615e-01
3.557767663927128288e-01
3.360285351208101012e-01
3.588562652003020048e-01
3.693031469515214438e-01
3.853032369942714364e-01
3.905171135595689180e-01
3.850076312354455688e-01
3.768766358029097541e-01
3.828616387676447852e-01
3.772908944170922374e-01
3.812089306147148360e-01
3.907699045569946739e-01
4.130952414901306602e-01
4.017385389190167300e-01
4.373593266587704198e-01
4.496046702843158882e-01
4.525267999153583798e-01
4.440724145155399705e-01
4.481097864142308262e-01
4.653360279432187108e-01
4.650638790956387880e-01
4.609210642209897735e-01
4.582852032811691179e-01
4.457699882021795013e-01
4.368503294419497363e-01
4.436702265869826300e-01
4.356077807179342121e-01
4.392814519039044963e-01
4.502309552859514730e-01
4.417084750564148621e-01
4.299894369672984107e-01
4.365765846800059302e-01
4.479255444835871791e-01
4.492045314516872612e-01
4.553626166190952729e-01
4.758391610191514132e-01
4.860721949643144746e-01
4.890674291954686392e-01
4.918852544234444957e-01
4.872266084110985496e-01
4.881236761963616000e-01
4.629026283975690714e-01
4.027428726510455248e-01
3.756283978776385202e-01
3.154394911136477742e-01
3.015462226079155816e-01
2.919360569523026250e-01
2.902833489235490672e-01
2.788808709631363514e-01
2.703071491171916696e-01
2.707936005045969985e-01
2.519078191369771846e-01
2.497827789435783929e-01
2.321454672763745009e-01
2.020368950441479572e-01
1.801183002069592365e-01
1.553354220464825408e-01
1.205820969616373112e-01
8.999504366268712419e-02
4.485746243347724094e-02
1.785139000664155359e-02
1.172268322358529027e-02
-9.857716349263981326e-03
-4.263881612569093982e-02
-3.248708515117566115e-02
-2.777651517341533927e-02
-6.848817753295100008e-03
7.679161739846063206e-03
2.496347731600204178e-02
2.651393009970583192e-02
2.880408186465499565e-02
1.796070494068164464e-02
1.106132624360420952e-02
2.122535477392374637e-02
3.124066959135233384e-02
1.815155019673207748e-02
1.140339146368204645e-02
2.541121289444465969e-02
4.130039347025255686e-02
2.549456539563835222e-02
2.526933136396111376e-02
1.317543519350390657e-02
1.371791147006055922e-02
3.328463517439863434e-02
1.520938011817635216e-02
3.510086146804194257e-02
1.480901422910392215e-02
7.243952481076117861e-03
9.341890939200913485e-03
5.953122007971007462e-03
1.324626289618512087e-02
2.159680011682213463e-02
5.690311221405876252e-03
1.452365624718368609e-02
1.676666595352193506e-02
2.661459255032241900e-02
5.065025471461316597e-02
3.765997472219170111e-02
2.519030777427058720e-02
2.437044439526897532e-02
2.828210451019308805e-02
3.488610444280010325e-02
6.233945844384532198e-02
8.614442107888559130e-02
1.126153061321625987e-01
1.118245938948045082e-01
1.186444912881900737e-01
1.137269048175464092e-01
1.582842030407239919e-01
1.594354290049523337e-01
1.835587713401764520e-01
1.867154733122636801e-01
2.051721931279947286e-01
2.223982066692163362e-01
2.329956246074288972e-01
2.493528120374927659e-01
2.667366497373829248e-01
2.781956074293702730e-01
2.762397778686136451e-01
2.818496927774201133e-01
2.864539091940969673e-01
2.967873764690012184e-01
3.041777623351663573e-01
3.161279551840077140e-01
2.883477948761234977e-01
2.918918820874144560e-01
2.677580637391656637e-01
2.737776828464120737e-01
2.680147253132114660e-01
2.739794589734325658e-01
2.621205902503182528e-01
2.915345562001069313e-01
2.875359002500772476e-01
2.787039220333099587e-01
2.359835724035898585e-01
2.630821074048678154e-01
2.846121758222580067e-01
2.768084424237410301e-01
2.679835237562656625e-01
2.734636269509792550e-01
2.638124677042166244e-01
2.593130116661389595e-01
2.440318966905276055e-01
2.217710102597872379e-01
2.344752488968273041e-01
2.094489175515870105e-01
2.211725089388589249e-01
2.379523799754679203e-01
2.374385998584330193e-01
2.291832582093775161e-01
2.058831960894167423e-01
1.707019451695184209e-01
1.618046047398820630e-01
1.485273723412925961e-01
1.423519788542762510e-01
1.303081848581010838e-01
1.037744445959106060e-01
1.274782899379109380e-01
1.474000596363718163e-01
1.509903780339906521e-01
1.542003702837973778e-01
1.409746062476187889e-01
1.074804536222169760e-01
7.245360977637270439e-02
5.082675111480057517e-02
3.990116012282669822e-02
3.017143084046742044e-02
3.541377433575690348e-02
-1.089552692137657486e-02
3.648849064484246951e-03
-1.018839554550747539e-02
2.645266749896110769e-02
1.053889044560493704e-02
2.846914964418911786e-05
9.320709093784310117e-03
-1.529364090723296654e-02
-9.413171823446947473e-03
-1.607775044006605480e-02
-1.982156586212417693e-02
-5.582587684815135121e-03
6.034420166785514628e-03
-6.363280878091862047e-03
-1.454232957524559389e-02
-4.113008733838685593e-04
2.199579376416903320e-02
3.475810660359762716e-02
6.886032395996155575e-02
9.191237661677105486e-02
8.571648670670890813e-02
8.799365732508403204e-02
1.183675465329240006e-01
1.036407507800807537e-01
1.110953590366989263e-01
1.010103558345387398e-01
1.267401749733835514e-01
8.445822545327245912e-02
7.072756288883587372e-02
8.519951848623653901e-02
1.171336546385040034e-01
1.403002624555180489e-01
1.395926748557637098e-01
1.372849871559689294e-01
1.468589417481173942e-01
1.576911598288764371e-01
1.587945593055337390e-01
1.719547333971907510e-01
1.926029938117911344e-01
1.866107031858215692e-01
2.001400431773315003e-01
2.265690238059808737e-01
2.650552348078538678e-01
3.139846824885656473e-01
3.340415025362745149e-01
3.460201623151079042e-01
3.494323882817601534e-01
3.610286725917831174e-01
3.497357376773531090e-01
3.477418753861760692e-01
3.197280529498432999e-01
3.024255191286405187e-01
3.057969803611437776e-01
3.119102016091346852e-01
3.244891832272212007e-01
3.457404976089795134e-01
3.557669711609681151e-01
3.597114252547423119e-01
3.596920673424998105e-01
3.540561896438400025e-01
3.636000833784540642e-01
3.482185343280434497e-01
3.640134304141005028e-01
3.282735337192813629e-01
3.175287678216894283e-01
3.029994218920667448e-01
2.916071930900215881e-01
3.064132431522011979e-01
2.859592456991473797e-01
2.714365039641658539e-01
2.923373271400729889e-01
2.751732587193449486e-01
2.926201804851492061e-01
2.987582244599858994e-01
2.878911622489491728e-01
2.796032543604572984e-01
2.675177847966552225e-01
2.533416626974940300e-01
2.245298413559794759e-01
1.773227910821636721e-01
1.898188770438234141e-01
1.910691689079006550e-01
1.695388729994495858e-01
1.441880122448007395e-01
1.442431251828869276e-01
1.809504589065909497e-01
1.685231514895955962e-01
2.007107603674133656e-01
1.843314834559957316e-01
1.441900589192907089e-01
1.226278780028224186e-01
1.182318149134516799e-01
1.307495353743434174e-01
1.242177293325463922e-01
1.134144349023699649e-01
1.047566772128144807e-01
9.165047748635213321e-02
8.540311828255653381e-02
7.298355350891749804e-02
5.849975595871609313e-02
4.063220017900071035e-02
3.115116314341625711e-02
1.762113925069571513e-02
2.809396944940097118e-03
-1.108639873564225969e-03
-7.650694437324984803e-03
-1.836198189606267489e-02
-3.531948967526354205e-02
-5.275367138286416596e-03
-2.517665363848193422e-03
3.613320055107291720e-03
-9.570082960029429806e-03
-2.561526590337354775e-02
-2.699104243268569264e-02
3.483507595956322755e-03
-2.271704313655704965e-03
-1.042661213626465411e-02
-1.261997465044260858e-02
-1.225604632248481624e-02
6.386964830259474202e-03
1.702492019782463062e-02
3.809586595743894022e-02
3.258365113288163445e-02
3.911864577482144362e-02
2.730441509435574746e-02
5.255279187113047479e-02
6.319917384535074512e-02
6.166238530228536352e-02
6.397713366895915743e-02
8.097244693587224429e-02
6.005181067933639677e-02
7.212771518776812940e-02
6.104794411609568844e-02
5.997551723072925417e-02
7.848780596007902399e-02
9.626768225183089667e-02
1.032401640589038494e-01
1.165413097168008366e-01
1.259672339384754480e-01
1.333669566238920023e-01
1.188990993425250164e-01
1.033057528858383478e-01
1.097769802436232567e-01
1.092226620142658644e-01
9.267189657936494851e-02
5.813150759786369498e-02
5.597959378113352008e-02
2.403771498550973107e-02
2.361298023412625874e-02
2.757838784406583393e-02
6.236887909471987290e-03
-1.911283290634552268e-02
-3.928238394049305554e-02
-3.243766338564454260e-02
-2.042370393561818848e-02
-7.348476893578953506e-03
-1.226105297294753649e-02
1.752235135063548443e-03
7.034932728856996276e-04
2.513109546465180227e-02
1.692289612255992032e-02
-7.823770850275933719e-03
-3.247068733908233668e-02
-5.291990251280365848e-02
-5.659698954162496048e-02
-4.779575602151451413e-02
-4.883311128554242847e-02
-6.062661916948853397e-02
-7.722589309948185710e-02
-9.889647797681389019e-02
-6.934541300870475378e-02
-4.122592072623468273e-02
-2.117684395052489565e-02
-1.588371506271260558e-02
-4.230517929730313875e-02
-7.787472691076495479e-02
-8.246527855905393112e-02
-8.843775566977760128e-02
-1.011278753634542171e-01
-1.250961269096781958e-01
-1.309506348179032553e-01
-1.611302630510181022e-01
-1.554675122257321851e-01
-1.724430114186058516e-01
-1.593509316599617254e-01
-1.890126787281284915e-01
-2.027918500360101350e-01
-2.132621886984755744e-01
-2.121130141274382708e-01
-2.191187471306572099e-01
-2.148187915639330758e-01
-2.332613910393168399e-01
-2.281076384242624044e-01
-2.248744158850361496e-01
-2.037412980105727245e-01
-2.020895008152971406e-01
-2.193043553736060691e-01
-2.533628473834445005e-01
-2.775285482561836159e-01
-2.807118956154832645e-01
-2.852710193799187222e-01
-2.986425361440827042e-01
-3.109113364325215012e-01
-3.224714099274327284e-01
-3.098534838762134203e-01
-3.157200620975345040e-01
-3.151094916121413014e-01
-3.170660041427860176e-01
-3.236852628644555363e-01
-3.067172788238773373e-01
-3.032205612864344868e-01
-2.883514271583408339e-01
-2.759027121278146977e-01
-2.746442217690249210e-01
-2.571941122102240351e-01
-2.583396434473494430e-01
-2.469198569344977223e-01
-2.625296013119319816e-01
-2.908383461646735224e-01
-3.040121846211453205e-01
-2.907593213332195781e-01
-2.563988449983298779e-01
-2.534193245383600246e-01
-2.465536522679030451e-01
-2.443279512537022136e-01
-2.426057823312779138e-01
-2.340926394797861465e-01
-2.200112571629385116e-01
-2.310236173681914917e-01
-2.194833561778068431e-01
-2.343217449883620018e-01
-2.472701216737429319e-01
-2.803502420584360610e-01
-2.694891010721524593e-01
-2.515860167642434142e-01
-2.110419489443302044e-01
-1.622459572119017424e-01
-1.496225658493737232e-01
-1.443544873036444187e-01
-1.288271852768957670e-01
-1.379028456596036734e-01
-1.078464246975878726e-01
-1.146761143890519807e-01
-1.090659717408319074e-01
-1.142395386782785183e-01
-1.021107981291909939e-01
-1.049734880216419697e-01
-1.085991064396997219e-01
-1.262175154872238747e-01
-1.200193479346732262e-01
-1.174142318156858045e-01
-9.333302152032652010e-02
-1.111290680555005461e-01
-8.915103447313106610e-02
-1.143023945080737097e-01
-1.325418499298393615e-01
-9.299710365012286983e-02
-5.914038913324473623e-02
-2.207846439753968076e-02
5.559814379860972267e-03
1.659722592060765278e-02
3.372075660154224414e-02
2.919556551302473352e-02
5.249562750880917145e-02
4.078410631045700785e-02
3.232425516471268412e-02
4.085881418238096474e-03
2.971640604858596935e-02
5.632666749879718104e-02
9.253980719173947322e-02
9.884820049628614824e-02
9.837108518307408067e-02
9.772703712806105059e-02
1.063633873748282554e-01
9.164160101984937523e-02
9.322211553032198894e-02
9.584727246935167977e-02
1.105995762161910700e-01
1.213115471415221747e-01
1.266550067191322682e-01
1.226126246775190165e-01
9.884159596016009464e-02
1.008618755266070394e-01
7.729490163425604965e-02
7.009650133550168749e-02
6.107891487578553935e-02
4.864773619920018111e-02
5.749793412784739988e-02
7.199995182454591025e-02
8.412709766998890948e-02
1.040408974823852639e-01
1.147011718091865418e-01
1.590494037605821864e-01
1.763845042325556389e-01
1.962329403497278801e-01
1.793644781845311065e-01
1.272120568590859591e-01
1.256137791710595364e-01
1.207868336079021276e-01
1.115000584162771646e-01
1.253883171516160244e-01
1.099869547722240326e-01
9.931233335907259374e-02
8.255933482820788927e-02
1.004451112511257349e-01
1.173085626525183500e-01
1.278982377611100618e-01
1.193242881757517609e-01
1.057995027862489168e-01
9.444712713981667784e-02
9.197706074143448263e-02
5.980334272608159307e-02
6.600765973950424581e-02
2.953216324870786003e-02
2.182385316118598539e-02
2.856244683886567659e-02
9.792785470683768034e-05
-1.470766697699826125e-02
-4.029309883092842270e-02
-6.272160097335777174e-02
-6.193179969365397025e-02
-5.189689916248121926e-02
-3.063396932557224672e-02
-3.125159977159151781e-02
-1.163750626922894701e-02
1.609050146459292674e-02
3.693530124146492122e-02
2.195708030679574194e-02
1.835970182437450179e-02
-9.313421952538186027e-03
-3.413205346247801669e-02
-5.860998631299783185e-02
-7.314798683704187843e-02
-8.284879310522227924e-02
-8.081803690486898117e-02
-7.554403763109196479e-02
-7.990047306908915070e-02
-9.280694545401881046e-02
-7.710838310886174163e-02
-9.762227730049441443e-02
-9.153069154514620331e-02
-8.037553872757902118e-02
-8.476476814442625296e-02
-7.594622649097194922e-02
-9.031456040684134046e-02
-9.958949290060747916e-02
-9.587460063242664310e-02
-1.110746408735091562e-01
-9.380535734041284268e-02
-1.159227664504821204e-01
-1.241307383015130966e-01
-1.351560791566346897e-01
-1.744314074749127030e-01
-1.979753792518749722e-01
-2.270752911999200929e-01
-2.240383799110228780e-01
-2.024067394668236375e-01
-2.114771620913719063e-01
-1.749107983196154237e-01
-1.751421820605173485e-01
-1.841937019412095144e-01
-1.741146195912733619e-01
-1.629271281495069390e-01
-1.572037967775637701e-01
-1.748973601420099333e-01
-1.871096813042337492e-01
-1.882866415738438381e-01
-1.458696405946587338e-01
-7.435340989225854014e-02
-4.768553086711714573e-02
-6.269631841375182535e-02
-4.866139499936253388e-02
-2.726523785386235355e-02
-3.033517011596512103e-02
-8.475561525362246273e-03
-7.189704338088770408e-04
8.991400563778964572e-03
9.194545114102458533e-03
3.247547762002794824e-02
2.763350075886895907e-02
2.436292932834477343e-02
2.017228868013869192e-02
4.427267774008217249e-03
-7.929895864799627048e-03
-2.992204879410565940e-02
-4.722731614795823429e-02
-2.946634148247538609e-02
-1.533257978347438849e-02
-2.296550837345418677e-02
-3.170479652471837329e-02
-7.236428729568894491e-03
1.882046787068263061e-03
-9.286997886374576128e-03
-1.697913839792210972e-02
-8.394257320712000814e-03
-1.612374742204944478e-02
3.167064677303035869e-02
3.222314358378450261e-02
5.465597224732240966e-02
5.466599377493064349e-02
4.947398019333679176e-02
3.759210966527461173e-02
1.317520998418332534e-02
5.164005979895608389e-03
2.915548694630465398e-02
3.937667819360893273e-02
2.583071303864323265e-02
2.165942999223870180e-02
-1.985845354696112730e-02
-2.283182529111701942e-02
-5.127174941202004149e-02
-3.899156190454958898e-02
-2.762256202598412091e-02
-4.337099927167095692e-02
-3.424591906368731203e-02
-6.078444210191565750e-02
-6.699354139467078584e-02
-7.590932846069334272e-02
-8.953568637371062122e-02
-7.713570793469745612e-02
-7.142627040545143635e-02
-6.221282730499901048e-02
-6.451322721938290705e-02
-5.174704380333421810e-02
-5.702924119929470015e-02
-4.832616311808424214e-02
-2.987354161838688682e-02
-6.419120294352370637e-02
-1.038976447035868805e-01
-1.343154873698950147e-01
-1.252792265266180205e-01
-1.259066498527924294e-01
-1.506610588481028801e-01
-1.303810548037290795e-01
-1.299888870368401395e-01
-1.469832886010408457e-01
-1.339955134938160819e-01
-1.538970146328211275e-01
-1.696752862383922311e-01
-1.636713809023301047e-01
-1.759051098177830674e-01
-1.876437320063511771e-01
-1.838912627349297280e-01
-1.646845957885185729e-01
-1.438470841695864977e-01
-1.395159275581439318e-01
-1.679624558736880491e-01
-1.810634180903434864e-01
-1.841700171430905864e-01
-1.954497431715329636e-01
-2.118474672238032097e-01
-2.070098181565602768e-01
-1.818823715051015311e-01
-1.846746896704037633e-01
-2.046094412604967383e-01
-2.073241001615921397e-01
-2.370389120032389552e-01
-2.503400570402542491e-01
-2.799478293706973431e-01
-2.674221387753883961e-01
-2.855356535563866038e-01
-2.641661411772171508e-01
-2.128379092862208721e-01
-1.851574983447790146e-01
-1.966610934585332759e-01
-2.176607560366392025e-01
-1.990122801313797263e-01
-1.845157281806071303e-01
-1.685304404546817125e-01
-1.722339462488889639e-01
-1.693534921854734365e-01
-1.629569633553425434e-01
-1.705473049233356964e-01
-1.669549369563658736e-01
-1.920534614473581314e-01
-1.879402521997690090e-01
-1.944016862660646328e-01
-1.821768396844466453e-01
-1.848035915444294353e-01
-2.023744025578101402e-01
-1.928979204346736309e-01
-2.125188466161489487e-01
-2.135589345047871068e-01
-2.202082548290490993e-01
-2.199213021745284324e-01
-2.390785491714875199e-01
-2.783716426541408273e-01
-2.970317340145508522e-01
-3.259175714105367883e-01
-3.143463384360075663e-01
-3.091866648445527055e-01
-2.971783986936012978e-01
-2.781817079832156758e-01
-2.872532686839501248e-01
-3.142957802861928718e-01
-3.071800496429205052e-01
-3.278474396715561623e-01
-3.026375508556763405e-01
-2.970854812612136464e-01
-2.849077774832646237e-01
-2.990675018479426739e-01
-3.125358081112305508e-01
-3.049026520301898469e-01
-3.279178123921155930e-01
-3.663944583386182785e-01
-3.620519152532021279e-01
-3.533577185124158748e-01
-3.541272512326637534e-01
-3.415512294818957573e-01
-3.108236602197090859e-01
-2.783092430482307922e-01
-2.404110552122195599e-01
-2.264153034736712811e-01
-2.007364979634682078e-01
-1.777912538498639949e-01
-1.878707910577455953e-01
-1.893945977091789357e-01
-1.592892125248909219e-01
-1.696784754594167222e-01
-1.690191686153411643e-01
-1.606283227602640640e-01
-1.823200866580009238e-01
-2.197780509789784564e-01
-2.373427142699559567e-01
-2.414153856535752318e-01
-2.310664318501949310e-01
-2.246428020298480988e-01
-2.375909504791100524e-01
-2.395112526913483753e-01
-2.350363922615846257e-01
-2.065616252521673968e-01
-2.230251654982566833e-01
-2.052334462602933285e-01
-2.086814279357592228e-01
-2.284581278761227963e-01
-2.083186392982800950e-01
-2.154742250839869477e-01
-2.258732810616493336e-01
-2.595156922936439625e-01
-2.574172978599866268e-01
-2.719468712806701882e-01
-2.718906193971633578e-01
-2.429788187146186829e-01
-2.298635088993857267e-01
-2.243613147332022550e-01
-2.333256109151989333e-01
-2.104429953886816640e-01
-1.736277116928249542e-01
-1.578127742900202746e-01
-1.643113306257873718e-01
-1.694086031212160837e-01
-1.531299865338951183e-01
-1.574989477638155111e-01
-1.557034468743949962e-01
-1.278301401529460812e-01
-1.431688739452510739e-01
-1.448684964173783674e-01
-1.466004583829393082e-01
-1.655716422790040609e-01
-1.826045315557470183e-01
-1.670872499390194943e-01
-1.590097735170274973e-01
-1.455731230322271363e-01
-1.235572852039088787e-01
-8.481236173150441537e-02
-7.527142885761958779e-02
-7.148047162530324350e-02
-7.546159201301635977e-02
-1.092012502097835375e-01
-1.469789621575425254e-01
-1.652835520450025852e-01
-1.873806945824375014e-01
-2.078387913449357138e-01
-2.149401751502106883e-01
-2.381751042945931540e-01
-2.327298449818044901e-01
-2.280386326058457258e-01
-2.335481154266744741e-01
-2.283838875436534355e-01
-2.223059666498253539e-01
-2.103314054353783435e-01
-2.153637719495842817e-01
-1.987084743722031255e-01
-1.993158556365718370e-01
-1.962962532881647182e-01
-1.957747290376573579e-01
-1.966963921828816242e-01
-2.054812277201563120e-01
-2.038724735223998441e-01
-2.032842213753611182e-01
-2.025415614092102023e-01
-1.792219136996816009e-01
-1.610623940670242171e-01
-1.225265358729908938e-01
-7.733543662664793539e-02
-6.414679436323544870e-02
-3.155950157282255003e-02
-2.133375553724668056e-02
4.339583606148743333e-03
2.199420322043199594e-02
3.174511183363695060e-02
4.254704019986093461e-02
2.413381836377084810e-02
2.638388785223166888e-02
2.614339503149192695e-02
3.378566019237041335e-02
1.086660635968049113e-02
-1.858425418613479305e-02
-2.035652553119387739e-02
-1.828249871808415236e-02
-1.634033401884760206e-02
-2.894710183221226724e-02
-7.575539177438875282e-03
-2.554489602722849473e-02
-2.308234527784710013e-02
-2.333194767513002352e-02
-2.353714063841228638e-02
-9.342116167924054138e-03
9.442548651713879304e-03
6.689857268550744585e-03
2.309053837476905680e-03
-3.218192160905665455e-03
-1.362795263606436658e-02
-1.854462777652468586e-02
-4.028558289088930017e-02
-7.271687492805845032e-02
-1.177590335913313024e-01
-1.196315095333072009e-01
-9.525605792878194533e-02
-9.795682584323606168e-02
-1.105972975996943469e-01
-1.405983766424469261e-01
-1.088935768115333880e-01
-9.176572019932791036e-02
-8.626990224001929164e-02
-9.117336824613933577e-02
-1.262755925961149273e-01
-1.429349894829404777e-01
-1.268542794394306727e-01
-1.140482408809475601e-01
-1.050377143430523547e-01
-1.106551461426230759e-01
-1.084150972970140403e-01
-1.012586010503582490e-01
-7.655611564793311785e-02
-6.855789254186674120e-02
-4.863999466178937220e-02
-3.929264128285770569e-02
-5.484977642772719680e-02
-5.208433151322727078e-02
-6.448932048321391608e-02
-9.409595386823638163e-02
-1.130826240444245401e-01
-1.327561572853786509e-01
-1.567052787208619569e-01
-1.738857443793677127e-01
-1.880461509688757804e-01
-1.726003786587776978e-01
-1.785610133820834111e-01
-1.908810550385775795e-01
-1.914410670016271632e-01
-1.955371956690214741e-01
-1.989316580855908512e-01
-2.271713982685469035e-01
-2.292666048471194984e-01
-2.262321979467136202e-01
-2.284727027678551958e-01
-2.073867262806743383e-01
-2.078025792570163954e-01
-2.125072287550816841e-01
-2.100025457174827526e-01
-2.305531046818941887e-01
-2.742069604030499819e-01
-2.616541675757616536e-01
-2.751197409660866011e-01
-2.775952728620419974e-01
-3.005320918591071755e-01
-3.121566163531194205e-01
-3.000133002332101562e-01
-2.889246472002317545e-01
-2.853288630178819618e-01
-2.652995998195062377e-01
-2.655758479765306102e-01
-2.543858515253911712e-01
-2.563703762522588359e-01
-2.390407410295059543e-01
-1.955121414891133891e-01
-1.803198453815033075e-01
-1.877446201474716192e-01
-1.829875893425196298e-01
-1.776147511632492071e-01
-1.485355632534871573e-01
-1.683352626394480356e-01
-1.815443999599665459e-01
-1.636303849052637704e-01
-1.634183592628687676e-01
-1.450188022882988315e-01
-1.285174570512026826e-01
-1.187897781065354874e-01
-1.105449129672100156e-01
-1.157710869641353640e-01
-9.987621302716433169e-02
-1.078908333710084377e-01
-1.186494911244759948e-01
-1.456649022332082155e-01
-1.521472890706112024e-01
-1.814765353531887226e-01
-1.753364420961588954e-01
-1.457038464179883364e-01
-1.389739063413192866e-01
-1.456081956004103006e-01
-1.335675909494360436e-01
-1.319426675016681094e-01
-1.111472874258955246e-01
-1.066266516223549898e-01
-1.048090606306990025e-01
-1.081659465407331933e-01
-1.242097635443012021e-01
-1.266411139940222252e-01
-1.381861571843425729e-01
-1.302419090643525124e-01
-1.355539405718445833e-01
-1.781139599159359821e-01
-1.839552588139971023e-01
-1.849552658076087652e-01
-1.630847264702121602e-01
-1.635203927134474267e-01
-1.843034752334157811e-01
-1.687723020712534605e-01
-1.687941650549570627e-01
-1.838971878091494039e-01
-1.715441237514217510e-01
-1.514189824151495889e-01
-1.756033594099183914e-01
-1.769966716257234396e-01
-1.740260337479412334e-01
-1.489710077332953575e-01
-1.640476122188071484e-01
-1.780686432806154185e-01
-1.826607897567252281e-01
-1.878548521238068703e-01
-1.972821422852575890e-01
-2.068538199799756505e-01
-2.312365572589138996e-01
-2.250418062942723396e-01
-2.439861174362401297e-01
-2.396574660825232794e-01
-2.386319535163541616e-01
-2.457602100757260988e-01
-2.251953032799065002e-01
-2.247999469128748040e-01
-2.448435569492479202e-01
-2.569520294355849277e-01
-2.796301344720025783e-01
-3.017475435820718976e-01
-3.005116000461081627e-01
-3.126193880724410512e-01
-3.539528021899362997e-01
-3.610225294716656874e-01
-4.011798952706158716e-01
-4.202813461112479554e-01
-4.035237932888169898e-01
-3.900092546828091145e-01
-3.694293170856932651e-01
-3.545337654339770772e-01
-3.446238939650356770e-01
-3.514030262517432446e-01
-3.532115084119141213e-01
-3.705286182152728314e-01
-3.829973739571869151e-01
-3.886981578854222796e-01
-3.973165161597231876e-01
-3.937920140412946024e-01
-4.190160231975217364e-01
-4.116083293842772717e-01
-4.277541726517180565e-01
-4.247477789409458970e-01
-4.330548171885311715e-01
-4.431755751060942883e-01
-4.404458860245843432e-01
-4.496682102171082884e-01
-4.385677153089393987e-01
-4.010721744814266798e-01
-3.788415781377504343e-01
-3.698640735664715518e-01
-3.770888921339065059e-01
-3.658918352642407390e-01
-3.475521736312657817e-01
-3.481367809542765812e-01
-3.416821786357711055e-01
-3.250302973979463106e-01
-3.325892103680719858e-01
-3.636889079120010360e-01
-3.222045023149500143e-01
-3.262136348988861068e-01
-3.252177287048350074e-01
-3.303184170431147093e-01
-3.187091518348703634e-01
-2.737423766559610727e-01
-2.461908647324889954e-01
-2.312704894846926429e-01
-2.290224697596083270e-01
-2.320498152480771070e-01
-2.236054501341034895e-01
-2.305922802692900175e-01
-2.174970106687396654e-01
-2.406836586849143145e-01
-2.160278603589783075e-01
-2.152000253554433029e-01
-2.250497733708470560e-01
-2.254761022981255913e-01
-2.240187950587520793e-01
-2.265933937237908091e-01
-2.257257050679375432e-01
-2.244626602934052528e-01
-2.369177516705046060e-01
-2.184387138889481439e-01
-1.952477382030337882e-01
-2.005864155944436789e-01
-2.059685898479073907e-01
-1.934098762925714199e-01
-2.364078395223865869e-01
-2.514646321690330866e-01
-2.809573959714422586e-01
-2.935259020732094992e-01
-3.079634692675123353e-01
-2.940351283953835382e-01
-2.766253284023453274e-01
-2.823461524055649319e-01
-2.746123355037222158e-01
-2.917303990727911356e-01
-2.867053202198197592e-01
-3.149177319214989668e-01
-3.410406297848870283e-01
-3.481641043132792102e-01
-3.442834172553072558e-01
-3.539455074972163162e-01
-3.539910553799321402e-01
-3.611215908235559935e-01
-3.558478190408398412e-01
-3.616939007149387875e-01
-3.274188259616493957e-01
-3.435637585197885424e-01
-3.259663007532556112e-01
-3.482702296848098067e-01
-3.749916269754369758e-01
-3.799240161354343059e-01
-3.560432185108463043e-01
-3.548047690962751743e-01
-3.582103906820217620e-01
-3.620389251659313912e-01
-3.550281820042680003e-01
-3.055808521651973697e-01
-3.098874124232680050e-01
-3.042055306180070362e-01
-2.946320302629222843e-01
-3.024462389294058640e-01
-3.182557103379319297e-01
-3.373195844236761554e-01
-3.444073058509578567e-01
-3.453264636142800437e-01
-3.345204363111407009e-01
-3.387620910846939060e-01
-3.589821991665909651e-01
-3.666962024910996321e-01
-3.764799055798599969e-01
-3.713739789867153140e-01
-4.082379994137833590e-01
-3.988018271668503645e-01
-3.805238828218231451e-01
-3.583115056312332625e-01
-3.520971690770238749e-01
-3.520652854349464178e-01
-3.462943582640339857e-01
-3.380082717941452763e-01
-3.275322389012823576e-01
-3.280970336403697951e-01
-3.297201356695343977e-01
-3.136330485499153609e-01
-2.841912985003243186e-01
-2.781648477073758730e-01
-2.444313409583022123e-01
-2.349211529052505631e-01
-2.098581566320111280e-01
-2.044035592582076899e-01
-2.059594774153083452e-01
-2.181497081027676532e-01
-2.317266464388618719e-01
-2.254023114995409860e-01
-2.350730558391660452e-01
-2.249928355372200484e-01
-2.169508862153937678e-01
-2.152533121562252294e-01
-1.932233549809703743e-01
-1.953934875782579184e-01
-1.901486391977717239e-01
-2.044985264694939020e-01
-1.935098519083112423e-01
-1.703396002606799020e-01
-1.796908254579951403e-01
-1.898222878730545515e-01
-2.361823772545904032e-01
-2.374504322962214253e-01
-2.719423130309829850e-01
-2.544400508360316615e-01
-2.302982628500709894e-01
-2.300748502369970305e-01
-2.664622088428586499e-01
-2.810334595696379889e-01
-2.864655104931443930e-01
-2.738840229964504824e-01
-2.691349639557302220e-01
-2.935766864878436300e-01
-2.957978329621255287e-01
-3.062331007483104495e-01
-3.053656395835181447e-01
-2.994034108084936974e-01
-2.825060264828304080e-01
-3.123547478578984626e-01
-3.270077560407420036e-01
-3.122126379671196217e-01
-3.218458051793277597e-01
-3.328579361550509930e-01
-3.133433660181860203e-01
-2.976311400843163479e-01
-2.873136148167153570e-01
-2.749398261619110939e-01
-2.865397543025513527e-01
-3.024703830791016235e-01
-3.322999738156795502e-01
-3.563909766574700488e-01
-3.671787845591704125e-01
-3.487826431790987392e-01
-3.322141140699386153e-01
-3.406377551456292174e-01
-3.336409047245978976e-01
-3.458650678396224531e-01
-3.499288573861122353e-01
-3.580785279472669114e-01
-3.754414126276970354e-01
-3.787675524751344946e-01
-3.948309543232123020e-01
-3.976380757987499348e-01
-4.260461149116357427e-01
-4.280208475887775643e-01
-4.266981350878874535e-01
-4.279844092826048385e-01
-4.349279693017403248e-01
-4.320661903669437143e-01
-4.229668454577525383e-01
-4.064604904502630567e-01
-4.184195646395285628e-01
-3.919379774481057677e-01
-3.773113859817385229e-01
-3.657852454110980256e-01
-3.446273039405544636e-01
-3.345101893569032425e-01
-3.394505493963758114e-01
-3.415421121443311114e-01
-3.242439052090048679e-01
-3.199510088190435919e-01
-3.273026774947841444e-01
-3.222744097933173402e-01
-2.964560008918245559e-01
-2.805021418258547561e-01
-2.890241660798589240e-01
-2.935290876155098316e-01
-3.027653046573202111e-01
-3.013990934317311021e-01
-2.853006194656093619e-01
-3.132092262928684034e-01
-3.464617486422260084e-01
-3.266950697327653530e-01
-3.403813226148486026e-01
-3.351241760576764150e-01
-3.146601580704251333e-01
-3.038723501687248252e-01
-2.923801421498258835e-01
-2.640524955466389545e-01
-2.607006213938196648e-01
-2.753775424634417046e-01
-2.726007105782627948e-01
-2.273802341893315093e-01
-2.293570157761374850e-01
-2.370912881568074115e-01
-2.502847136929631233e-01
-2.693203485881289216e-01
-2.706478433683514595e-01
-2.790780898804465782e-01
-2.660356578106681802e-01
-2.592294252788027165e-01
-2.524061120425661331e-01
-2.334850308174888367e-01
-2.449902199829618321e-01
-2.431623799726367052e-01
-2.556079065427183661e-01
-2.476058123012383483e-01
-2.332538753747940286e-01
-2.562783728043238618e-01
-2.720463961362838967e-01
-2.806087315082549938e-01
-2.893623669942220200e-01
-3.105669955412546646e-01
-3.093230803807576201e-01
-3.016983509063720370e-01
-3.074774771928787120e-01
-3.005951792001724243e-01
-2.930251069366932026e-01
-2.901123143732547982e-01
-2.843969553709030373e-01
-2.837399259209633096e-01
-3.025701408584912655e-01
-3.202400197585423824e-01
-3.368283620104193798e-01
-3.650198196992278099e-01
-3.914132722343007798e-01
-3.893294526264071687e-01
-3.978706072395046256e-01
-4.082017968719203749e-01
-4.154373191917935526e-01
-4.150961650535464065e-01
-4.141676697259147888e-01
-4.061931315188606062e-01
-4.298118031894166968e-01
-4.520626684650778659e-01
-4.387266794219612520e-01
-4.308669223760564493e-01
-4.332067215815186279e-01
-4.261096650734543800e-01
-4.274927292640010590e-01
-4.355610961094498745e-01
-4.170157844200730324e-01
-4.380858182286222480e-01
-4.114386637384692680e-01
-4.077574769034981728e-01
-4.507807204499840736e-01
-4.506862083449960088e-01
-4.707031739875674470e-01
-5.068673484648267280e-01
-5.110848618671297583e-01
-5.236832020804286225e-01
-5.336210848763585091e-01
-5.758820833638310654e-01
-5.592673234020670847e-01
-5.497717109198372309e-01
-5.203750517840186607e-01
-4.920886245245734147e-01
-4.905759778494635515e-01
-4.505384034787614511e-01
-4.351085742935537626e-01
-4.344490397100647661e-01
-4.544578063612182972e-01
-4.991522056981920752e-01
-4.976785013452171835e-01
-5.024756137902537390e-01
-5.087869678313533539e-01
-5.015386921664078956e-01
-5.217332949241002549e-01
-5.028233731786410088e-01
-4.734171502292155997e-01
-4.796825004120667257e-01
-4.867681694527467018e-01
-4.834158388276894591e-01
-4.785469888399044303e-01
-4.788013735165198570e-01
-4.748097766190766955e-01
-4.727826643735170142e-01
-4.714401380469401270e-01
-4.636250179260968940e-01
-4.588099145640929244e-01
-4.624842692166566405e-01
-4.192476311077674156e-01
-4.168406485269466888e-01
-4.144106645137072276e-01
-3.948300499469041824e-01
-3.879438806325197220e-01
-3.946152914315462779e-01
-3.879217901111891020e-01
-3.882556565882017141e-01
-3.904128082872678762e-01
-3.879846461893369236e-01
-3.757755143723139901e-01
-3.445296082179993280e-01
-3.373865478516866467e-01
-3.294229411364842930e-01
-3.515624418389051709e-01
-3.645807345242549902e-01
-3.407377401522050375e-01
-3.614042192231863848e-01
-3.490140333306044340e-01
-3.023168906103819165e-01
-3.152757430604348210e-01
-2.964856127432236588e-01
-3.146811145823448785e-01
-3.129375381550441038e-01
-3.162723325969030164e-01
-3.106373661042501344e-01
-3.087708098969111914e-01
-2.789838059029231543e-01
-2.581503930967301019e-01
-2.140068961462626707e-01
-2.122268819094945969e-01
-2.020742394806195885e-01
-2.369157024503995568e-01
-2.426918678761770254e-01
-2.477581683080642971e-01
-2.701700452249496953e-01
-2.366481069009750970e-01
-2.437506291549652593e-01
-2.434634491335600504e-01
-2.333886943291872684e-01
-1.785416545501599672e-01
-1.467414306631932563e-01
-1.552199566892037419e-01
-1.661895001462350141e-01
-1.667533839276681418e-01
-1.891623004805296493e-01
-1.869561845591912463e-01
-2.164405216307689339e-01
-2.402550480794161114e-01
-2.362702848544964707e-01
-2.095119935305168046e-01
-2.155341175229599227e-01
-2.191028007150938317e-01
-2.249422776978463046e-01
-2.152378282354523720e-01
-2.203811050858348608e-01
-2.269329524443795265e-01
-2.437547277814398339e-01
-2.483835398064305477e-01
-2.554924387640009620e-01
-2.804982730653137191e-01
-2.909508475568145514e-01
-2.968741326437642214e-01
-2.937406600918620603e-01
-2.827866016731908072e-01
-2.758307436015456915e-01
-2.849476242437958273e-01
-2.876581842079758422e-01
-2.792819131165742985e-01
-2.853514074037472037e-01
-2.861081867168346893e-01
-3.210414289186398484e-01
-3.337126452475785987e-01
-3.326848555356264336e-01
-3.302489507943391356e-01
-3.105460384239753235e-01
-3.212409286449352530e-01
-3.015191146483023887e-01
-2.994853982081015498e-01
-3.381210047751664893e-01
-3.337866603086391826e-01
-3.410561158011356508e-01
-3.640056863427161837e-01
-3.690054863691329956e-01
-3.466509997844696156e-01
-3.695641328891118293e-01
-3.603789299726485873e-01
-3.840946177641550441e-01
-3.993811984856923125e-01
-4.270515898863473936e-01
-4.239367922147114776e-01
-4.474297508597373518e-01
-4.390660052498180921e-01
-4.466014618674913894e-01
-4.765802229444185967e-01
-4.856741035977999443e-01
-5.122921074430147881e-01
-4.779578223824501038e-01
-4.703105464577674866e-01
-4.669771179556846397e-01
-5.071064705650011328e-01
-5.198161746064822175e-01
-5.153579397747913848e-01
-5.161891901244719527e-01
-5.177706145991882725e-01
-5.074159675588210128e-01
-5.013175501177709048e-01
-4.769484774519999748e-01
-4.813190337270498720e-01
-4.769493894030650827e-01
-4.977777914454539765e-01
-4.876142185181379096e-01
-4.904662046581506618e-01
-4.892828686783711190e-01
-4.662244380141297717e-01
-4.731071919823686134e-01
-4.771051645899812010e-01
-4.764506400252381813e-01
-4.688598437234758887e-01
-4.636871887370943579e-01
-4.840478135272860416e-01
-4.802035662656028991e-01
-4.869266741598645698e-01
-4.994849324847260852e-01
-5.035090953732530572e-01
-5.067045132940013463e-01
-5.077013314391176646e-01
-5.032216887300213770e-01
-5.183900730063518703e-01
-5.003494338442882050e-01
-5.175246607512236086e-01
-5.218207449962695144e-01
-4.909537983437379238e-01
-5.122686537603537982e-01
-4.926456776758035283e-01
-4.926593420406182866e-01
-4.933188763757546669e-01
-4.870423662165800360e-01
-5.190653192500273017e-01
-5.056924370427926529e-01
-4.970073508719602962e-01
-5.094808898866176605e-01
-4.871591980258623833e-01
-4.697564586997032277e-01
-4.577750655512015099e-01
-4.438107413550217983e-01
-4.443853286405404224e-01
-4.365080354114373451e-01
-4.501097979644933522e-01
-4.560105370978513872e-01
-4.411814856032530430e-01
-4.055124166111151451e-01
-4.249869070947170369e-01
-4.358922285338242553e-01
-4.278523288667201996e-01
-4.157757403949896569e-01
-4.199536286294460741e-01
-4.652028006811936844e-01
-5.005544004340967135e-01
-5.111495412886142287e-01
-5.120322609941164727e-01
-5.135039155681928591e-01
-5.157933842390776125e-01
-4.946072036400437355e-01
-4.941376044725378502e-01
-4.965596173579494010e-01
-4.973849459861715561e-01
-5.068151972567042085e-01
-4.923685204858581077e-01
-4.973341596002380238e-01
-4.784827671324213827e-01
-4.764105623587966409e-01
-4.742647976304094071e-01
-4.832391138498981498e-01
-5.016489188497265106e-01
-4.927807282035548964e-01
-4.885648087287942642e-01
-4.698108887299895509e-01
-4.707840209826826827e-01
-4.851616914694507621e-01
-4.849225655818978908e-01
-4.877939080819487794e-01
-4.773121819520990128e-01
-4.733317450309793006e-01
-4.681231067205468555e-01
-4.634544398014743827e-01
-4.544188614313801056e-01
-4.627400205160180358e-01
-4.652362759535511039e-01
-4.817635839805006759e-01
-4.630328938985863729e-01
-4.916898524388670921e-01
-5.080887153123816447e-01
-5.068903480346005352e-01
-5.337313095107674155e-01
-5.460461134091019186e-01
-5.446735257282853127e-01
-5.631411767875155183e-01
-5.569159087414543574e-01
-5.528263843928774568e-01
-5.451351545130214138e-01
-5.506865403925379487e-01
-5.469623109325767452e-01
-5.837949018304546822e-01
-6.184204680845142299e-01
-6.277188592279950852e-01
-6.289903311058878677e-01
-6.305323574071128867e-01
-6.307109056040643980e-01
-6.308773833637435491e-01
-6.410871878266334312e-01
-6.589768350124358687e-01
-6.413338283697764819e-01
-6.528772771358489768e-01
-6.404451876878738403e-01
-6.515147099892297788e-01
-6.471842358509699578e-01
-6.439965615669887011e-01
-6.143307145684957504e-01
-6.123234154035648302e-01
-6.012320303668579058e-01
-6.243225727230310440e-01
-6.183662649244069387e-01
-6.255749139313895313e-01
-6.216085983440279294e-01
-6.391989959403872046e-01
-6.243248520419001357e-01
-6.363092062994837317e-01
-6.390470949932932632e-01
-6.538950491075714577e-01
-6.488005089884003596e-01
-6.383752623572945817e-01
-6.284448945894837157e-01
-6.186716675137480248e-01
-6.319778228178620783e-01
-6.281572599584858141e-01
-6.270816444729765404e-01
-6.511245945468544516e-01
-6.701727548614144769e-01
-6.585885414853691611e-01
-6.498137244954704794e-01
-6.395617891723910375e-01
-6.416280725970864296e-01
-6.351265554005900427e-01
-6.477344609176118873e-01
-6.602196143940091133e-01
-6.575304624314108892e-01
-6.494081205998857298e-01
-6.371231513097881383e-01
-6.473231630399822745e-01
-6.558308399592837068e-01
-6.091188949222365867e-01
-6.209449690456192439e-01
-6.259147089595595848e-01
-6.214170755818486658e-01
-6.123796757931510015e-01
-6.256448380028207801e-01
-6.289078945294023226e-01
-6.250456547364593440e-01
-6.268805544202527003e-01
-6.308890030408899063e-01
-6.306475982690851190e-01
-6.276842474316557396e-01
-6.123919734731316789e-01
-5.932606865341464308e-01
-5.859245031451185692e-01
-6.060963312163949457e-01
-6.085837057481209289e-01
-6.127540775109082682e-01
-6.230567999649793132e-01
-6.374392540349314018e-01
-6.312848131948460839e-01
-6.240335763587305795e-01
-5.962830216779062553e-01
-5.684065263563146120e-01
-5.681414366854975473e-01
-5.830144426319747719e-01
-5.849338333898533859e-01
-6.084561700467019385e-01
-6.191244152529785660e-01
-6.064657238467285882e-01
-5.956298625329509155e-01
-6.094495712080969518e-01
-5.918443707982077306e-01
-5.767500013966734285e-01
-5.281644394854083657e-01
-5.571324910580490730e-01
-5.647913799543553548e-01
-5.648041333615159143e-01
-5.157569434105728767e-01
-5.087919760107373346e-01
-4.920207588234916662e-01
-4.767631002624208580e-01
-4.874197301998113296e-01
-4.828205245469386342e-01
-4.799651223157221924e-01
-4.740568677817160737e-01
-4.855631947750225774e-01
-5.064193795357521122e-01
-4.954532505401099685e-01
-5.033264439630632525e-01
-5.190404933023576861e-01
-5.102417649157966473e-01
-4.931059366790577769e-01
-4.914099582859005055e-01
-4.866454131978874553e-01
-4.915907837528113999e-01
-4.868945601163431336e-01
-4.956828129865850086e-01
-5.033492200154190410e-01
-4.832391095735753539e-01
-4.881988277115548724e-01
-4.958265195367857481e-01
-4.762438525833810332e-01
-4.704795291104043597e-01
-4.695109516459827770e-01
-4.654330421316747457e-01
-4.507271979081754476e-01
-4.682768297769749899e-01
-4.627960429914916296e-01
-4.413226819364354236e-01
-4.470678743052606818e-01
-4.647999258168662440e-01
-4.745590330489600772e-01
-4.939171474504594483e-01
-5.091454268821204998e-01
-5.110527476994320972e-01
-5.294279361221319036e-01
-5.304338629279906625e-01
-5.296433781816933806e-01
-5.226629242533817887e-01
-5.399119392270221862e-01
-5.527457629873727685e-01
-5.585531299545739570e-01
-5.957205002739404121e-01
-5.998890504473819441e-01
-5.918133959406985944e-01
-5.916214113666986574e-01
-5.827247545355930258e-01
-5.880802847677841783e-01
-6.247277237707749009e-01
-6.169702216206738310e-01
-6.085135583300143036e-01
-6.259358837424466859e-01
-6.279645901639014927e-01
-6.577663979648300518e-01
-6.320040123381961417e-01
-5.957252851842591568e-01
-6.012887410043428194e-01
-6.352554531612744082e-01
-6.533778507728129625e-01
-6.915905454972137711e-01
-7.036443600275863464e-01
-7.092360560937474023e-01
-7.107958460692316294e-01
-7.129158759955316338e-01
-7.283741729799657616e-01
-7.142114884996164648e-01
-7.207086808824290092e-01
-7.305215345074733690e-01
-7.132185465345779463e-01
-7.095394081125656616e-01
-7.183934774249791655e-01
-7.396723485241333274e-01
-7.485567069302001553e-01
-7.605385554333528031e-01
-7.410422029594579962e-01
-7.460718370974063207e-01
-7.592643496890862931e-01
-7.391084623833497069e-01
-7.635499569276968934e-01
-7.807857622702916167e-01
-7.673242857058842903e-01
-7.681728432575861687e-01
-7.881009906530379583e-01
-8.026421795288720684e-01
-7.978744460890689894e-01
-8.093755353242158002e-01
-8.044023800641297850e-01
-8.267671157916387514e-01
-8.397052434583505143e-01
-8.528715677559375319e-01
-8.587292638917763954e-01
-8.544880655904610878e-01
-8.188549796740214326e-01
-7.783106833696364912e-01
-7.521071657538414001e-01
-7.110962316393851790e-01
-6.978759345908959189e-01
-7.003992917637029691e-01
-6.936534100833038341e-01
-6.819972300591568004e-01
-6.708924069069325258e-01
-6.548085080149272930e-01
-6.485959923826157825e-01
-6.157764046452939288e-01
-6.159788657290240499e-01
-6.217233766180774168e-01
-6.201219100815554830e-01
-6.225660134417315694e-01
-6.282674798431495677e-01
-6.432299871308108097e-01
-6.560023207527896361e-01
-6.704282719952364689e-01
-6.984564432563881153e-01
-7.064507950407763470e-01
-7.206594838760793653e-01
-7.477013110183179379e-01
-7.406905679963529110e-01
-7.466962962411344273e-01
-7.406985401175916195e-01
-7.120477307898303021e-01
-7.011829454762239511e-01
-7.013753860257565531e-01
-6.890521560174722726e-01
-7.079759706122179530e-01
-7.003988384269178580e-01
-6.861186399124563629e-01
-6.710932745598257032e-01
-6.778186603449285474e-01
-6.595097430050373966e-01
-6.451972054938475143e-01
-6.488847680389882022e-01
-6.584095316628615358e-01
-6.542077318765222582e-01
-6.423953218696017986e-01
-6.558358441727856203e-01
-6.568645448423922062e-01
-6.510890633799135685e-01
-6.789919769701858732e-01
-6.576780337529878340e-01
-6.596691646613180859e-01
-6.487034925259649309e-01
-6.465292601225276492e-01
-6.371343084610998631e-01
-6.349038241741556954e-01
